<?xml version="1.0" encoding="UTF-8"?>
<robot generator="Robot 5.0.1 (Python 3.10.5 on win32)" generated="20221104 22:52:58.361" rpa="false" schemaversion="3">
<suite id="s1" name="delete taskInProject" source="C:\Automate Test\Test_PMS\automateTestTeam0\Employee\test_delete_taskInProject\delete_taskInProject.robot">
<test id="s1-t1" name="Delete Task in Project Success" line="46">
<kw name="Open file Excel">
<kw name="Open Excel" library="ExcelRobot">
<arg>C:\\Automate Test\\Test_PMS\\automateTestTeam0\\Employee\\test_delete_taskInProject\\test_data.xlsx</arg>
<doc>Opens the Excel file to read from the path provided in the file path parameter.</doc>
<msg timestamp="20221104 22:52:59.581" level="INFO">Opening file at C:\Automate Test\Test_PMS\automateTestTeam0\Employee\test_delete_taskInProject\test_data.xlsx</msg>
<status status="PASS" starttime="20221104 22:52:59.581" endtime="20221104 22:52:59.589"/>
</kw>
<status status="PASS" starttime="20221104 22:52:59.580" endtime="20221104 22:52:59.589"/>
</kw>
<kw name="Read Cell Data" library="ExcelRobot">
<var>${Username}</var>
<arg>Employee</arg>
<arg>0</arg>
<arg>1</arg>
<doc>Uses the column and row to return the data from that cell.</doc>
<msg timestamp="20221104 22:52:59.591" level="INFO">${Username} = suchada1512@gmail.com</msg>
<status status="PASS" starttime="20221104 22:52:59.590" endtime="20221104 22:52:59.591"/>
</kw>
<kw name="Read Cell Data" library="ExcelRobot">
<var>${Password}</var>
<arg>Employee</arg>
<arg>1</arg>
<arg>1</arg>
<doc>Uses the column and row to return the data from that cell.</doc>
<msg timestamp="20221104 22:52:59.592" level="INFO">${Password} = suchada</msg>
<status status="PASS" starttime="20221104 22:52:59.592" endtime="20221104 22:52:59.593"/>
</kw>
<kw name="Open Project Monitoring System">
<kw name="Open Browser" library="SeleniumLibrary">
<arg>${URL}</arg>
<arg>${BROWSER}</arg>
<doc>Opens a new browser instance to the optional ``url``.</doc>
<msg timestamp="20221104 22:52:59.595" level="INFO">Opening browser 'Google Chrome' to base url 'http://dekdee2.informatics.buu.ac.th:9080/team0/'.</msg>
<status status="PASS" starttime="20221104 22:52:59.594" endtime="20221104 22:53:03.005"/>
</kw>
<kw name="Maximize Browser Window" library="SeleniumLibrary">
<doc>Maximizes current browser window.</doc>
<status status="PASS" starttime="20221104 22:53:03.005" endtime="20221104 22:53:03.190"/>
</kw>
<status status="PASS" starttime="20221104 22:52:59.594" endtime="20221104 22:53:03.190"/>
</kw>
<kw name="Click Menu Login">
<kw name="Sleep" library="BuiltIn">
<arg>2s</arg>
<doc>Pauses the test executed for the given time.</doc>
<msg timestamp="20221104 22:53:05.205" level="INFO">Slept 2 seconds</msg>
<status status="PASS" starttime="20221104 22:53:03.191" endtime="20221104 22:53:05.205"/>
</kw>
<kw name="Click Element" library="SeleniumLibrary">
<arg>//*[@id="main-wrapper"]/header/nav/div[2]/ul[2]/li/a</arg>
<doc>Click the element identified by ``locator``.</doc>
<msg timestamp="20221104 22:53:05.206" level="INFO">Clicking element '//*[@id="main-wrapper"]/header/nav/div[2]/ul[2]/li/a'.</msg>
<status status="PASS" starttime="20221104 22:53:05.205" endtime="20221104 22:53:06.528"/>
</kw>
<status status="PASS" starttime="20221104 22:53:03.191" endtime="20221104 22:53:06.528"/>
</kw>
<kw name="Sleep" library="BuiltIn">
<arg>1s</arg>
<doc>Pauses the test executed for the given time.</doc>
<msg timestamp="20221104 22:53:07.532" level="INFO">Slept 1 second</msg>
<status status="PASS" starttime="20221104 22:53:06.529" endtime="20221104 22:53:07.532"/>
</kw>
<kw name="Input Text" library="SeleniumLibrary">
<arg>id:u_email</arg>
<arg>${Username}</arg>
<doc>Types the given ``text`` into the text field identified by ``locator``.</doc>
<msg timestamp="20221104 22:53:07.533" level="INFO">Typing text 'suchada1512@gmail.com' into text field 'id:u_email'.</msg>
<status status="PASS" starttime="20221104 22:53:07.533" endtime="20221104 22:53:07.762"/>
</kw>
<kw name="Sleep" library="BuiltIn">
<arg>1s</arg>
<doc>Pauses the test executed for the given time.</doc>
<msg timestamp="20221104 22:53:08.776" level="INFO">Slept 1 second</msg>
<status status="PASS" starttime="20221104 22:53:07.763" endtime="20221104 22:53:08.776"/>
</kw>
<kw name="Input Text" library="SeleniumLibrary">
<arg>id:u_password</arg>
<arg>${Password}</arg>
<doc>Types the given ``text`` into the text field identified by ``locator``.</doc>
<msg timestamp="20221104 22:53:08.778" level="INFO">Typing text 'suchada' into text field 'id:u_password'.</msg>
<status status="PASS" starttime="20221104 22:53:08.778" endtime="20221104 22:53:08.954"/>
</kw>
<kw name="Click to Login">
<kw name="Sleep" library="BuiltIn">
<arg>2s</arg>
<doc>Pauses the test executed for the given time.</doc>
<msg timestamp="20221104 22:53:10.968" level="INFO">Slept 2 seconds</msg>
<status status="PASS" starttime="20221104 22:53:08.956" endtime="20221104 22:53:10.968"/>
</kw>
<kw name="Click Element" library="SeleniumLibrary">
<arg>//*[@id="loginBtn"]</arg>
<doc>Click the element identified by ``locator``.</doc>
<msg timestamp="20221104 22:53:10.969" level="INFO">Clicking element '//*[@id="loginBtn"]'.</msg>
<status status="PASS" starttime="20221104 22:53:10.968" endtime="20221104 22:53:11.068"/>
</kw>
<status status="PASS" starttime="20221104 22:53:08.956" endtime="20221104 22:53:11.068"/>
</kw>
<kw name="Click Sidebar Resiponse Project">
<kw name="Sleep" library="BuiltIn">
<arg>2s</arg>
<doc>Pauses the test executed for the given time.</doc>
<msg timestamp="20221104 22:53:13.080" level="INFO">Slept 2 seconds</msg>
<status status="PASS" starttime="20221104 22:53:11.070" endtime="20221104 22:53:13.080"/>
</kw>
<kw name="Click Element" library="SeleniumLibrary">
<arg>//*[@id="sidebarnav"]/li[2]/a/i</arg>
<doc>Click the element identified by ``locator``.</doc>
<msg timestamp="20221104 22:53:13.081" level="INFO">Clicking element '//*[@id="sidebarnav"]/li[2]/a/i'.</msg>
<status status="PASS" starttime="20221104 22:53:13.081" endtime="20221104 22:53:13.745"/>
</kw>
<status status="PASS" starttime="20221104 22:53:11.069" endtime="20221104 22:53:13.745"/>
</kw>
<kw name="Search Project">
<kw name="Sleep" library="BuiltIn">
<arg>2s</arg>
<doc>Pauses the test executed for the given time.</doc>
<msg timestamp="20221104 22:53:15.755" level="INFO">Slept 2 seconds</msg>
<status status="PASS" starttime="20221104 22:53:13.747" endtime="20221104 22:53:15.755"/>
</kw>
<kw name="Input Text" library="SeleniumLibrary">
<arg>//*[@id="table_filter"]/label/input</arg>
<arg>ระบบจัดการเอกสารอัตโนมัติ</arg>
<doc>Types the given ``text`` into the text field identified by ``locator``.</doc>
<msg timestamp="20221104 22:53:15.756" level="INFO">Typing text 'ระบบจัดการเอกสารอัตโนมัติ' into text field '//*[@id="table_filter"]/label/input'.</msg>
<status status="PASS" starttime="20221104 22:53:15.755" endtime="20221104 22:53:16.194"/>
</kw>
<status status="PASS" starttime="20221104 22:53:13.746" endtime="20221104 22:53:16.194"/>
</kw>
<kw name="Click Project Task">
<kw name="Sleep" library="BuiltIn">
<arg>2s</arg>
<doc>Pauses the test executed for the given time.</doc>
<msg timestamp="20221104 22:53:18.205" level="INFO">Slept 2 seconds</msg>
<status status="PASS" starttime="20221104 22:53:16.199" endtime="20221104 22:53:18.205"/>
</kw>
<kw name="Click Element" library="SeleniumLibrary">
<arg>//*[@class="btn btn-tertiary btn-sm"]</arg>
<doc>Click the element identified by ``locator``.</doc>
<msg timestamp="20221104 22:53:18.206" level="INFO">Clicking element '//*[@class="btn btn-tertiary btn-sm"]'.</msg>
<status status="PASS" starttime="20221104 22:53:18.205" endtime="20221104 22:53:18.845"/>
</kw>
<status status="PASS" starttime="20221104 22:53:16.197" endtime="20221104 22:53:18.846"/>
</kw>
<kw name="Click Delete Project Task">
<kw name="Sleep" library="BuiltIn">
<arg>2s</arg>
<doc>Pauses the test executed for the given time.</doc>
<msg timestamp="20221104 22:53:20.847" level="INFO">Slept 2 seconds</msg>
<status status="PASS" starttime="20221104 22:53:18.847" endtime="20221104 22:53:20.848"/>
</kw>
<kw name="Click Element" library="SeleniumLibrary">
<arg>//*[@id="del"]</arg>
<doc>Click the element identified by ``locator``.</doc>
<msg timestamp="20221104 22:53:20.848" level="INFO">Clicking element '//*[@id="del"]'.</msg>
<status status="PASS" starttime="20221104 22:53:20.848" endtime="20221104 22:53:20.988"/>
</kw>
<status status="PASS" starttime="20221104 22:53:18.846" endtime="20221104 22:53:20.988"/>
</kw>
<kw name="Click Confirm Delete Project Task">
<kw name="Sleep" library="BuiltIn">
<arg>2s</arg>
<doc>Pauses the test executed for the given time.</doc>
<msg timestamp="20221104 22:53:22.999" level="INFO">Slept 2 seconds</msg>
<status status="PASS" starttime="20221104 22:53:20.995" endtime="20221104 22:53:22.999"/>
</kw>
<kw name="Click Element" library="SeleniumLibrary">
<arg>//*[@class="swal2-confirm swal2-styled"]</arg>
<doc>Click the element identified by ``locator``.</doc>
<msg timestamp="20221104 22:53:23.000" level="INFO">Clicking element '//*[@class="swal2-confirm swal2-styled"]'.</msg>
<status status="PASS" starttime="20221104 22:53:22.999" endtime="20221104 22:53:23.091"/>
</kw>
<status status="PASS" starttime="20221104 22:53:20.994" endtime="20221104 22:53:23.092"/>
</kw>
<kw name="Close Browser Page">
<kw name="Sleep" library="BuiltIn">
<arg>3s</arg>
<doc>Pauses the test executed for the given time.</doc>
<msg timestamp="20221104 22:53:26.109" level="INFO">Slept 3 seconds</msg>
<status status="PASS" starttime="20221104 22:53:23.094" endtime="20221104 22:53:26.109"/>
</kw>
<kw name="Close Browser" library="SeleniumLibrary">
<doc>Closes the current browser.</doc>
<status status="PASS" starttime="20221104 22:53:26.109" endtime="20221104 22:53:28.685"/>
</kw>
<status status="PASS" starttime="20221104 22:53:23.093" endtime="20221104 22:53:28.686"/>
</kw>
<status status="PASS" starttime="20221104 22:52:59.579" endtime="20221104 22:53:28.687"/>
</test>
<test id="s1-t2" name="Delete Task in Project Fail with cancel button" line="63">
<kw name="Open file Excel">
<kw name="Open Excel" library="ExcelRobot">
<arg>C:\\Automate Test\\Test_PMS\\automateTestTeam0\\Employee\\test_delete_taskInProject\\test_data.xlsx</arg>
<doc>Opens the Excel file to read from the path provided in the file path parameter.</doc>
<msg timestamp="20221104 22:53:28.694" level="INFO">Opening file at C:\Automate Test\Test_PMS\automateTestTeam0\Employee\test_delete_taskInProject\test_data.xlsx</msg>
<status status="PASS" starttime="20221104 22:53:28.694" endtime="20221104 22:53:28.701"/>
</kw>
<status status="PASS" starttime="20221104 22:53:28.693" endtime="20221104 22:53:28.702"/>
</kw>
<kw name="Read Cell Data" library="ExcelRobot">
<var>${Username}</var>
<arg>Employee</arg>
<arg>0</arg>
<arg>1</arg>
<doc>Uses the column and row to return the data from that cell.</doc>
<msg timestamp="20221104 22:53:28.703" level="INFO">${Username} = suchada1512@gmail.com</msg>
<status status="PASS" starttime="20221104 22:53:28.702" endtime="20221104 22:53:28.703"/>
</kw>
<kw name="Read Cell Data" library="ExcelRobot">
<var>${Password}</var>
<arg>Employee</arg>
<arg>1</arg>
<arg>1</arg>
<doc>Uses the column and row to return the data from that cell.</doc>
<msg timestamp="20221104 22:53:28.704" level="INFO">${Password} = suchada</msg>
<status status="PASS" starttime="20221104 22:53:28.704" endtime="20221104 22:53:28.704"/>
</kw>
<kw name="Open Project Monitoring System">
<kw name="Open Browser" library="SeleniumLibrary">
<arg>${URL}</arg>
<arg>${BROWSER}</arg>
<doc>Opens a new browser instance to the optional ``url``.</doc>
<msg timestamp="20221104 22:53:28.707" level="INFO">Opening browser 'Google Chrome' to base url 'http://dekdee2.informatics.buu.ac.th:9080/team0/'.</msg>
<status status="PASS" starttime="20221104 22:53:28.707" endtime="20221104 22:53:32.672"/>
</kw>
<kw name="Maximize Browser Window" library="SeleniumLibrary">
<doc>Maximizes current browser window.</doc>
<status status="PASS" starttime="20221104 22:53:32.672" endtime="20221104 22:53:32.842"/>
</kw>
<status status="PASS" starttime="20221104 22:53:28.705" endtime="20221104 22:53:32.842"/>
</kw>
<kw name="Click Menu Login">
<kw name="Sleep" library="BuiltIn">
<arg>2s</arg>
<doc>Pauses the test executed for the given time.</doc>
<msg timestamp="20221104 22:53:34.850" level="INFO">Slept 2 seconds</msg>
<status status="PASS" starttime="20221104 22:53:32.845" endtime="20221104 22:53:34.850"/>
</kw>
<kw name="Click Element" library="SeleniumLibrary">
<arg>//*[@id="main-wrapper"]/header/nav/div[2]/ul[2]/li/a</arg>
<doc>Click the element identified by ``locator``.</doc>
<msg timestamp="20221104 22:53:34.852" level="INFO">Clicking element '//*[@id="main-wrapper"]/header/nav/div[2]/ul[2]/li/a'.</msg>
<status status="PASS" starttime="20221104 22:53:34.850" endtime="20221104 22:53:35.580"/>
</kw>
<status status="PASS" starttime="20221104 22:53:32.844" endtime="20221104 22:53:35.580"/>
</kw>
<kw name="Sleep" library="BuiltIn">
<arg>1s</arg>
<doc>Pauses the test executed for the given time.</doc>
<msg timestamp="20221104 22:53:36.585" level="INFO">Slept 1 second</msg>
<status status="PASS" starttime="20221104 22:53:35.581" endtime="20221104 22:53:36.585"/>
</kw>
<kw name="Input Text" library="SeleniumLibrary">
<arg>id:u_email</arg>
<arg>${Username}</arg>
<doc>Types the given ``text`` into the text field identified by ``locator``.</doc>
<msg timestamp="20221104 22:53:36.587" level="INFO">Typing text 'suchada1512@gmail.com' into text field 'id:u_email'.</msg>
<status status="PASS" starttime="20221104 22:53:36.586" endtime="20221104 22:53:36.822"/>
</kw>
<kw name="Sleep" library="BuiltIn">
<arg>1s</arg>
<doc>Pauses the test executed for the given time.</doc>
<msg timestamp="20221104 22:53:37.833" level="INFO">Slept 1 second</msg>
<status status="PASS" starttime="20221104 22:53:36.823" endtime="20221104 22:53:37.833"/>
</kw>
<kw name="Input Text" library="SeleniumLibrary">
<arg>id:u_password</arg>
<arg>${Password}</arg>
<doc>Types the given ``text`` into the text field identified by ``locator``.</doc>
<msg timestamp="20221104 22:53:37.834" level="INFO">Typing text 'suchada' into text field 'id:u_password'.</msg>
<status status="PASS" starttime="20221104 22:53:37.834" endtime="20221104 22:53:38.008"/>
</kw>
<kw name="Click to Login">
<kw name="Sleep" library="BuiltIn">
<arg>2s</arg>
<doc>Pauses the test executed for the given time.</doc>
<msg timestamp="20221104 22:53:40.015" level="INFO">Slept 2 seconds</msg>
<status status="PASS" starttime="20221104 22:53:38.009" endtime="20221104 22:53:40.015"/>
</kw>
<kw name="Click Element" library="SeleniumLibrary">
<arg>//*[@id="loginBtn"]</arg>
<doc>Click the element identified by ``locator``.</doc>
<msg timestamp="20221104 22:53:40.016" level="INFO">Clicking element '//*[@id="loginBtn"]'.</msg>
<status status="PASS" starttime="20221104 22:53:40.015" endtime="20221104 22:53:40.115"/>
</kw>
<status status="PASS" starttime="20221104 22:53:38.009" endtime="20221104 22:53:40.115"/>
</kw>
<kw name="Click Sidebar Resiponse Project">
<kw name="Sleep" library="BuiltIn">
<arg>2s</arg>
<doc>Pauses the test executed for the given time.</doc>
<msg timestamp="20221104 22:53:42.119" level="INFO">Slept 2 seconds</msg>
<status status="PASS" starttime="20221104 22:53:40.117" endtime="20221104 22:53:42.119"/>
</kw>
<kw name="Click Element" library="SeleniumLibrary">
<arg>//*[@id="sidebarnav"]/li[2]/a/i</arg>
<doc>Click the element identified by ``locator``.</doc>
<msg timestamp="20221104 22:53:42.120" level="INFO">Clicking element '//*[@id="sidebarnav"]/li[2]/a/i'.</msg>
<status status="PASS" starttime="20221104 22:53:42.119" endtime="20221104 22:53:42.673"/>
</kw>
<status status="PASS" starttime="20221104 22:53:40.116" endtime="20221104 22:53:42.673"/>
</kw>
<kw name="Search Project">
<kw name="Sleep" library="BuiltIn">
<arg>2s</arg>
<doc>Pauses the test executed for the given time.</doc>
<msg timestamp="20221104 22:53:44.684" level="INFO">Slept 2 seconds</msg>
<status status="PASS" starttime="20221104 22:53:42.675" endtime="20221104 22:53:44.684"/>
</kw>
<kw name="Input Text" library="SeleniumLibrary">
<arg>//*[@id="table_filter"]/label/input</arg>
<arg>ระบบจัดการเอกสารอัตโนมัติ</arg>
<doc>Types the given ``text`` into the text field identified by ``locator``.</doc>
<msg timestamp="20221104 22:53:44.685" level="INFO">Typing text 'ระบบจัดการเอกสารอัตโนมัติ' into text field '//*[@id="table_filter"]/label/input'.</msg>
<status status="PASS" starttime="20221104 22:53:44.685" endtime="20221104 22:53:45.065"/>
</kw>
<status status="PASS" starttime="20221104 22:53:42.674" endtime="20221104 22:53:45.065"/>
</kw>
<kw name="Click Project Task">
<kw name="Sleep" library="BuiltIn">
<arg>2s</arg>
<doc>Pauses the test executed for the given time.</doc>
<msg timestamp="20221104 22:53:47.076" level="INFO">Slept 2 seconds</msg>
<status status="PASS" starttime="20221104 22:53:45.067" endtime="20221104 22:53:47.076"/>
</kw>
<kw name="Click Element" library="SeleniumLibrary">
<arg>//*[@class="btn btn-tertiary btn-sm"]</arg>
<doc>Click the element identified by ``locator``.</doc>
<msg timestamp="20221104 22:53:47.077" level="INFO">Clicking element '//*[@class="btn btn-tertiary btn-sm"]'.</msg>
<status status="PASS" starttime="20221104 22:53:47.076" endtime="20221104 22:53:47.705"/>
</kw>
<status status="PASS" starttime="20221104 22:53:45.066" endtime="20221104 22:53:47.706"/>
</kw>
<kw name="Click Delete Project Task">
<kw name="Sleep" library="BuiltIn">
<arg>2s</arg>
<doc>Pauses the test executed for the given time.</doc>
<msg timestamp="20221104 22:53:49.714" level="INFO">Slept 2 seconds</msg>
<status status="PASS" starttime="20221104 22:53:47.707" endtime="20221104 22:53:49.714"/>
</kw>
<kw name="Click Element" library="SeleniumLibrary">
<arg>//*[@id="del"]</arg>
<doc>Click the element identified by ``locator``.</doc>
<msg timestamp="20221104 22:53:49.715" level="INFO">Clicking element '//*[@id="del"]'.</msg>
<status status="PASS" starttime="20221104 22:53:49.714" endtime="20221104 22:53:49.858"/>
</kw>
<status status="PASS" starttime="20221104 22:53:47.707" endtime="20221104 22:53:49.858"/>
</kw>
<kw name="Click Cancel Delete Project Task">
<kw name="Sleep" library="BuiltIn">
<arg>2s</arg>
<doc>Pauses the test executed for the given time.</doc>
<msg timestamp="20221104 22:53:51.872" level="INFO">Slept 2 seconds</msg>
<status status="PASS" starttime="20221104 22:53:49.860" endtime="20221104 22:53:51.872"/>
</kw>
<kw name="Click Element" library="SeleniumLibrary">
<arg>//*[@class="swal2-cancel swal2-styled"]</arg>
<doc>Click the element identified by ``locator``.</doc>
<msg timestamp="20221104 22:53:51.873" level="INFO">Clicking element '//*[@class="swal2-cancel swal2-styled"]'.</msg>
<status status="PASS" starttime="20221104 22:53:51.872" endtime="20221104 22:53:51.972"/>
</kw>
<status status="PASS" starttime="20221104 22:53:49.859" endtime="20221104 22:53:51.972"/>
</kw>
<kw name="Close Browser Page">
<kw name="Sleep" library="BuiltIn">
<arg>3s</arg>
<doc>Pauses the test executed for the given time.</doc>
<msg timestamp="20221104 22:53:54.986" level="INFO">Slept 3 seconds</msg>
<status status="PASS" starttime="20221104 22:53:51.974" endtime="20221104 22:53:54.987"/>
</kw>
<kw name="Close Browser" library="SeleniumLibrary">
<doc>Closes the current browser.</doc>
<status status="PASS" starttime="20221104 22:53:54.987" endtime="20221104 22:53:57.396"/>
</kw>
<status status="PASS" starttime="20221104 22:53:51.973" endtime="20221104 22:53:57.396"/>
</kw>
<status status="PASS" starttime="20221104 22:53:28.692" endtime="20221104 22:53:57.397"/>
</test>
<status status="PASS" starttime="20221104 22:52:58.365" endtime="20221104 22:53:57.401"/>
</suite>
<statistics>
<total>
<stat pass="2" fail="0" skip="0">All Tests</stat>
</total>
<tag>
</tag>
<suite>
<stat pass="2" fail="0" skip="0" id="s1" name="delete taskInProject">delete taskInProject</stat>
</suite>
</statistics>
<errors>
</errors>
</robot>
