<?xml version="1.0" encoding="UTF-8"?>
<robot generator="Robot 5.0.1 (Python 3.10.5 on win32)" generated="20230210 23:45:31.841" rpa="false" schemaversion="3">
<suite id="s1" name="TestLogoutProjectManager" source="C:\Automate Test\Test_PMS\automateTestTeam0\employee2\test_logout\TestLogoutProjectManager.robot">
<test id="s1-t1" name="Logout Employee Success" line="32">
<kw name="Open file Excel">
<kw name="Open Excel" library="ExcelRobot">
<arg>C:\\Automate Test\\Test_PMS\\automateTestTeam0\\employee2\\test_logout\\test_data.xlsx</arg>
<doc>Opens the Excel file to read from the path provided in the file path parameter.</doc>
<msg timestamp="20230210 23:45:32.262" level="INFO">Opening file at C:\Automate Test\Test_PMS\automateTestTeam0\employee2\test_logout\test_data.xlsx</msg>
<status status="PASS" starttime="20230210 23:45:32.261" endtime="20230210 23:45:32.276"/>
</kw>
<status status="PASS" starttime="20230210 23:45:32.261" endtime="20230210 23:45:32.276"/>
</kw>
<kw name="Read Cell Data" library="ExcelRobot">
<var>${Username}</var>
<arg>Project Manager</arg>
<arg>0</arg>
<arg>1</arg>
<doc>Uses the column and row to return the data from that cell.</doc>
<msg timestamp="20230210 23:45:32.277" level="INFO">${Username} = sunisa.su@gmail.com	</msg>
<status status="PASS" starttime="20230210 23:45:32.276" endtime="20230210 23:45:32.277"/>
</kw>
<kw name="Read Cell Data" library="ExcelRobot">
<var>${Password}</var>
<arg>Project Manager</arg>
<arg>1</arg>
<arg>1</arg>
<doc>Uses the column and row to return the data from that cell.</doc>
<msg timestamp="20230210 23:45:32.277" level="INFO">${Password} = sunisa.s</msg>
<status status="PASS" starttime="20230210 23:45:32.277" endtime="20230210 23:45:32.277"/>
</kw>
<kw name="Open Project Monitoring System">
<kw name="Open Browser" library="SeleniumLibrary">
<arg>${URL}</arg>
<arg>${BROWSER}</arg>
<doc>Opens a new browser instance to the optional ``url``.</doc>
<msg timestamp="20230210 23:45:32.278" level="INFO">Opening browser 'Google Chrome' to base url 'http://dekdee2.informatics.buu.ac.th:9080/team0/'.</msg>
<status status="PASS" starttime="20230210 23:45:32.278" endtime="20230210 23:45:34.598"/>
</kw>
<kw name="Maximize Browser Window" library="SeleniumLibrary">
<doc>Maximizes current browser window.</doc>
<status status="PASS" starttime="20230210 23:45:34.598" endtime="20230210 23:45:34.730"/>
</kw>
<status status="PASS" starttime="20230210 23:45:32.277" endtime="20230210 23:45:34.730"/>
</kw>
<kw name="Click Menu Login">
<kw name="Sleep" library="BuiltIn">
<arg>2s</arg>
<doc>Pauses the test executed for the given time.</doc>
<msg timestamp="20230210 23:45:36.738" level="INFO">Slept 2 seconds</msg>
<status status="PASS" starttime="20230210 23:45:34.731" endtime="20230210 23:45:36.738"/>
</kw>
<kw name="Click Element" library="SeleniumLibrary">
<arg>//*[@class="nav-link waves-effect waves-dark profile-pic fs-5"]</arg>
<doc>Click the element identified by ``locator``.</doc>
<msg timestamp="20230210 23:45:36.738" level="INFO">Clicking element '//*[@class="nav-link waves-effect waves-dark profile-pic fs-5"]'.</msg>
<status status="PASS" starttime="20230210 23:45:36.738" endtime="20230210 23:45:36.782"/>
</kw>
<status status="PASS" starttime="20230210 23:45:34.730" endtime="20230210 23:45:36.783"/>
</kw>
<kw name="Sleep" library="BuiltIn">
<arg>1s</arg>
<doc>Pauses the test executed for the given time.</doc>
<msg timestamp="20230210 23:45:37.797" level="INFO">Slept 1 second</msg>
<status status="PASS" starttime="20230210 23:45:36.783" endtime="20230210 23:45:37.797"/>
</kw>
<kw name="Input Text" library="SeleniumLibrary">
<arg>id:u_email</arg>
<arg>${Username}</arg>
<doc>Types the given ``text`` into the text field identified by ``locator``.</doc>
<msg timestamp="20230210 23:45:37.797" level="INFO">Typing text 'sunisa.su@gmail.com	' into text field 'id:u_email'.</msg>
<status status="PASS" starttime="20230210 23:45:37.797" endtime="20230210 23:45:37.904"/>
</kw>
<kw name="Sleep" library="BuiltIn">
<arg>1s</arg>
<doc>Pauses the test executed for the given time.</doc>
<msg timestamp="20230210 23:45:38.909" level="INFO">Slept 1 second</msg>
<status status="PASS" starttime="20230210 23:45:37.904" endtime="20230210 23:45:38.909"/>
</kw>
<kw name="Input Text" library="SeleniumLibrary">
<arg>id:u_password</arg>
<arg>${Password}</arg>
<doc>Types the given ``text`` into the text field identified by ``locator``.</doc>
<msg timestamp="20230210 23:45:38.910" level="INFO">Typing text 'sunisa.s' into text field 'id:u_password'.</msg>
<status status="PASS" starttime="20230210 23:45:38.910" endtime="20230210 23:45:38.978"/>
</kw>
<kw name="Click to Login">
<kw name="Sleep" library="BuiltIn">
<arg>2s</arg>
<doc>Pauses the test executed for the given time.</doc>
<msg timestamp="20230210 23:45:40.982" level="INFO">Slept 2 seconds</msg>
<status status="PASS" starttime="20230210 23:45:38.979" endtime="20230210 23:45:40.982"/>
</kw>
<kw name="Click Element" library="SeleniumLibrary">
<arg>//*[@id="loginBtn"]</arg>
<doc>Click the element identified by ``locator``.</doc>
<msg timestamp="20230210 23:45:40.983" level="INFO">Clicking element '//*[@id="loginBtn"]'.</msg>
<status status="PASS" starttime="20230210 23:45:40.983" endtime="20230210 23:45:41.028"/>
</kw>
<status status="PASS" starttime="20230210 23:45:38.979" endtime="20230210 23:45:41.028"/>
</kw>
<kw name="Click Dropdown Icon">
<kw name="Sleep" library="BuiltIn">
<arg>2s</arg>
<doc>Pauses the test executed for the given time.</doc>
<msg timestamp="20230210 23:45:43.039" level="INFO">Slept 2 seconds</msg>
<status status="PASS" starttime="20230210 23:45:41.029" endtime="20230210 23:45:43.039"/>
</kw>
<kw name="Click Element" library="SeleniumLibrary">
<arg>//*[@id="main-wrapper"]/header/nav/div[2]/ul[2]/li/a</arg>
<doc>Click the element identified by ``locator``.</doc>
<msg timestamp="20230210 23:45:43.039" level="INFO">Clicking element '//*[@id="main-wrapper"]/header/nav/div[2]/ul[2]/li/a'.</msg>
<status status="PASS" starttime="20230210 23:45:43.039" endtime="20230210 23:45:43.553"/>
</kw>
<status status="PASS" starttime="20230210 23:45:41.028" endtime="20230210 23:45:43.553"/>
</kw>
<kw name="Click Logout">
<kw name="Sleep" library="BuiltIn">
<arg>2s</arg>
<doc>Pauses the test executed for the given time.</doc>
<msg timestamp="20230210 23:45:45.567" level="INFO">Slept 2 seconds</msg>
<status status="PASS" starttime="20230210 23:45:43.554" endtime="20230210 23:45:45.567"/>
</kw>
<kw name="Click Element" library="SeleniumLibrary">
<arg>//*[@id="main-wrapper"]/header/nav/div[2]/ul[2]/li/div/a[3]</arg>
<doc>Click the element identified by ``locator``.</doc>
<msg timestamp="20230210 23:45:45.568" level="INFO">Clicking element '//*[@id="main-wrapper"]/header/nav/div[2]/ul[2]/li/div/a[3]'.</msg>
<status status="PASS" starttime="20230210 23:45:45.567" endtime="20230210 23:45:45.912"/>
</kw>
<status status="PASS" starttime="20230210 23:45:43.554" endtime="20230210 23:45:45.912"/>
</kw>
<kw name="Close Browser Page">
<kw name="Sleep" library="BuiltIn">
<arg>3s</arg>
<doc>Pauses the test executed for the given time.</doc>
<msg timestamp="20230210 23:45:48.928" level="INFO">Slept 3 seconds</msg>
<status status="PASS" starttime="20230210 23:45:45.913" endtime="20230210 23:45:48.928"/>
</kw>
<kw name="Close Browser" library="SeleniumLibrary">
<doc>Closes the current browser.</doc>
<status status="PASS" starttime="20230210 23:45:48.928" endtime="20230210 23:45:51.067"/>
</kw>
<status status="PASS" starttime="20230210 23:45:45.913" endtime="20230210 23:45:51.067"/>
</kw>
<status status="PASS" starttime="20230210 23:45:32.261" endtime="20230210 23:45:51.068"/>
</test>
<status status="PASS" starttime="20230210 23:45:31.842" endtime="20230210 23:45:51.069"/>
</suite>
<statistics>
<total>
<stat pass="1" fail="0" skip="0">All Tests</stat>
</total>
<tag>
</tag>
<suite>
<stat pass="1" fail="0" skip="0" id="s1" name="TestLogoutProjectManager">TestLogoutProjectManager</stat>
</suite>
</statistics>
<errors>
</errors>
</robot>
