<?xml version="1.0" encoding="UTF-8"?>
<robot generator="Robot 5.0.1 (Python 3.10.5 on win32)" generated="20221208 00:14:09.990" rpa="false" schemaversion="3">
<suite id="s1" name="TestExportEmployee" source="C:\xampp\htdocs\automateTestTeam0\Admin\test_export_employee\TestExportEmployee.robot">
<test id="s1-t1" name="Export Success" line="114">
<kw name="Open file Excel">
<kw name="Open Excel" library="ExcelRobot">
<arg>C:\\xampp\\htdocs\\automateTestTeam0\\Admin\\test_export_employee\\test_data.xlsx</arg>
<doc>Opens the Excel file to read from the path provided in the file path parameter.</doc>
<msg timestamp="20221208 00:14:10.558" level="INFO">Opening file at C:\xampp\htdocs\automateTestTeam0\Admin\test_export_employee\test_data.xlsx</msg>
<status status="PASS" starttime="20221208 00:14:10.558" endtime="20221208 00:14:10.562"/>
</kw>
<status status="PASS" starttime="20221208 00:14:10.558" endtime="20221208 00:14:10.562"/>
</kw>
<kw name="Read Cell Data" library="ExcelRobot">
<var>${Username}</var>
<arg>Admin</arg>
<arg>0</arg>
<arg>1</arg>
<doc>Uses the column and row to return the data from that cell.</doc>
<msg timestamp="20221208 00:14:10.564" level="INFO">${Username} = test@gmail.com</msg>
<status status="PASS" starttime="20221208 00:14:10.563" endtime="20221208 00:14:10.564"/>
</kw>
<kw name="Read Cell Data" library="ExcelRobot">
<var>${Password}</var>
<arg>Admin</arg>
<arg>1</arg>
<arg>1</arg>
<doc>Uses the column and row to return the data from that cell.</doc>
<msg timestamp="20221208 00:14:10.564" level="INFO">${Password} = kajorn.n</msg>
<status status="PASS" starttime="20221208 00:14:10.564" endtime="20221208 00:14:10.564"/>
</kw>
<kw name="Open Project Monitoring System">
<kw name="Open Browser" library="SeleniumLibrary">
<arg>${URL}</arg>
<arg>${BROWSER}</arg>
<doc>Opens a new browser instance to the optional ``url``.</doc>
<msg timestamp="20221208 00:14:10.565" level="INFO">Opening browser 'Google Chrome' to base url 'http://dekdee2.informatics.buu.ac.th:9080/team0/'.</msg>
<status status="PASS" starttime="20221208 00:14:10.565" endtime="20221208 00:14:12.626"/>
</kw>
<kw name="Maximize Browser Window" library="SeleniumLibrary">
<doc>Maximizes current browser window.</doc>
<status status="PASS" starttime="20221208 00:14:12.626" endtime="20221208 00:14:12.776"/>
</kw>
<status status="PASS" starttime="20221208 00:14:10.565" endtime="20221208 00:14:12.776"/>
</kw>
<kw name="Click Menu Login">
<kw name="Sleep" library="BuiltIn">
<arg>2s</arg>
<doc>Pauses the test executed for the given time.</doc>
<msg timestamp="20221208 00:14:14.782" level="INFO">Slept 2 seconds</msg>
<status status="PASS" starttime="20221208 00:14:12.777" endtime="20221208 00:14:14.782"/>
</kw>
<kw name="Click Element" library="SeleniumLibrary">
<arg>//*[@id="main-wrapper"]/header/nav/div[2]/ul[2]/li/a</arg>
<doc>Click the element identified by ``locator``.</doc>
<msg timestamp="20221208 00:14:14.783" level="INFO">Clicking element '//*[@id="main-wrapper"]/header/nav/div[2]/ul[2]/li/a'.</msg>
<status status="PASS" starttime="20221208 00:14:14.783" endtime="20221208 00:14:15.089"/>
</kw>
<status status="PASS" starttime="20221208 00:14:12.777" endtime="20221208 00:14:15.089"/>
</kw>
<kw name="Input Text" library="SeleniumLibrary">
<arg>id:u_email</arg>
<arg>${Username}</arg>
<doc>Types the given ``text`` into the text field identified by ``locator``.</doc>
<msg timestamp="20221208 00:14:15.090" level="INFO">Typing text 'test@gmail.com' into text field 'id:u_email'.</msg>
<status status="PASS" starttime="20221208 00:14:15.089" endtime="20221208 00:14:15.190"/>
</kw>
<kw name="Input Text" library="SeleniumLibrary">
<arg>id:u_password</arg>
<arg>${Password}</arg>
<doc>Types the given ``text`` into the text field identified by ``locator``.</doc>
<msg timestamp="20221208 00:14:15.190" level="INFO">Typing text 'kajorn.n' into text field 'id:u_password'.</msg>
<status status="PASS" starttime="20221208 00:14:15.190" endtime="20221208 00:14:15.263"/>
</kw>
<kw name="Click to Login">
<kw name="Sleep" library="BuiltIn">
<arg>2s</arg>
<doc>Pauses the test executed for the given time.</doc>
<msg timestamp="20221208 00:14:17.278" level="INFO">Slept 2 seconds</msg>
<status status="PASS" starttime="20221208 00:14:15.264" endtime="20221208 00:14:17.278"/>
</kw>
<kw name="Click Element" library="SeleniumLibrary">
<arg>//*[@id="loginBtn"]</arg>
<doc>Click the element identified by ``locator``.</doc>
<msg timestamp="20221208 00:14:17.278" level="INFO">Clicking element '//*[@id="loginBtn"]'.</msg>
<status status="PASS" starttime="20221208 00:14:17.278" endtime="20221208 00:14:17.325"/>
</kw>
<status status="PASS" starttime="20221208 00:14:15.264" endtime="20221208 00:14:17.325"/>
</kw>
<kw name="Click Sidebar Resiponse Project">
<kw name="Sleep" library="BuiltIn">
<arg>2s</arg>
<doc>Pauses the test executed for the given time.</doc>
<msg timestamp="20221208 00:14:19.325" level="INFO">Slept 2 seconds</msg>
<status status="PASS" starttime="20221208 00:14:17.325" endtime="20221208 00:14:19.325"/>
</kw>
<kw name="Click Element" library="SeleniumLibrary">
<arg>//*[@id="main-wrapper"]/header/nav/div[2]/ul[1]/li[2]/a</arg>
<doc>Click the element identified by ``locator``.</doc>
<msg timestamp="20221208 00:14:19.326" level="INFO">Clicking element '//*[@id="main-wrapper"]/header/nav/div[2]/ul[1]/li[2]/a'.</msg>
<status status="PASS" starttime="20221208 00:14:19.325" endtime="20221208 00:14:19.377"/>
</kw>
<kw name="Click Element" library="SeleniumLibrary">
<arg>//*[@id="sidebarnav"]/li[3]/a/i</arg>
<doc>Click the element identified by ``locator``.</doc>
<msg timestamp="20221208 00:14:19.377" level="INFO">Clicking element '//*[@id="sidebarnav"]/li[3]/a/i'.</msg>
<status status="PASS" starttime="20221208 00:14:19.377" endtime="20221208 00:14:19.428"/>
</kw>
<kw name="Click Element" library="SeleniumLibrary">
<arg>//*[@id="sidebarnav"]/li[3]/ul/li[1]/a/i</arg>
<doc>Click the element identified by ``locator``.</doc>
<msg timestamp="20221208 00:14:19.429" level="INFO">Clicking element '//*[@id="sidebarnav"]/li[3]/ul/li[1]/a/i'.</msg>
<status status="PASS" starttime="20221208 00:14:19.428" endtime="20221208 00:14:19.739"/>
</kw>
<status status="PASS" starttime="20221208 00:14:17.325" endtime="20221208 00:14:19.740"/>
</kw>
<kw name="Export Employee To PDF">
<kw name="Click Element" library="SeleniumLibrary">
<arg>xpath=/html/body/div[2]/div/div/div[2]/div/div/div/div/div/div/div[1]/button[2]</arg>
<doc>Click the element identified by ``locator``.</doc>
<msg timestamp="20221208 00:14:19.741" level="INFO">Clicking element 'xpath=/html/body/div[2]/div/div/div[2]/div/div/div/div/div/div/div[1]/button[2]'.</msg>
<status status="PASS" starttime="20221208 00:14:19.741" endtime="20221208 00:14:20.299"/>
</kw>
<status status="PASS" starttime="20221208 00:14:19.740" endtime="20221208 00:14:20.299"/>
</kw>
<kw name="Close Browser Page">
<kw name="Sleep" library="BuiltIn">
<arg>3s</arg>
<doc>Pauses the test executed for the given time.</doc>
<msg timestamp="20221208 00:14:23.314" level="INFO">Slept 3 seconds</msg>
<status status="PASS" starttime="20221208 00:14:20.300" endtime="20221208 00:14:23.314"/>
</kw>
<kw name="Close Browser" library="SeleniumLibrary">
<doc>Closes the current browser.</doc>
<status status="PASS" starttime="20221208 00:14:23.314" endtime="20221208 00:14:25.503"/>
</kw>
<status status="PASS" starttime="20221208 00:14:20.300" endtime="20221208 00:14:25.503"/>
</kw>
<status status="PASS" starttime="20221208 00:14:10.556" endtime="20221208 00:14:25.503"/>
</test>
<test id="s1-t2" name="Export Wrong Because Click To Excel" line="127">
<kw name="Open file Excel">
<kw name="Open Excel" library="ExcelRobot">
<arg>C:\\xampp\\htdocs\\automateTestTeam0\\Admin\\test_export_employee\\test_data.xlsx</arg>
<doc>Opens the Excel file to read from the path provided in the file path parameter.</doc>
<msg timestamp="20221208 00:14:25.503" level="INFO">Opening file at C:\xampp\htdocs\automateTestTeam0\Admin\test_export_employee\test_data.xlsx</msg>
<status status="PASS" starttime="20221208 00:14:25.503" endtime="20221208 00:14:25.503"/>
</kw>
<status status="PASS" starttime="20221208 00:14:25.503" endtime="20221208 00:14:25.503"/>
</kw>
<kw name="Read Cell Data" library="ExcelRobot">
<var>${Username}</var>
<arg>Admin</arg>
<arg>0</arg>
<arg>1</arg>
<doc>Uses the column and row to return the data from that cell.</doc>
<msg timestamp="20221208 00:14:25.503" level="INFO">${Username} = test@gmail.com</msg>
<status status="PASS" starttime="20221208 00:14:25.503" endtime="20221208 00:14:25.503"/>
</kw>
<kw name="Read Cell Data" library="ExcelRobot">
<var>${Password}</var>
<arg>Admin</arg>
<arg>1</arg>
<arg>1</arg>
<doc>Uses the column and row to return the data from that cell.</doc>
<msg timestamp="20221208 00:14:25.503" level="INFO">${Password} = kajorn.n</msg>
<status status="PASS" starttime="20221208 00:14:25.503" endtime="20221208 00:14:25.503"/>
</kw>
<kw name="Open Project Monitoring System">
<kw name="Open Browser" library="SeleniumLibrary">
<arg>${URL}</arg>
<arg>${BROWSER}</arg>
<doc>Opens a new browser instance to the optional ``url``.</doc>
<msg timestamp="20221208 00:14:25.503" level="INFO">Opening browser 'Google Chrome' to base url 'http://dekdee2.informatics.buu.ac.th:9080/team0/'.</msg>
<status status="PASS" starttime="20221208 00:14:25.503" endtime="20221208 00:14:27.539"/>
</kw>
<kw name="Maximize Browser Window" library="SeleniumLibrary">
<doc>Maximizes current browser window.</doc>
<status status="PASS" starttime="20221208 00:14:27.539" endtime="20221208 00:14:27.711"/>
</kw>
<status status="PASS" starttime="20221208 00:14:25.503" endtime="20221208 00:14:27.711"/>
</kw>
<kw name="Click Menu Login">
<kw name="Sleep" library="BuiltIn">
<arg>2s</arg>
<doc>Pauses the test executed for the given time.</doc>
<msg timestamp="20221208 00:14:29.715" level="INFO">Slept 2 seconds</msg>
<status status="PASS" starttime="20221208 00:14:27.712" endtime="20221208 00:14:29.715"/>
</kw>
<kw name="Click Element" library="SeleniumLibrary">
<arg>//*[@id="main-wrapper"]/header/nav/div[2]/ul[2]/li/a</arg>
<doc>Click the element identified by ``locator``.</doc>
<msg timestamp="20221208 00:14:29.716" level="INFO">Clicking element '//*[@id="main-wrapper"]/header/nav/div[2]/ul[2]/li/a'.</msg>
<status status="PASS" starttime="20221208 00:14:29.716" endtime="20221208 00:14:30.027"/>
</kw>
<status status="PASS" starttime="20221208 00:14:27.712" endtime="20221208 00:14:30.028"/>
</kw>
<kw name="Input Text" library="SeleniumLibrary">
<arg>id:u_email</arg>
<arg>${Username}</arg>
<doc>Types the given ``text`` into the text field identified by ``locator``.</doc>
<msg timestamp="20221208 00:14:30.029" level="INFO">Typing text 'test@gmail.com' into text field 'id:u_email'.</msg>
<status status="PASS" starttime="20221208 00:14:30.028" endtime="20221208 00:14:30.155"/>
</kw>
<kw name="Input Text" library="SeleniumLibrary">
<arg>id:u_password</arg>
<arg>${Password}</arg>
<doc>Types the given ``text`` into the text field identified by ``locator``.</doc>
<msg timestamp="20221208 00:14:30.155" level="INFO">Typing text 'kajorn.n' into text field 'id:u_password'.</msg>
<status status="PASS" starttime="20221208 00:14:30.155" endtime="20221208 00:14:30.242"/>
</kw>
<kw name="Click to Login">
<kw name="Sleep" library="BuiltIn">
<arg>2s</arg>
<doc>Pauses the test executed for the given time.</doc>
<msg timestamp="20221208 00:14:32.249" level="INFO">Slept 2 seconds</msg>
<status status="PASS" starttime="20221208 00:14:30.243" endtime="20221208 00:14:32.249"/>
</kw>
<kw name="Click Element" library="SeleniumLibrary">
<arg>//*[@id="loginBtn"]</arg>
<doc>Click the element identified by ``locator``.</doc>
<msg timestamp="20221208 00:14:32.249" level="INFO">Clicking element '//*[@id="loginBtn"]'.</msg>
<status status="PASS" starttime="20221208 00:14:32.249" endtime="20221208 00:14:32.298"/>
</kw>
<status status="PASS" starttime="20221208 00:14:30.243" endtime="20221208 00:14:32.298"/>
</kw>
<kw name="Click Sidebar Resiponse Project">
<kw name="Sleep" library="BuiltIn">
<arg>2s</arg>
<doc>Pauses the test executed for the given time.</doc>
<msg timestamp="20221208 00:14:34.300" level="INFO">Slept 2 seconds</msg>
<status status="PASS" starttime="20221208 00:14:32.299" endtime="20221208 00:14:34.300"/>
</kw>
<kw name="Click Element" library="SeleniumLibrary">
<arg>//*[@id="main-wrapper"]/header/nav/div[2]/ul[1]/li[2]/a</arg>
<doc>Click the element identified by ``locator``.</doc>
<msg timestamp="20221208 00:14:34.301" level="INFO">Clicking element '//*[@id="main-wrapper"]/header/nav/div[2]/ul[1]/li[2]/a'.</msg>
<status status="PASS" starttime="20221208 00:14:34.300" endtime="20221208 00:14:34.351"/>
</kw>
<kw name="Click Element" library="SeleniumLibrary">
<arg>//*[@id="sidebarnav"]/li[3]/a/i</arg>
<doc>Click the element identified by ``locator``.</doc>
<msg timestamp="20221208 00:14:34.352" level="INFO">Clicking element '//*[@id="sidebarnav"]/li[3]/a/i'.</msg>
<status status="PASS" starttime="20221208 00:14:34.352" endtime="20221208 00:14:34.403"/>
</kw>
<kw name="Click Element" library="SeleniumLibrary">
<arg>//*[@id="sidebarnav"]/li[3]/ul/li[1]/a/i</arg>
<doc>Click the element identified by ``locator``.</doc>
<msg timestamp="20221208 00:14:34.404" level="INFO">Clicking element '//*[@id="sidebarnav"]/li[3]/ul/li[1]/a/i'.</msg>
<status status="PASS" starttime="20221208 00:14:34.404" endtime="20221208 00:14:34.691"/>
</kw>
<status status="PASS" starttime="20221208 00:14:32.299" endtime="20221208 00:14:34.693"/>
</kw>
<kw name="Export Employee To Excel">
<kw name="Click Element" library="SeleniumLibrary">
<arg>xpath=//*[@id="DataTables_Table_0_wrapper"]/div[1]/button[1]</arg>
<doc>Click the element identified by ``locator``.</doc>
<msg timestamp="20221208 00:14:34.693" level="INFO">Clicking element 'xpath=//*[@id="DataTables_Table_0_wrapper"]/div[1]/button[1]'.</msg>
<status status="PASS" starttime="20221208 00:14:34.693" endtime="20221208 00:14:35.079"/>
</kw>
<status status="PASS" starttime="20221208 00:14:34.693" endtime="20221208 00:14:35.080"/>
</kw>
<kw name="Close Browser Page">
<kw name="Sleep" library="BuiltIn">
<arg>3s</arg>
<doc>Pauses the test executed for the given time.</doc>
<msg timestamp="20221208 00:14:38.092" level="INFO">Slept 3 seconds</msg>
<status status="PASS" starttime="20221208 00:14:35.080" endtime="20221208 00:14:38.092"/>
</kw>
<kw name="Close Browser" library="SeleniumLibrary">
<doc>Closes the current browser.</doc>
<status status="PASS" starttime="20221208 00:14:38.092" endtime="20221208 00:14:40.219"/>
</kw>
<status status="PASS" starttime="20221208 00:14:35.080" endtime="20221208 00:14:40.219"/>
</kw>
<status status="PASS" starttime="20221208 00:14:25.503" endtime="20221208 00:14:40.219"/>
</test>
<status status="PASS" starttime="20221208 00:14:09.990" endtime="20221208 00:14:40.219"/>
</suite>
<statistics>
<total>
<stat pass="2" fail="0" skip="0">All Tests</stat>
</total>
<tag>
</tag>
<suite>
<stat pass="2" fail="0" skip="0" id="s1" name="TestExportEmployee">TestExportEmployee</stat>
</suite>
</statistics>
<errors>
</errors>
</robot>
