<?xml version="1.0" encoding="UTF-8"?>
<robot generator="Robot 5.0.1 (Python 3.10.5 on win32)" generated="20230314 16:23:09.716" rpa="false" schemaversion="3">
<suite id="s1" name="Exportprojectinreport" source="C:\Automate Test\Test_PMS\automateTestTeam0\admin\test_report_export_project\Exportprojectinreport.robot">
<test id="s1-t1" name="Export Report Project Success" line="36">
<kw name="Open file Excel">
<kw name="Open Excel" library="ExcelRobot">
<arg>C:\\Automate Test\\Test_PMS\\automateTestTeam0\\admin\\test_report_export_project\\test_data.xlsx</arg>
<doc>Opens the Excel file to read from the path provided in the file path parameter.</doc>
<msg timestamp="20230314 16:23:10.165" level="INFO">Opening file at C:\Automate Test\Test_PMS\automateTestTeam0\admin\test_report_export_project\test_data.xlsx</msg>
<status status="PASS" starttime="20230314 16:23:10.165" endtime="20230314 16:23:10.180"/>
</kw>
<status status="PASS" starttime="20230314 16:23:10.164" endtime="20230314 16:23:10.180"/>
</kw>
<kw name="Sleep" library="BuiltIn">
<arg>2s</arg>
<doc>Pauses the test executed for the given time.</doc>
<msg timestamp="20230314 16:23:12.185" level="INFO">Slept 2 seconds</msg>
<status status="PASS" starttime="20230314 16:23:10.181" endtime="20230314 16:23:12.185"/>
</kw>
<kw name="Read Cell Data" library="ExcelRobot">
<var>${Username}</var>
<arg>Admin</arg>
<arg>0</arg>
<arg>1</arg>
<doc>Uses the column and row to return the data from that cell.</doc>
<msg timestamp="20230314 16:23:12.186" level="INFO">${Username} = test@gmail.com</msg>
<status status="PASS" starttime="20230314 16:23:12.186" endtime="20230314 16:23:12.186"/>
</kw>
<kw name="Sleep" library="BuiltIn">
<arg>2s</arg>
<doc>Pauses the test executed for the given time.</doc>
<msg timestamp="20230314 16:23:14.190" level="INFO">Slept 2 seconds</msg>
<status status="PASS" starttime="20230314 16:23:12.186" endtime="20230314 16:23:14.190"/>
</kw>
<kw name="Read Cell Data" library="ExcelRobot">
<var>${Password}</var>
<arg>Admin</arg>
<arg>1</arg>
<arg>1</arg>
<doc>Uses the column and row to return the data from that cell.</doc>
<msg timestamp="20230314 16:23:14.191" level="INFO">${Password} = kajorn.n</msg>
<status status="PASS" starttime="20230314 16:23:14.191" endtime="20230314 16:23:14.191"/>
</kw>
<kw name="Open Project Monitoring System">
<kw name="Open Browser" library="SeleniumLibrary">
<arg>${URL}</arg>
<arg>${BROWSER}</arg>
<doc>Opens a new browser instance to the optional ``url``.</doc>
<msg timestamp="20230314 16:23:14.192" level="INFO">Opening browser 'Google Chrome' to base url 'http://dekdee2.informatics.buu.ac.th:9080/team0/'.</msg>
<status status="PASS" starttime="20230314 16:23:14.192" endtime="20230314 16:23:16.472"/>
</kw>
<kw name="Maximize Browser Window" library="SeleniumLibrary">
<doc>Maximizes current browser window.</doc>
<status status="PASS" starttime="20230314 16:23:16.472" endtime="20230314 16:23:16.627"/>
</kw>
<status status="PASS" starttime="20230314 16:23:14.192" endtime="20230314 16:23:16.628"/>
</kw>
<kw name="Click Menu Login">
<kw name="Sleep" library="BuiltIn">
<arg>2s</arg>
<doc>Pauses the test executed for the given time.</doc>
<msg timestamp="20230314 16:23:18.637" level="INFO">Slept 2 seconds</msg>
<status status="PASS" starttime="20230314 16:23:16.628" endtime="20230314 16:23:18.637"/>
</kw>
<kw name="Click Element" library="SeleniumLibrary">
<arg>//*[@class="nav-link waves-effect waves-dark profile-pic fs-5"]</arg>
<doc>Click the element identified by ``locator``.</doc>
<msg timestamp="20230314 16:23:18.638" level="INFO">Clicking element '//*[@class="nav-link waves-effect waves-dark profile-pic fs-5"]'.</msg>
<status status="PASS" starttime="20230314 16:23:18.637" endtime="20230314 16:23:18.679"/>
</kw>
<status status="PASS" starttime="20230314 16:23:16.628" endtime="20230314 16:23:18.680"/>
</kw>
<kw name="Sleep" library="BuiltIn">
<arg>2s</arg>
<doc>Pauses the test executed for the given time.</doc>
<msg timestamp="20230314 16:23:20.694" level="INFO">Slept 2 seconds</msg>
<status status="PASS" starttime="20230314 16:23:18.680" endtime="20230314 16:23:20.694"/>
</kw>
<kw name="Input Text" library="SeleniumLibrary">
<arg>id:u_email</arg>
<arg>${Username}</arg>
<doc>Types the given ``text`` into the text field identified by ``locator``.</doc>
<msg timestamp="20230314 16:23:20.695" level="INFO">Typing text 'test@gmail.com' into text field 'id:u_email'.</msg>
<status status="PASS" starttime="20230314 16:23:20.695" endtime="20230314 16:23:20.787"/>
</kw>
<kw name="Sleep" library="BuiltIn">
<arg>2s</arg>
<doc>Pauses the test executed for the given time.</doc>
<msg timestamp="20230314 16:23:22.800" level="INFO">Slept 2 seconds</msg>
<status status="PASS" starttime="20230314 16:23:20.787" endtime="20230314 16:23:22.800"/>
</kw>
<kw name="Input Text" library="SeleniumLibrary">
<arg>id:u_password</arg>
<arg>${Password}</arg>
<doc>Types the given ``text`` into the text field identified by ``locator``.</doc>
<msg timestamp="20230314 16:23:22.801" level="INFO">Typing text 'kajorn.n' into text field 'id:u_password'.</msg>
<status status="PASS" starttime="20230314 16:23:22.801" endtime="20230314 16:23:22.882"/>
</kw>
<kw name="Click to Login">
<kw name="Sleep" library="BuiltIn">
<arg>2s</arg>
<doc>Pauses the test executed for the given time.</doc>
<msg timestamp="20230314 16:23:24.896" level="INFO">Slept 2 seconds</msg>
<status status="PASS" starttime="20230314 16:23:22.883" endtime="20230314 16:23:24.896"/>
</kw>
<kw name="Click Element" library="SeleniumLibrary">
<arg>//*[@id="loginBtn"]</arg>
<doc>Click the element identified by ``locator``.</doc>
<msg timestamp="20230314 16:23:24.896" level="INFO">Clicking element '//*[@id="loginBtn"]'.</msg>
<status status="PASS" starttime="20230314 16:23:24.896" endtime="20230314 16:23:24.941"/>
</kw>
<status status="PASS" starttime="20230314 16:23:22.883" endtime="20230314 16:23:24.941"/>
</kw>
<kw name="Click Sidebar Resiponse Project">
<kw name="Sleep" library="BuiltIn">
<arg>2s</arg>
<doc>Pauses the test executed for the given time.</doc>
<msg timestamp="20230314 16:23:26.943" level="INFO">Slept 2 seconds</msg>
<status status="PASS" starttime="20230314 16:23:24.941" endtime="20230314 16:23:26.943"/>
</kw>
<kw name="Click Element" library="SeleniumLibrary">
<arg>//*[@id="sidebarnav"]/li[3]/a/i</arg>
<doc>Click the element identified by ``locator``.</doc>
<msg timestamp="20230314 16:23:26.944" level="INFO">Clicking element '//*[@id="sidebarnav"]/li[3]/a/i'.</msg>
<status status="PASS" starttime="20230314 16:23:26.943" endtime="20230314 16:23:26.991"/>
</kw>
<kw name="Click Element" library="SeleniumLibrary">
<arg>//*[@id="sidebarnav"]/li[3]/ul/li[1]/a</arg>
<doc>Click the element identified by ``locator``.</doc>
<msg timestamp="20230314 16:23:26.992" level="INFO">Clicking element '//*[@id="sidebarnav"]/li[3]/ul/li[1]/a'.</msg>
<status status="PASS" starttime="20230314 16:23:26.991" endtime="20230314 16:23:27.237"/>
</kw>
<status status="PASS" starttime="20230314 16:23:24.941" endtime="20230314 16:23:27.237"/>
</kw>
<kw name="View Project">
<kw name="Sleep" library="BuiltIn">
<arg>1s</arg>
<doc>Pauses the test executed for the given time.</doc>
<msg timestamp="20230314 16:23:28.252" level="INFO">Slept 1 second</msg>
<status status="PASS" starttime="20230314 16:23:27.239" endtime="20230314 16:23:28.252"/>
</kw>
<kw name="Execute Javascript" library="SeleniumLibrary">
<arg>window.scrollTo(0, window.scrollY+750)</arg>
<doc>Executes the given JavaScript code with possible arguments.</doc>
<msg timestamp="20230314 16:23:28.253" level="INFO">Executing JavaScript:
window.scrollTo(0, window.scrollY+750)
Without any arguments.</msg>
<status status="PASS" starttime="20230314 16:23:28.252" endtime="20230314 16:23:28.258"/>
</kw>
<status status="PASS" starttime="20230314 16:23:27.238" endtime="20230314 16:23:28.258"/>
</kw>
<kw name="Export Project Excel">
<kw name="Sleep" library="BuiltIn">
<arg>1s</arg>
<doc>Pauses the test executed for the given time.</doc>
<msg timestamp="20230314 16:23:29.266" level="INFO">Slept 1 second</msg>
<status status="PASS" starttime="20230314 16:23:28.259" endtime="20230314 16:23:29.266"/>
</kw>
<kw name="Click Element" library="SeleniumLibrary">
<arg>//*[@id="table_wrapper"]/div[1]/button[1]</arg>
<doc>Click the element identified by ``locator``.</doc>
<msg timestamp="20230314 16:23:29.267" level="INFO">Clicking element '//*[@id="table_wrapper"]/div[1]/button[1]'.</msg>
<msg timestamp="20230314 16:23:29.400" level="INFO" html="true">&lt;/td&gt;&lt;/tr&gt;&lt;tr&gt;&lt;td colspan="3"&gt;&lt;a href="selenium-screenshot-1.png"&gt;&lt;img src="selenium-screenshot-1.png" width="800px"&gt;&lt;/a&gt;</msg>
<msg timestamp="20230314 16:23:29.401" level="FAIL">Element with locator '//*[@id="table_wrapper"]/div[1]/button[1]' not found.</msg>
<status status="FAIL" starttime="20230314 16:23:29.266" endtime="20230314 16:23:29.403"/>
</kw>
<status status="FAIL" starttime="20230314 16:23:28.258" endtime="20230314 16:23:29.403"/>
</kw>
<kw name="Close Browser Page">
<status status="NOT RUN" starttime="20230314 16:23:29.403" endtime="20230314 16:23:29.403"/>
</kw>
<status status="FAIL" starttime="20230314 16:23:10.163" endtime="20230314 16:23:29.404">Element with locator '//*[@id="table_wrapper"]/div[1]/button[1]' not found.</status>
</test>
<status status="FAIL" starttime="20230314 16:23:09.717" endtime="20230314 16:23:29.405"/>
</suite>
<statistics>
<total>
<stat pass="0" fail="1" skip="0">All Tests</stat>
</total>
<tag>
</tag>
<suite>
<stat pass="0" fail="1" skip="0" id="s1" name="Exportprojectinreport">Exportprojectinreport</stat>
</suite>
</statistics>
<errors>
</errors>
</robot>
