<?xml version="1.0" encoding="UTF-8"?>
<robot generator="Robot 5.0.1 (Python 3.10.5 on win32)" generated="20230228 22:57:53.422" rpa="false" schemaversion="3">
<suite id="s1" name="Exportprojectinreport" source="C:\xampp\htdocs\automateTestTeam0\Admin\test_report_export_project\Exportprojectinreport.robot">
<test id="s1-t1" name="Report Project Success" line="36">
<kw name="Open file Excel">
<kw name="Open Excel" library="ExcelRobot">
<arg>C:\\xampp\\htdocs\\automateTestTeam0\\Admin\\test_report_export_project\\test_data.xlsx</arg>
<doc>Opens the Excel file to read from the path provided in the file path parameter.</doc>
<msg timestamp="20230228 22:57:53.888" level="INFO">Opening file at C:\xampp\htdocs\automateTestTeam0\Admin\test_report_export_project\test_data.xlsx</msg>
<status status="PASS" starttime="20230228 22:57:53.887" endtime="20230228 22:57:53.892"/>
</kw>
<status status="PASS" starttime="20230228 22:57:53.887" endtime="20230228 22:57:53.892"/>
</kw>
<kw name="Read Cell Data" library="ExcelRobot">
<var>${Username}</var>
<arg>Admin</arg>
<arg>0</arg>
<arg>1</arg>
<doc>Uses the column and row to return the data from that cell.</doc>
<msg timestamp="20230228 22:57:53.892" level="INFO">${Username} = test@gmail.com</msg>
<status status="PASS" starttime="20230228 22:57:53.892" endtime="20230228 22:57:53.892"/>
</kw>
<kw name="Read Cell Data" library="ExcelRobot">
<var>${Password}</var>
<arg>Admin</arg>
<arg>1</arg>
<arg>1</arg>
<doc>Uses the column and row to return the data from that cell.</doc>
<msg timestamp="20230228 22:57:53.893" level="INFO">${Password} = kajorn.n</msg>
<status status="PASS" starttime="20230228 22:57:53.892" endtime="20230228 22:57:53.893"/>
</kw>
<kw name="Open Project Monitoring System">
<kw name="Open Browser" library="SeleniumLibrary">
<arg>${URL}</arg>
<arg>${BROWSER}</arg>
<doc>Opens a new browser instance to the optional ``url``.</doc>
<msg timestamp="20230228 22:57:53.894" level="INFO">Opening browser 'Google Chrome' to base url 'http://dekdee2.informatics.buu.ac.th:9080/team0/'.</msg>
<status status="PASS" starttime="20230228 22:57:53.893" endtime="20230228 22:57:56.197"/>
</kw>
<kw name="Maximize Browser Window" library="SeleniumLibrary">
<doc>Maximizes current browser window.</doc>
<status status="PASS" starttime="20230228 22:57:56.197" endtime="20230228 22:57:56.360"/>
</kw>
<status status="PASS" starttime="20230228 22:57:53.893" endtime="20230228 22:57:56.360"/>
</kw>
<kw name="Click Menu Login">
<kw name="Sleep" library="BuiltIn">
<arg>2s</arg>
<doc>Pauses the test executed for the given time.</doc>
<msg timestamp="20230228 22:57:58.367" level="INFO">Slept 2 seconds</msg>
<status status="PASS" starttime="20230228 22:57:56.361" endtime="20230228 22:57:58.367"/>
</kw>
<kw name="Click Element" library="SeleniumLibrary">
<arg>//*[@class="nav-link waves-effect waves-dark profile-pic fs-5"]</arg>
<doc>Click the element identified by ``locator``.</doc>
<msg timestamp="20230228 22:57:58.367" level="INFO">Clicking element '//*[@class="nav-link waves-effect waves-dark profile-pic fs-5"]'.</msg>
<status status="PASS" starttime="20230228 22:57:58.367" endtime="20230228 22:57:58.400"/>
</kw>
<status status="PASS" starttime="20230228 22:57:56.361" endtime="20230228 22:57:58.400"/>
</kw>
<kw name="Sleep" library="BuiltIn">
<arg>2s</arg>
<doc>Pauses the test executed for the given time.</doc>
<msg timestamp="20230228 22:58:00.408" level="INFO">Slept 2 seconds</msg>
<status status="PASS" starttime="20230228 22:57:58.401" endtime="20230228 22:58:00.408"/>
</kw>
<kw name="Input Text" library="SeleniumLibrary">
<arg>id:u_email</arg>
<arg>${Username}</arg>
<doc>Types the given ``text`` into the text field identified by ``locator``.</doc>
<msg timestamp="20230228 22:58:00.410" level="INFO">Typing text 'test@gmail.com' into text field 'id:u_email'.</msg>
<status status="PASS" starttime="20230228 22:58:00.408" endtime="20230228 22:58:00.488"/>
</kw>
<kw name="Sleep" library="BuiltIn">
<arg>2s</arg>
<doc>Pauses the test executed for the given time.</doc>
<msg timestamp="20230228 22:58:02.499" level="INFO">Slept 2 seconds</msg>
<status status="PASS" starttime="20230228 22:58:00.488" endtime="20230228 22:58:02.499"/>
</kw>
<kw name="Input Text" library="SeleniumLibrary">
<arg>id:u_password</arg>
<arg>${Password}</arg>
<doc>Types the given ``text`` into the text field identified by ``locator``.</doc>
<msg timestamp="20230228 22:58:02.499" level="INFO">Typing text 'kajorn.n' into text field 'id:u_password'.</msg>
<status status="PASS" starttime="20230228 22:58:02.499" endtime="20230228 22:58:02.567"/>
</kw>
<kw name="Click to Login">
<kw name="Sleep" library="BuiltIn">
<arg>2s</arg>
<doc>Pauses the test executed for the given time.</doc>
<msg timestamp="20230228 22:58:04.575" level="INFO">Slept 2 seconds</msg>
<status status="PASS" starttime="20230228 22:58:02.568" endtime="20230228 22:58:04.575"/>
</kw>
<kw name="Click Element" library="SeleniumLibrary">
<arg>//*[@id="loginBtn"]</arg>
<doc>Click the element identified by ``locator``.</doc>
<msg timestamp="20230228 22:58:04.575" level="INFO">Clicking element '//*[@id="loginBtn"]'.</msg>
<status status="PASS" starttime="20230228 22:58:04.575" endtime="20230228 22:58:04.607"/>
</kw>
<status status="PASS" starttime="20230228 22:58:02.568" endtime="20230228 22:58:04.607"/>
</kw>
<kw name="Click Sidebar Resiponse Project">
<kw name="Sleep" library="BuiltIn">
<arg>2s</arg>
<doc>Pauses the test executed for the given time.</doc>
<msg timestamp="20230228 22:58:06.609" level="INFO">Slept 2 seconds</msg>
<status status="PASS" starttime="20230228 22:58:04.607" endtime="20230228 22:58:06.609"/>
</kw>
<kw name="Click Element" library="SeleniumLibrary">
<arg>//*[@id="sidebarnav"]/li[3]/a/i</arg>
<doc>Click the element identified by ``locator``.</doc>
<msg timestamp="20230228 22:58:06.609" level="INFO">Clicking element '//*[@id="sidebarnav"]/li[3]/a/i'.</msg>
<status status="PASS" starttime="20230228 22:58:06.609" endtime="20230228 22:58:06.646"/>
</kw>
<kw name="Click Element" library="SeleniumLibrary">
<arg>//*[@id="sidebarnav"]/li[3]/ul/li[1]/a</arg>
<doc>Click the element identified by ``locator``.</doc>
<msg timestamp="20230228 22:58:06.646" level="INFO">Clicking element '//*[@id="sidebarnav"]/li[3]/ul/li[1]/a'.</msg>
<status status="PASS" starttime="20230228 22:58:06.646" endtime="20230228 22:58:07.045"/>
</kw>
<status status="PASS" starttime="20230228 22:58:04.607" endtime="20230228 22:58:07.046"/>
</kw>
<kw name="View Project">
<kw name="Sleep" library="BuiltIn">
<arg>1s</arg>
<doc>Pauses the test executed for the given time.</doc>
<msg timestamp="20230228 22:58:08.059" level="INFO">Slept 1 second</msg>
<status status="PASS" starttime="20230228 22:58:07.047" endtime="20230228 22:58:08.059"/>
</kw>
<kw name="Execute Javascript" library="SeleniumLibrary">
<arg>window.scrollTo(0, window.scrollY+750)</arg>
<doc>Executes the given JavaScript code with possible arguments.</doc>
<msg timestamp="20230228 22:58:08.059" level="INFO">Executing JavaScript:
window.scrollTo(0, window.scrollY+750)
Without any arguments.</msg>
<status status="PASS" starttime="20230228 22:58:08.059" endtime="20230228 22:58:08.064"/>
</kw>
<status status="PASS" starttime="20230228 22:58:07.047" endtime="20230228 22:58:08.065"/>
</kw>
<kw name="Export Project Excel">
<kw name="Sleep" library="BuiltIn">
<arg>1s</arg>
<doc>Pauses the test executed for the given time.</doc>
<msg timestamp="20230228 22:58:09.072" level="INFO">Slept 1 second</msg>
<status status="PASS" starttime="20230228 22:58:08.065" endtime="20230228 22:58:09.072"/>
</kw>
<kw name="Click Element" library="SeleniumLibrary">
<arg>//*[@id="table_wrapper"]/div[1]/button[1]</arg>
<doc>Click the element identified by ``locator``.</doc>
<msg timestamp="20230228 22:58:09.073" level="INFO">Clicking element '//*[@id="table_wrapper"]/div[1]/button[1]'.</msg>
<status status="PASS" starttime="20230228 22:58:09.072" endtime="20230228 22:58:09.117"/>
</kw>
<status status="PASS" starttime="20230228 22:58:08.065" endtime="20230228 22:58:09.117"/>
</kw>
<kw name="Close Browser Page">
<kw name="Sleep" library="BuiltIn">
<arg>3s</arg>
<doc>Pauses the test executed for the given time.</doc>
<msg timestamp="20230228 22:58:12.132" level="INFO">Slept 3 seconds</msg>
<status status="PASS" starttime="20230228 22:58:09.119" endtime="20230228 22:58:12.132"/>
</kw>
<kw name="Close Browser" library="SeleniumLibrary">
<doc>Closes the current browser.</doc>
<status status="PASS" starttime="20230228 22:58:12.132" endtime="20230228 22:58:14.326"/>
</kw>
<status status="PASS" starttime="20230228 22:58:09.118" endtime="20230228 22:58:14.327"/>
</kw>
<status status="PASS" starttime="20230228 22:57:53.886" endtime="20230228 22:58:14.327"/>
</test>
<status status="PASS" starttime="20230228 22:57:53.423" endtime="20230228 22:58:14.329"/>
</suite>
<statistics>
<total>
<stat pass="1" fail="0" skip="0">All Tests</stat>
</total>
<tag>
</tag>
<suite>
<stat pass="1" fail="0" skip="0" id="s1" name="Exportprojectinreport">Exportprojectinreport</stat>
</suite>
</statistics>
<errors>
</errors>
</robot>
