<?xml version="1.0" encoding="UTF-8"?>
<robot generator="Robot 5.0.1 (Python 3.10.5 on win32)" generated="20230215 22:22:30.561" rpa="false" schemaversion="3">
<suite id="s1" name="viewProfile" source="C:\Automate Test\Test_PMS\automateTestTeam0\employee1\test_viewProfile\viewProfile.robot">
<test id="s1-t1" name="View Profile Employee Success" line="35">
<kw name="Open file Excel">
<kw name="Open Excel" library="ExcelRobot">
<arg>C:\\Automate Test\\Test_PMS\\automateTestTeam0\\employee1\\test_viewProfile\\test_data.xlsx</arg>
<doc>Opens the Excel file to read from the path provided in the file path parameter.</doc>
<msg timestamp="20230215 22:22:30.992" level="INFO">Opening file at C:\Automate Test\Test_PMS\automateTestTeam0\employee1\test_viewProfile\test_data.xlsx</msg>
<status status="PASS" starttime="20230215 22:22:30.992" endtime="20230215 22:22:31.012"/>
</kw>
<status status="PASS" starttime="20230215 22:22:30.991" endtime="20230215 22:22:31.012"/>
</kw>
<kw name="Read Cell Data" library="ExcelRobot">
<var>${Username}</var>
<arg>Employee</arg>
<arg>0</arg>
<arg>1</arg>
<doc>Uses the column and row to return the data from that cell.</doc>
<msg timestamp="20230215 22:22:31.013" level="INFO">${Username} = suchada1512@gmail.com</msg>
<status status="PASS" starttime="20230215 22:22:31.013" endtime="20230215 22:22:31.013"/>
</kw>
<kw name="Read Cell Data" library="ExcelRobot">
<var>${Password}</var>
<arg>Employee</arg>
<arg>1</arg>
<arg>1</arg>
<doc>Uses the column and row to return the data from that cell.</doc>
<msg timestamp="20230215 22:22:31.013" level="INFO">${Password} = suchada</msg>
<status status="PASS" starttime="20230215 22:22:31.013" endtime="20230215 22:22:31.013"/>
</kw>
<kw name="Open Project Monitoring System">
<kw name="Open Browser" library="SeleniumLibrary">
<arg>${URL}</arg>
<arg>${BROWSER}</arg>
<doc>Opens a new browser instance to the optional ``url``.</doc>
<msg timestamp="20230215 22:22:31.014" level="INFO">Opening browser 'Google Chrome' to base url 'http://dekdee2.informatics.buu.ac.th:9080/team0/'.</msg>
<status status="PASS" starttime="20230215 22:22:31.014" endtime="20230215 22:22:33.215"/>
</kw>
<kw name="Maximize Browser Window" library="SeleniumLibrary">
<doc>Maximizes current browser window.</doc>
<status status="PASS" starttime="20230215 22:22:33.215" endtime="20230215 22:22:33.363"/>
</kw>
<status status="PASS" starttime="20230215 22:22:31.014" endtime="20230215 22:22:33.363"/>
</kw>
<kw name="Click Menu Login">
<kw name="Sleep" library="BuiltIn">
<arg>2s</arg>
<doc>Pauses the test executed for the given time.</doc>
<msg timestamp="20230215 22:22:35.369" level="INFO">Slept 2 seconds</msg>
<status status="PASS" starttime="20230215 22:22:33.364" endtime="20230215 22:22:35.369"/>
</kw>
<kw name="Click Element" library="SeleniumLibrary">
<arg>//*[@class="nav-link waves-effect waves-dark profile-pic fs-5"]</arg>
<doc>Click the element identified by ``locator``.</doc>
<msg timestamp="20230215 22:22:35.369" level="INFO">Clicking element '//*[@class="nav-link waves-effect waves-dark profile-pic fs-5"]'.</msg>
<status status="PASS" starttime="20230215 22:22:35.369" endtime="20230215 22:22:35.412"/>
</kw>
<status status="PASS" starttime="20230215 22:22:33.364" endtime="20230215 22:22:35.412"/>
</kw>
<kw name="Sleep" library="BuiltIn">
<arg>1s</arg>
<doc>Pauses the test executed for the given time.</doc>
<msg timestamp="20230215 22:22:36.428" level="INFO">Slept 1 second</msg>
<status status="PASS" starttime="20230215 22:22:35.412" endtime="20230215 22:22:36.428"/>
</kw>
<kw name="Input Text" library="SeleniumLibrary">
<arg>id:u_email</arg>
<arg>${Username}</arg>
<doc>Types the given ``text`` into the text field identified by ``locator``.</doc>
<msg timestamp="20230215 22:22:36.429" level="INFO">Typing text 'suchada1512@gmail.com' into text field 'id:u_email'.</msg>
<status status="PASS" starttime="20230215 22:22:36.428" endtime="20230215 22:22:36.531"/>
</kw>
<kw name="Sleep" library="BuiltIn">
<arg>1s</arg>
<doc>Pauses the test executed for the given time.</doc>
<msg timestamp="20230215 22:22:37.537" level="INFO">Slept 1 second</msg>
<status status="PASS" starttime="20230215 22:22:36.531" endtime="20230215 22:22:37.537"/>
</kw>
<kw name="Input Text" library="SeleniumLibrary">
<arg>id:u_password</arg>
<arg>${Password}</arg>
<doc>Types the given ``text`` into the text field identified by ``locator``.</doc>
<msg timestamp="20230215 22:22:37.537" level="INFO">Typing text 'suchada' into text field 'id:u_password'.</msg>
<status status="PASS" starttime="20230215 22:22:37.537" endtime="20230215 22:22:37.614"/>
</kw>
<kw name="Click to Login">
<kw name="Sleep" library="BuiltIn">
<arg>2s</arg>
<doc>Pauses the test executed for the given time.</doc>
<msg timestamp="20230215 22:22:39.624" level="INFO">Slept 2 seconds</msg>
<status status="PASS" starttime="20230215 22:22:37.614" endtime="20230215 22:22:39.624"/>
</kw>
<kw name="Click Element" library="SeleniumLibrary">
<arg>//*[@id="loginBtn"]</arg>
<doc>Click the element identified by ``locator``.</doc>
<msg timestamp="20230215 22:22:39.625" level="INFO">Clicking element '//*[@id="loginBtn"]'.</msg>
<status status="PASS" starttime="20230215 22:22:39.624" endtime="20230215 22:22:39.667"/>
</kw>
<status status="PASS" starttime="20230215 22:22:37.614" endtime="20230215 22:22:39.667"/>
</kw>
<kw name="Click Dropdown Icon">
<kw name="Sleep" library="BuiltIn">
<arg>2s</arg>
<doc>Pauses the test executed for the given time.</doc>
<msg timestamp="20230215 22:22:41.680" level="INFO">Slept 2 seconds</msg>
<status status="PASS" starttime="20230215 22:22:39.668" endtime="20230215 22:22:41.680"/>
</kw>
<kw name="Click Element" library="SeleniumLibrary">
<arg>//*[@id="main-wrapper"]/header/nav/div[2]/ul[2]/li/a</arg>
<doc>Click the element identified by ``locator``.</doc>
<msg timestamp="20230215 22:22:41.681" level="INFO">Clicking element '//*[@id="main-wrapper"]/header/nav/div[2]/ul[2]/li/a'.</msg>
<status status="PASS" starttime="20230215 22:22:41.680" endtime="20230215 22:22:41.731"/>
</kw>
<status status="PASS" starttime="20230215 22:22:39.668" endtime="20230215 22:22:41.731"/>
</kw>
<kw name="Click View Profile">
<kw name="Sleep" library="BuiltIn">
<arg>2s</arg>
<doc>Pauses the test executed for the given time.</doc>
<msg timestamp="20230215 22:22:43.739" level="INFO">Slept 2 seconds</msg>
<status status="PASS" starttime="20230215 22:22:41.731" endtime="20230215 22:22:43.739"/>
</kw>
<kw name="Click Element" library="SeleniumLibrary">
<arg>//*[@id="main-wrapper"]/header/nav/div[2]/ul[2]/li/div/a[1]</arg>
<doc>Click the element identified by ``locator``.</doc>
<msg timestamp="20230215 22:22:43.739" level="INFO">Clicking element '//*[@id="main-wrapper"]/header/nav/div[2]/ul[2]/li/div/a[1]'.</msg>
<status status="PASS" starttime="20230215 22:22:43.739" endtime="20230215 22:22:43.779"/>
</kw>
<status status="PASS" starttime="20230215 22:22:41.731" endtime="20230215 22:22:43.779"/>
</kw>
<kw name="Close Browser Page">
<kw name="Sleep" library="BuiltIn">
<arg>3s</arg>
<doc>Pauses the test executed for the given time.</doc>
<msg timestamp="20230215 22:22:46.794" level="INFO">Slept 3 seconds</msg>
<status status="PASS" starttime="20230215 22:22:43.781" endtime="20230215 22:22:46.794"/>
</kw>
<kw name="Close Browser" library="SeleniumLibrary">
<doc>Closes the current browser.</doc>
<status status="PASS" starttime="20230215 22:22:46.794" endtime="20230215 22:22:48.901"/>
</kw>
<status status="PASS" starttime="20230215 22:22:43.781" endtime="20230215 22:22:48.901"/>
</kw>
<status status="PASS" starttime="20230215 22:22:30.991" endtime="20230215 22:22:48.902"/>
</test>
<test id="s1-t2" name="View Profile Employee fail because click outside view profile" line="49">
<kw name="Open file Excel">
<kw name="Open Excel" library="ExcelRobot">
<arg>C:\\Automate Test\\Test_PMS\\automateTestTeam0\\employee1\\test_viewProfile\\test_data.xlsx</arg>
<doc>Opens the Excel file to read from the path provided in the file path parameter.</doc>
<msg timestamp="20230215 22:22:48.906" level="INFO">Opening file at C:\Automate Test\Test_PMS\automateTestTeam0\employee1\test_viewProfile\test_data.xlsx</msg>
<status status="PASS" starttime="20230215 22:22:48.906" endtime="20230215 22:22:48.909"/>
</kw>
<status status="PASS" starttime="20230215 22:22:48.905" endtime="20230215 22:22:48.909"/>
</kw>
<kw name="Read Cell Data" library="ExcelRobot">
<var>${Username}</var>
<arg>Employee</arg>
<arg>0</arg>
<arg>1</arg>
<doc>Uses the column and row to return the data from that cell.</doc>
<msg timestamp="20230215 22:22:48.910" level="INFO">${Username} = suchada1512@gmail.com</msg>
<status status="PASS" starttime="20230215 22:22:48.910" endtime="20230215 22:22:48.910"/>
</kw>
<kw name="Read Cell Data" library="ExcelRobot">
<var>${Password}</var>
<arg>Employee</arg>
<arg>1</arg>
<arg>1</arg>
<doc>Uses the column and row to return the data from that cell.</doc>
<msg timestamp="20230215 22:22:48.911" level="INFO">${Password} = suchada</msg>
<status status="PASS" starttime="20230215 22:22:48.910" endtime="20230215 22:22:48.911"/>
</kw>
<kw name="Open Project Monitoring System">
<kw name="Open Browser" library="SeleniumLibrary">
<arg>${URL}</arg>
<arg>${BROWSER}</arg>
<doc>Opens a new browser instance to the optional ``url``.</doc>
<msg timestamp="20230215 22:22:48.912" level="INFO">Opening browser 'Google Chrome' to base url 'http://dekdee2.informatics.buu.ac.th:9080/team0/'.</msg>
<status status="PASS" starttime="20230215 22:22:48.912" endtime="20230215 22:22:51.178"/>
</kw>
<kw name="Maximize Browser Window" library="SeleniumLibrary">
<doc>Maximizes current browser window.</doc>
<status status="PASS" starttime="20230215 22:22:51.178" endtime="20230215 22:22:51.317"/>
</kw>
<status status="PASS" starttime="20230215 22:22:48.911" endtime="20230215 22:22:51.317"/>
</kw>
<kw name="Click Menu Login">
<kw name="Sleep" library="BuiltIn">
<arg>2s</arg>
<doc>Pauses the test executed for the given time.</doc>
<msg timestamp="20230215 22:22:53.319" level="INFO">Slept 2 seconds</msg>
<status status="PASS" starttime="20230215 22:22:51.318" endtime="20230215 22:22:53.319"/>
</kw>
<kw name="Click Element" library="SeleniumLibrary">
<arg>//*[@class="nav-link waves-effect waves-dark profile-pic fs-5"]</arg>
<doc>Click the element identified by ``locator``.</doc>
<msg timestamp="20230215 22:22:53.320" level="INFO">Clicking element '//*[@class="nav-link waves-effect waves-dark profile-pic fs-5"]'.</msg>
<status status="PASS" starttime="20230215 22:22:53.319" endtime="20230215 22:22:53.362"/>
</kw>
<status status="PASS" starttime="20230215 22:22:51.318" endtime="20230215 22:22:53.362"/>
</kw>
<kw name="Sleep" library="BuiltIn">
<arg>1s</arg>
<doc>Pauses the test executed for the given time.</doc>
<msg timestamp="20230215 22:22:54.363" level="INFO">Slept 1 second</msg>
<status status="PASS" starttime="20230215 22:22:53.363" endtime="20230215 22:22:54.363"/>
</kw>
<kw name="Input Text" library="SeleniumLibrary">
<arg>id:u_email</arg>
<arg>${Username}</arg>
<doc>Types the given ``text`` into the text field identified by ``locator``.</doc>
<msg timestamp="20230215 22:22:54.364" level="INFO">Typing text 'suchada1512@gmail.com' into text field 'id:u_email'.</msg>
<status status="PASS" starttime="20230215 22:22:54.364" endtime="20230215 22:22:54.484"/>
</kw>
<kw name="Sleep" library="BuiltIn">
<arg>1s</arg>
<doc>Pauses the test executed for the given time.</doc>
<msg timestamp="20230215 22:22:55.487" level="INFO">Slept 1 second</msg>
<status status="PASS" starttime="20230215 22:22:54.484" endtime="20230215 22:22:55.487"/>
</kw>
<kw name="Input Text" library="SeleniumLibrary">
<arg>id:u_password</arg>
<arg>${Password}</arg>
<doc>Types the given ``text`` into the text field identified by ``locator``.</doc>
<msg timestamp="20230215 22:22:55.488" level="INFO">Typing text 'suchada' into text field 'id:u_password'.</msg>
<status status="PASS" starttime="20230215 22:22:55.487" endtime="20230215 22:22:55.568"/>
</kw>
<kw name="Click to Login">
<kw name="Sleep" library="BuiltIn">
<arg>2s</arg>
<doc>Pauses the test executed for the given time.</doc>
<msg timestamp="20230215 22:22:57.569" level="INFO">Slept 2 seconds</msg>
<status status="PASS" starttime="20230215 22:22:55.569" endtime="20230215 22:22:57.569"/>
</kw>
<kw name="Click Element" library="SeleniumLibrary">
<arg>//*[@id="loginBtn"]</arg>
<doc>Click the element identified by ``locator``.</doc>
<msg timestamp="20230215 22:22:57.570" level="INFO">Clicking element '//*[@id="loginBtn"]'.</msg>
<status status="PASS" starttime="20230215 22:22:57.570" endtime="20230215 22:22:57.615"/>
</kw>
<status status="PASS" starttime="20230215 22:22:55.569" endtime="20230215 22:22:57.615"/>
</kw>
<kw name="Click Dropdown Icon">
<kw name="Sleep" library="BuiltIn">
<arg>2s</arg>
<doc>Pauses the test executed for the given time.</doc>
<msg timestamp="20230215 22:22:59.627" level="INFO">Slept 2 seconds</msg>
<status status="PASS" starttime="20230215 22:22:57.616" endtime="20230215 22:22:59.627"/>
</kw>
<kw name="Click Element" library="SeleniumLibrary">
<arg>//*[@id="main-wrapper"]/header/nav/div[2]/ul[2]/li/a</arg>
<doc>Click the element identified by ``locator``.</doc>
<msg timestamp="20230215 22:22:59.627" level="INFO">Clicking element '//*[@id="main-wrapper"]/header/nav/div[2]/ul[2]/li/a'.</msg>
<status status="PASS" starttime="20230215 22:22:59.627" endtime="20230215 22:22:59.677"/>
</kw>
<status status="PASS" starttime="20230215 22:22:57.615" endtime="20230215 22:22:59.678"/>
</kw>
<kw name="Click outside View Profile">
<kw name="Sleep" library="BuiltIn">
<arg>2s</arg>
<doc>Pauses the test executed for the given time.</doc>
<msg timestamp="20230215 22:23:01.681" level="INFO">Slept 2 seconds</msg>
<status status="PASS" starttime="20230215 22:22:59.678" endtime="20230215 22:23:01.681"/>
</kw>
<kw name="Click Element" library="SeleniumLibrary">
<arg>//*[@id="main-wrapper"]/div/div</arg>
<doc>Click the element identified by ``locator``.</doc>
<msg timestamp="20230215 22:23:01.681" level="INFO">Clicking element '//*[@id="main-wrapper"]/div/div'.</msg>
<status status="PASS" starttime="20230215 22:23:01.681" endtime="20230215 22:23:01.723"/>
</kw>
<status status="PASS" starttime="20230215 22:22:59.678" endtime="20230215 22:23:01.723"/>
</kw>
<kw name="Close Browser Page">
<kw name="Sleep" library="BuiltIn">
<arg>3s</arg>
<doc>Pauses the test executed for the given time.</doc>
<msg timestamp="20230215 22:23:04.726" level="INFO">Slept 3 seconds</msg>
<status status="PASS" starttime="20230215 22:23:01.723" endtime="20230215 22:23:04.726"/>
</kw>
<kw name="Close Browser" library="SeleniumLibrary">
<doc>Closes the current browser.</doc>
<status status="PASS" starttime="20230215 22:23:04.726" endtime="20230215 22:23:06.840"/>
</kw>
<status status="PASS" starttime="20230215 22:23:01.723" endtime="20230215 22:23:06.840"/>
</kw>
<status status="PASS" starttime="20230215 22:22:48.904" endtime="20230215 22:23:06.842"/>
</test>
<status status="PASS" starttime="20230215 22:22:30.563" endtime="20230215 22:23:06.842"/>
</suite>
<statistics>
<total>
<stat pass="2" fail="0" skip="0">All Tests</stat>
</total>
<tag>
</tag>
<suite>
<stat pass="2" fail="0" skip="0" id="s1" name="viewProfile">viewProfile</stat>
</suite>
</statistics>
<errors>
</errors>
</robot>
