<?xml version="1.0" encoding="UTF-8"?>
<robot generator="Robot 5.0.1 (Python 3.10.5 on win32)" generated="20221122 23:36:40.582" rpa="false" schemaversion="3">
<suite id="s1" name="TestDeleteProjectManager" source="C:\xampp\htdocs\automateTestTeam0\ProjectManager\test_delete_project\TestDeleteProjectManager.robot">
<test id="s1-t1" name="Delete are Project Wrong" line="65">
<kw name="Open file Excel">
<kw name="Open Excel" library="ExcelRobot">
<arg>C:\\xampp\\htdocs\\automateTestTeam0\\ProjectManager\\test_delete_project\\test_data.xlsx</arg>
<doc>Opens the Excel file to read from the path provided in the file path parameter.</doc>
<msg timestamp="20221122 23:36:40.948" level="INFO">Opening file at C:\xampp\htdocs\automateTestTeam0\ProjectManager\test_delete_project\test_data.xlsx</msg>
<status status="PASS" starttime="20221122 23:36:40.948" endtime="20221122 23:36:40.950"/>
</kw>
<status status="PASS" starttime="20221122 23:36:40.947" endtime="20221122 23:36:40.950"/>
</kw>
<kw name="Read Cell Data" library="ExcelRobot">
<var>${Username}</var>
<arg>Project Manager</arg>
<arg>0</arg>
<arg>1</arg>
<doc>Uses the column and row to return the data from that cell.</doc>
<msg timestamp="20221122 23:36:40.951" level="INFO">${Username} = sunisa.su@gmail.com	</msg>
<status status="PASS" starttime="20221122 23:36:40.950" endtime="20221122 23:36:40.951"/>
</kw>
<kw name="Read Cell Data" library="ExcelRobot">
<var>${Password}</var>
<arg>Project Manager</arg>
<arg>1</arg>
<arg>1</arg>
<doc>Uses the column and row to return the data from that cell.</doc>
<msg timestamp="20221122 23:36:40.951" level="INFO">${Password} = sunisa.s</msg>
<status status="PASS" starttime="20221122 23:36:40.951" endtime="20221122 23:36:40.951"/>
</kw>
<kw name="Open file Excel">
<kw name="Open Excel" library="ExcelRobot">
<arg>C:\\xampp\\htdocs\\automateTestTeam0\\ProjectManager\\test_delete_project\\test_data.xlsx</arg>
<doc>Opens the Excel file to read from the path provided in the file path parameter.</doc>
<msg timestamp="20221122 23:36:40.951" level="INFO">Opening file at C:\xampp\htdocs\automateTestTeam0\ProjectManager\test_delete_project\test_data.xlsx</msg>
<status status="PASS" starttime="20221122 23:36:40.951" endtime="20221122 23:36:40.953"/>
</kw>
<status status="PASS" starttime="20221122 23:36:40.951" endtime="20221122 23:36:40.953"/>
</kw>
<kw name="Read Cell Data" library="ExcelRobot">
<var>${Username}</var>
<arg>Project Manager</arg>
<arg>0</arg>
<arg>1</arg>
<doc>Uses the column and row to return the data from that cell.</doc>
<msg timestamp="20221122 23:36:40.953" level="INFO">${Username} = sunisa.su@gmail.com	</msg>
<status status="PASS" starttime="20221122 23:36:40.953" endtime="20221122 23:36:40.953"/>
</kw>
<kw name="Read Cell Data" library="ExcelRobot">
<var>${Password}</var>
<arg>Project Manager</arg>
<arg>1</arg>
<arg>1</arg>
<doc>Uses the column and row to return the data from that cell.</doc>
<msg timestamp="20221122 23:36:40.954" level="INFO">${Password} = sunisa.s</msg>
<status status="PASS" starttime="20221122 23:36:40.953" endtime="20221122 23:36:40.954"/>
</kw>
<kw name="Open Project Monitoring System">
<kw name="Open Browser" library="SeleniumLibrary">
<arg>${URL}</arg>
<arg>${BROWSER}</arg>
<doc>Opens a new browser instance to the optional ``url``.</doc>
<msg timestamp="20221122 23:36:40.954" level="INFO">Opening browser 'Google Chrome' to base url 'http://dekdee2.informatics.buu.ac.th:9080/team0/'.</msg>
<status status="PASS" starttime="20221122 23:36:40.954" endtime="20221122 23:36:42.612"/>
</kw>
<kw name="Maximize Browser Window" library="SeleniumLibrary">
<doc>Maximizes current browser window.</doc>
<status status="PASS" starttime="20221122 23:36:42.612" endtime="20221122 23:36:42.809"/>
</kw>
<status status="PASS" starttime="20221122 23:36:40.954" endtime="20221122 23:36:42.810"/>
</kw>
<kw name="Click Menu Login">
<kw name="Sleep" library="BuiltIn">
<arg>2s</arg>
<doc>Pauses the test executed for the given time.</doc>
<msg timestamp="20221122 23:36:44.820" level="INFO">Slept 2 seconds</msg>
<status status="PASS" starttime="20221122 23:36:42.810" endtime="20221122 23:36:44.820"/>
</kw>
<kw name="Click Element" library="SeleniumLibrary">
<arg>//*[@id="main-wrapper"]/header/nav/div[2]/ul[2]/li/a</arg>
<doc>Click the element identified by ``locator``.</doc>
<msg timestamp="20221122 23:36:44.820" level="INFO">Clicking element '//*[@id="main-wrapper"]/header/nav/div[2]/ul[2]/li/a'.</msg>
<status status="PASS" starttime="20221122 23:36:44.820" endtime="20221122 23:36:45.095"/>
</kw>
<status status="PASS" starttime="20221122 23:36:42.810" endtime="20221122 23:36:45.096"/>
</kw>
<kw name="Sleep" library="BuiltIn">
<arg>2s</arg>
<doc>Pauses the test executed for the given time.</doc>
<msg timestamp="20221122 23:36:47.105" level="INFO">Slept 2 seconds</msg>
<status status="PASS" starttime="20221122 23:36:45.096" endtime="20221122 23:36:47.105"/>
</kw>
<kw name="Input Text" library="SeleniumLibrary">
<arg>id:u_email</arg>
<arg>${Username}</arg>
<doc>Types the given ``text`` into the text field identified by ``locator``.</doc>
<msg timestamp="20221122 23:36:47.106" level="INFO">Typing text 'sunisa.su@gmail.com	' into text field 'id:u_email'.</msg>
<status status="PASS" starttime="20221122 23:36:47.105" endtime="20221122 23:36:47.170"/>
</kw>
<kw name="Sleep" library="BuiltIn">
<arg>2s</arg>
<doc>Pauses the test executed for the given time.</doc>
<msg timestamp="20221122 23:36:49.185" level="INFO">Slept 2 seconds</msg>
<status status="PASS" starttime="20221122 23:36:47.171" endtime="20221122 23:36:49.185"/>
</kw>
<kw name="Input Text" library="SeleniumLibrary">
<arg>id:u_password</arg>
<arg>${Password}</arg>
<doc>Types the given ``text`` into the text field identified by ``locator``.</doc>
<msg timestamp="20221122 23:36:49.186" level="INFO">Typing text 'sunisa.s' into text field 'id:u_password'.</msg>
<status status="PASS" starttime="20221122 23:36:49.185" endtime="20221122 23:36:49.226"/>
</kw>
<kw name="Click to Login">
<kw name="Sleep" library="BuiltIn">
<arg>2s</arg>
<doc>Pauses the test executed for the given time.</doc>
<msg timestamp="20221122 23:36:51.235" level="INFO">Slept 2 seconds</msg>
<status status="PASS" starttime="20221122 23:36:49.227" endtime="20221122 23:36:51.235"/>
</kw>
<kw name="Click Element" library="SeleniumLibrary">
<arg>//*[@id="loginBtn"]</arg>
<doc>Click the element identified by ``locator``.</doc>
<msg timestamp="20221122 23:36:51.235" level="INFO">Clicking element '//*[@id="loginBtn"]'.</msg>
<status status="PASS" starttime="20221122 23:36:51.235" endtime="20221122 23:36:51.262"/>
</kw>
<status status="PASS" starttime="20221122 23:36:49.226" endtime="20221122 23:36:51.263"/>
</kw>
<kw name="Sleep" library="BuiltIn">
<arg>2s</arg>
<doc>Pauses the test executed for the given time.</doc>
<msg timestamp="20221122 23:36:53.275" level="INFO">Slept 2 seconds</msg>
<status status="PASS" starttime="20221122 23:36:51.263" endtime="20221122 23:36:53.275"/>
</kw>
<kw name="Click Sidebar Resiponse Project">
<kw name="Sleep" library="BuiltIn">
<arg>2s</arg>
<doc>Pauses the test executed for the given time.</doc>
<msg timestamp="20221122 23:36:55.287" level="INFO">Slept 2 seconds</msg>
<status status="PASS" starttime="20221122 23:36:53.275" endtime="20221122 23:36:55.287"/>
</kw>
<kw name="Click Element" library="SeleniumLibrary">
<arg>//*[@id="sidebarnav"]/li[2]/a/i</arg>
<doc>Click the element identified by ``locator``.</doc>
<msg timestamp="20221122 23:36:55.288" level="INFO">Clicking element '//*[@id="sidebarnav"]/li[2]/a/i'.</msg>
<status status="PASS" starttime="20221122 23:36:55.287" endtime="20221122 23:36:55.562"/>
</kw>
<status status="PASS" starttime="20221122 23:36:53.275" endtime="20221122 23:36:55.563"/>
</kw>
<kw name="Sleep" library="BuiltIn">
<arg>2s</arg>
<doc>Pauses the test executed for the given time.</doc>
<msg timestamp="20221122 23:36:57.580" level="INFO">Slept 2 seconds</msg>
<status status="PASS" starttime="20221122 23:36:55.564" endtime="20221122 23:36:57.580"/>
</kw>
<kw name="Delete Project">
<kw name="Sleep" library="BuiltIn">
<arg>2s</arg>
<doc>Pauses the test executed for the given time.</doc>
<msg timestamp="20221122 23:36:59.592" level="INFO">Slept 2 seconds</msg>
<status status="PASS" starttime="20221122 23:36:57.580" endtime="20221122 23:36:59.592"/>
</kw>
<kw name="Click Element" library="SeleniumLibrary">
<arg>xpath=/html/body/div[2]/div/div/div[2]/div/div/div/div/div/div/table/tbody/tr[2]/td[6]/button[3]</arg>
<doc>Click the element identified by ``locator``.</doc>
<msg timestamp="20221122 23:36:59.592" level="INFO">Clicking element 'xpath=/html/body/div[2]/div/div/div[2]/div/div/div/div/div/div/table/tbody/tr[2]/td[6]/button[3]'.</msg>
<status status="PASS" starttime="20221122 23:36:59.592" endtime="20221122 23:36:59.640"/>
</kw>
<status status="PASS" starttime="20221122 23:36:57.580" endtime="20221122 23:36:59.640"/>
</kw>
<kw name="Sleep" library="BuiltIn">
<arg>2s</arg>
<doc>Pauses the test executed for the given time.</doc>
<msg timestamp="20221122 23:37:01.656" level="INFO">Slept 2 seconds</msg>
<status status="PASS" starttime="20221122 23:36:59.641" endtime="20221122 23:37:01.656"/>
</kw>
<kw name="UnAccept Delete Project">
<kw name="Sleep" library="BuiltIn">
<arg>2s</arg>
<doc>Pauses the test executed for the given time.</doc>
<msg timestamp="20221122 23:37:03.660" level="INFO">Slept 2 seconds</msg>
<status status="PASS" starttime="20221122 23:37:01.657" endtime="20221122 23:37:03.660"/>
</kw>
<kw name="Click Element" library="SeleniumLibrary">
<arg>xpath=/html/body/div[5]/div/div[3]/button[2]</arg>
<doc>Click the element identified by ``locator``.</doc>
<msg timestamp="20221122 23:37:03.660" level="INFO">Clicking element 'xpath=/html/body/div[5]/div/div[3]/button[2]'.</msg>
<status status="PASS" starttime="20221122 23:37:03.660" endtime="20221122 23:37:03.693"/>
</kw>
<status status="PASS" starttime="20221122 23:37:01.656" endtime="20221122 23:37:03.693"/>
</kw>
<kw name="Sleep" library="BuiltIn">
<arg>2s</arg>
<doc>Pauses the test executed for the given time.</doc>
<msg timestamp="20221122 23:37:05.706" level="INFO">Slept 2 seconds</msg>
<status status="PASS" starttime="20221122 23:37:03.693" endtime="20221122 23:37:05.706"/>
</kw>
<kw name="Close Browser" library="SeleniumLibrary">
<doc>Closes the current browser.</doc>
<status status="PASS" starttime="20221122 23:37:05.706" endtime="20221122 23:37:07.860"/>
</kw>
<status status="PASS" starttime="20221122 23:36:40.947" endtime="20221122 23:37:07.861"/>
</test>
<status status="PASS" starttime="20221122 23:36:40.583" endtime="20221122 23:37:07.861"/>
</suite>
<statistics>
<total>
<stat pass="1" fail="0" skip="0">All Tests</stat>
</total>
<tag>
</tag>
<suite>
<stat pass="1" fail="0" skip="0" id="s1" name="TestDeleteProjectManager">TestDeleteProjectManager</stat>
</suite>
</statistics>
<errors>
</errors>
</robot>
