<?xml version="1.0" encoding="UTF-8"?>
<robot generator="Robot 5.0.1 (Python 3.10.5 on win32)" generated="20230220 22:10:32.792" rpa="false" schemaversion="3">
<suite id="s1" name="TestChangePasswordEmployee" source="C:\xampp\htdocs\automateTestTeam0\admin\test_change_password_employee\TestChangePasswordEmployee.robot">
<test id="s1-t1" name="Change Password Success" line="106">
<kw name="Open file Excel">
<kw name="Open Excel" library="ExcelRobot">
<arg>C:\\xampp\\htdocs\\automateTestTeam0\\admin\\test_change_password_employee\\test_data.xlsx</arg>
<doc>Opens the Excel file to read from the path provided in the file path parameter.</doc>
<msg timestamp="20230220 22:10:33.198" level="INFO">Opening file at C:\xampp\htdocs\automateTestTeam0\admin\test_change_password_employee\test_data.xlsx</msg>
<status status="PASS" starttime="20230220 22:10:33.197" endtime="20230220 22:10:33.200"/>
</kw>
<status status="PASS" starttime="20230220 22:10:33.197" endtime="20230220 22:10:33.200"/>
</kw>
<kw name="Read Cell Data" library="ExcelRobot">
<var>${Username}</var>
<arg>Admin</arg>
<arg>0</arg>
<arg>1</arg>
<doc>Uses the column and row to return the data from that cell.</doc>
<msg timestamp="20230220 22:10:33.201" level="INFO">${Username} = test@gmail.com</msg>
<status status="PASS" starttime="20230220 22:10:33.200" endtime="20230220 22:10:33.201"/>
</kw>
<kw name="Read Cell Data" library="ExcelRobot">
<var>${Password}</var>
<arg>Admin</arg>
<arg>1</arg>
<arg>1</arg>
<doc>Uses the column and row to return the data from that cell.</doc>
<msg timestamp="20230220 22:10:33.201" level="INFO">${Password} = kajorn.n</msg>
<status status="PASS" starttime="20230220 22:10:33.201" endtime="20230220 22:10:33.201"/>
</kw>
<kw name="Open Project Monitoring System">
<kw name="Open Browser" library="SeleniumLibrary">
<arg>${URL}</arg>
<arg>${BROWSER}</arg>
<doc>Opens a new browser instance to the optional ``url``.</doc>
<msg timestamp="20230220 22:10:33.202" level="INFO">Opening browser 'Google Chrome' to base url 'http://dekdee2.informatics.buu.ac.th:9080/team0/'.</msg>
<status status="PASS" starttime="20230220 22:10:33.201" endtime="20230220 22:10:35.055"/>
</kw>
<kw name="Maximize Browser Window" library="SeleniumLibrary">
<doc>Maximizes current browser window.</doc>
<status status="PASS" starttime="20230220 22:10:35.056" endtime="20230220 22:10:35.220"/>
</kw>
<status status="PASS" starttime="20230220 22:10:33.201" endtime="20230220 22:10:35.222"/>
</kw>
<kw name="Click Menu Login">
<kw name="Sleep" library="BuiltIn">
<arg>2s</arg>
<doc>Pauses the test executed for the given time.</doc>
<msg timestamp="20230220 22:10:37.234" level="INFO">Slept 2 seconds</msg>
<status status="PASS" starttime="20230220 22:10:35.222" endtime="20230220 22:10:37.234"/>
</kw>
<kw name="Click Element" library="SeleniumLibrary">
<arg>//*[@class="nav-link waves-effect waves-dark profile-pic fs-5"]</arg>
<doc>Click the element identified by ``locator``.</doc>
<msg timestamp="20230220 22:10:37.234" level="INFO">Clicking element '//*[@class="nav-link waves-effect waves-dark profile-pic fs-5"]'.</msg>
<status status="PASS" starttime="20230220 22:10:37.234" endtime="20230220 22:10:37.267"/>
</kw>
<status status="PASS" starttime="20230220 22:10:35.222" endtime="20230220 22:10:37.268"/>
</kw>
<kw name="Sleep" library="BuiltIn">
<arg>1s</arg>
<doc>Pauses the test executed for the given time.</doc>
<msg timestamp="20230220 22:10:38.272" level="INFO">Slept 1 second</msg>
<status status="PASS" starttime="20230220 22:10:37.268" endtime="20230220 22:10:38.272"/>
</kw>
<kw name="Input Text" library="SeleniumLibrary">
<arg>id:u_email</arg>
<arg>${Username}</arg>
<doc>Types the given ``text`` into the text field identified by ``locator``.</doc>
<msg timestamp="20230220 22:10:38.274" level="INFO">Typing text 'test@gmail.com' into text field 'id:u_email'.</msg>
<status status="PASS" starttime="20230220 22:10:38.272" endtime="20230220 22:10:38.338"/>
</kw>
<kw name="Input Text" library="SeleniumLibrary">
<arg>id:u_password</arg>
<arg>${Password}</arg>
<doc>Types the given ``text`` into the text field identified by ``locator``.</doc>
<msg timestamp="20230220 22:10:38.338" level="INFO">Typing text 'kajorn.n' into text field 'id:u_password'.</msg>
<status status="PASS" starttime="20230220 22:10:38.338" endtime="20230220 22:10:38.397"/>
</kw>
<kw name="Click to Login">
<kw name="Sleep" library="BuiltIn">
<arg>2s</arg>
<doc>Pauses the test executed for the given time.</doc>
<msg timestamp="20230220 22:10:40.402" level="INFO">Slept 2 seconds</msg>
<status status="PASS" starttime="20230220 22:10:38.398" endtime="20230220 22:10:40.402"/>
</kw>
<kw name="Click Element" library="SeleniumLibrary">
<arg>//*[@id="loginBtn"]</arg>
<doc>Click the element identified by ``locator``.</doc>
<msg timestamp="20230220 22:10:40.402" level="INFO">Clicking element '//*[@id="loginBtn"]'.</msg>
<status status="PASS" starttime="20230220 22:10:40.402" endtime="20230220 22:10:40.436"/>
</kw>
<status status="PASS" starttime="20230220 22:10:38.398" endtime="20230220 22:10:40.436"/>
</kw>
<kw name="Click Sidebar Resiponse Project">
<kw name="Sleep" library="BuiltIn">
<arg>2s</arg>
<doc>Pauses the test executed for the given time.</doc>
<msg timestamp="20230220 22:10:42.443" level="INFO">Slept 2 seconds</msg>
<status status="PASS" starttime="20230220 22:10:40.436" endtime="20230220 22:10:42.443"/>
</kw>
<kw name="Click Element" library="SeleniumLibrary">
<arg>//*[@id="main-wrapper"]/header/nav/div[2]/ul[1]/li[2]/a</arg>
<doc>Click the element identified by ``locator``.</doc>
<msg timestamp="20230220 22:10:42.443" level="INFO">Clicking element '//*[@id="main-wrapper"]/header/nav/div[2]/ul[1]/li[2]/a'.</msg>
<status status="PASS" starttime="20230220 22:10:42.443" endtime="20230220 22:10:42.481"/>
</kw>
<kw name="Click Element" library="SeleniumLibrary">
<arg>//*[@id="sidebarnav"]/li[4]/a/i</arg>
<doc>Click the element identified by ``locator``.</doc>
<msg timestamp="20230220 22:10:42.483" level="INFO">Clicking element '//*[@id="sidebarnav"]/li[4]/a/i'.</msg>
<status status="PASS" starttime="20230220 22:10:42.482" endtime="20230220 22:10:42.538"/>
</kw>
<kw name="Click Element" library="SeleniumLibrary">
<arg>//*[@id="sidebarnav"]/li[4]/ul/li[1]/a/i</arg>
<doc>Click the element identified by ``locator``.</doc>
<msg timestamp="20230220 22:10:42.539" level="INFO">Clicking element '//*[@id="sidebarnav"]/li[4]/ul/li[1]/a/i'.</msg>
<status status="PASS" starttime="20230220 22:10:42.538" endtime="20230220 22:10:42.976"/>
</kw>
<status status="PASS" starttime="20230220 22:10:40.436" endtime="20230220 22:10:42.977"/>
</kw>
<kw name="Click button Change Password">
<kw name="Click Element" library="SeleniumLibrary">
<arg>xpath=/html/body/div[2]/div/div/div[2]/div/div/div/div/div/div/table/tbody/tr[1]/td[6]/button[2]</arg>
<doc>Click the element identified by ``locator``.</doc>
<msg timestamp="20230220 22:10:42.978" level="INFO">Clicking element 'xpath=/html/body/div[2]/div/div/div[2]/div/div/div/div/div/div/table/tbody/tr[1]/td[6]/button[2]'.</msg>
<status status="PASS" starttime="20230220 22:10:42.978" endtime="20230220 22:10:43.431"/>
</kw>
<status status="PASS" starttime="20230220 22:10:42.977" endtime="20230220 22:10:43.431"/>
</kw>
<kw name="Change Password">
<kw name="Sleep" library="BuiltIn">
<arg>2s</arg>
<doc>Pauses the test executed for the given time.</doc>
<msg timestamp="20230220 22:10:45.434" level="INFO">Slept 2 seconds</msg>
<status status="PASS" starttime="20230220 22:10:43.433" endtime="20230220 22:10:45.434"/>
</kw>
<kw name="Click Element" library="SeleniumLibrary">
<arg>//*[@id="pwd"]</arg>
<doc>Click the element identified by ``locator``.</doc>
<msg timestamp="20230220 22:10:45.434" level="INFO">Clicking element '//*[@id="pwd"]'.</msg>
<status status="PASS" starttime="20230220 22:10:45.434" endtime="20230220 22:10:45.470"/>
</kw>
<kw name="Input Text" library="SeleniumLibrary">
<arg>//*[@id="pwd"]</arg>
<arg>pass1234</arg>
<doc>Types the given ``text`` into the text field identified by ``locator``.</doc>
<msg timestamp="20230220 22:10:45.470" level="INFO">Typing text 'pass1234' into text field '//*[@id="pwd"]'.</msg>
<status status="PASS" starttime="20230220 22:10:45.470" endtime="20230220 22:10:45.508"/>
</kw>
<kw name="Click Element" library="SeleniumLibrary">
<arg>//*[@id="cfPwd"]</arg>
<doc>Click the element identified by ``locator``.</doc>
<msg timestamp="20230220 22:10:45.509" level="INFO">Clicking element '//*[@id="cfPwd"]'.</msg>
<status status="PASS" starttime="20230220 22:10:45.508" endtime="20230220 22:10:45.541"/>
</kw>
<kw name="Input Text" library="SeleniumLibrary">
<arg>//*[@id="cfPwd"]</arg>
<arg>pass1234</arg>
<doc>Types the given ``text`` into the text field identified by ``locator``.</doc>
<msg timestamp="20230220 22:10:45.542" level="INFO">Typing text 'pass1234' into text field '//*[@id="cfPwd"]'.</msg>
<status status="PASS" starttime="20230220 22:10:45.542" endtime="20230220 22:10:45.580"/>
</kw>
<kw name="Click Element" library="SeleniumLibrary">
<arg>xpath=//*[@id="mainModalFooter"]/button[1]</arg>
<doc>Click the element identified by ``locator``.</doc>
<msg timestamp="20230220 22:10:45.580" level="INFO">Clicking element 'xpath=//*[@id="mainModalFooter"]/button[1]'.</msg>
<status status="PASS" starttime="20230220 22:10:45.580" endtime="20230220 22:10:45.607"/>
</kw>
<status status="PASS" starttime="20230220 22:10:43.433" endtime="20230220 22:10:45.607"/>
</kw>
<kw name="Close Browser Page">
<kw name="Sleep" library="BuiltIn">
<arg>3s</arg>
<doc>Pauses the test executed for the given time.</doc>
<msg timestamp="20230220 22:10:48.621" level="INFO">Slept 3 seconds</msg>
<status status="PASS" starttime="20230220 22:10:45.608" endtime="20230220 22:10:48.621"/>
</kw>
<kw name="Close Browser" library="SeleniumLibrary">
<doc>Closes the current browser.</doc>
<status status="PASS" starttime="20230220 22:10:48.621" endtime="20230220 22:10:50.742"/>
</kw>
<status status="PASS" starttime="20230220 22:10:45.608" endtime="20230220 22:10:50.742"/>
</kw>
<status status="PASS" starttime="20230220 22:10:33.197" endtime="20230220 22:10:50.742"/>
</test>
<test id="s1-t2" name="Change Password Because Input Password Not Match" line="121">
<kw name="Open file Excel">
<kw name="Open Excel" library="ExcelRobot">
<arg>C:\\xampp\\htdocs\\automateTestTeam0\\admin\\test_change_password_employee\\test_data.xlsx</arg>
<doc>Opens the Excel file to read from the path provided in the file path parameter.</doc>
<msg timestamp="20230220 22:10:50.745" level="INFO">Opening file at C:\xampp\htdocs\automateTestTeam0\admin\test_change_password_employee\test_data.xlsx</msg>
<status status="PASS" starttime="20230220 22:10:50.745" endtime="20230220 22:10:50.747"/>
</kw>
<status status="PASS" starttime="20230220 22:10:50.745" endtime="20230220 22:10:50.747"/>
</kw>
<kw name="Read Cell Data" library="ExcelRobot">
<var>${Username}</var>
<arg>Admin</arg>
<arg>0</arg>
<arg>1</arg>
<doc>Uses the column and row to return the data from that cell.</doc>
<msg timestamp="20230220 22:10:50.748" level="INFO">${Username} = test@gmail.com</msg>
<status status="PASS" starttime="20230220 22:10:50.748" endtime="20230220 22:10:50.748"/>
</kw>
<kw name="Read Cell Data" library="ExcelRobot">
<var>${Password}</var>
<arg>Admin</arg>
<arg>1</arg>
<arg>1</arg>
<doc>Uses the column and row to return the data from that cell.</doc>
<msg timestamp="20230220 22:10:50.748" level="INFO">${Password} = kajorn.n</msg>
<status status="PASS" starttime="20230220 22:10:50.748" endtime="20230220 22:10:50.748"/>
</kw>
<kw name="Open Project Monitoring System">
<kw name="Open Browser" library="SeleniumLibrary">
<arg>${URL}</arg>
<arg>${BROWSER}</arg>
<doc>Opens a new browser instance to the optional ``url``.</doc>
<msg timestamp="20230220 22:10:50.749" level="INFO">Opening browser 'Google Chrome' to base url 'http://dekdee2.informatics.buu.ac.th:9080/team0/'.</msg>
<status status="PASS" starttime="20230220 22:10:50.749" endtime="20230220 22:10:52.780"/>
</kw>
<kw name="Maximize Browser Window" library="SeleniumLibrary">
<doc>Maximizes current browser window.</doc>
<status status="PASS" starttime="20230220 22:10:52.782" endtime="20230220 22:10:52.941"/>
</kw>
<status status="PASS" starttime="20230220 22:10:50.748" endtime="20230220 22:10:52.942"/>
</kw>
<kw name="Click Menu Login">
<kw name="Sleep" library="BuiltIn">
<arg>2s</arg>
<doc>Pauses the test executed for the given time.</doc>
<msg timestamp="20230220 22:10:54.954" level="INFO">Slept 2 seconds</msg>
<status status="PASS" starttime="20230220 22:10:52.944" endtime="20230220 22:10:54.954"/>
</kw>
<kw name="Click Element" library="SeleniumLibrary">
<arg>//*[@class="nav-link waves-effect waves-dark profile-pic fs-5"]</arg>
<doc>Click the element identified by ``locator``.</doc>
<msg timestamp="20230220 22:10:54.954" level="INFO">Clicking element '//*[@class="nav-link waves-effect waves-dark profile-pic fs-5"]'.</msg>
<status status="PASS" starttime="20230220 22:10:54.954" endtime="20230220 22:10:54.986"/>
</kw>
<status status="PASS" starttime="20230220 22:10:52.943" endtime="20230220 22:10:54.986"/>
</kw>
<kw name="Sleep" library="BuiltIn">
<arg>1s</arg>
<doc>Pauses the test executed for the given time.</doc>
<msg timestamp="20230220 22:10:56.002" level="INFO">Slept 1 second</msg>
<status status="PASS" starttime="20230220 22:10:54.987" endtime="20230220 22:10:56.002"/>
</kw>
<kw name="Input Text" library="SeleniumLibrary">
<arg>id:u_email</arg>
<arg>${Username}</arg>
<doc>Types the given ``text`` into the text field identified by ``locator``.</doc>
<msg timestamp="20230220 22:10:56.003" level="INFO">Typing text 'test@gmail.com' into text field 'id:u_email'.</msg>
<status status="PASS" starttime="20230220 22:10:56.002" endtime="20230220 22:10:56.069"/>
</kw>
<kw name="Input Text" library="SeleniumLibrary">
<arg>id:u_password</arg>
<arg>${Password}</arg>
<doc>Types the given ``text`` into the text field identified by ``locator``.</doc>
<msg timestamp="20230220 22:10:56.069" level="INFO">Typing text 'kajorn.n' into text field 'id:u_password'.</msg>
<status status="PASS" starttime="20230220 22:10:56.069" endtime="20230220 22:10:56.130"/>
</kw>
<kw name="Click to Login">
<kw name="Sleep" library="BuiltIn">
<arg>2s</arg>
<doc>Pauses the test executed for the given time.</doc>
<msg timestamp="20230220 22:10:58.147" level="INFO">Slept 2 seconds</msg>
<status status="PASS" starttime="20230220 22:10:56.131" endtime="20230220 22:10:58.147"/>
</kw>
<kw name="Click Element" library="SeleniumLibrary">
<arg>//*[@id="loginBtn"]</arg>
<doc>Click the element identified by ``locator``.</doc>
<msg timestamp="20230220 22:10:58.148" level="INFO">Clicking element '//*[@id="loginBtn"]'.</msg>
<status status="PASS" starttime="20230220 22:10:58.147" endtime="20230220 22:10:58.180"/>
</kw>
<status status="PASS" starttime="20230220 22:10:56.130" endtime="20230220 22:10:58.180"/>
</kw>
<kw name="Click Sidebar Resiponse Project">
<kw name="Sleep" library="BuiltIn">
<arg>2s</arg>
<doc>Pauses the test executed for the given time.</doc>
<msg timestamp="20230220 22:11:00.195" level="INFO">Slept 2 seconds</msg>
<status status="PASS" starttime="20230220 22:10:58.180" endtime="20230220 22:11:00.195"/>
</kw>
<kw name="Click Element" library="SeleniumLibrary">
<arg>//*[@id="main-wrapper"]/header/nav/div[2]/ul[1]/li[2]/a</arg>
<doc>Click the element identified by ``locator``.</doc>
<msg timestamp="20230220 22:11:00.196" level="INFO">Clicking element '//*[@id="main-wrapper"]/header/nav/div[2]/ul[1]/li[2]/a'.</msg>
<status status="PASS" starttime="20230220 22:11:00.196" endtime="20230220 22:11:00.414"/>
</kw>
<kw name="Click Element" library="SeleniumLibrary">
<arg>//*[@id="sidebarnav"]/li[4]/a/i</arg>
<doc>Click the element identified by ``locator``.</doc>
<msg timestamp="20230220 22:11:00.416" level="INFO">Clicking element '//*[@id="sidebarnav"]/li[4]/a/i'.</msg>
<status status="PASS" starttime="20230220 22:11:00.415" endtime="20230220 22:11:00.672"/>
</kw>
<kw name="Click Element" library="SeleniumLibrary">
<arg>//*[@id="sidebarnav"]/li[4]/ul/li[1]/a/i</arg>
<doc>Click the element identified by ``locator``.</doc>
<msg timestamp="20230220 22:11:00.673" level="INFO">Clicking element '//*[@id="sidebarnav"]/li[4]/ul/li[1]/a/i'.</msg>
<status status="PASS" starttime="20230220 22:11:00.672" endtime="20230220 22:11:02.080"/>
</kw>
<status status="PASS" starttime="20230220 22:10:58.180" endtime="20230220 22:11:02.080"/>
</kw>
<kw name="Click button Change Password">
<kw name="Click Element" library="SeleniumLibrary">
<arg>xpath=/html/body/div[2]/div/div/div[2]/div/div/div/div/div/div/table/tbody/tr[1]/td[6]/button[2]</arg>
<doc>Click the element identified by ``locator``.</doc>
<msg timestamp="20230220 22:11:02.084" level="INFO">Clicking element 'xpath=/html/body/div[2]/div/div/div[2]/div/div/div/div/div/div/table/tbody/tr[1]/td[6]/button[2]'.</msg>
<status status="PASS" starttime="20230220 22:11:02.083" endtime="20230220 22:11:02.476"/>
</kw>
<status status="PASS" starttime="20230220 22:11:02.082" endtime="20230220 22:11:02.476"/>
</kw>
<kw name="Change Password Not Match">
<kw name="Sleep" library="BuiltIn">
<arg>2s</arg>
<doc>Pauses the test executed for the given time.</doc>
<msg timestamp="20230220 22:11:04.488" level="INFO">Slept 2 seconds</msg>
<status status="PASS" starttime="20230220 22:11:02.477" endtime="20230220 22:11:04.488"/>
</kw>
<kw name="Click Element" library="SeleniumLibrary">
<arg>//*[@id="pwd"]</arg>
<doc>Click the element identified by ``locator``.</doc>
<msg timestamp="20230220 22:11:04.488" level="INFO">Clicking element '//*[@id="pwd"]'.</msg>
<status status="PASS" starttime="20230220 22:11:04.488" endtime="20230220 22:11:04.522"/>
</kw>
<kw name="Input Text" library="SeleniumLibrary">
<arg>//*[@id="pwd"]</arg>
<arg>pass1234</arg>
<doc>Types the given ``text`` into the text field identified by ``locator``.</doc>
<msg timestamp="20230220 22:11:04.523" level="INFO">Typing text 'pass1234' into text field '//*[@id="pwd"]'.</msg>
<status status="PASS" starttime="20230220 22:11:04.522" endtime="20230220 22:11:04.562"/>
</kw>
<kw name="Click Element" library="SeleniumLibrary">
<arg>//*[@id="cfPwd"]</arg>
<doc>Click the element identified by ``locator``.</doc>
<msg timestamp="20230220 22:11:04.563" level="INFO">Clicking element '//*[@id="cfPwd"]'.</msg>
<status status="PASS" starttime="20230220 22:11:04.562" endtime="20230220 22:11:04.595"/>
</kw>
<kw name="Input Text" library="SeleniumLibrary">
<arg>//*[@id="cfPwd"]</arg>
<arg>pass123456</arg>
<doc>Types the given ``text`` into the text field identified by ``locator``.</doc>
<msg timestamp="20230220 22:11:04.596" level="INFO">Typing text 'pass123456' into text field '//*[@id="cfPwd"]'.</msg>
<status status="PASS" starttime="20230220 22:11:04.595" endtime="20230220 22:11:04.635"/>
</kw>
<kw name="Click Element" library="SeleniumLibrary">
<arg>xpath=//*[@id="mainModalFooter"]/button[1]</arg>
<doc>Click the element identified by ``locator``.</doc>
<msg timestamp="20230220 22:11:04.635" level="INFO">Clicking element 'xpath=//*[@id="mainModalFooter"]/button[1]'.</msg>
<status status="PASS" starttime="20230220 22:11:04.635" endtime="20230220 22:11:04.662"/>
</kw>
<status status="PASS" starttime="20230220 22:11:02.477" endtime="20230220 22:11:04.662"/>
</kw>
<kw name="Close Browser Page">
<kw name="Sleep" library="BuiltIn">
<arg>3s</arg>
<doc>Pauses the test executed for the given time.</doc>
<msg timestamp="20230220 22:11:07.674" level="INFO">Slept 3 seconds</msg>
<status status="PASS" starttime="20230220 22:11:04.663" endtime="20230220 22:11:07.674"/>
</kw>
<kw name="Close Browser" library="SeleniumLibrary">
<doc>Closes the current browser.</doc>
<status status="PASS" starttime="20230220 22:11:07.674" endtime="20230220 22:11:09.806"/>
</kw>
<status status="PASS" starttime="20230220 22:11:04.663" endtime="20230220 22:11:09.806"/>
</kw>
<status status="PASS" starttime="20230220 22:10:50.744" endtime="20230220 22:11:09.806"/>
</test>
<status status="PASS" starttime="20230220 22:10:32.794" endtime="20230220 22:11:09.807"/>
</suite>
<statistics>
<total>
<stat pass="2" fail="0" skip="0">All Tests</stat>
</total>
<tag>
</tag>
<suite>
<stat pass="2" fail="0" skip="0" id="s1" name="TestChangePasswordEmployee">TestChangePasswordEmployee</stat>
</suite>
</statistics>
<errors>
</errors>
</robot>
