<?xml version="1.0" encoding="UTF-8"?>
<robot generator="Robot 5.0.1 (Python 3.10.5 on win32)" generated="20230214 23:27:07.089" rpa="false" schemaversion="3">
<suite id="s1" name="TestChangePasswordEmployee" source="C:\xampp\htdocs\automateTestTeam0\Admin\test_change_password_employee\TestChangePasswordEmployee.robot">
<test id="s1-t1" name="Change Password Success" line="108">
<kw name="Open file Excel">
<kw name="Open Excel" library="ExcelRobot">
<arg>C:\\xampp\\htdocs\\automateTestTeam0\\Admin\\test_change_password_employee\\test_data.xlsx</arg>
<doc>Opens the Excel file to read from the path provided in the file path parameter.</doc>
<msg timestamp="20230214 23:27:07.504" level="INFO">Opening file at C:\xampp\htdocs\automateTestTeam0\Admin\test_change_password_employee\test_data.xlsx</msg>
<status status="PASS" starttime="20230214 23:27:07.504" endtime="20230214 23:27:07.507"/>
</kw>
<status status="PASS" starttime="20230214 23:27:07.504" endtime="20230214 23:27:07.508"/>
</kw>
<kw name="Read Cell Data" library="ExcelRobot">
<var>${Username}</var>
<arg>Admin</arg>
<arg>0</arg>
<arg>1</arg>
<doc>Uses the column and row to return the data from that cell.</doc>
<msg timestamp="20230214 23:27:07.508" level="INFO">${Username} = test@gmail.com</msg>
<status status="PASS" starttime="20230214 23:27:07.508" endtime="20230214 23:27:07.508"/>
</kw>
<kw name="Read Cell Data" library="ExcelRobot">
<var>${Password}</var>
<arg>Admin</arg>
<arg>1</arg>
<arg>1</arg>
<doc>Uses the column and row to return the data from that cell.</doc>
<msg timestamp="20230214 23:27:07.508" level="INFO">${Password} = kajorn.n</msg>
<status status="PASS" starttime="20230214 23:27:07.508" endtime="20230214 23:27:07.508"/>
</kw>
<kw name="Open Project Monitoring System">
<kw name="Open Browser" library="SeleniumLibrary">
<arg>${URL}</arg>
<arg>${BROWSER}</arg>
<doc>Opens a new browser instance to the optional ``url``.</doc>
<msg timestamp="20230214 23:27:07.509" level="INFO">Opening browser 'Google Chrome' to base url 'http://dekdee2.informatics.buu.ac.th:9080/team0/'.</msg>
<status status="PASS" starttime="20230214 23:27:07.509" endtime="20230214 23:27:11.646"/>
</kw>
<kw name="Maximize Browser Window" library="SeleniumLibrary">
<doc>Maximizes current browser window.</doc>
<status status="PASS" starttime="20230214 23:27:11.646" endtime="20230214 23:27:11.892"/>
</kw>
<status status="PASS" starttime="20230214 23:27:07.509" endtime="20230214 23:27:11.893"/>
</kw>
<kw name="Click Menu Login">
<kw name="Sleep" library="BuiltIn">
<arg>2s</arg>
<doc>Pauses the test executed for the given time.</doc>
<msg timestamp="20230214 23:27:13.909" level="INFO">Slept 2 seconds</msg>
<status status="PASS" starttime="20230214 23:27:11.898" endtime="20230214 23:27:13.909"/>
</kw>
<kw name="Click Element" library="SeleniumLibrary">
<arg>//*[@class="nav-link waves-effect waves-dark profile-pic fs-5"]</arg>
<doc>Click the element identified by ``locator``.</doc>
<msg timestamp="20230214 23:27:13.910" level="INFO">Clicking element '//*[@class="nav-link waves-effect waves-dark profile-pic fs-5"]'.</msg>
<status status="PASS" starttime="20230214 23:27:13.909" endtime="20230214 23:27:13.945"/>
</kw>
<status status="PASS" starttime="20230214 23:27:11.896" endtime="20230214 23:27:13.945"/>
</kw>
<kw name="Input Text" library="SeleniumLibrary">
<arg>id:u_email</arg>
<arg>${Username}</arg>
<doc>Types the given ``text`` into the text field identified by ``locator``.</doc>
<msg timestamp="20230214 23:27:13.946" level="INFO">Typing text 'test@gmail.com' into text field 'id:u_email'.</msg>
<status status="PASS" starttime="20230214 23:27:13.945" endtime="20230214 23:27:14.065"/>
</kw>
<kw name="Input Text" library="SeleniumLibrary">
<arg>id:u_password</arg>
<arg>${Password}</arg>
<doc>Types the given ``text`` into the text field identified by ``locator``.</doc>
<msg timestamp="20230214 23:27:14.065" level="INFO">Typing text 'kajorn.n' into text field 'id:u_password'.</msg>
<status status="PASS" starttime="20230214 23:27:14.065" endtime="20230214 23:27:14.126"/>
</kw>
<kw name="Click to Login">
<kw name="Sleep" library="BuiltIn">
<arg>2s</arg>
<doc>Pauses the test executed for the given time.</doc>
<msg timestamp="20230214 23:27:16.131" level="INFO">Slept 2 seconds</msg>
<status status="PASS" starttime="20230214 23:27:14.126" endtime="20230214 23:27:16.131"/>
</kw>
<kw name="Click Element" library="SeleniumLibrary">
<arg>//*[@id="loginBtn"]</arg>
<doc>Click the element identified by ``locator``.</doc>
<msg timestamp="20230214 23:27:16.131" level="INFO">Clicking element '//*[@id="loginBtn"]'.</msg>
<status status="PASS" starttime="20230214 23:27:16.131" endtime="20230214 23:27:16.166"/>
</kw>
<status status="PASS" starttime="20230214 23:27:14.126" endtime="20230214 23:27:16.166"/>
</kw>
<kw name="Click Sidebar Resiponse Project">
<kw name="Sleep" library="BuiltIn">
<arg>2s</arg>
<doc>Pauses the test executed for the given time.</doc>
<msg timestamp="20230214 23:27:18.174" level="INFO">Slept 2 seconds</msg>
<status status="PASS" starttime="20230214 23:27:16.166" endtime="20230214 23:27:18.174"/>
</kw>
<kw name="Click Element" library="SeleniumLibrary">
<arg>//*[@id="main-wrapper"]/header/nav/div[2]/ul[1]/li[2]/a</arg>
<doc>Click the element identified by ``locator``.</doc>
<msg timestamp="20230214 23:27:18.174" level="INFO">Clicking element '//*[@id="main-wrapper"]/header/nav/div[2]/ul[1]/li[2]/a'.</msg>
<status status="PASS" starttime="20230214 23:27:18.174" endtime="20230214 23:27:18.223"/>
</kw>
<kw name="Click Element" library="SeleniumLibrary">
<arg>//*[@id="sidebarnav"]/li[4]/a/i</arg>
<doc>Click the element identified by ``locator``.</doc>
<msg timestamp="20230214 23:27:18.223" level="INFO">Clicking element '//*[@id="sidebarnav"]/li[4]/a/i'.</msg>
<status status="PASS" starttime="20230214 23:27:18.223" endtime="20230214 23:27:18.298"/>
</kw>
<kw name="Click Element" library="SeleniumLibrary">
<arg>//*[@id="sidebarnav"]/li[4]/ul/li[1]/a/i</arg>
<doc>Click the element identified by ``locator``.</doc>
<msg timestamp="20230214 23:27:18.298" level="INFO">Clicking element '//*[@id="sidebarnav"]/li[4]/ul/li[1]/a/i'.</msg>
<status status="PASS" starttime="20230214 23:27:18.298" endtime="20230214 23:27:18.761"/>
</kw>
<status status="PASS" starttime="20230214 23:27:16.166" endtime="20230214 23:27:18.762"/>
</kw>
<kw name="Click button Change Password">
<kw name="Click Element" library="SeleniumLibrary">
<arg>xpath=/html/body/div[2]/div/div/div[2]/div/div/div/div/div/div/table/tbody/tr[1]/td[6]/button[2]</arg>
<doc>Click the element identified by ``locator``.</doc>
<msg timestamp="20230214 23:27:18.763" level="INFO">Clicking element 'xpath=/html/body/div[2]/div/div/div[2]/div/div/div/div/div/div/table/tbody/tr[1]/td[6]/button[2]'.</msg>
<status status="PASS" starttime="20230214 23:27:18.762" endtime="20230214 23:27:19.178"/>
</kw>
<status status="PASS" starttime="20230214 23:27:18.762" endtime="20230214 23:27:19.179"/>
</kw>
<kw name="Change Password">
<kw name="Sleep" library="BuiltIn">
<arg>2s</arg>
<doc>Pauses the test executed for the given time.</doc>
<msg timestamp="20230214 23:27:21.181" level="INFO">Slept 2 seconds</msg>
<status status="PASS" starttime="20230214 23:27:19.179" endtime="20230214 23:27:21.181"/>
</kw>
<kw name="Click Element" library="SeleniumLibrary">
<arg>//*[@id="pwd"]</arg>
<doc>Click the element identified by ``locator``.</doc>
<msg timestamp="20230214 23:27:21.181" level="INFO">Clicking element '//*[@id="pwd"]'.</msg>
<status status="PASS" starttime="20230214 23:27:21.181" endtime="20230214 23:27:21.218"/>
</kw>
<kw name="Input Text" library="SeleniumLibrary">
<arg>//*[@id="pwd"]</arg>
<arg>pass1234</arg>
<doc>Types the given ``text`` into the text field identified by ``locator``.</doc>
<msg timestamp="20230214 23:27:21.218" level="INFO">Typing text 'pass1234' into text field '//*[@id="pwd"]'.</msg>
<status status="PASS" starttime="20230214 23:27:21.218" endtime="20230214 23:27:21.257"/>
</kw>
<kw name="Click Element" library="SeleniumLibrary">
<arg>//*[@id="cfPwd"]</arg>
<doc>Click the element identified by ``locator``.</doc>
<msg timestamp="20230214 23:27:21.257" level="INFO">Clicking element '//*[@id="cfPwd"]'.</msg>
<status status="PASS" starttime="20230214 23:27:21.257" endtime="20230214 23:27:21.289"/>
</kw>
<kw name="Input Text" library="SeleniumLibrary">
<arg>//*[@id="cfPwd"]</arg>
<arg>pass1234</arg>
<doc>Types the given ``text`` into the text field identified by ``locator``.</doc>
<msg timestamp="20230214 23:27:21.290" level="INFO">Typing text 'pass1234' into text field '//*[@id="cfPwd"]'.</msg>
<status status="PASS" starttime="20230214 23:27:21.290" endtime="20230214 23:27:21.328"/>
</kw>
<kw name="Click Element" library="SeleniumLibrary">
<arg>xpath=//*[@id="mainModalFooter"]/button[1]</arg>
<doc>Click the element identified by ``locator``.</doc>
<msg timestamp="20230214 23:27:21.328" level="INFO">Clicking element 'xpath=//*[@id="mainModalFooter"]/button[1]'.</msg>
<status status="PASS" starttime="20230214 23:27:21.328" endtime="20230214 23:27:21.369"/>
</kw>
<kw name="Sleep" library="BuiltIn">
<arg>2s</arg>
<doc>Pauses the test executed for the given time.</doc>
<msg timestamp="20230214 23:27:23.380" level="INFO">Slept 2 seconds</msg>
<status status="PASS" starttime="20230214 23:27:21.369" endtime="20230214 23:27:23.380"/>
</kw>
<kw name="Click Element" library="SeleniumLibrary">
<arg>xpath=/html/body/div[7]/div/div[3]/button[1]</arg>
<doc>Click the element identified by ``locator``.</doc>
<msg timestamp="20230214 23:27:23.380" level="INFO">Clicking element 'xpath=/html/body/div[7]/div/div[3]/button[1]'.</msg>
<status status="PASS" starttime="20230214 23:27:23.380" endtime="20230214 23:27:23.411"/>
</kw>
<status status="PASS" starttime="20230214 23:27:19.179" endtime="20230214 23:27:23.411"/>
</kw>
<kw name="Close Browser Page">
<kw name="Sleep" library="BuiltIn">
<arg>3s</arg>
<doc>Pauses the test executed for the given time.</doc>
<msg timestamp="20230214 23:27:26.417" level="INFO">Slept 3 seconds</msg>
<status status="PASS" starttime="20230214 23:27:23.412" endtime="20230214 23:27:26.417"/>
</kw>
<kw name="Close Browser" library="SeleniumLibrary">
<doc>Closes the current browser.</doc>
<status status="PASS" starttime="20230214 23:27:26.417" endtime="20230214 23:27:28.546"/>
</kw>
<status status="PASS" starttime="20230214 23:27:23.412" endtime="20230214 23:27:28.546"/>
</kw>
<status status="PASS" starttime="20230214 23:27:07.503" endtime="20230214 23:27:28.547"/>
</test>
<test id="s1-t2" name="Change Password Because Input Password Not Match" line="122">
<kw name="Open file Excel">
<kw name="Open Excel" library="ExcelRobot">
<arg>C:\\xampp\\htdocs\\automateTestTeam0\\Admin\\test_change_password_employee\\test_data.xlsx</arg>
<doc>Opens the Excel file to read from the path provided in the file path parameter.</doc>
<msg timestamp="20230214 23:27:28.549" level="INFO">Opening file at C:\xampp\htdocs\automateTestTeam0\Admin\test_change_password_employee\test_data.xlsx</msg>
<status status="PASS" starttime="20230214 23:27:28.549" endtime="20230214 23:27:28.551"/>
</kw>
<status status="PASS" starttime="20230214 23:27:28.549" endtime="20230214 23:27:28.551"/>
</kw>
<kw name="Read Cell Data" library="ExcelRobot">
<var>${Username}</var>
<arg>Admin</arg>
<arg>0</arg>
<arg>1</arg>
<doc>Uses the column and row to return the data from that cell.</doc>
<msg timestamp="20230214 23:27:28.552" level="INFO">${Username} = test@gmail.com</msg>
<status status="PASS" starttime="20230214 23:27:28.551" endtime="20230214 23:27:28.552"/>
</kw>
<kw name="Read Cell Data" library="ExcelRobot">
<var>${Password}</var>
<arg>Admin</arg>
<arg>1</arg>
<arg>1</arg>
<doc>Uses the column and row to return the data from that cell.</doc>
<msg timestamp="20230214 23:27:28.552" level="INFO">${Password} = kajorn.n</msg>
<status status="PASS" starttime="20230214 23:27:28.552" endtime="20230214 23:27:28.552"/>
</kw>
<kw name="Open Project Monitoring System">
<kw name="Open Browser" library="SeleniumLibrary">
<arg>${URL}</arg>
<arg>${BROWSER}</arg>
<doc>Opens a new browser instance to the optional ``url``.</doc>
<msg timestamp="20230214 23:27:28.553" level="INFO">Opening browser 'Google Chrome' to base url 'http://dekdee2.informatics.buu.ac.th:9080/team0/'.</msg>
<status status="PASS" starttime="20230214 23:27:28.553" endtime="20230214 23:27:30.620"/>
</kw>
<kw name="Maximize Browser Window" library="SeleniumLibrary">
<doc>Maximizes current browser window.</doc>
<status status="PASS" starttime="20230214 23:27:30.620" endtime="20230214 23:27:30.782"/>
</kw>
<status status="PASS" starttime="20230214 23:27:28.553" endtime="20230214 23:27:30.783"/>
</kw>
<kw name="Click Menu Login">
<kw name="Sleep" library="BuiltIn">
<arg>2s</arg>
<doc>Pauses the test executed for the given time.</doc>
<msg timestamp="20230214 23:27:32.791" level="INFO">Slept 2 seconds</msg>
<status status="PASS" starttime="20230214 23:27:30.784" endtime="20230214 23:27:32.791"/>
</kw>
<kw name="Click Element" library="SeleniumLibrary">
<arg>//*[@class="nav-link waves-effect waves-dark profile-pic fs-5"]</arg>
<doc>Click the element identified by ``locator``.</doc>
<msg timestamp="20230214 23:27:32.791" level="INFO">Clicking element '//*[@class="nav-link waves-effect waves-dark profile-pic fs-5"]'.</msg>
<status status="PASS" starttime="20230214 23:27:32.791" endtime="20230214 23:27:32.824"/>
</kw>
<status status="PASS" starttime="20230214 23:27:30.783" endtime="20230214 23:27:32.824"/>
</kw>
<kw name="Input Text" library="SeleniumLibrary">
<arg>id:u_email</arg>
<arg>${Username}</arg>
<doc>Types the given ``text`` into the text field identified by ``locator``.</doc>
<msg timestamp="20230214 23:27:32.826" level="INFO">Typing text 'test@gmail.com' into text field 'id:u_email'.</msg>
<status status="PASS" starttime="20230214 23:27:32.825" endtime="20230214 23:27:32.940"/>
</kw>
<kw name="Input Text" library="SeleniumLibrary">
<arg>id:u_password</arg>
<arg>${Password}</arg>
<doc>Types the given ``text`` into the text field identified by ``locator``.</doc>
<msg timestamp="20230214 23:27:32.940" level="INFO">Typing text 'kajorn.n' into text field 'id:u_password'.</msg>
<status status="PASS" starttime="20230214 23:27:32.940" endtime="20230214 23:27:33.004"/>
</kw>
<kw name="Click to Login">
<kw name="Sleep" library="BuiltIn">
<arg>2s</arg>
<doc>Pauses the test executed for the given time.</doc>
<msg timestamp="20230214 23:27:35.014" level="INFO">Slept 2 seconds</msg>
<status status="PASS" starttime="20230214 23:27:33.004" endtime="20230214 23:27:35.014"/>
</kw>
<kw name="Click Element" library="SeleniumLibrary">
<arg>//*[@id="loginBtn"]</arg>
<doc>Click the element identified by ``locator``.</doc>
<msg timestamp="20230214 23:27:35.014" level="INFO">Clicking element '//*[@id="loginBtn"]'.</msg>
<status status="PASS" starttime="20230214 23:27:35.014" endtime="20230214 23:27:35.048"/>
</kw>
<status status="PASS" starttime="20230214 23:27:33.004" endtime="20230214 23:27:35.048"/>
</kw>
<kw name="Click Sidebar Resiponse Project">
<kw name="Sleep" library="BuiltIn">
<arg>2s</arg>
<doc>Pauses the test executed for the given time.</doc>
<msg timestamp="20230214 23:27:37.053" level="INFO">Slept 2 seconds</msg>
<status status="PASS" starttime="20230214 23:27:35.048" endtime="20230214 23:27:37.053"/>
</kw>
<kw name="Click Element" library="SeleniumLibrary">
<arg>//*[@id="main-wrapper"]/header/nav/div[2]/ul[1]/li[2]/a</arg>
<doc>Click the element identified by ``locator``.</doc>
<msg timestamp="20230214 23:27:37.053" level="INFO">Clicking element '//*[@id="main-wrapper"]/header/nav/div[2]/ul[1]/li[2]/a'.</msg>
<status status="PASS" starttime="20230214 23:27:37.053" endtime="20230214 23:27:37.094"/>
</kw>
<kw name="Click Element" library="SeleniumLibrary">
<arg>//*[@id="sidebarnav"]/li[4]/a/i</arg>
<doc>Click the element identified by ``locator``.</doc>
<msg timestamp="20230214 23:27:37.095" level="INFO">Clicking element '//*[@id="sidebarnav"]/li[4]/a/i'.</msg>
<status status="PASS" starttime="20230214 23:27:37.094" endtime="20230214 23:27:37.164"/>
</kw>
<kw name="Click Element" library="SeleniumLibrary">
<arg>//*[@id="sidebarnav"]/li[4]/ul/li[1]/a/i</arg>
<doc>Click the element identified by ``locator``.</doc>
<msg timestamp="20230214 23:27:37.164" level="INFO">Clicking element '//*[@id="sidebarnav"]/li[4]/ul/li[1]/a/i'.</msg>
<status status="PASS" starttime="20230214 23:27:37.164" endtime="20230214 23:27:37.595"/>
</kw>
<status status="PASS" starttime="20230214 23:27:35.048" endtime="20230214 23:27:37.596"/>
</kw>
<kw name="Click button Change Password">
<kw name="Click Element" library="SeleniumLibrary">
<arg>xpath=/html/body/div[2]/div/div/div[2]/div/div/div/div/div/div/table/tbody/tr[1]/td[6]/button[2]</arg>
<doc>Click the element identified by ``locator``.</doc>
<msg timestamp="20230214 23:27:37.596" level="INFO">Clicking element 'xpath=/html/body/div[2]/div/div/div[2]/div/div/div/div/div/div/table/tbody/tr[1]/td[6]/button[2]'.</msg>
<status status="PASS" starttime="20230214 23:27:37.596" endtime="20230214 23:27:38.027"/>
</kw>
<status status="PASS" starttime="20230214 23:27:37.596" endtime="20230214 23:27:38.027"/>
</kw>
<kw name="Change Password Not Match">
<kw name="Sleep" library="BuiltIn">
<arg>2s</arg>
<doc>Pauses the test executed for the given time.</doc>
<msg timestamp="20230214 23:27:40.030" level="INFO">Slept 2 seconds</msg>
<status status="PASS" starttime="20230214 23:27:38.028" endtime="20230214 23:27:40.030"/>
</kw>
<kw name="Click Element" library="SeleniumLibrary">
<arg>//*[@id="pwd"]</arg>
<doc>Click the element identified by ``locator``.</doc>
<msg timestamp="20230214 23:27:40.031" level="INFO">Clicking element '//*[@id="pwd"]'.</msg>
<status status="PASS" starttime="20230214 23:27:40.031" endtime="20230214 23:27:40.066"/>
</kw>
<kw name="Input Text" library="SeleniumLibrary">
<arg>//*[@id="pwd"]</arg>
<arg>pass1234</arg>
<doc>Types the given ``text`` into the text field identified by ``locator``.</doc>
<msg timestamp="20230214 23:27:40.067" level="INFO">Typing text 'pass1234' into text field '//*[@id="pwd"]'.</msg>
<status status="PASS" starttime="20230214 23:27:40.066" endtime="20230214 23:27:40.104"/>
</kw>
<kw name="Click Element" library="SeleniumLibrary">
<arg>//*[@id="cfPwd"]</arg>
<doc>Click the element identified by ``locator``.</doc>
<msg timestamp="20230214 23:27:40.105" level="INFO">Clicking element '//*[@id="cfPwd"]'.</msg>
<status status="PASS" starttime="20230214 23:27:40.105" endtime="20230214 23:27:40.136"/>
</kw>
<kw name="Input Text" library="SeleniumLibrary">
<arg>//*[@id="cfPwd"]</arg>
<arg>pass123456</arg>
<doc>Types the given ``text`` into the text field identified by ``locator``.</doc>
<msg timestamp="20230214 23:27:40.137" level="INFO">Typing text 'pass123456' into text field '//*[@id="cfPwd"]'.</msg>
<status status="PASS" starttime="20230214 23:27:40.137" endtime="20230214 23:27:40.183"/>
</kw>
<kw name="Click Element" library="SeleniumLibrary">
<arg>xpath=//*[@id="mainModalFooter"]/button[1]</arg>
<doc>Click the element identified by ``locator``.</doc>
<msg timestamp="20230214 23:27:40.183" level="INFO">Clicking element 'xpath=//*[@id="mainModalFooter"]/button[1]'.</msg>
<status status="PASS" starttime="20230214 23:27:40.183" endtime="20230214 23:27:40.211"/>
</kw>
<status status="PASS" starttime="20230214 23:27:38.028" endtime="20230214 23:27:40.211"/>
</kw>
<kw name="Close Browser Page">
<kw name="Sleep" library="BuiltIn">
<arg>3s</arg>
<doc>Pauses the test executed for the given time.</doc>
<msg timestamp="20230214 23:27:43.223" level="INFO">Slept 3 seconds</msg>
<status status="PASS" starttime="20230214 23:27:40.211" endtime="20230214 23:27:43.223"/>
</kw>
<kw name="Close Browser" library="SeleniumLibrary">
<doc>Closes the current browser.</doc>
<status status="PASS" starttime="20230214 23:27:43.223" endtime="20230214 23:27:45.345"/>
</kw>
<status status="PASS" starttime="20230214 23:27:40.211" endtime="20230214 23:27:45.346"/>
</kw>
<status status="PASS" starttime="20230214 23:27:28.548" endtime="20230214 23:27:45.347"/>
</test>
<status status="PASS" starttime="20230214 23:27:07.091" endtime="20230214 23:27:45.348"/>
</suite>
<statistics>
<total>
<stat pass="2" fail="0" skip="0">All Tests</stat>
</total>
<tag>
</tag>
<suite>
<stat pass="2" fail="0" skip="0" id="s1" name="TestChangePasswordEmployee">TestChangePasswordEmployee</stat>
</suite>
</statistics>
<errors>
</errors>
</robot>
