<?xml version="1.0" encoding="UTF-8"?>
<robot generator="Robot 5.0.1 (Python 3.10.5 on win32)" generated="20221208 22:25:04.496" rpa="false" schemaversion="3">
<suite id="s1" name="Test Add Active Project" source="C:\xampp\htdocs\automateTestTeam0\Admin\test_add_active_project\Test_Add_Active_Project.robot">
<test id="s1-t1" name="Add Employee Success" line="72">
<kw name="Open file Excel">
<kw name="Open Excel" library="ExcelRobot">
<arg>C:\\xampp\\htdocs\\automateTestTeam0\\Admin\\test_add_active_project\\test_data.xlsx</arg>
<doc>Opens the Excel file to read from the path provided in the file path parameter.</doc>
<msg timestamp="20221208 22:25:05.573" level="INFO">Opening file at C:\xampp\htdocs\automateTestTeam0\Admin\test_add_active_project\test_data.xlsx</msg>
<status status="PASS" starttime="20221208 22:25:05.573" endtime="20221208 22:25:05.581"/>
</kw>
<status status="PASS" starttime="20221208 22:25:05.573" endtime="20221208 22:25:05.581"/>
</kw>
<kw name="Read Cell Data" library="ExcelRobot">
<var>${Username}</var>
<arg>Admin</arg>
<arg>0</arg>
<arg>1</arg>
<doc>Uses the column and row to return the data from that cell.</doc>
<msg timestamp="20221208 22:25:05.581" level="INFO">${Username} = test@gmail.com</msg>
<status status="PASS" starttime="20221208 22:25:05.581" endtime="20221208 22:25:05.581"/>
</kw>
<kw name="Read Cell Data" library="ExcelRobot">
<var>${Password}</var>
<arg>Admin</arg>
<arg>1</arg>
<arg>1</arg>
<doc>Uses the column and row to return the data from that cell.</doc>
<msg timestamp="20221208 22:25:05.581" level="INFO">${Password} = kajorn.n</msg>
<status status="PASS" starttime="20221208 22:25:05.581" endtime="20221208 22:25:05.581"/>
</kw>
<kw name="Open Project Monitoring System">
<kw name="Open Browser" library="SeleniumLibrary">
<arg>${URL}</arg>
<arg>${BROWSER}</arg>
<doc>Opens a new browser instance to the optional ``url``.</doc>
<msg timestamp="20221208 22:25:05.587" level="INFO">Opening browser 'Google Chrome' to base url 'http://dekdee2.informatics.buu.ac.th:9080/team0/'.</msg>
<status status="PASS" starttime="20221208 22:25:05.587" endtime="20221208 22:25:08.420"/>
</kw>
<kw name="Maximize Browser Window" library="SeleniumLibrary">
<doc>Maximizes current browser window.</doc>
<status status="PASS" starttime="20221208 22:25:08.420" endtime="20221208 22:25:08.627"/>
</kw>
<status status="PASS" starttime="20221208 22:25:05.587" endtime="20221208 22:25:08.627"/>
</kw>
<kw name="Click Menu Login">
<kw name="Sleep" library="BuiltIn">
<arg>2s</arg>
<doc>Pauses the test executed for the given time.</doc>
<msg timestamp="20221208 22:25:10.633" level="INFO">Slept 2 seconds</msg>
<status status="PASS" starttime="20221208 22:25:08.627" endtime="20221208 22:25:10.633"/>
</kw>
<kw name="Click Element" library="SeleniumLibrary">
<arg>//*[@id="main-wrapper"]/header/nav/div[2]/ul[2]/li/a</arg>
<doc>Click the element identified by ``locator``.</doc>
<msg timestamp="20221208 22:25:10.635" level="INFO">Clicking element '//*[@id="main-wrapper"]/header/nav/div[2]/ul[2]/li/a'.</msg>
<status status="PASS" starttime="20221208 22:25:10.633" endtime="20221208 22:25:11.158"/>
</kw>
<status status="PASS" starttime="20221208 22:25:08.627" endtime="20221208 22:25:11.166"/>
</kw>
<kw name="Sleep" library="BuiltIn">
<arg>2s</arg>
<doc>Pauses the test executed for the given time.</doc>
<msg timestamp="20221208 22:25:13.178" level="INFO">Slept 2 seconds</msg>
<status status="PASS" starttime="20221208 22:25:11.166" endtime="20221208 22:25:13.178"/>
</kw>
<kw name="Input Text" library="SeleniumLibrary">
<arg>id:u_email</arg>
<arg>${Username}</arg>
<doc>Types the given ``text`` into the text field identified by ``locator``.</doc>
<msg timestamp="20221208 22:25:13.178" level="INFO">Typing text 'test@gmail.com' into text field 'id:u_email'.</msg>
<status status="PASS" starttime="20221208 22:25:13.178" endtime="20221208 22:25:13.334"/>
</kw>
<kw name="Sleep" library="BuiltIn">
<arg>2s</arg>
<doc>Pauses the test executed for the given time.</doc>
<status status="FAIL" starttime="20221208 22:25:13.334" endtime="20221208 22:25:14.510"/>
</kw>
<kw name="Input Text" library="SeleniumLibrary">
<arg>id:u_password</arg>
<arg>${Password}</arg>
<doc>Types the given ``text`` into the text field identified by ``locator``.</doc>
<status status="NOT RUN" starttime="20221208 22:25:14.510" endtime="20221208 22:25:14.510"/>
</kw>
<kw name="Click to Login">
<status status="NOT RUN" starttime="20221208 22:25:14.510" endtime="20221208 22:25:14.514"/>
</kw>
<kw name="Sleep" library="BuiltIn">
<arg>2s</arg>
<doc>Pauses the test executed for the given time.</doc>
<status status="NOT RUN" starttime="20221208 22:25:14.514" endtime="20221208 22:25:14.514"/>
</kw>
<kw name="Click Sidebar Resiponse Project">
<status status="NOT RUN" starttime="20221208 22:25:14.514" endtime="20221208 22:25:14.515"/>
</kw>
<kw name="Sleep" library="BuiltIn">
<arg>2s</arg>
<doc>Pauses the test executed for the given time.</doc>
<status status="NOT RUN" starttime="20221208 22:25:14.515" endtime="20221208 22:25:14.515"/>
</kw>
<kw name="Click Manage Activities In Project">
<status status="NOT RUN" starttime="20221208 22:25:14.516" endtime="20221208 22:25:14.516"/>
</kw>
<kw name="Sleep" library="BuiltIn">
<arg>2s</arg>
<doc>Pauses the test executed for the given time.</doc>
<status status="NOT RUN" starttime="20221208 22:25:14.516" endtime="20221208 22:25:14.516"/>
</kw>
<kw name="Click Add Employee In Project">
<status status="NOT RUN" starttime="20221208 22:25:14.516" endtime="20221208 22:25:14.516"/>
</kw>
<kw name="Sleep" library="BuiltIn">
<arg>2s</arg>
<doc>Pauses the test executed for the given time.</doc>
<status status="NOT RUN" starttime="20221208 22:25:14.516" endtime="20221208 22:25:14.516"/>
</kw>
<kw name="Click Add Employee">
<status status="NOT RUN" starttime="20221208 22:25:14.516" endtime="20221208 22:25:14.516"/>
</kw>
<kw name="Sleep" library="BuiltIn">
<arg>2s</arg>
<doc>Pauses the test executed for the given time.</doc>
<status status="NOT RUN" starttime="20221208 22:25:14.516" endtime="20221208 22:25:14.516"/>
</kw>
<kw name="Click Close Add Employee">
<status status="NOT RUN" starttime="20221208 22:25:14.516" endtime="20221208 22:25:14.516"/>
</kw>
<kw name="Sleep" library="BuiltIn">
<arg>2s</arg>
<doc>Pauses the test executed for the given time.</doc>
<status status="NOT RUN" starttime="20221208 22:25:14.526" endtime="20221208 22:25:14.526"/>
</kw>
<kw name="Close Browser Page">
<status status="NOT RUN" starttime="20221208 22:25:14.526" endtime="20221208 22:25:14.526"/>
</kw>
<kw name="Sleep" library="BuiltIn">
<arg>2s</arg>
<doc>Pauses the test executed for the given time.</doc>
<status status="NOT RUN" starttime="20221208 22:25:14.526" endtime="20221208 22:25:14.526"/>
</kw>
<status status="FAIL" starttime="20221208 22:25:05.570" endtime="20221208 22:25:14.530">Execution terminated by signal</status>
</test>
<test id="s1-t2" name="Add Employee Wrong Because Click Add Double Click" line="97">
<tag>robot:exit</tag>
<status status="FAIL" starttime="20221208 22:25:14.533" endtime="20221208 22:25:14.534">Test execution stopped due to a fatal error.</status>
</test>
<status status="FAIL" starttime="20221208 22:25:04.499" endtime="20221208 22:25:14.537"/>
</suite>
<statistics>
<total>
<stat pass="0" fail="2" skip="0">All Tests</stat>
</total>
<tag>
<stat pass="0" fail="1" skip="0" info="combined" combined="NOT robot:exit">NOT robot:exit</stat>
</tag>
<suite>
<stat pass="0" fail="2" skip="0" id="s1" name="Test Add Active Project">Test Add Active Project</stat>
</suite>
</statistics>
<errors>
</errors>
</robot>
