<?xml version="1.0" encoding="UTF-8"?>
<robot generator="Robot 5.0.1 (Python 3.10.5 on win32)" generated="20230206 21:48:20.801" rpa="false" schemaversion="3">
<suite id="s1" name="Test Add Active Project" source="C:\Automate Test\Test_PMS\automateTestTeam0\admin\test_add_active_project\Test_Add_Active_Project.robot">
<test id="s1-t1" name="Add Activity Success" line="94">
<kw name="Open file Excel">
<kw name="Open Excel" library="ExcelRobot">
<arg>C:\\Automate Test\\Test_PMS\\automateTestTeam0\\admin\\test_add_active_project\\test_data.xlsx</arg>
<doc>Opens the Excel file to read from the path provided in the file path parameter.</doc>
<msg timestamp="20230206 21:48:22.300" level="INFO">Opening file at C:\Automate Test\Test_PMS\automateTestTeam0\admin\test_add_active_project\test_data.xlsx</msg>
<status status="PASS" starttime="20230206 21:48:22.299" endtime="20230206 21:48:22.312"/>
</kw>
<status status="PASS" starttime="20230206 21:48:22.299" endtime="20230206 21:48:22.312"/>
</kw>
<kw name="Read Cell Data" library="ExcelRobot">
<var>${Username}</var>
<arg>Admin</arg>
<arg>0</arg>
<arg>1</arg>
<doc>Uses the column and row to return the data from that cell.</doc>
<msg timestamp="20230206 21:48:22.314" level="INFO">${Username} = test@gmail.com</msg>
<status status="PASS" starttime="20230206 21:48:22.313" endtime="20230206 21:48:22.314"/>
</kw>
<kw name="Read Cell Data" library="ExcelRobot">
<var>${Password}</var>
<arg>Admin</arg>
<arg>1</arg>
<arg>1</arg>
<doc>Uses the column and row to return the data from that cell.</doc>
<msg timestamp="20230206 21:48:22.316" level="INFO">${Password} = kajorn.n</msg>
<status status="PASS" starttime="20230206 21:48:22.315" endtime="20230206 21:48:22.317"/>
</kw>
<kw name="Open Project Monitoring System">
<kw name="Open Browser" library="SeleniumLibrary">
<arg>${URL}</arg>
<arg>${BROWSER}</arg>
<doc>Opens a new browser instance to the optional ``url``.</doc>
<msg timestamp="20230206 21:48:22.319" level="INFO">Opening browser 'Google Chrome' to base url 'http://dekdee2.informatics.buu.ac.th:9080/team0/'.</msg>
<status status="PASS" starttime="20230206 21:48:22.318" endtime="20230206 21:48:27.119"/>
</kw>
<kw name="Maximize Browser Window" library="SeleniumLibrary">
<doc>Maximizes current browser window.</doc>
<status status="PASS" starttime="20230206 21:48:27.119" endtime="20230206 21:48:27.360"/>
</kw>
<status status="PASS" starttime="20230206 21:48:22.317" endtime="20230206 21:48:27.360"/>
</kw>
<kw name="Click Menu Login">
<kw name="Sleep" library="BuiltIn">
<arg>2s</arg>
<doc>Pauses the test executed for the given time.</doc>
<msg timestamp="20230206 21:48:29.364" level="INFO">Slept 2 seconds</msg>
<status status="PASS" starttime="20230206 21:48:27.362" endtime="20230206 21:48:29.364"/>
</kw>
<kw name="Click Element" library="SeleniumLibrary">
<arg>//*[@id="main-wrapper"]/header/nav/div[2]/ul[2]/li/a</arg>
<doc>Click the element identified by ``locator``.</doc>
<msg timestamp="20230206 21:48:29.365" level="INFO">Clicking element '//*[@id="main-wrapper"]/header/nav/div[2]/ul[2]/li/a'.</msg>
<msg timestamp="20230206 21:48:29.698" level="INFO" html="true">&lt;/td&gt;&lt;/tr&gt;&lt;tr&gt;&lt;td colspan="3"&gt;&lt;a href="selenium-screenshot-1.png"&gt;&lt;img src="selenium-screenshot-1.png" width="800px"&gt;&lt;/a&gt;</msg>
<msg timestamp="20230206 21:48:29.699" level="FAIL">Element with locator '//*[@id="main-wrapper"]/header/nav/div[2]/ul[2]/li/a' not found.</msg>
<status status="FAIL" starttime="20230206 21:48:29.364" endtime="20230206 21:48:29.785"/>
</kw>
<status status="FAIL" starttime="20230206 21:48:27.361" endtime="20230206 21:48:29.787"/>
</kw>
<kw name="Sleep" library="BuiltIn">
<arg>2s</arg>
<doc>Pauses the test executed for the given time.</doc>
<status status="NOT RUN" starttime="20230206 21:48:29.788" endtime="20230206 21:48:29.789"/>
</kw>
<kw name="Input Text" library="SeleniumLibrary">
<arg>id:u_email</arg>
<arg>${Username}</arg>
<doc>Types the given ``text`` into the text field identified by ``locator``.</doc>
<status status="NOT RUN" starttime="20230206 21:48:29.789" endtime="20230206 21:48:29.790"/>
</kw>
<kw name="Sleep" library="BuiltIn">
<arg>2s</arg>
<doc>Pauses the test executed for the given time.</doc>
<status status="NOT RUN" starttime="20230206 21:48:29.790" endtime="20230206 21:48:29.790"/>
</kw>
<kw name="Input Text" library="SeleniumLibrary">
<arg>id:u_password</arg>
<arg>${Password}</arg>
<doc>Types the given ``text`` into the text field identified by ``locator``.</doc>
<status status="NOT RUN" starttime="20230206 21:48:29.791" endtime="20230206 21:48:29.791"/>
</kw>
<kw name="Click to Login">
<status status="NOT RUN" starttime="20230206 21:48:29.792" endtime="20230206 21:48:29.792"/>
</kw>
<kw name="Sleep" library="BuiltIn">
<arg>2s</arg>
<doc>Pauses the test executed for the given time.</doc>
<status status="NOT RUN" starttime="20230206 21:48:29.793" endtime="20230206 21:48:29.793"/>
</kw>
<kw name="Click Sidebar Settings">
<status status="NOT RUN" starttime="20230206 21:48:29.794" endtime="20230206 21:48:29.794"/>
</kw>
<kw name="Sleep" library="BuiltIn">
<arg>2s</arg>
<doc>Pauses the test executed for the given time.</doc>
<status status="NOT RUN" starttime="20230206 21:48:29.795" endtime="20230206 21:48:29.795"/>
</kw>
<kw name="Click Sidebar Project list">
<status status="NOT RUN" starttime="20230206 21:48:29.797" endtime="20230206 21:48:29.797"/>
</kw>
<kw name="Sleep" library="BuiltIn">
<arg>2s</arg>
<doc>Pauses the test executed for the given time.</doc>
<status status="NOT RUN" starttime="20230206 21:48:29.797" endtime="20230206 21:48:29.798"/>
</kw>
<kw name="Click Add Activity">
<status status="NOT RUN" starttime="20230206 21:48:29.798" endtime="20230206 21:48:29.798"/>
</kw>
<kw name="Sleep" library="BuiltIn">
<arg>2s</arg>
<doc>Pauses the test executed for the given time.</doc>
<status status="NOT RUN" starttime="20230206 21:48:29.799" endtime="20230206 21:48:29.799"/>
</kw>
<kw name="input Activity">
<status status="NOT RUN" starttime="20230206 21:48:29.800" endtime="20230206 21:48:29.800"/>
</kw>
<kw name="Sleep" library="BuiltIn">
<arg>2s</arg>
<doc>Pauses the test executed for the given time.</doc>
<status status="NOT RUN" starttime="20230206 21:48:29.802" endtime="20230206 21:48:29.802"/>
</kw>
<kw name="Close Browser Page">
<status status="NOT RUN" starttime="20230206 21:48:29.802" endtime="20230206 21:48:29.803"/>
</kw>
<status status="FAIL" starttime="20230206 21:48:22.297" endtime="20230206 21:48:29.804">Element with locator '//*[@id="main-wrapper"]/header/nav/div[2]/ul[2]/li/a' not found.</status>
</test>
<test id="s1-t2" name="Add Activity fail" line="116">
<kw name="Open file Excel">
<kw name="Open Excel" library="ExcelRobot">
<arg>C:\\Automate Test\\Test_PMS\\automateTestTeam0\\admin\\test_add_active_project\\test_data.xlsx</arg>
<doc>Opens the Excel file to read from the path provided in the file path parameter.</doc>
<msg timestamp="20230206 21:48:29.812" level="INFO">Opening file at C:\Automate Test\Test_PMS\automateTestTeam0\admin\test_add_active_project\test_data.xlsx</msg>
<status status="PASS" starttime="20230206 21:48:29.812" endtime="20230206 21:48:29.825"/>
</kw>
<status status="PASS" starttime="20230206 21:48:29.811" endtime="20230206 21:48:29.825"/>
</kw>
<kw name="Read Cell Data" library="ExcelRobot">
<var>${Username}</var>
<arg>Admin</arg>
<arg>0</arg>
<arg>1</arg>
<doc>Uses the column and row to return the data from that cell.</doc>
<msg timestamp="20230206 21:48:29.827" level="INFO">${Username} = test@gmail.com</msg>
<status status="PASS" starttime="20230206 21:48:29.826" endtime="20230206 21:48:29.827"/>
</kw>
<kw name="Read Cell Data" library="ExcelRobot">
<var>${Password}</var>
<arg>Admin</arg>
<arg>1</arg>
<arg>1</arg>
<doc>Uses the column and row to return the data from that cell.</doc>
<msg timestamp="20230206 21:48:29.829" level="INFO">${Password} = kajorn.n</msg>
<status status="PASS" starttime="20230206 21:48:29.828" endtime="20230206 21:48:29.829"/>
</kw>
<kw name="Open Project Monitoring System">
<kw name="Open Browser" library="SeleniumLibrary">
<arg>${URL}</arg>
<arg>${BROWSER}</arg>
<doc>Opens a new browser instance to the optional ``url``.</doc>
<msg timestamp="20230206 21:48:29.852" level="INFO">Opening browser 'Google Chrome' to base url 'http://dekdee2.informatics.buu.ac.th:9080/team0/'.</msg>
<status status="PASS" starttime="20230206 21:48:29.851" endtime="20230206 21:48:33.518"/>
</kw>
<kw name="Maximize Browser Window" library="SeleniumLibrary">
<doc>Maximizes current browser window.</doc>
<status status="PASS" starttime="20230206 21:48:33.518" endtime="20230206 21:48:33.710"/>
</kw>
<status status="PASS" starttime="20230206 21:48:29.837" endtime="20230206 21:48:33.711"/>
</kw>
<kw name="Click Menu Login">
<kw name="Sleep" library="BuiltIn">
<arg>2s</arg>
<doc>Pauses the test executed for the given time.</doc>
<msg timestamp="20230206 21:48:35.721" level="INFO">Slept 2 seconds</msg>
<status status="PASS" starttime="20230206 21:48:33.713" endtime="20230206 21:48:35.721"/>
</kw>
<kw name="Click Element" library="SeleniumLibrary">
<arg>//*[@id="main-wrapper"]/header/nav/div[2]/ul[2]/li/a</arg>
<doc>Click the element identified by ``locator``.</doc>
<msg timestamp="20230206 21:48:35.723" level="INFO">Clicking element '//*[@id="main-wrapper"]/header/nav/div[2]/ul[2]/li/a'.</msg>
<msg timestamp="20230206 21:48:36.086" level="INFO" html="true">&lt;/td&gt;&lt;/tr&gt;&lt;tr&gt;&lt;td colspan="3"&gt;&lt;a href="selenium-screenshot-2.png"&gt;&lt;img src="selenium-screenshot-2.png" width="800px"&gt;&lt;/a&gt;</msg>
<msg timestamp="20230206 21:48:36.086" level="FAIL">Element with locator '//*[@id="main-wrapper"]/header/nav/div[2]/ul[2]/li/a' not found.</msg>
<status status="FAIL" starttime="20230206 21:48:35.723" endtime="20230206 21:48:36.087"/>
</kw>
<status status="FAIL" starttime="20230206 21:48:33.712" endtime="20230206 21:48:36.088"/>
</kw>
<kw name="Sleep" library="BuiltIn">
<arg>2s</arg>
<doc>Pauses the test executed for the given time.</doc>
<status status="NOT RUN" starttime="20230206 21:48:36.089" endtime="20230206 21:48:36.089"/>
</kw>
<kw name="Input Text" library="SeleniumLibrary">
<arg>id:u_email</arg>
<arg>${Username}</arg>
<doc>Types the given ``text`` into the text field identified by ``locator``.</doc>
<status status="NOT RUN" starttime="20230206 21:48:36.090" endtime="20230206 21:48:36.090"/>
</kw>
<kw name="Sleep" library="BuiltIn">
<arg>2s</arg>
<doc>Pauses the test executed for the given time.</doc>
<status status="NOT RUN" starttime="20230206 21:48:36.091" endtime="20230206 21:48:36.091"/>
</kw>
<kw name="Input Text" library="SeleniumLibrary">
<arg>id:u_password</arg>
<arg>${Password}</arg>
<doc>Types the given ``text`` into the text field identified by ``locator``.</doc>
<status status="NOT RUN" starttime="20230206 21:48:36.091" endtime="20230206 21:48:36.091"/>
</kw>
<kw name="Click to Login">
<status status="NOT RUN" starttime="20230206 21:48:36.092" endtime="20230206 21:48:36.092"/>
</kw>
<kw name="Sleep" library="BuiltIn">
<arg>2s</arg>
<doc>Pauses the test executed for the given time.</doc>
<status status="NOT RUN" starttime="20230206 21:48:36.093" endtime="20230206 21:48:36.093"/>
</kw>
<kw name="Click Sidebar Settings">
<status status="NOT RUN" starttime="20230206 21:48:36.094" endtime="20230206 21:48:36.094"/>
</kw>
<kw name="Sleep" library="BuiltIn">
<arg>2s</arg>
<doc>Pauses the test executed for the given time.</doc>
<status status="NOT RUN" starttime="20230206 21:48:36.094" endtime="20230206 21:48:36.095"/>
</kw>
<kw name="Click Sidebar Project list">
<status status="NOT RUN" starttime="20230206 21:48:36.095" endtime="20230206 21:48:36.095"/>
</kw>
<kw name="Sleep" library="BuiltIn">
<arg>2s</arg>
<doc>Pauses the test executed for the given time.</doc>
<status status="NOT RUN" starttime="20230206 21:48:36.096" endtime="20230206 21:48:36.096"/>
</kw>
<kw name="Click Add Activity">
<status status="NOT RUN" starttime="20230206 21:48:36.097" endtime="20230206 21:48:36.097"/>
</kw>
<kw name="Sleep" library="BuiltIn">
<arg>2s</arg>
<doc>Pauses the test executed for the given time.</doc>
<status status="NOT RUN" starttime="20230206 21:48:36.097" endtime="20230206 21:48:36.098"/>
</kw>
<kw name="input Activity fail">
<status status="NOT RUN" starttime="20230206 21:48:36.098" endtime="20230206 21:48:36.098"/>
</kw>
<kw name="Sleep" library="BuiltIn">
<arg>2s</arg>
<doc>Pauses the test executed for the given time.</doc>
<status status="NOT RUN" starttime="20230206 21:48:36.099" endtime="20230206 21:48:36.099"/>
</kw>
<kw name="Close Browser Page">
<status status="NOT RUN" starttime="20230206 21:48:36.100" endtime="20230206 21:48:36.100"/>
</kw>
<status status="FAIL" starttime="20230206 21:48:29.808" endtime="20230206 21:48:36.101">Element with locator '//*[@id="main-wrapper"]/header/nav/div[2]/ul[2]/li/a' not found.</status>
</test>
<status status="FAIL" starttime="20230206 21:48:20.806" endtime="20230206 21:48:36.104"/>
</suite>
<statistics>
<total>
<stat pass="0" fail="2" skip="0">All Tests</stat>
</total>
<tag>
</tag>
<suite>
<stat pass="0" fail="2" skip="0" id="s1" name="Test Add Active Project">Test Add Active Project</stat>
</suite>
</statistics>
<errors>
</errors>
</robot>
