<?xml version="1.0" encoding="UTF-8"?>
<robot generator="Robot 5.0.1 (Python 3.10.5 on win32)" generated="20230220 22:37:06.548" rpa="false" schemaversion="3">
<suite id="s1" name="add taskInProject" source="C:\Automate Test\Test_PMS\automateTestTeam0\employee1\test_add_taskInProject\add_taskInProject.robot">
<test id="s1-t1" name="Add Task in Project Success" line="58">
<kw name="Open file Excel">
<kw name="Open Excel" library="ExcelRobot">
<arg>C:\\Automate Test\\Test_PMS\\automateTestTeam0\\employee1\\test_add_taskInProject\\test_data.xlsx</arg>
<doc>Opens the Excel file to read from the path provided in the file path parameter.</doc>
<msg timestamp="20230220 22:37:07.819" level="INFO">Opening file at C:\Automate Test\Test_PMS\automateTestTeam0\employee1\test_add_taskInProject\test_data.xlsx</msg>
<status status="PASS" starttime="20230220 22:37:07.819" endtime="20230220 22:37:07.830"/>
</kw>
<status status="PASS" starttime="20230220 22:37:07.818" endtime="20230220 22:37:07.830"/>
</kw>
<kw name="Read Cell Data" library="ExcelRobot">
<var>${Username}</var>
<arg>Employee</arg>
<arg>0</arg>
<arg>1</arg>
<doc>Uses the column and row to return the data from that cell.</doc>
<msg timestamp="20230220 22:37:07.832" level="INFO">${Username} = suchada1512@gmail.com</msg>
<status status="PASS" starttime="20230220 22:37:07.831" endtime="20230220 22:37:07.832"/>
</kw>
<kw name="Read Cell Data" library="ExcelRobot">
<var>${Password}</var>
<arg>Employee</arg>
<arg>1</arg>
<arg>1</arg>
<doc>Uses the column and row to return the data from that cell.</doc>
<msg timestamp="20230220 22:37:07.833" level="INFO">${Password} = suchada</msg>
<status status="PASS" starttime="20230220 22:37:07.833" endtime="20230220 22:37:07.833"/>
</kw>
<kw name="Open Project Monitoring System">
<kw name="Open Browser" library="SeleniumLibrary">
<arg>${URL}</arg>
<arg>${BROWSER}</arg>
<doc>Opens a new browser instance to the optional ``url``.</doc>
<msg timestamp="20230220 22:37:07.836" level="INFO">Opening browser 'Google Chrome' to base url 'http://dekdee2.informatics.buu.ac.th:9080/team0/'.</msg>
<status status="PASS" starttime="20230220 22:37:07.835" endtime="20230220 22:37:11.161"/>
</kw>
<kw name="Maximize Browser Window" library="SeleniumLibrary">
<doc>Maximizes current browser window.</doc>
<status status="PASS" starttime="20230220 22:37:11.161" endtime="20230220 22:37:11.404"/>
</kw>
<status status="PASS" starttime="20230220 22:37:07.834" endtime="20230220 22:37:11.405"/>
</kw>
<kw name="Click Menu Login">
<kw name="Sleep" library="BuiltIn">
<arg>2s</arg>
<doc>Pauses the test executed for the given time.</doc>
<msg timestamp="20230220 22:37:13.417" level="INFO">Slept 2 seconds</msg>
<status status="PASS" starttime="20230220 22:37:11.406" endtime="20230220 22:37:13.417"/>
</kw>
<kw name="Click Element" library="SeleniumLibrary">
<arg>//*[@class="nav-link waves-effect waves-dark profile-pic fs-5"]</arg>
<doc>Click the element identified by ``locator``.</doc>
<msg timestamp="20230220 22:37:13.418" level="INFO">Clicking element '//*[@class="nav-link waves-effect waves-dark profile-pic fs-5"]'.</msg>
<status status="PASS" starttime="20230220 22:37:13.418" endtime="20230220 22:37:13.514"/>
</kw>
<status status="PASS" starttime="20230220 22:37:11.405" endtime="20230220 22:37:13.515"/>
</kw>
<kw name="Sleep" library="BuiltIn">
<arg>1s</arg>
<doc>Pauses the test executed for the given time.</doc>
<msg timestamp="20230220 22:37:14.518" level="INFO">Slept 1 second</msg>
<status status="PASS" starttime="20230220 22:37:13.517" endtime="20230220 22:37:14.518"/>
</kw>
<kw name="Input Text" library="SeleniumLibrary">
<arg>//*[@id="u_email"]</arg>
<arg>${Username}</arg>
<doc>Types the given ``text`` into the text field identified by ``locator``.</doc>
<msg timestamp="20230220 22:37:14.520" level="INFO">Typing text 'suchada1512@gmail.com' into text field '//*[@id="u_email"]'.</msg>
<status status="PASS" starttime="20230220 22:37:14.519" endtime="20230220 22:37:14.756"/>
</kw>
<kw name="Sleep" library="BuiltIn">
<arg>1s</arg>
<doc>Pauses the test executed for the given time.</doc>
<msg timestamp="20230220 22:37:15.767" level="INFO">Slept 1 second</msg>
<status status="PASS" starttime="20230220 22:37:14.757" endtime="20230220 22:37:15.767"/>
</kw>
<kw name="Input Text" library="SeleniumLibrary">
<arg>//*[@id="u_password"]</arg>
<arg>${Password}</arg>
<doc>Types the given ``text`` into the text field identified by ``locator``.</doc>
<msg timestamp="20230220 22:37:15.773" level="INFO">Typing text 'suchada' into text field '//*[@id="u_password"]'.</msg>
<status status="PASS" starttime="20230220 22:37:15.772" endtime="20230220 22:37:15.952"/>
</kw>
<kw name="Click to Login">
<kw name="Sleep" library="BuiltIn">
<arg>2s</arg>
<doc>Pauses the test executed for the given time.</doc>
<msg timestamp="20230220 22:37:17.962" level="INFO">Slept 2 seconds</msg>
<status status="PASS" starttime="20230220 22:37:15.954" endtime="20230220 22:37:17.962"/>
</kw>
<kw name="Click Element" library="SeleniumLibrary">
<arg>//*[@id="loginBtn"]</arg>
<doc>Click the element identified by ``locator``.</doc>
<msg timestamp="20230220 22:37:17.963" level="INFO">Clicking element '//*[@id="loginBtn"]'.</msg>
<status status="PASS" starttime="20230220 22:37:17.962" endtime="20230220 22:37:18.049"/>
</kw>
<status status="PASS" starttime="20230220 22:37:15.953" endtime="20230220 22:37:18.051"/>
</kw>
<kw name="Click Sidebar Resiponse Project">
<kw name="Sleep" library="BuiltIn">
<arg>2s</arg>
<doc>Pauses the test executed for the given time.</doc>
<msg timestamp="20230220 22:37:20.071" level="INFO">Slept 2 seconds</msg>
<status status="PASS" starttime="20230220 22:37:18.062" endtime="20230220 22:37:20.071"/>
</kw>
<kw name="Click Element" library="SeleniumLibrary">
<arg>//*[@id="sidebarnav"]/li[2]/a</arg>
<doc>Click the element identified by ``locator``.</doc>
<msg timestamp="20230220 22:37:20.072" level="INFO">Clicking element '//*[@id="sidebarnav"]/li[2]/a'.</msg>
<status status="PASS" starttime="20230220 22:37:20.071" endtime="20230220 22:37:20.165"/>
</kw>
<status status="PASS" starttime="20230220 22:37:18.062" endtime="20230220 22:37:20.166"/>
</kw>
<kw name="Click Project Responsibility">
<kw name="Sleep" library="BuiltIn">
<arg>2s</arg>
<doc>Pauses the test executed for the given time.</doc>
<msg timestamp="20230220 22:37:22.177" level="INFO">Slept 2 seconds</msg>
<status status="PASS" starttime="20230220 22:37:20.167" endtime="20230220 22:37:22.177"/>
</kw>
<kw name="Click Element" library="SeleniumLibrary">
<arg>//*[@id="sidebarnav"]/li[2]/ul/li/a</arg>
<doc>Click the element identified by ``locator``.</doc>
<msg timestamp="20230220 22:37:22.179" level="INFO">Clicking element '//*[@id="sidebarnav"]/li[2]/ul/li/a'.</msg>
<status status="PASS" starttime="20230220 22:37:22.178" endtime="20230220 22:37:22.939"/>
</kw>
<status status="PASS" starttime="20230220 22:37:20.166" endtime="20230220 22:37:22.939"/>
</kw>
<kw name="Click Manage Task Project">
<kw name="Sleep" library="BuiltIn">
<arg>2s</arg>
<doc>Pauses the test executed for the given time.</doc>
<msg timestamp="20230220 22:37:24.944" level="INFO">Slept 2 seconds</msg>
<status status="PASS" starttime="20230220 22:37:22.941" endtime="20230220 22:37:24.944"/>
</kw>
<kw name="Click Element" library="SeleniumLibrary">
<arg>//*[@class="btn btn-tertiary btn-sm"]</arg>
<doc>Click the element identified by ``locator``.</doc>
<msg timestamp="20230220 22:37:24.945" level="INFO">Clicking element '//*[@class="btn btn-tertiary btn-sm"]'.</msg>
<status status="PASS" starttime="20230220 22:37:24.944" endtime="20230220 22:37:25.915"/>
</kw>
<status status="PASS" starttime="20230220 22:37:22.941" endtime="20230220 22:37:25.916"/>
</kw>
<kw name="Click Add Project Task">
<kw name="Sleep" library="BuiltIn">
<arg>2s</arg>
<doc>Pauses the test executed for the given time.</doc>
<msg timestamp="20230220 22:37:27.929" level="INFO">Slept 2 seconds</msg>
<status status="PASS" starttime="20230220 22:37:25.918" endtime="20230220 22:37:27.929"/>
</kw>
<kw name="Click Element" library="SeleniumLibrary">
<arg>//*[@id="addBtn"]</arg>
<doc>Click the element identified by ``locator``.</doc>
<msg timestamp="20230220 22:37:27.930" level="INFO">Clicking element '//*[@id="addBtn"]'.</msg>
<status status="PASS" starttime="20230220 22:37:27.929" endtime="20230220 22:37:28.018"/>
</kw>
<status status="PASS" starttime="20230220 22:37:25.917" endtime="20230220 22:37:28.018"/>
</kw>
<kw name="Click Dropdown Project Task">
<kw name="Sleep" library="BuiltIn">
<arg>2s</arg>
<doc>Pauses the test executed for the given time.</doc>
<msg timestamp="20230220 22:37:30.026" level="INFO">Slept 2 seconds</msg>
<status status="PASS" starttime="20230220 22:37:28.019" endtime="20230220 22:37:30.026"/>
</kw>
<kw name="Click Element" library="SeleniumLibrary">
<arg>//*[@id="t_tl_id"]</arg>
<doc>Click the element identified by ``locator``.</doc>
<msg timestamp="20230220 22:37:30.029" level="INFO">Clicking element '//*[@id="t_tl_id"]'.</msg>
<status status="PASS" starttime="20230220 22:37:30.027" endtime="20230220 22:37:30.197"/>
</kw>
<status status="PASS" starttime="20230220 22:37:28.019" endtime="20230220 22:37:30.197"/>
</kw>
<kw name="Click choose Project Task">
<kw name="Sleep" library="BuiltIn">
<arg>2s</arg>
<doc>Pauses the test executed for the given time.</doc>
<msg timestamp="20230220 22:37:32.209" level="INFO">Slept 2 seconds</msg>
<status status="PASS" starttime="20230220 22:37:30.199" endtime="20230220 22:37:32.209"/>
</kw>
<kw name="Select From List By Index" library="SeleniumLibrary">
<arg>id:t_tl_id</arg>
<arg>3</arg>
<doc>Selects options from selection list ``locator`` by ``indexes``.</doc>
<msg timestamp="20230220 22:37:32.210" level="INFO">Selecting options from selection list 'id:t_tl_id' by index 3.</msg>
<status status="PASS" starttime="20230220 22:37:32.210" endtime="20230220 22:37:32.448"/>
</kw>
<status status="PASS" starttime="20230220 22:37:30.198" endtime="20230220 22:37:32.449"/>
</kw>
<kw name="Fill out detail Project Task">
<kw name="Sleep" library="BuiltIn">
<arg>2s</arg>
<doc>Pauses the test executed for the given time.</doc>
<msg timestamp="20230220 22:37:34.454" level="INFO">Slept 2 seconds</msg>
<status status="PASS" starttime="20230220 22:37:32.451" endtime="20230220 22:37:34.455"/>
</kw>
<kw name="Input Text" library="SeleniumLibrary">
<arg>//*[@id="t_detail"]</arg>
<arg>เสนอราคาชั่วโมงการทำงาน</arg>
<doc>Types the given ``text`` into the text field identified by ``locator``.</doc>
<msg timestamp="20230220 22:37:34.456" level="INFO">Typing text 'เสนอราคาชั่วโมงการทำงาน' into text field '//*[@id="t_detail"]'.</msg>
<status status="PASS" starttime="20230220 22:37:34.455" endtime="20230220 22:37:34.789"/>
</kw>
<status status="PASS" starttime="20230220 22:37:32.450" endtime="20230220 22:37:34.789"/>
</kw>
<kw name="Click choose date Project Task">
<kw name="Sleep" library="BuiltIn">
<arg>2s</arg>
<doc>Pauses the test executed for the given time.</doc>
<msg timestamp="20230220 22:37:36.805" level="INFO">Slept 2 seconds</msg>
<status status="PASS" starttime="20230220 22:37:34.792" endtime="20230220 22:37:36.805"/>
</kw>
<kw name="Click Element" library="SeleniumLibrary">
<arg>//*[@id="t_createdate"]</arg>
<doc>Click the element identified by ``locator``.</doc>
<msg timestamp="20230220 22:37:36.806" level="INFO">Clicking element '//*[@id="t_createdate"]'.</msg>
<status status="PASS" starttime="20230220 22:37:36.806" endtime="20230220 22:37:37.008"/>
</kw>
<kw name="Press Keys" library="SeleniumLibrary">
<arg>//*[@id="t_createdate"]</arg>
<arg>ENTER</arg>
<doc>Simulates the user pressing key(s) to an element or on the active browser.</doc>
<msg timestamp="20230220 22:37:37.010" level="INFO">Sending key(s) ('ENTER',) to //*[@id="t_createdate"] element.</msg>
<msg timestamp="20230220 22:37:37.479" level="INFO">Pressing special key ENTER to element.</msg>
<msg timestamp="20230220 22:37:37.479" level="INFO">Releasing special key ENTER.</msg>
<status status="PASS" starttime="20230220 22:37:37.008" endtime="20230220 22:37:37.590"/>
</kw>
<status status="PASS" starttime="20230220 22:37:34.791" endtime="20230220 22:37:37.591"/>
</kw>
<kw name="Click choose time">
<kw name="Sleep" library="BuiltIn">
<arg>2s</arg>
<doc>Pauses the test executed for the given time.</doc>
<msg timestamp="20230220 22:37:39.623" level="INFO">Slept 2 seconds</msg>
<status status="PASS" starttime="20230220 22:37:37.593" endtime="20230220 22:37:39.623"/>
</kw>
<kw name="Input Text" library="SeleniumLibrary">
<arg>//*[@id="t_createtime"]</arg>
<arg>12:30 AM</arg>
<doc>Types the given ``text`` into the text field identified by ``locator``.</doc>
<msg timestamp="20230220 22:37:39.624" level="INFO">Typing text '12:30 AM' into text field '//*[@id="t_createtime"]'.</msg>
<status status="PASS" starttime="20230220 22:37:39.623" endtime="20230220 22:37:39.930"/>
</kw>
<status status="PASS" starttime="20230220 22:37:37.592" endtime="20230220 22:37:39.930"/>
</kw>
<kw name="Click Save Button">
<kw name="Sleep" library="BuiltIn">
<arg>2s</arg>
<doc>Pauses the test executed for the given time.</doc>
<msg timestamp="20230220 22:37:41.943" level="INFO">Slept 2 seconds</msg>
<status status="PASS" starttime="20230220 22:37:39.931" endtime="20230220 22:37:41.943"/>
</kw>
<kw name="Click Element" library="SeleniumLibrary">
<arg>//*[@class="btn btn-success"]</arg>
<doc>Click the element identified by ``locator``.</doc>
<msg timestamp="20230220 22:37:41.944" level="INFO">Clicking element '//*[@class="btn btn-success"]'.</msg>
<status status="PASS" starttime="20230220 22:37:41.943" endtime="20230220 22:37:42.069"/>
</kw>
<status status="PASS" starttime="20230220 22:37:39.931" endtime="20230220 22:37:42.069"/>
</kw>
<kw name="Close Browser Page">
<kw name="Sleep" library="BuiltIn">
<arg>5s</arg>
<doc>Pauses the test executed for the given time.</doc>
<msg timestamp="20230220 22:37:47.084" level="INFO">Slept 5 seconds</msg>
<status status="PASS" starttime="20230220 22:37:42.070" endtime="20230220 22:37:47.084"/>
</kw>
<kw name="Close Browser" library="SeleniumLibrary">
<doc>Closes the current browser.</doc>
<status status="PASS" starttime="20230220 22:37:47.084" endtime="20230220 22:37:49.477"/>
</kw>
<status status="PASS" starttime="20230220 22:37:42.070" endtime="20230220 22:37:49.477"/>
</kw>
<status status="PASS" starttime="20230220 22:37:07.816" endtime="20230220 22:37:49.478"/>
</test>
<status status="PASS" starttime="20230220 22:37:06.555" endtime="20230220 22:37:49.482"/>
</suite>
<statistics>
<total>
<stat pass="1" fail="0" skip="0">All Tests</stat>
</total>
<tag>
</tag>
<suite>
<stat pass="1" fail="0" skip="0" id="s1" name="add taskInProject">add taskInProject</stat>
</suite>
</statistics>
<errors>
</errors>
</robot>
