<?xml version="1.0" encoding="UTF-8"?>
<robot generator="Robot 5.0.1 (Python 3.10.5 on win32)" generated="20230210 23:51:40.247" rpa="false" schemaversion="3">
<suite id="s1" name="add taskInProject" source="C:\Automate Test\Test_PMS\automateTestTeam0\employee1\test_add_taskInProject\add_taskInProject.robot">
<test id="s1-t1" name="Add Task in Project Success" line="61">
<kw name="Open file Excel">
<kw name="Open Excel" library="ExcelRobot">
<arg>C:\\Automate Test\\Test_PMS\\automateTestTeam0\\employee1\\test_add_taskInProject\\test_data.xlsx</arg>
<doc>Opens the Excel file to read from the path provided in the file path parameter.</doc>
<msg timestamp="20230210 23:51:40.689" level="INFO">Opening file at C:\Automate Test\Test_PMS\automateTestTeam0\employee1\test_add_taskInProject\test_data.xlsx</msg>
<status status="PASS" starttime="20230210 23:51:40.689" endtime="20230210 23:51:40.703"/>
</kw>
<status status="PASS" starttime="20230210 23:51:40.689" endtime="20230210 23:51:40.704"/>
</kw>
<kw name="Read Cell Data" library="ExcelRobot">
<var>${Username}</var>
<arg>Employee</arg>
<arg>0</arg>
<arg>1</arg>
<doc>Uses the column and row to return the data from that cell.</doc>
<msg timestamp="20230210 23:51:40.705" level="INFO">${Username} = suchada1512@gmail.com</msg>
<status status="PASS" starttime="20230210 23:51:40.705" endtime="20230210 23:51:40.705"/>
</kw>
<kw name="Read Cell Data" library="ExcelRobot">
<var>${Password}</var>
<arg>Employee</arg>
<arg>1</arg>
<arg>1</arg>
<doc>Uses the column and row to return the data from that cell.</doc>
<msg timestamp="20230210 23:51:40.705" level="INFO">${Password} = suchada</msg>
<status status="PASS" starttime="20230210 23:51:40.705" endtime="20230210 23:51:40.705"/>
</kw>
<kw name="Open Project Monitoring System">
<kw name="Open Browser" library="SeleniumLibrary">
<arg>${URL}</arg>
<arg>${BROWSER}</arg>
<doc>Opens a new browser instance to the optional ``url``.</doc>
<msg timestamp="20230210 23:51:40.706" level="INFO">Opening browser 'Google Chrome' to base url 'http://dekdee2.informatics.buu.ac.th:9080/team0/'.</msg>
<status status="PASS" starttime="20230210 23:51:40.706" endtime="20230210 23:51:43.207"/>
</kw>
<kw name="Maximize Browser Window" library="SeleniumLibrary">
<doc>Maximizes current browser window.</doc>
<status status="PASS" starttime="20230210 23:51:43.207" endtime="20230210 23:51:43.380"/>
</kw>
<status status="PASS" starttime="20230210 23:51:40.705" endtime="20230210 23:51:43.380"/>
</kw>
<kw name="Click Menu Login">
<kw name="Sleep" library="BuiltIn">
<arg>2s</arg>
<doc>Pauses the test executed for the given time.</doc>
<msg timestamp="20230210 23:51:45.387" level="INFO">Slept 2 seconds</msg>
<status status="PASS" starttime="20230210 23:51:43.380" endtime="20230210 23:51:45.387"/>
</kw>
<kw name="Click Element" library="SeleniumLibrary">
<arg>//*[@class="nav-link waves-effect waves-dark profile-pic fs-5"]</arg>
<doc>Click the element identified by ``locator``.</doc>
<msg timestamp="20230210 23:51:45.388" level="INFO">Clicking element '//*[@class="nav-link waves-effect waves-dark profile-pic fs-5"]'.</msg>
<status status="PASS" starttime="20230210 23:51:45.387" endtime="20230210 23:51:45.431"/>
</kw>
<status status="PASS" starttime="20230210 23:51:43.380" endtime="20230210 23:51:45.431"/>
</kw>
<kw name="Sleep" library="BuiltIn">
<arg>1s</arg>
<doc>Pauses the test executed for the given time.</doc>
<msg timestamp="20230210 23:51:46.444" level="INFO">Slept 1 second</msg>
<status status="PASS" starttime="20230210 23:51:45.432" endtime="20230210 23:51:46.444"/>
</kw>
<kw name="Input Text" library="SeleniumLibrary">
<arg>id:u_email</arg>
<arg>${Username}</arg>
<doc>Types the given ``text`` into the text field identified by ``locator``.</doc>
<msg timestamp="20230210 23:51:46.445" level="INFO">Typing text 'suchada1512@gmail.com' into text field 'id:u_email'.</msg>
<status status="PASS" starttime="20230210 23:51:46.445" endtime="20230210 23:51:46.546"/>
</kw>
<kw name="Sleep" library="BuiltIn">
<arg>1s</arg>
<doc>Pauses the test executed for the given time.</doc>
<msg timestamp="20230210 23:51:47.552" level="INFO">Slept 1 second</msg>
<status status="PASS" starttime="20230210 23:51:46.547" endtime="20230210 23:51:47.552"/>
</kw>
<kw name="Input Text" library="SeleniumLibrary">
<arg>id:u_password</arg>
<arg>${Password}</arg>
<doc>Types the given ``text`` into the text field identified by ``locator``.</doc>
<msg timestamp="20230210 23:51:47.553" level="INFO">Typing text 'suchada' into text field 'id:u_password'.</msg>
<status status="PASS" starttime="20230210 23:51:47.552" endtime="20230210 23:51:47.634"/>
</kw>
<kw name="Click to Login">
<kw name="Sleep" library="BuiltIn">
<arg>2s</arg>
<doc>Pauses the test executed for the given time.</doc>
<msg timestamp="20230210 23:51:49.639" level="INFO">Slept 2 seconds</msg>
<status status="PASS" starttime="20230210 23:51:47.634" endtime="20230210 23:51:49.639"/>
</kw>
<kw name="Click Element" library="SeleniumLibrary">
<arg>//*[@id="loginBtn"]</arg>
<doc>Click the element identified by ``locator``.</doc>
<msg timestamp="20230210 23:51:49.639" level="INFO">Clicking element '//*[@id="loginBtn"]'.</msg>
<status status="PASS" starttime="20230210 23:51:49.639" endtime="20230210 23:51:49.683"/>
</kw>
<status status="PASS" starttime="20230210 23:51:47.634" endtime="20230210 23:51:49.683"/>
</kw>
<kw name="Click Sidebar Resiponse Project">
<kw name="Sleep" library="BuiltIn">
<arg>2s</arg>
<doc>Pauses the test executed for the given time.</doc>
<msg timestamp="20230210 23:51:51.690" level="INFO">Slept 2 seconds</msg>
<status status="PASS" starttime="20230210 23:51:49.684" endtime="20230210 23:51:51.690"/>
</kw>
<kw name="Click Element" library="SeleniumLibrary">
<arg>//*[@id="sidebarnav"]/li[2]/a/i</arg>
<doc>Click the element identified by ``locator``.</doc>
<msg timestamp="20230210 23:51:51.691" level="INFO">Clicking element '//*[@id="sidebarnav"]/li[2]/a/i'.</msg>
<status status="PASS" starttime="20230210 23:51:51.690" endtime="20230210 23:51:51.735"/>
</kw>
<status status="PASS" starttime="20230210 23:51:49.683" endtime="20230210 23:51:51.736"/>
</kw>
<kw name="Serch Project">
<kw name="Sleep" library="BuiltIn">
<arg>2s</arg>
<doc>Pauses the test executed for the given time.</doc>
<msg timestamp="20230210 23:51:53.753" level="INFO">Slept 2 seconds</msg>
<status status="PASS" starttime="20230210 23:51:51.736" endtime="20230210 23:51:53.753"/>
</kw>
<kw name="Input Text" library="SeleniumLibrary">
<arg>//*[@id="table_filter"]/label/input</arg>
<arg>ระบบจัดการเอกสารอัตโนมัติ</arg>
<doc>Types the given ``text`` into the text field identified by ``locator``.</doc>
<msg timestamp="20230210 23:51:53.753" level="INFO">Typing text 'ระบบจัดการเอกสารอัตโนมัติ' into text field '//*[@id="table_filter"]/label/input'.</msg>
<msg timestamp="20230210 23:51:53.894" level="INFO" html="true">&lt;/td&gt;&lt;/tr&gt;&lt;tr&gt;&lt;td colspan="3"&gt;&lt;a href="selenium-screenshot-1.png"&gt;&lt;img src="selenium-screenshot-1.png" width="800px"&gt;&lt;/a&gt;</msg>
<msg timestamp="20230210 23:51:53.895" level="FAIL">Element with locator '//*[@id="table_filter"]/label/input' not found.</msg>
<status status="FAIL" starttime="20230210 23:51:53.753" endtime="20230210 23:51:53.907"/>
</kw>
<status status="FAIL" starttime="20230210 23:51:51.736" endtime="20230210 23:51:53.907"/>
</kw>
<kw name="Click Manage Task Project">
<status status="NOT RUN" starttime="20230210 23:51:53.908" endtime="20230210 23:51:53.908"/>
</kw>
<kw name="Click Add Project Task">
<status status="NOT RUN" starttime="20230210 23:51:53.908" endtime="20230210 23:51:53.908"/>
</kw>
<kw name="Click Dropdown Project Task">
<status status="NOT RUN" starttime="20230210 23:51:53.909" endtime="20230210 23:51:53.909"/>
</kw>
<kw name="Click choose Project Task">
<status status="NOT RUN" starttime="20230210 23:51:53.909" endtime="20230210 23:51:53.909"/>
</kw>
<kw name="Fill out detail Project Task">
<status status="NOT RUN" starttime="20230210 23:51:53.910" endtime="20230210 23:51:53.910"/>
</kw>
<kw name="Click choose date Project Task">
<status status="NOT RUN" starttime="20230210 23:51:53.911" endtime="20230210 23:51:53.911"/>
</kw>
<kw name="Click Add document Project Task">
<status status="NOT RUN" starttime="20230210 23:51:53.911" endtime="20230210 23:51:53.911"/>
</kw>
<kw name="Click Save Button">
<status status="NOT RUN" starttime="20230210 23:51:53.912" endtime="20230210 23:51:53.912"/>
</kw>
<kw name="Click Confirm Button">
<status status="NOT RUN" starttime="20230210 23:51:53.912" endtime="20230210 23:51:53.912"/>
</kw>
<kw name="Close Browser Page">
<status status="NOT RUN" starttime="20230210 23:51:53.912" endtime="20230210 23:51:53.912"/>
</kw>
<status status="FAIL" starttime="20230210 23:51:40.688" endtime="20230210 23:51:53.913">Element with locator '//*[@id="table_filter"]/label/input' not found.</status>
</test>
<status status="FAIL" starttime="20230210 23:51:40.248" endtime="20230210 23:51:53.914"/>
</suite>
<statistics>
<total>
<stat pass="0" fail="1" skip="0">All Tests</stat>
</total>
<tag>
</tag>
<suite>
<stat pass="0" fail="1" skip="0" id="s1" name="add taskInProject">add taskInProject</stat>
</suite>
</statistics>
<errors>
</errors>
</robot>
