<?xml version="1.0" encoding="UTF-8"?>
<robot generator="Robot 5.0.1 (Python 3.10.5 on win32)" generated="20221208 21:37:28.949" rpa="false" schemaversion="3">
<suite id="s1" name="TestAddEmployee" source="C:\xampp\htdocs\automateTestTeam0\Admin\test_add_employee\TestAddEmployee.robot">
<test id="s1-t1" name="Add Employee Success" line="72">
<kw name="Open file Excel">
<kw name="Open Excel" library="ExcelRobot">
<arg>C:\\xampp\\htdocs\\automateTestTeam0\\Admin\\test_add_employee\\test_data.xlsx</arg>
<doc>Opens the Excel file to read from the path provided in the file path parameter.</doc>
<msg timestamp="20221208 21:37:29.621" level="INFO">Opening file at C:\xampp\htdocs\automateTestTeam0\Admin\test_add_employee\test_data.xlsx</msg>
<status status="PASS" starttime="20221208 21:37:29.620" endtime="20221208 21:37:29.633"/>
</kw>
<status status="PASS" starttime="20221208 21:37:29.620" endtime="20221208 21:37:29.633"/>
</kw>
<kw name="Read Cell Data" library="ExcelRobot">
<var>${Username}</var>
<arg>Admin</arg>
<arg>0</arg>
<arg>1</arg>
<doc>Uses the column and row to return the data from that cell.</doc>
<msg timestamp="20221208 21:37:29.634" level="INFO">${Username} = test@gmail.com</msg>
<status status="PASS" starttime="20221208 21:37:29.633" endtime="20221208 21:37:29.634"/>
</kw>
<kw name="Read Cell Data" library="ExcelRobot">
<var>${Password}</var>
<arg>Admin</arg>
<arg>1</arg>
<arg>1</arg>
<doc>Uses the column and row to return the data from that cell.</doc>
<msg timestamp="20221208 21:37:29.634" level="INFO">${Password} = kajorn.n</msg>
<status status="PASS" starttime="20221208 21:37:29.634" endtime="20221208 21:37:29.634"/>
</kw>
<kw name="Open Project Monitoring System">
<kw name="Open Browser" library="SeleniumLibrary">
<arg>${URL}</arg>
<arg>${BROWSER}</arg>
<doc>Opens a new browser instance to the optional ``url``.</doc>
<msg timestamp="20221208 21:37:29.635" level="INFO">Opening browser 'Google Chrome' to base url 'http://dekdee2.informatics.buu.ac.th:9080/team0/'.</msg>
<status status="PASS" starttime="20221208 21:37:29.635" endtime="20221208 21:37:32.002"/>
</kw>
<kw name="Maximize Browser Window" library="SeleniumLibrary">
<doc>Maximizes current browser window.</doc>
<status status="PASS" starttime="20221208 21:37:32.002" endtime="20221208 21:37:32.225"/>
</kw>
<status status="PASS" starttime="20221208 21:37:29.635" endtime="20221208 21:37:32.225"/>
</kw>
<kw name="Click Menu Login">
<kw name="Sleep" library="BuiltIn">
<arg>2s</arg>
<doc>Pauses the test executed for the given time.</doc>
<msg timestamp="20221208 21:37:34.238" level="INFO">Slept 2 seconds</msg>
<status status="PASS" starttime="20221208 21:37:32.225" endtime="20221208 21:37:34.238"/>
</kw>
<kw name="Click Element" library="SeleniumLibrary">
<arg>//*[@id="main-wrapper"]/header/nav/div[2]/ul[2]/li/a</arg>
<doc>Click the element identified by ``locator``.</doc>
<msg timestamp="20221208 21:37:34.239" level="INFO">Clicking element '//*[@id="main-wrapper"]/header/nav/div[2]/ul[2]/li/a'.</msg>
<status status="PASS" starttime="20221208 21:37:34.239" endtime="20221208 21:37:34.553"/>
</kw>
<status status="PASS" starttime="20221208 21:37:32.225" endtime="20221208 21:37:34.554"/>
</kw>
<kw name="Sleep" library="BuiltIn">
<arg>2s</arg>
<doc>Pauses the test executed for the given time.</doc>
<msg timestamp="20221208 21:37:36.568" level="INFO">Slept 2 seconds</msg>
<status status="PASS" starttime="20221208 21:37:34.554" endtime="20221208 21:37:36.568"/>
</kw>
<kw name="Input Text" library="SeleniumLibrary">
<arg>id:u_email</arg>
<arg>${Username}</arg>
<doc>Types the given ``text`` into the text field identified by ``locator``.</doc>
<msg timestamp="20221208 21:37:36.568" level="INFO">Typing text 'test@gmail.com' into text field 'id:u_email'.</msg>
<status status="PASS" starttime="20221208 21:37:36.568" endtime="20221208 21:37:36.706"/>
</kw>
<kw name="Sleep" library="BuiltIn">
<arg>2s</arg>
<doc>Pauses the test executed for the given time.</doc>
<msg timestamp="20221208 21:37:38.718" level="INFO">Slept 2 seconds</msg>
<status status="PASS" starttime="20221208 21:37:36.706" endtime="20221208 21:37:38.718"/>
</kw>
<kw name="Input Text" library="SeleniumLibrary">
<arg>id:u_password</arg>
<arg>${Password}</arg>
<doc>Types the given ``text`` into the text field identified by ``locator``.</doc>
<msg timestamp="20221208 21:37:38.718" level="INFO">Typing text 'kajorn.n' into text field 'id:u_password'.</msg>
<status status="PASS" starttime="20221208 21:37:38.718" endtime="20221208 21:37:38.838"/>
</kw>
<kw name="Click to Login">
<kw name="Sleep" library="BuiltIn">
<arg>2s</arg>
<doc>Pauses the test executed for the given time.</doc>
<msg timestamp="20221208 21:37:40.845" level="INFO">Slept 2 seconds</msg>
<status status="PASS" starttime="20221208 21:37:38.839" endtime="20221208 21:37:40.845"/>
</kw>
<kw name="Click Element" library="SeleniumLibrary">
<arg>//*[@id="loginBtn"]</arg>
<doc>Click the element identified by ``locator``.</doc>
<msg timestamp="20221208 21:37:40.845" level="INFO">Clicking element '//*[@id="loginBtn"]'.</msg>
<status status="PASS" starttime="20221208 21:37:40.845" endtime="20221208 21:37:40.918"/>
</kw>
<status status="PASS" starttime="20221208 21:37:38.839" endtime="20221208 21:37:40.918"/>
</kw>
<kw name="Sleep" library="BuiltIn">
<arg>2s</arg>
<doc>Pauses the test executed for the given time.</doc>
<msg timestamp="20221208 21:37:42.923" level="INFO">Slept 2 seconds</msg>
<status status="PASS" starttime="20221208 21:37:40.918" endtime="20221208 21:37:42.923"/>
</kw>
<kw name="Click Sidebar Resiponse Project">
<kw name="Sleep" library="BuiltIn">
<arg>2s</arg>
<doc>Pauses the test executed for the given time.</doc>
<msg timestamp="20221208 21:37:44.934" level="INFO">Slept 2 seconds</msg>
<status status="PASS" starttime="20221208 21:37:42.924" endtime="20221208 21:37:44.934"/>
</kw>
<kw name="Click Element" library="SeleniumLibrary">
<arg>//*[@id="sidebarnav"]/li[2]/a/i</arg>
<doc>Click the element identified by ``locator``.</doc>
<msg timestamp="20221208 21:37:44.935" level="INFO">Clicking element '//*[@id="sidebarnav"]/li[2]/a/i'.</msg>
<status status="PASS" starttime="20221208 21:37:44.934" endtime="20221208 21:37:45.238"/>
</kw>
<status status="PASS" starttime="20221208 21:37:42.923" endtime="20221208 21:37:45.239"/>
</kw>
<kw name="Sleep" library="BuiltIn">
<arg>2s</arg>
<doc>Pauses the test executed for the given time.</doc>
<msg timestamp="20221208 21:37:47.240" level="INFO">Slept 2 seconds</msg>
<status status="PASS" starttime="20221208 21:37:45.239" endtime="20221208 21:37:47.240"/>
</kw>
<kw name="Click Manage Activities In Project">
<kw name="Sleep" library="BuiltIn">
<arg>2s</arg>
<doc>Pauses the test executed for the given time.</doc>
<msg timestamp="20221208 21:37:49.243" level="INFO">Slept 2 seconds</msg>
<status status="PASS" starttime="20221208 21:37:47.240" endtime="20221208 21:37:49.243"/>
</kw>
<kw name="Click Element" library="SeleniumLibrary">
<arg>xpath=/html/body/div[2]/div/div/div[2]/div/div/div/div/div/div/table/tbody/tr[1]/td[6]/a</arg>
<doc>Click the element identified by ``locator``.</doc>
<msg timestamp="20221208 21:37:49.244" level="INFO">Clicking element 'xpath=/html/body/div[2]/div/div/div[2]/div/div/div/div/div/div/table/tbody/tr[1]/td[6]/a'.</msg>
<status status="PASS" starttime="20221208 21:37:49.243" endtime="20221208 21:37:49.521"/>
</kw>
<status status="PASS" starttime="20221208 21:37:47.240" endtime="20221208 21:37:49.522"/>
</kw>
<kw name="Sleep" library="BuiltIn">
<arg>2s</arg>
<doc>Pauses the test executed for the given time.</doc>
<msg timestamp="20221208 21:37:51.542" level="INFO">Slept 2 seconds</msg>
<status status="PASS" starttime="20221208 21:37:49.522" endtime="20221208 21:37:51.542"/>
</kw>
<kw name="Click Add Employee In Project">
<kw name="Sleep" library="BuiltIn">
<arg>2s</arg>
<doc>Pauses the test executed for the given time.</doc>
<msg timestamp="20221208 21:37:53.550" level="INFO">Slept 2 seconds</msg>
<status status="PASS" starttime="20221208 21:37:51.542" endtime="20221208 21:37:53.550"/>
</kw>
<kw name="Click Element" library="SeleniumLibrary">
<arg>//*[@id="listDiv"]/div/div/div/div/button[4]</arg>
<doc>Click the element identified by ``locator``.</doc>
<msg timestamp="20221208 21:37:53.550" level="INFO">Clicking element '//*[@id="listDiv"]/div/div/div/div/button[4]'.</msg>
<status status="PASS" starttime="20221208 21:37:53.550" endtime="20221208 21:37:53.596"/>
</kw>
<status status="PASS" starttime="20221208 21:37:51.542" endtime="20221208 21:37:53.596"/>
</kw>
<kw name="Sleep" library="BuiltIn">
<arg>2s</arg>
<doc>Pauses the test executed for the given time.</doc>
<msg timestamp="20221208 21:37:55.608" level="INFO">Slept 2 seconds</msg>
<status status="PASS" starttime="20221208 21:37:53.597" endtime="20221208 21:37:55.608"/>
</kw>
<kw name="Click Add Employee">
<kw name="Sleep" library="BuiltIn">
<arg>2s</arg>
<doc>Pauses the test executed for the given time.</doc>
<msg timestamp="20221208 21:37:57.621" level="INFO">Slept 2 seconds</msg>
<status status="PASS" starttime="20221208 21:37:55.608" endtime="20221208 21:37:57.621"/>
</kw>
<kw name="Click Element" library="SeleniumLibrary">
<arg>xpath=/html/body/div[4]/div/div/div[2]/div/div/div/div/div/div[2]/div/table/tbody/tr[1]/td[4]/button</arg>
<doc>Click the element identified by ``locator``.</doc>
<msg timestamp="20221208 21:37:57.621" level="INFO">Clicking element 'xpath=/html/body/div[4]/div/div/div[2]/div/div/div/div/div/div[2]/div/table/tbody/tr[1]/td[4]/button'.</msg>
<status status="PASS" starttime="20221208 21:37:57.621" endtime="20221208 21:37:57.679"/>
</kw>
<status status="PASS" starttime="20221208 21:37:55.608" endtime="20221208 21:37:57.679"/>
</kw>
<kw name="Sleep" library="BuiltIn">
<arg>2s</arg>
<doc>Pauses the test executed for the given time.</doc>
<msg timestamp="20221208 21:37:59.686" level="INFO">Slept 2 seconds</msg>
<status status="PASS" starttime="20221208 21:37:57.679" endtime="20221208 21:37:59.686"/>
</kw>
<kw name="Click Close Add Employee">
<kw name="Sleep" library="BuiltIn">
<arg>2s</arg>
<doc>Pauses the test executed for the given time.</doc>
<msg timestamp="20221208 21:38:01.693" level="INFO">Slept 2 seconds</msg>
<status status="PASS" starttime="20221208 21:37:59.686" endtime="20221208 21:38:01.693"/>
</kw>
<kw name="Click Element" library="SeleniumLibrary">
<arg>xpath=/html/body/div[4]/div/div/div[3]/button</arg>
<doc>Click the element identified by ``locator``.</doc>
<msg timestamp="20221208 21:38:01.693" level="INFO">Clicking element 'xpath=/html/body/div[4]/div/div/div[3]/button'.</msg>
<status status="PASS" starttime="20221208 21:38:01.693" endtime="20221208 21:38:01.724"/>
</kw>
<status status="PASS" starttime="20221208 21:37:59.686" endtime="20221208 21:38:01.724"/>
</kw>
<kw name="Sleep" library="BuiltIn">
<arg>2s</arg>
<doc>Pauses the test executed for the given time.</doc>
<msg timestamp="20221208 21:38:03.743" level="INFO">Slept 2 seconds</msg>
<status status="PASS" starttime="20221208 21:38:01.740" endtime="20221208 21:38:03.743"/>
</kw>
<kw name="Close Browser Page">
<kw name="Sleep" library="BuiltIn">
<arg>3s</arg>
<doc>Pauses the test executed for the given time.</doc>
<msg timestamp="20221208 21:38:06.753" level="INFO">Slept 3 seconds</msg>
<status status="PASS" starttime="20221208 21:38:03.744" endtime="20221208 21:38:06.753"/>
</kw>
<kw name="Close Browser" library="SeleniumLibrary">
<doc>Closes the current browser.</doc>
<msg timestamp="20221208 21:38:07.831" level="ERROR">When closing browser, received exception: Execution terminated by signal</msg>
<msg timestamp="20221208 21:38:07.831" level="INFO">Cannot capture screenshot because no browser is open.</msg>
<status status="FAIL" starttime="20221208 21:38:06.753" endtime="20221208 21:38:07.831"/>
</kw>
<status status="FAIL" starttime="20221208 21:38:03.744" endtime="20221208 21:38:07.831"/>
</kw>
<kw name="Sleep" library="BuiltIn">
<arg>2s</arg>
<doc>Pauses the test executed for the given time.</doc>
<status status="NOT RUN" starttime="20221208 21:38:07.834" endtime="20221208 21:38:07.834"/>
</kw>
<status status="FAIL" starttime="20221208 21:37:29.619" endtime="20221208 21:38:07.835">Execution terminated by signal</status>
</test>
<test id="s1-t2" name="Add Employee Wrong Because Click Add Double Click" line="97">
<tag>robot:exit</tag>
<status status="FAIL" starttime="20221208 21:38:07.836" endtime="20221208 21:38:07.837">Test execution stopped due to a fatal error.</status>
</test>
<status status="FAIL" starttime="20221208 21:37:28.949" endtime="20221208 21:38:07.839"/>
</suite>
<statistics>
<total>
<stat pass="0" fail="2" skip="0">All Tests</stat>
</total>
<tag>
<stat pass="0" fail="1" skip="0" info="combined" combined="NOT robot:exit">NOT robot:exit</stat>
</tag>
<suite>
<stat pass="0" fail="2" skip="0" id="s1" name="TestAddEmployee">TestAddEmployee</stat>
</suite>
</statistics>
<errors>
<msg timestamp="20221208 21:38:07.831" level="ERROR">When closing browser, received exception: Execution terminated by signal</msg>
</errors>
</robot>
