<?xml version="1.0" encoding="UTF-8"?>
<robot generator="Robot 5.0.1 (Python 3.10.5 on win32)" generated="20230214 23:13:58.629" rpa="false" schemaversion="3">
<suite id="s1" name="TestAddEmployee" source="C:\xampp\htdocs\automateTestTeam0\Admin\test_add_employee\TestAddEmployee.robot">
<test id="s1-t1" name="Add Employee Success" line="97">
<kw name="Open file Excel">
<kw name="Open Excel" library="ExcelRobot">
<arg>C:\\xampp\\htdocs\\automateTestTeam0\\Admin\\test_add_employee\\test_data.xlsx</arg>
<doc>Opens the Excel file to read from the path provided in the file path parameter.</doc>
<msg timestamp="20230214 23:13:59.042" level="INFO">Opening file at C:\xampp\htdocs\automateTestTeam0\Admin\test_add_employee\test_data.xlsx</msg>
<status status="PASS" starttime="20230214 23:13:59.042" endtime="20230214 23:13:59.046"/>
</kw>
<status status="PASS" starttime="20230214 23:13:59.042" endtime="20230214 23:13:59.046"/>
</kw>
<kw name="Read Cell Data" library="ExcelRobot">
<var>${Username}</var>
<arg>Admin</arg>
<arg>0</arg>
<arg>1</arg>
<doc>Uses the column and row to return the data from that cell.</doc>
<msg timestamp="20230214 23:13:59.046" level="INFO">${Username} = test@gmail.com</msg>
<status status="PASS" starttime="20230214 23:13:59.046" endtime="20230214 23:13:59.046"/>
</kw>
<kw name="Read Cell Data" library="ExcelRobot">
<var>${Password}</var>
<arg>Admin</arg>
<arg>1</arg>
<arg>1</arg>
<doc>Uses the column and row to return the data from that cell.</doc>
<msg timestamp="20230214 23:13:59.047" level="INFO">${Password} = kajorn.n</msg>
<status status="PASS" starttime="20230214 23:13:59.047" endtime="20230214 23:13:59.047"/>
</kw>
<kw name="Open Project Monitoring System">
<kw name="Open Browser" library="SeleniumLibrary">
<arg>${URL}</arg>
<arg>${BROWSER}</arg>
<doc>Opens a new browser instance to the optional ``url``.</doc>
<msg timestamp="20230214 23:13:59.048" level="INFO">Opening browser 'Google Chrome' to base url 'http://dekdee2.informatics.buu.ac.th:9080/team0/'.</msg>
<status status="PASS" starttime="20230214 23:13:59.047" endtime="20230214 23:14:00.957"/>
</kw>
<kw name="Maximize Browser Window" library="SeleniumLibrary">
<doc>Maximizes current browser window.</doc>
<status status="PASS" starttime="20230214 23:14:00.957" endtime="20230214 23:14:01.207"/>
</kw>
<status status="PASS" starttime="20230214 23:13:59.047" endtime="20230214 23:14:01.208"/>
</kw>
<kw name="Click Menu Login">
<kw name="Sleep" library="BuiltIn">
<arg>2s</arg>
<doc>Pauses the test executed for the given time.</doc>
<msg timestamp="20230214 23:14:03.223" level="INFO">Slept 2 seconds</msg>
<status status="PASS" starttime="20230214 23:14:01.213" endtime="20230214 23:14:03.223"/>
</kw>
<kw name="Click Element" library="SeleniumLibrary">
<arg>//*[@class="nav-link waves-effect waves-dark profile-pic fs-5"]</arg>
<doc>Click the element identified by ``locator``.</doc>
<msg timestamp="20230214 23:14:03.223" level="INFO">Clicking element '//*[@class="nav-link waves-effect waves-dark profile-pic fs-5"]'.</msg>
<status status="PASS" starttime="20230214 23:14:03.223" endtime="20230214 23:14:03.259"/>
</kw>
<status status="PASS" starttime="20230214 23:14:01.209" endtime="20230214 23:14:03.259"/>
</kw>
<kw name="Input Text" library="SeleniumLibrary">
<arg>//*[@id="u_email"]</arg>
<arg>${Username}</arg>
<doc>Types the given ``text`` into the text field identified by ``locator``.</doc>
<msg timestamp="20230214 23:14:03.260" level="INFO">Typing text 'test@gmail.com' into text field '//*[@id="u_email"]'.</msg>
<status status="PASS" starttime="20230214 23:14:03.260" endtime="20230214 23:14:03.377"/>
</kw>
<kw name="Input Text" library="SeleniumLibrary">
<arg>//*[@id="u_password"]</arg>
<arg>${Password}</arg>
<doc>Types the given ``text`` into the text field identified by ``locator``.</doc>
<msg timestamp="20230214 23:14:03.378" level="INFO">Typing text 'kajorn.n' into text field '//*[@id="u_password"]'.</msg>
<status status="PASS" starttime="20230214 23:14:03.377" endtime="20230214 23:14:03.438"/>
</kw>
<kw name="Click to Login">
<kw name="Sleep" library="BuiltIn">
<arg>2s</arg>
<doc>Pauses the test executed for the given time.</doc>
<msg timestamp="20230214 23:14:05.448" level="INFO">Slept 2 seconds</msg>
<status status="PASS" starttime="20230214 23:14:03.439" endtime="20230214 23:14:05.448"/>
</kw>
<kw name="Click Element" library="SeleniumLibrary">
<arg>//*[@id="loginBtn"]</arg>
<doc>Click the element identified by ``locator``.</doc>
<msg timestamp="20230214 23:14:05.448" level="INFO">Clicking element '//*[@id="loginBtn"]'.</msg>
<status status="PASS" starttime="20230214 23:14:05.448" endtime="20230214 23:14:05.481"/>
</kw>
<status status="PASS" starttime="20230214 23:14:03.438" endtime="20230214 23:14:05.482"/>
</kw>
<kw name="Click Sidebar Settings">
<kw name="Sleep" library="BuiltIn">
<arg>2s</arg>
<doc>Pauses the test executed for the given time.</doc>
<msg timestamp="20230214 23:14:07.493" level="INFO">Slept 2 seconds</msg>
<status status="PASS" starttime="20230214 23:14:05.482" endtime="20230214 23:14:07.493"/>
</kw>
<kw name="Click Element" library="SeleniumLibrary">
<arg>xpath=/html/body/div[2]/aside/div/nav/ul/li[4]/a</arg>
<doc>Click the element identified by ``locator``.</doc>
<msg timestamp="20230214 23:14:07.493" level="INFO">Clicking element 'xpath=/html/body/div[2]/aside/div/nav/ul/li[4]/a'.</msg>
<status status="PASS" starttime="20230214 23:14:07.493" endtime="20230214 23:14:07.529"/>
</kw>
<status status="PASS" starttime="20230214 23:14:05.482" endtime="20230214 23:14:07.529"/>
</kw>
<kw name="Click List Employee">
<kw name="Sleep" library="BuiltIn">
<arg>2s</arg>
<doc>Pauses the test executed for the given time.</doc>
<msg timestamp="20230214 23:14:09.543" level="INFO">Slept 2 seconds</msg>
<status status="PASS" starttime="20230214 23:14:07.530" endtime="20230214 23:14:09.543"/>
</kw>
<kw name="Click Element" library="SeleniumLibrary">
<arg>xpath=/html/body/div[2]/aside/div/nav/ul/li[4]/ul/li[1]</arg>
<doc>Click the element identified by ``locator``.</doc>
<msg timestamp="20230214 23:14:09.543" level="INFO">Clicking element 'xpath=/html/body/div[2]/aside/div/nav/ul/li[4]/ul/li[1]'.</msg>
<status status="PASS" starttime="20230214 23:14:09.543" endtime="20230214 23:14:09.885"/>
</kw>
<status status="PASS" starttime="20230214 23:14:07.529" endtime="20230214 23:14:09.885"/>
</kw>
<kw name="Click Add Employee">
<kw name="Sleep" library="BuiltIn">
<arg>2s</arg>
<doc>Pauses the test executed for the given time.</doc>
<msg timestamp="20230214 23:14:11.895" level="INFO">Slept 2 seconds</msg>
<status status="PASS" starttime="20230214 23:14:09.886" endtime="20230214 23:14:11.895"/>
</kw>
<kw name="Click Element" library="SeleniumLibrary">
<arg>xpath=/html/body/div[2]/div/div/div[2]/div/div/div/div/button</arg>
<doc>Click the element identified by ``locator``.</doc>
<msg timestamp="20230214 23:14:11.895" level="INFO">Clicking element 'xpath=/html/body/div[2]/div/div/div[2]/div/div/div/div/button'.</msg>
<status status="PASS" starttime="20230214 23:14:11.895" endtime="20230214 23:14:11.928"/>
</kw>
<status status="PASS" starttime="20230214 23:14:09.886" endtime="20230214 23:14:11.929"/>
</kw>
<kw name="Input Name Employee">
<kw name="Sleep" library="BuiltIn">
<arg>2s</arg>
<doc>Pauses the test executed for the given time.</doc>
<msg timestamp="20230214 23:14:13.935" level="INFO">Slept 2 seconds</msg>
<status status="PASS" starttime="20230214 23:14:11.929" endtime="20230214 23:14:13.935"/>
</kw>
<kw name="Input Text" library="SeleniumLibrary">
<arg>//*[@id="u_firstname"]</arg>
<arg>สมชาย</arg>
<doc>Types the given ``text`` into the text field identified by ``locator``.</doc>
<msg timestamp="20230214 23:14:13.935" level="INFO">Typing text 'สมชาย' into text field '//*[@id="u_firstname"]'.</msg>
<status status="PASS" starttime="20230214 23:14:13.935" endtime="20230214 23:14:13.996"/>
</kw>
<status status="PASS" starttime="20230214 23:14:11.929" endtime="20230214 23:14:13.996"/>
</kw>
<kw name="Input Last Name Employee">
<kw name="Sleep" library="BuiltIn">
<arg>2s</arg>
<doc>Pauses the test executed for the given time.</doc>
<msg timestamp="20230214 23:14:16.010" level="INFO">Slept 2 seconds</msg>
<status status="PASS" starttime="20230214 23:14:13.997" endtime="20230214 23:14:16.010"/>
</kw>
<kw name="Input Text" library="SeleniumLibrary">
<arg>//*[@id="u_lastname"]</arg>
<arg>มีสกุล</arg>
<doc>Types the given ``text`` into the text field identified by ``locator``.</doc>
<msg timestamp="20230214 23:14:16.010" level="INFO">Typing text 'มีสกุล' into text field '//*[@id="u_lastname"]'.</msg>
<status status="PASS" starttime="20230214 23:14:16.010" endtime="20230214 23:14:16.070"/>
</kw>
<status status="PASS" starttime="20230214 23:14:13.997" endtime="20230214 23:14:16.070"/>
</kw>
<kw name="Input Email">
<kw name="Sleep" library="BuiltIn">
<arg>2s</arg>
<doc>Pauses the test executed for the given time.</doc>
<msg timestamp="20230214 23:14:18.072" level="INFO">Slept 2 seconds</msg>
<status status="PASS" starttime="20230214 23:14:16.070" endtime="20230214 23:14:18.072"/>
</kw>
<kw name="Input Text" library="SeleniumLibrary">
<arg>//*[@id="u_email"]</arg>
<arg>somchay.mee@gmail.com</arg>
<doc>Types the given ``text`` into the text field identified by ``locator``.</doc>
<msg timestamp="20230214 23:14:18.072" level="INFO">Typing text 'somchay.mee@gmail.com' into text field '//*[@id="u_email"]'.</msg>
<status status="PASS" starttime="20230214 23:14:18.072" endtime="20230214 23:14:18.144"/>
</kw>
<status status="PASS" starttime="20230214 23:14:16.070" endtime="20230214 23:14:18.144"/>
</kw>
<kw name="Input Phone">
<kw name="Sleep" library="BuiltIn">
<arg>2s</arg>
<doc>Pauses the test executed for the given time.</doc>
<msg timestamp="20230214 23:14:20.148" level="INFO">Slept 2 seconds</msg>
<status status="PASS" starttime="20230214 23:14:18.144" endtime="20230214 23:14:20.148"/>
</kw>
<kw name="Input Text" library="SeleniumLibrary">
<arg>//*[@id="u_tel"]</arg>
<arg>0944628921</arg>
<doc>Types the given ``text`` into the text field identified by ``locator``.</doc>
<msg timestamp="20230214 23:14:20.148" level="INFO">Typing text '0944628921' into text field '//*[@id="u_tel"]'.</msg>
<status status="PASS" starttime="20230214 23:14:20.148" endtime="20230214 23:14:20.205"/>
</kw>
<status status="PASS" starttime="20230214 23:14:18.144" endtime="20230214 23:14:20.205"/>
</kw>
<kw name="Choose Rigth">
<kw name="Sleep" library="BuiltIn">
<arg>2s</arg>
<doc>Pauses the test executed for the given time.</doc>
<msg timestamp="20230214 23:14:22.213" level="INFO">Slept 2 seconds</msg>
<status status="PASS" starttime="20230214 23:14:20.206" endtime="20230214 23:14:22.213"/>
</kw>
<kw name="Click Element" library="SeleniumLibrary">
<arg>//*[@id="u_role"]</arg>
<doc>Click the element identified by ``locator``.</doc>
<msg timestamp="20230214 23:14:22.213" level="INFO">Clicking element '//*[@id="u_role"]'.</msg>
<status status="PASS" starttime="20230214 23:14:22.213" endtime="20230214 23:14:22.254"/>
</kw>
<status status="PASS" starttime="20230214 23:14:20.206" endtime="20230214 23:14:22.254"/>
</kw>
<kw name="Choose Employee">
<kw name="Sleep" library="BuiltIn">
<arg>2s</arg>
<doc>Pauses the test executed for the given time.</doc>
<msg timestamp="20230214 23:14:24.258" level="INFO">Slept 2 seconds</msg>
<status status="PASS" starttime="20230214 23:14:22.255" endtime="20230214 23:14:24.258"/>
</kw>
<kw name="Click Element" library="SeleniumLibrary">
<arg>xpath=/html/body/div[3]/div/div/div[2]/div/div/div/form/div/div/div[3]/select/option[4]</arg>
<doc>Click the element identified by ``locator``.</doc>
<msg timestamp="20230214 23:14:24.258" level="INFO">Clicking element 'xpath=/html/body/div[3]/div/div/div[2]/div/div/div/form/div/div/div[3]/select/option[4]'.</msg>
<status status="PASS" starttime="20230214 23:14:24.258" endtime="20230214 23:14:24.284"/>
</kw>
<status status="PASS" starttime="20230214 23:14:22.254" endtime="20230214 23:14:24.284"/>
</kw>
<kw name="Click Accept Add Employee">
<kw name="Sleep" library="BuiltIn">
<arg>2s</arg>
<doc>Pauses the test executed for the given time.</doc>
<msg timestamp="20230214 23:14:26.296" level="INFO">Slept 2 seconds</msg>
<status status="PASS" starttime="20230214 23:14:24.285" endtime="20230214 23:14:26.296"/>
</kw>
<kw name="Click Element" library="SeleniumLibrary">
<arg>xpath=/html/body/div[3]/div/div/div[3]/button[1]</arg>
<doc>Click the element identified by ``locator``.</doc>
<msg timestamp="20230214 23:14:26.296" level="INFO">Clicking element 'xpath=/html/body/div[3]/div/div/div[3]/button[1]'.</msg>
<status status="PASS" starttime="20230214 23:14:26.296" endtime="20230214 23:14:26.367"/>
</kw>
<status status="PASS" starttime="20230214 23:14:24.285" endtime="20230214 23:14:26.367"/>
</kw>
<kw name="Click Accept Employee">
<kw name="Sleep" library="BuiltIn">
<arg>4s</arg>
<doc>Pauses the test executed for the given time.</doc>
<msg timestamp="20230214 23:14:30.376" level="INFO">Slept 4 seconds</msg>
<status status="PASS" starttime="20230214 23:14:26.368" endtime="20230214 23:14:30.376"/>
</kw>
<kw name="Click Element" library="SeleniumLibrary">
<arg>xpath=/html/body/div[7]/div/div[3]/button[1]</arg>
<doc>Click the element identified by ``locator``.</doc>
<msg timestamp="20230214 23:14:30.377" level="INFO">Clicking element 'xpath=/html/body/div[7]/div/div[3]/button[1]'.</msg>
<status status="PASS" starttime="20230214 23:14:30.377" endtime="20230214 23:14:30.407"/>
</kw>
<status status="PASS" starttime="20230214 23:14:26.367" endtime="20230214 23:14:30.407"/>
</kw>
<kw name="Close Browser Page">
<kw name="Sleep" library="BuiltIn">
<arg>3s</arg>
<doc>Pauses the test executed for the given time.</doc>
<msg timestamp="20230214 23:14:33.408" level="INFO">Slept 3 seconds</msg>
<status status="PASS" starttime="20230214 23:14:30.408" endtime="20230214 23:14:33.408"/>
</kw>
<kw name="Close Browser" library="SeleniumLibrary">
<doc>Closes the current browser.</doc>
<status status="PASS" starttime="20230214 23:14:33.408" endtime="20230214 23:14:35.537"/>
</kw>
<status status="PASS" starttime="20230214 23:14:30.407" endtime="20230214 23:14:35.538"/>
</kw>
<kw name="Open file Excel">
<kw name="Open Excel" library="ExcelRobot">
<arg>C:\\xampp\\htdocs\\automateTestTeam0\\Admin\\test_add_employee\\test_data.xlsx</arg>
<doc>Opens the Excel file to read from the path provided in the file path parameter.</doc>
<msg timestamp="20230214 23:14:35.539" level="INFO">Opening file at C:\xampp\htdocs\automateTestTeam0\Admin\test_add_employee\test_data.xlsx</msg>
<status status="PASS" starttime="20230214 23:14:35.539" endtime="20230214 23:14:35.541"/>
</kw>
<status status="PASS" starttime="20230214 23:14:35.538" endtime="20230214 23:14:35.542"/>
</kw>
<kw name="Read Cell Data" library="ExcelRobot">
<var>${Username}</var>
<arg>Admin</arg>
<arg>0</arg>
<arg>1</arg>
<doc>Uses the column and row to return the data from that cell.</doc>
<msg timestamp="20230214 23:14:35.542" level="INFO">${Username} = test@gmail.com</msg>
<status status="PASS" starttime="20230214 23:14:35.542" endtime="20230214 23:14:35.542"/>
</kw>
<kw name="Read Cell Data" library="ExcelRobot">
<var>${Password}</var>
<arg>Admin</arg>
<arg>1</arg>
<arg>1</arg>
<doc>Uses the column and row to return the data from that cell.</doc>
<msg timestamp="20230214 23:14:35.543" level="INFO">${Password} = kajorn.n</msg>
<status status="PASS" starttime="20230214 23:14:35.543" endtime="20230214 23:14:35.543"/>
</kw>
<kw name="Open Project Monitoring System">
<kw name="Open Browser" library="SeleniumLibrary">
<arg>${URL}</arg>
<arg>${BROWSER}</arg>
<doc>Opens a new browser instance to the optional ``url``.</doc>
<msg timestamp="20230214 23:14:35.543" level="INFO">Opening browser 'Google Chrome' to base url 'http://dekdee2.informatics.buu.ac.th:9080/team0/'.</msg>
<status status="PASS" starttime="20230214 23:14:35.543" endtime="20230214 23:14:37.820"/>
</kw>
<kw name="Maximize Browser Window" library="SeleniumLibrary">
<doc>Maximizes current browser window.</doc>
<status status="PASS" starttime="20230214 23:14:37.821" endtime="20230214 23:14:37.970"/>
</kw>
<status status="PASS" starttime="20230214 23:14:35.543" endtime="20230214 23:14:37.970"/>
</kw>
<kw name="Click Menu Login">
<kw name="Sleep" library="BuiltIn">
<arg>2s</arg>
<doc>Pauses the test executed for the given time.</doc>
<msg timestamp="20230214 23:14:39.986" level="INFO">Slept 2 seconds</msg>
<status status="PASS" starttime="20230214 23:14:37.971" endtime="20230214 23:14:39.986"/>
</kw>
<kw name="Click Element" library="SeleniumLibrary">
<arg>//*[@class="nav-link waves-effect waves-dark profile-pic fs-5"]</arg>
<doc>Click the element identified by ``locator``.</doc>
<msg timestamp="20230214 23:14:39.986" level="INFO">Clicking element '//*[@class="nav-link waves-effect waves-dark profile-pic fs-5"]'.</msg>
<status status="PASS" starttime="20230214 23:14:39.986" endtime="20230214 23:14:40.020"/>
</kw>
<status status="PASS" starttime="20230214 23:14:37.971" endtime="20230214 23:14:40.020"/>
</kw>
<kw name="Input Text" library="SeleniumLibrary">
<arg>id:u_email</arg>
<arg>${Username}</arg>
<doc>Types the given ``text`` into the text field identified by ``locator``.</doc>
<msg timestamp="20230214 23:14:40.021" level="INFO">Typing text 'test@gmail.com' into text field 'id:u_email'.</msg>
<status status="PASS" starttime="20230214 23:14:40.021" endtime="20230214 23:14:40.136"/>
</kw>
<kw name="Input Text" library="SeleniumLibrary">
<arg>id:u_password</arg>
<arg>${Password}</arg>
<doc>Types the given ``text`` into the text field identified by ``locator``.</doc>
<msg timestamp="20230214 23:14:40.137" level="INFO">Typing text 'kajorn.n' into text field 'id:u_password'.</msg>
<status status="PASS" starttime="20230214 23:14:40.136" endtime="20230214 23:14:40.202"/>
</kw>
<kw name="Click to Login">
<kw name="Sleep" library="BuiltIn">
<arg>2s</arg>
<doc>Pauses the test executed for the given time.</doc>
<msg timestamp="20230214 23:14:42.209" level="INFO">Slept 2 seconds</msg>
<status status="PASS" starttime="20230214 23:14:40.203" endtime="20230214 23:14:42.209"/>
</kw>
<kw name="Click Element" library="SeleniumLibrary">
<arg>//*[@id="loginBtn"]</arg>
<doc>Click the element identified by ``locator``.</doc>
<msg timestamp="20230214 23:14:42.210" level="INFO">Clicking element '//*[@id="loginBtn"]'.</msg>
<status status="PASS" starttime="20230214 23:14:42.209" endtime="20230214 23:14:42.242"/>
</kw>
<status status="PASS" starttime="20230214 23:14:40.203" endtime="20230214 23:14:42.242"/>
</kw>
<kw name="Click Sidebar Settings">
<kw name="Sleep" library="BuiltIn">
<arg>2s</arg>
<doc>Pauses the test executed for the given time.</doc>
<msg timestamp="20230214 23:14:44.245" level="INFO">Slept 2 seconds</msg>
<status status="PASS" starttime="20230214 23:14:42.243" endtime="20230214 23:14:44.245"/>
</kw>
<kw name="Click Element" library="SeleniumLibrary">
<arg>xpath=/html/body/div[2]/aside/div/nav/ul/li[4]/a</arg>
<doc>Click the element identified by ``locator``.</doc>
<msg timestamp="20230214 23:14:44.245" level="INFO">Clicking element 'xpath=/html/body/div[2]/aside/div/nav/ul/li[4]/a'.</msg>
<status status="PASS" starttime="20230214 23:14:44.245" endtime="20230214 23:14:44.280"/>
</kw>
<status status="PASS" starttime="20230214 23:14:42.243" endtime="20230214 23:14:44.280"/>
</kw>
<kw name="Click List Employee">
<kw name="Sleep" library="BuiltIn">
<arg>2s</arg>
<doc>Pauses the test executed for the given time.</doc>
<msg timestamp="20230214 23:14:46.280" level="INFO">Slept 2 seconds</msg>
<status status="PASS" starttime="20230214 23:14:44.280" endtime="20230214 23:14:46.280"/>
</kw>
<kw name="Click Element" library="SeleniumLibrary">
<arg>xpath=/html/body/div[2]/aside/div/nav/ul/li[4]/ul/li[1]</arg>
<doc>Click the element identified by ``locator``.</doc>
<msg timestamp="20230214 23:14:46.280" level="INFO">Clicking element 'xpath=/html/body/div[2]/aside/div/nav/ul/li[4]/ul/li[1]'.</msg>
<status status="PASS" starttime="20230214 23:14:46.280" endtime="20230214 23:14:46.622"/>
</kw>
<status status="PASS" starttime="20230214 23:14:44.280" endtime="20230214 23:14:46.622"/>
</kw>
<kw name="Click Add Employee">
<kw name="Sleep" library="BuiltIn">
<arg>2s</arg>
<doc>Pauses the test executed for the given time.</doc>
<msg timestamp="20230214 23:14:48.632" level="INFO">Slept 2 seconds</msg>
<status status="PASS" starttime="20230214 23:14:46.623" endtime="20230214 23:14:48.632"/>
</kw>
<kw name="Click Element" library="SeleniumLibrary">
<arg>xpath=/html/body/div[2]/div/div/div[2]/div/div/div/div/button</arg>
<doc>Click the element identified by ``locator``.</doc>
<msg timestamp="20230214 23:14:48.632" level="INFO">Clicking element 'xpath=/html/body/div[2]/div/div/div[2]/div/div/div/div/button'.</msg>
<status status="PASS" starttime="20230214 23:14:48.632" endtime="20230214 23:14:48.662"/>
</kw>
<status status="PASS" starttime="20230214 23:14:46.623" endtime="20230214 23:14:48.662"/>
</kw>
<kw name="Input Name Employee">
<kw name="Sleep" library="BuiltIn">
<arg>2s</arg>
<doc>Pauses the test executed for the given time.</doc>
<msg timestamp="20230214 23:14:50.669" level="INFO">Slept 2 seconds</msg>
<status status="PASS" starttime="20230214 23:14:48.662" endtime="20230214 23:14:50.669"/>
</kw>
<kw name="Input Text" library="SeleniumLibrary">
<arg>//*[@id="u_firstname"]</arg>
<arg>สมชาย</arg>
<doc>Types the given ``text`` into the text field identified by ``locator``.</doc>
<msg timestamp="20230214 23:14:50.670" level="INFO">Typing text 'สมชาย' into text field '//*[@id="u_firstname"]'.</msg>
<status status="PASS" starttime="20230214 23:14:50.669" endtime="20230214 23:14:50.726"/>
</kw>
<status status="PASS" starttime="20230214 23:14:48.662" endtime="20230214 23:14:50.726"/>
</kw>
<kw name="Input Last Name Employee">
<kw name="Sleep" library="BuiltIn">
<arg>2s</arg>
<doc>Pauses the test executed for the given time.</doc>
<msg timestamp="20230214 23:14:52.736" level="INFO">Slept 2 seconds</msg>
<status status="PASS" starttime="20230214 23:14:50.727" endtime="20230214 23:14:52.736"/>
</kw>
<kw name="Input Text" library="SeleniumLibrary">
<arg>//*[@id="u_lastname"]</arg>
<arg>มีสกุล</arg>
<doc>Types the given ``text`` into the text field identified by ``locator``.</doc>
<msg timestamp="20230214 23:14:52.736" level="INFO">Typing text 'มีสกุล' into text field '//*[@id="u_lastname"]'.</msg>
<status status="PASS" starttime="20230214 23:14:52.736" endtime="20230214 23:14:52.794"/>
</kw>
<status status="PASS" starttime="20230214 23:14:50.726" endtime="20230214 23:14:52.794"/>
</kw>
<kw name="Input Email">
<kw name="Sleep" library="BuiltIn">
<arg>2s</arg>
<doc>Pauses the test executed for the given time.</doc>
<msg timestamp="20230214 23:14:54.796" level="INFO">Slept 2 seconds</msg>
<status status="PASS" starttime="20230214 23:14:52.795" endtime="20230214 23:14:54.796"/>
</kw>
<kw name="Input Text" library="SeleniumLibrary">
<arg>//*[@id="u_email"]</arg>
<arg>somchay.mee@gmail.com</arg>
<doc>Types the given ``text`` into the text field identified by ``locator``.</doc>
<msg timestamp="20230214 23:14:54.797" level="INFO">Typing text 'somchay.mee@gmail.com' into text field '//*[@id="u_email"]'.</msg>
<status status="PASS" starttime="20230214 23:14:54.796" endtime="20230214 23:14:54.871"/>
</kw>
<status status="PASS" starttime="20230214 23:14:52.795" endtime="20230214 23:14:54.871"/>
</kw>
<kw name="Input Phone">
<kw name="Sleep" library="BuiltIn">
<arg>2s</arg>
<doc>Pauses the test executed for the given time.</doc>
<msg timestamp="20230214 23:14:56.880" level="INFO">Slept 2 seconds</msg>
<status status="PASS" starttime="20230214 23:14:54.872" endtime="20230214 23:14:56.880"/>
</kw>
<kw name="Input Text" library="SeleniumLibrary">
<arg>//*[@id="u_tel"]</arg>
<arg>0944628921</arg>
<doc>Types the given ``text`` into the text field identified by ``locator``.</doc>
<msg timestamp="20230214 23:14:56.880" level="INFO">Typing text '0944628921' into text field '//*[@id="u_tel"]'.</msg>
<status status="PASS" starttime="20230214 23:14:56.880" endtime="20230214 23:14:56.939"/>
</kw>
<status status="PASS" starttime="20230214 23:14:54.871" endtime="20230214 23:14:56.940"/>
</kw>
<kw name="Choose Rigth">
<kw name="Sleep" library="BuiltIn">
<arg>2s</arg>
<doc>Pauses the test executed for the given time.</doc>
<msg timestamp="20230214 23:14:58.952" level="INFO">Slept 2 seconds</msg>
<status status="PASS" starttime="20230214 23:14:56.940" endtime="20230214 23:14:58.952"/>
</kw>
<kw name="Click Element" library="SeleniumLibrary">
<arg>//*[@id="u_role"]</arg>
<doc>Click the element identified by ``locator``.</doc>
<msg timestamp="20230214 23:14:58.953" level="INFO">Clicking element '//*[@id="u_role"]'.</msg>
<status status="PASS" starttime="20230214 23:14:58.953" endtime="20230214 23:14:58.993"/>
</kw>
<status status="PASS" starttime="20230214 23:14:56.940" endtime="20230214 23:14:58.993"/>
</kw>
<kw name="Choose Employee">
<kw name="Sleep" library="BuiltIn">
<arg>2s</arg>
<doc>Pauses the test executed for the given time.</doc>
<msg timestamp="20230214 23:15:01.009" level="INFO">Slept 2 seconds</msg>
<status status="PASS" starttime="20230214 23:14:58.994" endtime="20230214 23:15:01.009"/>
</kw>
<kw name="Click Element" library="SeleniumLibrary">
<arg>xpath=/html/body/div[3]/div/div/div[2]/div/div/div/form/div/div/div[3]/select/option[4]</arg>
<doc>Click the element identified by ``locator``.</doc>
<msg timestamp="20230214 23:15:01.009" level="INFO">Clicking element 'xpath=/html/body/div[3]/div/div/div[2]/div/div/div/form/div/div/div[3]/select/option[4]'.</msg>
<status status="PASS" starttime="20230214 23:15:01.009" endtime="20230214 23:15:01.033"/>
</kw>
<status status="PASS" starttime="20230214 23:14:58.993" endtime="20230214 23:15:01.034"/>
</kw>
<kw name="Click Accept Add Employee Fail">
<kw name="Sleep" library="BuiltIn">
<arg>2s</arg>
<doc>Pauses the test executed for the given time.</doc>
<msg timestamp="20230214 23:15:03.047" level="INFO">Slept 2 seconds</msg>
<status status="PASS" starttime="20230214 23:15:01.034" endtime="20230214 23:15:03.047"/>
</kw>
<kw name="Click Element" library="SeleniumLibrary">
<arg>xpath=/html/body/div[3]/div/div/div[3]/button[1]</arg>
<doc>Click the element identified by ``locator``.</doc>
<msg timestamp="20230214 23:15:03.047" level="INFO">Clicking element 'xpath=/html/body/div[3]/div/div/div[3]/button[1]'.</msg>
<status status="PASS" starttime="20230214 23:15:03.047" endtime="20230214 23:15:03.117"/>
</kw>
<status status="PASS" starttime="20230214 23:15:01.034" endtime="20230214 23:15:03.118"/>
</kw>
<kw name="Close Browser Page">
<kw name="Sleep" library="BuiltIn">
<arg>3s</arg>
<doc>Pauses the test executed for the given time.</doc>
<msg timestamp="20230214 23:15:06.131" level="INFO">Slept 3 seconds</msg>
<status status="PASS" starttime="20230214 23:15:03.120" endtime="20230214 23:15:06.131"/>
</kw>
<kw name="Close Browser" library="SeleniumLibrary">
<doc>Closes the current browser.</doc>
<status status="PASS" starttime="20230214 23:15:06.131" endtime="20230214 23:15:08.253"/>
</kw>
<status status="PASS" starttime="20230214 23:15:03.119" endtime="20230214 23:15:08.253"/>
</kw>
<status status="PASS" starttime="20230214 23:13:59.041" endtime="20230214 23:15:08.254"/>
</test>
<status status="PASS" starttime="20230214 23:13:58.630" endtime="20230214 23:15:08.255"/>
</suite>
<statistics>
<total>
<stat pass="1" fail="0" skip="0">All Tests</stat>
</total>
<tag>
</tag>
<suite>
<stat pass="1" fail="0" skip="0" id="s1" name="TestAddEmployee">TestAddEmployee</stat>
</suite>
</statistics>
<errors>
</errors>
</robot>
