<?xml version="1.0" encoding="UTF-8"?>
<robot generator="Robot 5.0.1 (Python 3.10.5 on win32)" generated="20230220 22:00:15.031" rpa="false" schemaversion="3">
<suite id="s1" name="TestAddEmployee" source="C:\xampp\htdocs\automateTestTeam0\admin\test_add_employee\TestAddEmployee.robot">
<test id="s1-t1" name="Add Employee Success" line="97">
<kw name="Open file Excel">
<kw name="Open Excel" library="ExcelRobot">
<arg>C:\\xampp\\htdocs\\automateTestTeam0\\admin\\test_add_employee\\test_data.xlsx</arg>
<doc>Opens the Excel file to read from the path provided in the file path parameter.</doc>
<msg timestamp="20230220 22:00:15.430" level="INFO">Opening file at C:\xampp\htdocs\automateTestTeam0\admin\test_add_employee\test_data.xlsx</msg>
<status status="PASS" starttime="20230220 22:00:15.430" endtime="20230220 22:00:15.433"/>
</kw>
<status status="PASS" starttime="20230220 22:00:15.429" endtime="20230220 22:00:15.433"/>
</kw>
<kw name="Read Cell Data" library="ExcelRobot">
<var>${Username}</var>
<arg>Admin</arg>
<arg>0</arg>
<arg>1</arg>
<doc>Uses the column and row to return the data from that cell.</doc>
<msg timestamp="20230220 22:00:15.434" level="INFO">${Username} = test@gmail.com</msg>
<status status="PASS" starttime="20230220 22:00:15.434" endtime="20230220 22:00:15.434"/>
</kw>
<kw name="Read Cell Data" library="ExcelRobot">
<var>${Password}</var>
<arg>Admin</arg>
<arg>1</arg>
<arg>1</arg>
<doc>Uses the column and row to return the data from that cell.</doc>
<msg timestamp="20230220 22:00:15.434" level="INFO">${Password} = kajorn.n</msg>
<status status="PASS" starttime="20230220 22:00:15.434" endtime="20230220 22:00:15.434"/>
</kw>
<kw name="Open Project Monitoring System">
<kw name="Open Browser" library="SeleniumLibrary">
<arg>${URL}</arg>
<arg>${BROWSER}</arg>
<doc>Opens a new browser instance to the optional ``url``.</doc>
<msg timestamp="20230220 22:00:15.435" level="INFO">Opening browser 'Google Chrome' to base url 'http://dekdee2.informatics.buu.ac.th:9080/team0/'.</msg>
<status status="PASS" starttime="20230220 22:00:15.435" endtime="20230220 22:00:17.379"/>
</kw>
<kw name="Maximize Browser Window" library="SeleniumLibrary">
<doc>Maximizes current browser window.</doc>
<status status="PASS" starttime="20230220 22:00:17.379" endtime="20230220 22:00:17.543"/>
</kw>
<status status="PASS" starttime="20230220 22:00:15.435" endtime="20230220 22:00:17.544"/>
</kw>
<kw name="Click Menu Login">
<kw name="Sleep" library="BuiltIn">
<arg>2s</arg>
<doc>Pauses the test executed for the given time.</doc>
<msg timestamp="20230220 22:00:19.558" level="INFO">Slept 2 seconds</msg>
<status status="PASS" starttime="20230220 22:00:17.546" endtime="20230220 22:00:19.558"/>
</kw>
<kw name="Click Element" library="SeleniumLibrary">
<arg>//*[@class="nav-link waves-effect waves-dark profile-pic fs-5"]</arg>
<doc>Click the element identified by ``locator``.</doc>
<msg timestamp="20230220 22:00:19.558" level="INFO">Clicking element '//*[@class="nav-link waves-effect waves-dark profile-pic fs-5"]'.</msg>
<status status="PASS" starttime="20230220 22:00:19.558" endtime="20230220 22:00:19.589"/>
</kw>
<status status="PASS" starttime="20230220 22:00:17.545" endtime="20230220 22:00:19.589"/>
</kw>
<kw name="Input Text" library="SeleniumLibrary">
<arg>//*[@id="u_email"]</arg>
<arg>${Username}</arg>
<doc>Types the given ``text`` into the text field identified by ``locator``.</doc>
<msg timestamp="20230220 22:00:19.591" level="INFO">Typing text 'test@gmail.com' into text field '//*[@id="u_email"]'.</msg>
<status status="PASS" starttime="20230220 22:00:19.590" endtime="20230220 22:00:19.694"/>
</kw>
<kw name="Input Text" library="SeleniumLibrary">
<arg>//*[@id="u_password"]</arg>
<arg>${Password}</arg>
<doc>Types the given ``text`` into the text field identified by ``locator``.</doc>
<msg timestamp="20230220 22:00:19.695" level="INFO">Typing text 'kajorn.n' into text field '//*[@id="u_password"]'.</msg>
<status status="PASS" starttime="20230220 22:00:19.694" endtime="20230220 22:00:19.756"/>
</kw>
<kw name="Click to Login">
<kw name="Sleep" library="BuiltIn">
<arg>2s</arg>
<doc>Pauses the test executed for the given time.</doc>
<msg timestamp="20230220 22:00:21.761" level="INFO">Slept 2 seconds</msg>
<status status="PASS" starttime="20230220 22:00:19.756" endtime="20230220 22:00:21.761"/>
</kw>
<kw name="Click Element" library="SeleniumLibrary">
<arg>//*[@id="loginBtn"]</arg>
<doc>Click the element identified by ``locator``.</doc>
<msg timestamp="20230220 22:00:21.761" level="INFO">Clicking element '//*[@id="loginBtn"]'.</msg>
<status status="PASS" starttime="20230220 22:00:21.761" endtime="20230220 22:00:21.793"/>
</kw>
<status status="PASS" starttime="20230220 22:00:19.756" endtime="20230220 22:00:21.793"/>
</kw>
<kw name="Click Sidebar Settings">
<kw name="Sleep" library="BuiltIn">
<arg>2s</arg>
<doc>Pauses the test executed for the given time.</doc>
<msg timestamp="20230220 22:00:23.800" level="INFO">Slept 2 seconds</msg>
<status status="PASS" starttime="20230220 22:00:21.794" endtime="20230220 22:00:23.800"/>
</kw>
<kw name="Click Element" library="SeleniumLibrary">
<arg>xpath=/html/body/div[2]/aside/div/nav/ul/li[4]/a</arg>
<doc>Click the element identified by ``locator``.</doc>
<msg timestamp="20230220 22:00:23.800" level="INFO">Clicking element 'xpath=/html/body/div[2]/aside/div/nav/ul/li[4]/a'.</msg>
<status status="PASS" starttime="20230220 22:00:23.800" endtime="20230220 22:00:23.838"/>
</kw>
<status status="PASS" starttime="20230220 22:00:21.794" endtime="20230220 22:00:23.838"/>
</kw>
<kw name="Click List Employee">
<kw name="Sleep" library="BuiltIn">
<arg>2s</arg>
<doc>Pauses the test executed for the given time.</doc>
<msg timestamp="20230220 22:00:25.854" level="INFO">Slept 2 seconds</msg>
<status status="PASS" starttime="20230220 22:00:23.838" endtime="20230220 22:00:25.854"/>
</kw>
<kw name="Click Element" library="SeleniumLibrary">
<arg>xpath=/html/body/div[2]/aside/div/nav/ul/li[4]/ul/li[1]</arg>
<doc>Click the element identified by ``locator``.</doc>
<msg timestamp="20230220 22:00:25.854" level="INFO">Clicking element 'xpath=/html/body/div[2]/aside/div/nav/ul/li[4]/ul/li[1]'.</msg>
<status status="PASS" starttime="20230220 22:00:25.854" endtime="20230220 22:00:26.192"/>
</kw>
<status status="PASS" starttime="20230220 22:00:23.838" endtime="20230220 22:00:26.192"/>
</kw>
<kw name="Click Add Employee">
<kw name="Sleep" library="BuiltIn">
<arg>2s</arg>
<doc>Pauses the test executed for the given time.</doc>
<msg timestamp="20230220 22:00:28.196" level="INFO">Slept 2 seconds</msg>
<status status="PASS" starttime="20230220 22:00:26.193" endtime="20230220 22:00:28.196"/>
</kw>
<kw name="Click Element" library="SeleniumLibrary">
<arg>xpath=/html/body/div[2]/div/div/div[2]/div/div/div/div/button</arg>
<doc>Click the element identified by ``locator``.</doc>
<msg timestamp="20230220 22:00:28.197" level="INFO">Clicking element 'xpath=/html/body/div[2]/div/div/div[2]/div/div/div/div/button'.</msg>
<status status="PASS" starttime="20230220 22:00:28.196" endtime="20230220 22:00:28.225"/>
</kw>
<status status="PASS" starttime="20230220 22:00:26.193" endtime="20230220 22:00:28.225"/>
</kw>
<kw name="Input Name Employee">
<kw name="Sleep" library="BuiltIn">
<arg>2s</arg>
<doc>Pauses the test executed for the given time.</doc>
<msg timestamp="20230220 22:00:30.229" level="INFO">Slept 2 seconds</msg>
<status status="PASS" starttime="20230220 22:00:28.226" endtime="20230220 22:00:30.229"/>
</kw>
<kw name="Input Text" library="SeleniumLibrary">
<arg>//*[@id="u_firstname"]</arg>
<arg>สมศักดิ์</arg>
<doc>Types the given ``text`` into the text field identified by ``locator``.</doc>
<msg timestamp="20230220 22:00:30.229" level="INFO">Typing text 'สมศักดิ์' into text field '//*[@id="u_firstname"]'.</msg>
<status status="PASS" starttime="20230220 22:00:30.229" endtime="20230220 22:00:30.285"/>
</kw>
<status status="PASS" starttime="20230220 22:00:28.225" endtime="20230220 22:00:30.285"/>
</kw>
<kw name="Input Last Name Employee">
<kw name="Sleep" library="BuiltIn">
<arg>2s</arg>
<doc>Pauses the test executed for the given time.</doc>
<msg timestamp="20230220 22:00:32.291" level="INFO">Slept 2 seconds</msg>
<status status="PASS" starttime="20230220 22:00:30.286" endtime="20230220 22:00:32.291"/>
</kw>
<kw name="Input Text" library="SeleniumLibrary">
<arg>//*[@id="u_lastname"]</arg>
<arg>เรืองศรี</arg>
<doc>Types the given ``text`` into the text field identified by ``locator``.</doc>
<msg timestamp="20230220 22:00:32.292" level="INFO">Typing text 'เรืองศรี' into text field '//*[@id="u_lastname"]'.</msg>
<status status="PASS" starttime="20230220 22:00:32.291" endtime="20230220 22:00:32.347"/>
</kw>
<status status="PASS" starttime="20230220 22:00:30.286" endtime="20230220 22:00:32.348"/>
</kw>
<kw name="Input Email">
<kw name="Sleep" library="BuiltIn">
<arg>2s</arg>
<doc>Pauses the test executed for the given time.</doc>
<msg timestamp="20230220 22:00:34.359" level="INFO">Slept 2 seconds</msg>
<status status="PASS" starttime="20230220 22:00:32.348" endtime="20230220 22:00:34.359"/>
</kw>
<kw name="Input Text" library="SeleniumLibrary">
<arg>//*[@id="u_email"]</arg>
<arg>sorn.lungling@gmail.com</arg>
<doc>Types the given ``text`` into the text field identified by ``locator``.</doc>
<msg timestamp="20230220 22:00:34.360" level="INFO">Typing text 'sorn.lungling@gmail.com' into text field '//*[@id="u_email"]'.</msg>
<status status="PASS" starttime="20230220 22:00:34.359" endtime="20230220 22:00:34.431"/>
</kw>
<status status="PASS" starttime="20230220 22:00:32.348" endtime="20230220 22:00:34.431"/>
</kw>
<kw name="Input Phone">
<kw name="Sleep" library="BuiltIn">
<arg>2s</arg>
<doc>Pauses the test executed for the given time.</doc>
<msg timestamp="20230220 22:00:36.434" level="INFO">Slept 2 seconds</msg>
<status status="PASS" starttime="20230220 22:00:34.431" endtime="20230220 22:00:36.434"/>
</kw>
<kw name="Input Text" library="SeleniumLibrary">
<arg>//*[@id="u_tel"]</arg>
<arg>0944628921</arg>
<doc>Types the given ``text`` into the text field identified by ``locator``.</doc>
<msg timestamp="20230220 22:00:36.435" level="INFO">Typing text '0944628921' into text field '//*[@id="u_tel"]'.</msg>
<status status="PASS" starttime="20230220 22:00:36.434" endtime="20230220 22:00:36.498"/>
</kw>
<status status="PASS" starttime="20230220 22:00:34.431" endtime="20230220 22:00:36.498"/>
</kw>
<kw name="Choose Rigth">
<kw name="Sleep" library="BuiltIn">
<arg>2s</arg>
<doc>Pauses the test executed for the given time.</doc>
<msg timestamp="20230220 22:00:38.514" level="INFO">Slept 2 seconds</msg>
<status status="PASS" starttime="20230220 22:00:36.498" endtime="20230220 22:00:38.514"/>
</kw>
<kw name="Click Element" library="SeleniumLibrary">
<arg>//*[@id="u_role"]</arg>
<doc>Click the element identified by ``locator``.</doc>
<msg timestamp="20230220 22:00:38.514" level="INFO">Clicking element '//*[@id="u_role"]'.</msg>
<status status="PASS" starttime="20230220 22:00:38.514" endtime="20230220 22:00:38.558"/>
</kw>
<status status="PASS" starttime="20230220 22:00:36.498" endtime="20230220 22:00:38.558"/>
</kw>
<kw name="Choose Employee">
<kw name="Sleep" library="BuiltIn">
<arg>2s</arg>
<doc>Pauses the test executed for the given time.</doc>
<msg timestamp="20230220 22:00:40.571" level="INFO">Slept 2 seconds</msg>
<status status="PASS" starttime="20230220 22:00:38.559" endtime="20230220 22:00:40.571"/>
</kw>
<kw name="Click Element" library="SeleniumLibrary">
<arg>xpath=/html/body/div[3]/div/div/div[2]/div/div/div/form/div/div/div[3]/select/option[4]</arg>
<doc>Click the element identified by ``locator``.</doc>
<msg timestamp="20230220 22:00:40.571" level="INFO">Clicking element 'xpath=/html/body/div[3]/div/div/div[2]/div/div/div/form/div/div/div[3]/select/option[4]'.</msg>
<status status="PASS" starttime="20230220 22:00:40.571" endtime="20230220 22:00:40.595"/>
</kw>
<status status="PASS" starttime="20230220 22:00:38.558" endtime="20230220 22:00:40.595"/>
</kw>
<kw name="Click Accept Add Employee">
<kw name="Sleep" library="BuiltIn">
<arg>2s</arg>
<doc>Pauses the test executed for the given time.</doc>
<msg timestamp="20230220 22:00:42.606" level="INFO">Slept 2 seconds</msg>
<status status="PASS" starttime="20230220 22:00:40.596" endtime="20230220 22:00:42.606"/>
</kw>
<kw name="Click Element" library="SeleniumLibrary">
<arg>xpath=/html/body/div[3]/div/div/div[3]/button[1]</arg>
<doc>Click the element identified by ``locator``.</doc>
<msg timestamp="20230220 22:00:42.607" level="INFO">Clicking element 'xpath=/html/body/div[3]/div/div/div[3]/button[1]'.</msg>
<status status="PASS" starttime="20230220 22:00:42.606" endtime="20230220 22:00:42.645"/>
</kw>
<status status="PASS" starttime="20230220 22:00:40.596" endtime="20230220 22:00:42.645"/>
</kw>
<kw name="Close Browser Page">
<kw name="Sleep" library="BuiltIn">
<arg>3s</arg>
<doc>Pauses the test executed for the given time.</doc>
<msg timestamp="20230220 22:00:45.651" level="INFO">Slept 3 seconds</msg>
<status status="PASS" starttime="20230220 22:00:42.646" endtime="20230220 22:00:45.651"/>
</kw>
<kw name="Close Browser" library="SeleniumLibrary">
<doc>Closes the current browser.</doc>
<status status="PASS" starttime="20230220 22:00:45.651" endtime="20230220 22:00:47.781"/>
</kw>
<status status="PASS" starttime="20230220 22:00:42.646" endtime="20230220 22:00:47.781"/>
</kw>
<status status="PASS" starttime="20230220 22:00:15.429" endtime="20230220 22:00:47.782"/>
</test>
<test id="s1-t2" name="Add Employee Fail" line="118">
<kw name="Open file Excel">
<kw name="Open Excel" library="ExcelRobot">
<arg>C:\\xampp\\htdocs\\automateTestTeam0\\admin\\test_add_employee\\test_data.xlsx</arg>
<doc>Opens the Excel file to read from the path provided in the file path parameter.</doc>
<msg timestamp="20230220 22:00:47.784" level="INFO">Opening file at C:\xampp\htdocs\automateTestTeam0\admin\test_add_employee\test_data.xlsx</msg>
<status status="PASS" starttime="20230220 22:00:47.783" endtime="20230220 22:00:47.786"/>
</kw>
<status status="PASS" starttime="20230220 22:00:47.783" endtime="20230220 22:00:47.786"/>
</kw>
<kw name="Read Cell Data" library="ExcelRobot">
<var>${Username}</var>
<arg>Admin</arg>
<arg>0</arg>
<arg>1</arg>
<doc>Uses the column and row to return the data from that cell.</doc>
<msg timestamp="20230220 22:00:47.787" level="INFO">${Username} = test@gmail.com</msg>
<status status="PASS" starttime="20230220 22:00:47.786" endtime="20230220 22:00:47.787"/>
</kw>
<kw name="Read Cell Data" library="ExcelRobot">
<var>${Password}</var>
<arg>Admin</arg>
<arg>1</arg>
<arg>1</arg>
<doc>Uses the column and row to return the data from that cell.</doc>
<msg timestamp="20230220 22:00:47.788" level="INFO">${Password} = kajorn.n</msg>
<status status="PASS" starttime="20230220 22:00:47.788" endtime="20230220 22:00:47.788"/>
</kw>
<kw name="Open Project Monitoring System">
<kw name="Open Browser" library="SeleniumLibrary">
<arg>${URL}</arg>
<arg>${BROWSER}</arg>
<doc>Opens a new browser instance to the optional ``url``.</doc>
<msg timestamp="20230220 22:00:47.788" level="INFO">Opening browser 'Google Chrome' to base url 'http://dekdee2.informatics.buu.ac.th:9080/team0/'.</msg>
<status status="PASS" starttime="20230220 22:00:47.788" endtime="20230220 22:00:49.947"/>
</kw>
<kw name="Maximize Browser Window" library="SeleniumLibrary">
<doc>Maximizes current browser window.</doc>
<status status="PASS" starttime="20230220 22:00:49.948" endtime="20230220 22:00:50.145"/>
</kw>
<status status="PASS" starttime="20230220 22:00:47.788" endtime="20230220 22:00:50.146"/>
</kw>
<kw name="Click Menu Login">
<kw name="Sleep" library="BuiltIn">
<arg>2s</arg>
<doc>Pauses the test executed for the given time.</doc>
<msg timestamp="20230220 22:00:52.161" level="INFO">Slept 2 seconds</msg>
<status status="PASS" starttime="20230220 22:00:50.147" endtime="20230220 22:00:52.161"/>
</kw>
<kw name="Click Element" library="SeleniumLibrary">
<arg>//*[@class="nav-link waves-effect waves-dark profile-pic fs-5"]</arg>
<doc>Click the element identified by ``locator``.</doc>
<msg timestamp="20230220 22:00:52.161" level="INFO">Clicking element '//*[@class="nav-link waves-effect waves-dark profile-pic fs-5"]'.</msg>
<status status="PASS" starttime="20230220 22:00:52.161" endtime="20230220 22:00:52.198"/>
</kw>
<status status="PASS" starttime="20230220 22:00:50.147" endtime="20230220 22:00:52.198"/>
</kw>
<kw name="Input Text" library="SeleniumLibrary">
<arg>id:u_email</arg>
<arg>${Username}</arg>
<doc>Types the given ``text`` into the text field identified by ``locator``.</doc>
<msg timestamp="20230220 22:00:52.200" level="INFO">Typing text 'test@gmail.com' into text field 'id:u_email'.</msg>
<msg timestamp="20230220 22:00:52.402" level="INFO" html="true">&lt;/td&gt;&lt;/tr&gt;&lt;tr&gt;&lt;td colspan="3"&gt;&lt;a href="selenium-screenshot-2.png"&gt;&lt;img src="selenium-screenshot-2.png" width="800px"&gt;&lt;/a&gt;</msg>
<msg timestamp="20230220 22:00:52.404" level="FAIL">Element with locator 'id:u_email' not found.</msg>
<status status="FAIL" starttime="20230220 22:00:52.199" endtime="20230220 22:00:52.405"/>
</kw>
<kw name="Input Text" library="SeleniumLibrary">
<arg>id:u_password</arg>
<arg>${Password}</arg>
<doc>Types the given ``text`` into the text field identified by ``locator``.</doc>
<status status="NOT RUN" starttime="20230220 22:00:52.406" endtime="20230220 22:00:52.406"/>
</kw>
<kw name="Click to Login">
<status status="NOT RUN" starttime="20230220 22:00:52.407" endtime="20230220 22:00:52.407"/>
</kw>
<kw name="Click Sidebar Settings">
<status status="NOT RUN" starttime="20230220 22:00:52.407" endtime="20230220 22:00:52.407"/>
</kw>
<kw name="Click List Employee">
<status status="NOT RUN" starttime="20230220 22:00:52.407" endtime="20230220 22:00:52.407"/>
</kw>
<kw name="Click Add Employee">
<status status="NOT RUN" starttime="20230220 22:00:52.407" endtime="20230220 22:00:52.407"/>
</kw>
<kw name="Input Name Employee">
<status status="NOT RUN" starttime="20230220 22:00:52.408" endtime="20230220 22:00:52.408"/>
</kw>
<kw name="Input Last Name Employee">
<status status="NOT RUN" starttime="20230220 22:00:52.408" endtime="20230220 22:00:52.408"/>
</kw>
<kw name="Input Email">
<status status="NOT RUN" starttime="20230220 22:00:52.408" endtime="20230220 22:00:52.408"/>
</kw>
<kw name="Input Phone">
<status status="NOT RUN" starttime="20230220 22:00:52.408" endtime="20230220 22:00:52.408"/>
</kw>
<kw name="Choose Rigth">
<status status="NOT RUN" starttime="20230220 22:00:52.408" endtime="20230220 22:00:52.408"/>
</kw>
<kw name="Choose Employee">
<status status="NOT RUN" starttime="20230220 22:00:52.409" endtime="20230220 22:00:52.409"/>
</kw>
<kw name="Click Accept Add Employee Fail">
<status status="NOT RUN" starttime="20230220 22:00:52.409" endtime="20230220 22:00:52.409"/>
</kw>
<kw name="Close Browser Page">
<status status="NOT RUN" starttime="20230220 22:00:52.409" endtime="20230220 22:00:52.409"/>
</kw>
<status status="FAIL" starttime="20230220 22:00:47.783" endtime="20230220 22:00:52.409">Element with locator 'id:u_email' not found.</status>
</test>
<status status="FAIL" starttime="20230220 22:00:15.032" endtime="20230220 22:00:52.410"/>
</suite>
<statistics>
<total>
<stat pass="1" fail="1" skip="0">All Tests</stat>
</total>
<tag>
</tag>
<suite>
<stat pass="1" fail="1" skip="0" id="s1" name="TestAddEmployee">TestAddEmployee</stat>
</suite>
</statistics>
<errors>
</errors>
</robot>
