<?xml version="1.0" encoding="UTF-8"?>
<robot generator="Robot 5.0.1 (Python 3.10.5 on win32)" generated="20221124 23:07:22.823" rpa="false" schemaversion="3">
<suite id="s1" name="FinishProject" source="C:\xampp\automateTestTeam0\automateTestTeam0\ProjectManager\tets_finishproject\FinishProject.robot">
<test id="s1-t1" name="Finish Project Success" line="41">
<kw name="Open file Excel">
<kw name="Open Excel" library="ExcelRobot">
<arg>C:\\xampp\\automateTestTeam0\\automateTestTeam0\\ProjectManager\\tets_finishproject\\test_data.xlsx</arg>
<doc>Opens the Excel file to read from the path provided in the file path parameter.</doc>
<msg timestamp="20221124 23:07:24.154" level="INFO">Opening file at C:\xampp\automateTestTeam0\automateTestTeam0\ProjectManager\tets_finishproject\test_data.xlsx</msg>
<status status="PASS" starttime="20221124 23:07:24.153" endtime="20221124 23:07:24.193"/>
</kw>
<status status="PASS" starttime="20221124 23:07:24.152" endtime="20221124 23:07:24.194"/>
</kw>
<kw name="Read Cell Data" library="ExcelRobot">
<var>${Username}</var>
<arg>Project Manager</arg>
<arg>0</arg>
<arg>1</arg>
<doc>Uses the column and row to return the data from that cell.</doc>
<msg timestamp="20221124 23:07:24.201" level="INFO">${Username} = sunisa.su@gmail.com	</msg>
<status status="PASS" starttime="20221124 23:07:24.200" endtime="20221124 23:07:24.202"/>
</kw>
<kw name="Read Cell Data" library="ExcelRobot">
<var>${Password}</var>
<arg>Project Manager</arg>
<arg>1</arg>
<arg>1</arg>
<doc>Uses the column and row to return the data from that cell.</doc>
<msg timestamp="20221124 23:07:24.209" level="INFO">${Password} = sunisa.s</msg>
<status status="PASS" starttime="20221124 23:07:24.205" endtime="20221124 23:07:24.209"/>
</kw>
<kw name="Open Project Monitoring System">
<kw name="Open Browser" library="SeleniumLibrary">
<arg>${URL}</arg>
<arg>${BROWSER}</arg>
<doc>Opens a new browser instance to the optional ``url``.</doc>
<msg timestamp="20221124 23:07:24.215" level="INFO">Opening browser 'Google Chrome' to base url 'http://dekdee2.informatics.buu.ac.th:9080/team0/'.</msg>
<status status="PASS" starttime="20221124 23:07:24.214" endtime="20221124 23:07:28.604"/>
</kw>
<kw name="Maximize Browser Window" library="SeleniumLibrary">
<doc>Maximizes current browser window.</doc>
<status status="PASS" starttime="20221124 23:07:28.604" endtime="20221124 23:07:28.887"/>
</kw>
<status status="PASS" starttime="20221124 23:07:24.211" endtime="20221124 23:07:28.888"/>
</kw>
<kw name="Click Menu Login">
<kw name="Sleep" library="BuiltIn">
<arg>2s</arg>
<doc>Pauses the test executed for the given time.</doc>
<msg timestamp="20221124 23:07:30.898" level="INFO">Slept 2 seconds</msg>
<status status="PASS" starttime="20221124 23:07:28.890" endtime="20221124 23:07:30.899"/>
</kw>
<kw name="Click Element" library="SeleniumLibrary">
<arg>//*[@id="main-wrapper"]/header/nav/div[2]/ul[2]/li/a</arg>
<doc>Click the element identified by ``locator``.</doc>
<msg timestamp="20221124 23:07:30.902" level="INFO">Clicking element '//*[@id="main-wrapper"]/header/nav/div[2]/ul[2]/li/a'.</msg>
<status status="PASS" starttime="20221124 23:07:30.900" endtime="20221124 23:07:31.978"/>
</kw>
<status status="PASS" starttime="20221124 23:07:28.888" endtime="20221124 23:07:31.979"/>
</kw>
<kw name="Sleep" library="BuiltIn">
<arg>1s</arg>
<doc>Pauses the test executed for the given time.</doc>
<msg timestamp="20221124 23:07:32.991" level="INFO">Slept 1 second</msg>
<status status="PASS" starttime="20221124 23:07:31.980" endtime="20221124 23:07:32.991"/>
</kw>
<kw name="Input Text" library="SeleniumLibrary">
<arg>id:u_email</arg>
<arg>${Username}</arg>
<doc>Types the given ``text`` into the text field identified by ``locator``.</doc>
<msg timestamp="20221124 23:07:32.993" level="INFO">Typing text 'sunisa.su@gmail.com	' into text field 'id:u_email'.</msg>
<status status="PASS" starttime="20221124 23:07:32.992" endtime="20221124 23:07:33.202"/>
</kw>
<kw name="Sleep" library="BuiltIn">
<arg>1s</arg>
<doc>Pauses the test executed for the given time.</doc>
<msg timestamp="20221124 23:07:34.216" level="INFO">Slept 1 second</msg>
<status status="PASS" starttime="20221124 23:07:33.211" endtime="20221124 23:07:34.216"/>
</kw>
<kw name="Input Text" library="SeleniumLibrary">
<arg>id:u_password</arg>
<arg>${Password}</arg>
<doc>Types the given ``text`` into the text field identified by ``locator``.</doc>
<msg timestamp="20221124 23:07:34.218" level="INFO">Typing text 'sunisa.s' into text field 'id:u_password'.</msg>
<status status="PASS" starttime="20221124 23:07:34.217" endtime="20221124 23:07:34.344"/>
</kw>
<kw name="Click to Login">
<kw name="Sleep" library="BuiltIn">
<arg>2s</arg>
<doc>Pauses the test executed for the given time.</doc>
<msg timestamp="20221124 23:07:36.351" level="INFO">Slept 2 seconds</msg>
<status status="PASS" starttime="20221124 23:07:34.349" endtime="20221124 23:07:36.351"/>
</kw>
<kw name="Click Element" library="SeleniumLibrary">
<arg>//*[@id="loginBtn"]</arg>
<doc>Click the element identified by ``locator``.</doc>
<msg timestamp="20221124 23:07:36.352" level="INFO">Clicking element '//*[@id="loginBtn"]'.</msg>
<status status="PASS" starttime="20221124 23:07:36.351" endtime="20221124 23:07:36.435"/>
</kw>
<status status="PASS" starttime="20221124 23:07:34.348" endtime="20221124 23:07:36.435"/>
</kw>
<kw name="Click Sidebar Icon">
<kw name="Sleep" library="BuiltIn">
<arg>2s</arg>
<doc>Pauses the test executed for the given time.</doc>
<msg timestamp="20221124 23:07:38.451" level="INFO">Slept 2 seconds</msg>
<status status="PASS" starttime="20221124 23:07:36.436" endtime="20221124 23:07:38.451"/>
</kw>
<kw name="Click Element" library="SeleniumLibrary">
<arg>//*[@id="sidebarnav"]/li[2]/a</arg>
<doc>Click the element identified by ``locator``.</doc>
<msg timestamp="20221124 23:07:38.452" level="INFO">Clicking element '//*[@id="sidebarnav"]/li[2]/a'.</msg>
<status status="PASS" starttime="20221124 23:07:38.451" endtime="20221124 23:07:39.333"/>
</kw>
<status status="PASS" starttime="20221124 23:07:36.436" endtime="20221124 23:07:39.334"/>
</kw>
<kw name="Click file">
<kw name="Sleep" library="BuiltIn">
<arg>2s</arg>
<doc>Pauses the test executed for the given time.</doc>
<msg timestamp="20221124 23:07:41.345" level="INFO">Slept 2 seconds</msg>
<status status="PASS" starttime="20221124 23:07:39.337" endtime="20221124 23:07:41.345"/>
</kw>
<kw name="Click Element" library="SeleniumLibrary">
<arg>xpath = /html/body/div[2]/div/div/div[2]/div/div/div/div/div/div/table/tbody/tr[1]/td[6]/a</arg>
<doc>Click the element identified by ``locator``.</doc>
<msg timestamp="20221124 23:07:41.346" level="INFO">Clicking element 'xpath = /html/body/div[2]/div/div/div[2]/div/div/div/div/div/div/table/tbody/tr[1]/td[6]/a'.</msg>
<status status="PASS" starttime="20221124 23:07:41.345" endtime="20221124 23:07:42.183"/>
</kw>
<status status="PASS" starttime="20221124 23:07:39.336" endtime="20221124 23:07:42.184"/>
</kw>
<kw name="Click finish Project">
<kw name="Sleep" library="BuiltIn">
<arg>2s</arg>
<doc>Pauses the test executed for the given time.</doc>
<msg timestamp="20221124 23:07:44.202" level="INFO">Slept 2 seconds</msg>
<status status="PASS" starttime="20221124 23:07:42.190" endtime="20221124 23:07:44.202"/>
</kw>
<kw name="Click Element" library="SeleniumLibrary">
<arg>xpath = /html/body/div[2]/div/div/div[2]/div/div/div/div/button[2]</arg>
<doc>Click the element identified by ``locator``.</doc>
<msg timestamp="20221124 23:07:44.203" level="INFO">Clicking element 'xpath = /html/body/div[2]/div/div/div[2]/div/div/div/div/button[2]'.</msg>
<status status="PASS" starttime="20221124 23:07:44.202" endtime="20221124 23:07:44.315"/>
</kw>
<status status="PASS" starttime="20221124 23:07:42.189" endtime="20221124 23:07:44.315"/>
</kw>
<kw name="Click confirm">
<kw name="Sleep" library="BuiltIn">
<arg>2s</arg>
<doc>Pauses the test executed for the given time.</doc>
<msg timestamp="20221124 23:07:46.324" level="INFO">Slept 2 seconds</msg>
<status status="PASS" starttime="20221124 23:07:44.318" endtime="20221124 23:07:46.324"/>
</kw>
<kw name="Click Element" library="SeleniumLibrary">
<arg>//*[@class="swal2-confirm swal2-styled"]</arg>
<doc>Click the element identified by ``locator``.</doc>
<msg timestamp="20221124 23:07:46.334" level="INFO">Clicking element '//*[@class="swal2-confirm swal2-styled"]'.</msg>
<status status="PASS" starttime="20221124 23:07:46.333" endtime="20221124 23:07:46.431"/>
</kw>
<status status="PASS" starttime="20221124 23:07:44.318" endtime="20221124 23:07:46.432"/>
</kw>
<kw name="Close Browser Page">
<kw name="Sleep" library="BuiltIn">
<arg>3s</arg>
<doc>Pauses the test executed for the given time.</doc>
<msg timestamp="20221124 23:07:49.448" level="INFO">Slept 3 seconds</msg>
<status status="PASS" starttime="20221124 23:07:46.435" endtime="20221124 23:07:49.448"/>
</kw>
<kw name="Close Browser" library="SeleniumLibrary">
<doc>Closes the current browser.</doc>
<status status="PASS" starttime="20221124 23:07:49.448" endtime="20221124 23:07:51.886"/>
</kw>
<status status="PASS" starttime="20221124 23:07:46.433" endtime="20221124 23:07:51.887"/>
</kw>
<status status="PASS" starttime="20221124 23:07:24.150" endtime="20221124 23:07:51.888"/>
</test>
<test id="s1-t2" name="Finish Project Failed" line="57">
<kw name="Open file Excel">
<kw name="Open Excel" library="ExcelRobot">
<arg>C:\\xampp\\automateTestTeam0\\automateTestTeam0\\ProjectManager\\tets_finishproject\\test_data.xlsx</arg>
<doc>Opens the Excel file to read from the path provided in the file path parameter.</doc>
<msg timestamp="20221124 23:07:51.892" level="INFO">Opening file at C:\xampp\automateTestTeam0\automateTestTeam0\ProjectManager\tets_finishproject\test_data.xlsx</msg>
<status status="PASS" starttime="20221124 23:07:51.892" endtime="20221124 23:07:51.901"/>
</kw>
<status status="PASS" starttime="20221124 23:07:51.891" endtime="20221124 23:07:51.901"/>
</kw>
<kw name="Read Cell Data" library="ExcelRobot">
<var>${Username}</var>
<arg>Project Manager</arg>
<arg>0</arg>
<arg>1</arg>
<doc>Uses the column and row to return the data from that cell.</doc>
<msg timestamp="20221124 23:07:51.903" level="INFO">${Username} = sunisa.su@gmail.com	</msg>
<status status="PASS" starttime="20221124 23:07:51.902" endtime="20221124 23:07:51.903"/>
</kw>
<kw name="Read Cell Data" library="ExcelRobot">
<var>${Password}</var>
<arg>Project Manager</arg>
<arg>1</arg>
<arg>1</arg>
<doc>Uses the column and row to return the data from that cell.</doc>
<msg timestamp="20221124 23:07:51.904" level="INFO">${Password} = sunisa.s</msg>
<status status="PASS" starttime="20221124 23:07:51.904" endtime="20221124 23:07:51.904"/>
</kw>
<kw name="Open Project Monitoring System">
<kw name="Open Browser" library="SeleniumLibrary">
<arg>${URL}</arg>
<arg>${BROWSER}</arg>
<doc>Opens a new browser instance to the optional ``url``.</doc>
<msg timestamp="20221124 23:07:51.906" level="INFO">Opening browser 'Google Chrome' to base url 'http://dekdee2.informatics.buu.ac.th:9080/team0/'.</msg>
<status status="PASS" starttime="20221124 23:07:51.905" endtime="20221124 23:07:56.240"/>
</kw>
<kw name="Maximize Browser Window" library="SeleniumLibrary">
<doc>Maximizes current browser window.</doc>
<status status="PASS" starttime="20221124 23:07:56.241" endtime="20221124 23:07:56.533"/>
</kw>
<status status="PASS" starttime="20221124 23:07:51.905" endtime="20221124 23:07:56.534"/>
</kw>
<kw name="Click Menu Login">
<kw name="Sleep" library="BuiltIn">
<arg>2s</arg>
<doc>Pauses the test executed for the given time.</doc>
<msg timestamp="20221124 23:07:58.541" level="INFO">Slept 2 seconds</msg>
<status status="PASS" starttime="20221124 23:07:56.535" endtime="20221124 23:07:58.541"/>
</kw>
<kw name="Click Element" library="SeleniumLibrary">
<arg>//*[@id="main-wrapper"]/header/nav/div[2]/ul[2]/li/a</arg>
<doc>Click the element identified by ``locator``.</doc>
<msg timestamp="20221124 23:07:58.542" level="INFO">Clicking element '//*[@id="main-wrapper"]/header/nav/div[2]/ul[2]/li/a'.</msg>
<status status="PASS" starttime="20221124 23:07:58.542" endtime="20221124 23:07:59.257"/>
</kw>
<status status="PASS" starttime="20221124 23:07:56.534" endtime="20221124 23:07:59.258"/>
</kw>
<kw name="Sleep" library="BuiltIn">
<arg>1s</arg>
<doc>Pauses the test executed for the given time.</doc>
<msg timestamp="20221124 23:08:00.275" level="INFO">Slept 1 second</msg>
<status status="PASS" starttime="20221124 23:07:59.259" endtime="20221124 23:08:00.275"/>
</kw>
<kw name="Input Text" library="SeleniumLibrary">
<arg>id:u_email</arg>
<arg>${Username}</arg>
<doc>Types the given ``text`` into the text field identified by ``locator``.</doc>
<msg timestamp="20221124 23:08:00.277" level="INFO">Typing text 'sunisa.su@gmail.com	' into text field 'id:u_email'.</msg>
<status status="PASS" starttime="20221124 23:08:00.276" endtime="20221124 23:08:00.512"/>
</kw>
<kw name="Sleep" library="BuiltIn">
<arg>1s</arg>
<doc>Pauses the test executed for the given time.</doc>
<msg timestamp="20221124 23:08:01.517" level="INFO">Slept 1 second</msg>
<status status="PASS" starttime="20221124 23:08:00.513" endtime="20221124 23:08:01.517"/>
</kw>
<kw name="Input Text" library="SeleniumLibrary">
<arg>id:u_password</arg>
<arg>${Password}</arg>
<doc>Types the given ``text`` into the text field identified by ``locator``.</doc>
<msg timestamp="20221124 23:08:01.519" level="INFO">Typing text 'sunisa.s' into text field 'id:u_password'.</msg>
<status status="PASS" starttime="20221124 23:08:01.518" endtime="20221124 23:08:01.641"/>
</kw>
<kw name="Click to Login">
<kw name="Sleep" library="BuiltIn">
<arg>2s</arg>
<doc>Pauses the test executed for the given time.</doc>
<msg timestamp="20221124 23:08:03.653" level="INFO">Slept 2 seconds</msg>
<status status="PASS" starttime="20221124 23:08:01.643" endtime="20221124 23:08:03.653"/>
</kw>
<kw name="Click Element" library="SeleniumLibrary">
<arg>//*[@id="loginBtn"]</arg>
<doc>Click the element identified by ``locator``.</doc>
<msg timestamp="20221124 23:08:03.654" level="INFO">Clicking element '//*[@id="loginBtn"]'.</msg>
<status status="PASS" starttime="20221124 23:08:03.653" endtime="20221124 23:08:03.732"/>
</kw>
<status status="PASS" starttime="20221124 23:08:01.642" endtime="20221124 23:08:03.733"/>
</kw>
<kw name="Click Sidebar Icon">
<kw name="Sleep" library="BuiltIn">
<arg>2s</arg>
<doc>Pauses the test executed for the given time.</doc>
<msg timestamp="20221124 23:08:05.740" level="INFO">Slept 2 seconds</msg>
<status status="PASS" starttime="20221124 23:08:03.735" endtime="20221124 23:08:05.740"/>
</kw>
<kw name="Click Element" library="SeleniumLibrary">
<arg>//*[@id="sidebarnav"]/li[2]/a</arg>
<doc>Click the element identified by ``locator``.</doc>
<msg timestamp="20221124 23:08:05.741" level="INFO">Clicking element '//*[@id="sidebarnav"]/li[2]/a'.</msg>
<status status="PASS" starttime="20221124 23:08:05.740" endtime="20221124 23:08:06.581"/>
</kw>
<status status="PASS" starttime="20221124 23:08:03.734" endtime="20221124 23:08:06.582"/>
</kw>
<kw name="Click file">
<kw name="Sleep" library="BuiltIn">
<arg>2s</arg>
<doc>Pauses the test executed for the given time.</doc>
<msg timestamp="20221124 23:08:08.587" level="INFO">Slept 2 seconds</msg>
<status status="PASS" starttime="20221124 23:08:06.583" endtime="20221124 23:08:08.587"/>
</kw>
<kw name="Click Element" library="SeleniumLibrary">
<arg>xpath = /html/body/div[2]/div/div/div[2]/div/div/div/div/div/div/table/tbody/tr[1]/td[6]/a</arg>
<doc>Click the element identified by ``locator``.</doc>
<msg timestamp="20221124 23:08:08.588" level="INFO">Clicking element 'xpath = /html/body/div[2]/div/div/div[2]/div/div/div/div/div/div/table/tbody/tr[1]/td[6]/a'.</msg>
<status status="PASS" starttime="20221124 23:08:08.587" endtime="20221124 23:08:09.366"/>
</kw>
<status status="PASS" starttime="20221124 23:08:06.582" endtime="20221124 23:08:09.367"/>
</kw>
<kw name="Click finish Project">
<kw name="Sleep" library="BuiltIn">
<arg>2s</arg>
<doc>Pauses the test executed for the given time.</doc>
<msg timestamp="20221124 23:08:11.375" level="INFO">Slept 2 seconds</msg>
<status status="PASS" starttime="20221124 23:08:09.369" endtime="20221124 23:08:11.375"/>
</kw>
<kw name="Click Element" library="SeleniumLibrary">
<arg>xpath = /html/body/div[2]/div/div/div[2]/div/div/div/div/button[2]</arg>
<doc>Click the element identified by ``locator``.</doc>
<msg timestamp="20221124 23:08:11.376" level="INFO">Clicking element 'xpath = /html/body/div[2]/div/div/div[2]/div/div/div/div/button[2]'.</msg>
<status status="PASS" starttime="20221124 23:08:11.375" endtime="20221124 23:08:11.487"/>
</kw>
<status status="PASS" starttime="20221124 23:08:09.368" endtime="20221124 23:08:11.488"/>
</kw>
<kw name="Click not confirm">
<kw name="Sleep" library="BuiltIn">
<arg>2s</arg>
<doc>Pauses the test executed for the given time.</doc>
<msg timestamp="20221124 23:08:13.499" level="INFO">Slept 2 seconds</msg>
<status status="PASS" starttime="20221124 23:08:11.489" endtime="20221124 23:08:13.499"/>
</kw>
<kw name="Click Element" library="SeleniumLibrary">
<arg>//*[@class="swal2-cancel swal2-styled"]</arg>
<doc>Click the element identified by ``locator``.</doc>
<msg timestamp="20221124 23:08:13.500" level="INFO">Clicking element '//*[@class="swal2-cancel swal2-styled"]'.</msg>
<status status="PASS" starttime="20221124 23:08:13.499" endtime="20221124 23:08:13.580"/>
</kw>
<status status="PASS" starttime="20221124 23:08:11.488" endtime="20221124 23:08:13.580"/>
</kw>
<kw name="Close Browser Page">
<kw name="Sleep" library="BuiltIn">
<arg>3s</arg>
<doc>Pauses the test executed for the given time.</doc>
<msg timestamp="20221124 23:08:16.596" level="INFO">Slept 3 seconds</msg>
<status status="PASS" starttime="20221124 23:08:13.582" endtime="20221124 23:08:16.596"/>
</kw>
<kw name="Close Browser" library="SeleniumLibrary">
<doc>Closes the current browser.</doc>
<status status="PASS" starttime="20221124 23:08:16.596" endtime="20221124 23:08:19.014"/>
</kw>
<status status="PASS" starttime="20221124 23:08:13.581" endtime="20221124 23:08:19.015"/>
</kw>
<status status="PASS" starttime="20221124 23:07:51.890" endtime="20221124 23:08:19.015"/>
</test>
<status status="PASS" starttime="20221124 23:07:22.826" endtime="20221124 23:08:19.019"/>
</suite>
<statistics>
<total>
<stat pass="2" fail="0" skip="0">All Tests</stat>
</total>
<tag>
</tag>
<suite>
<stat pass="2" fail="0" skip="0" id="s1" name="FinishProject">FinishProject</stat>
</suite>
</statistics>
<errors>
</errors>
</robot>
