<?xml version="1.0" encoding="UTF-8"?>
<robot generator="Robot 5.0.1 (Python 3.10.5 on win32)" generated="20230210 23:47:54.610" rpa="false" schemaversion="3">
<suite id="s1" name="TestLogoutEmployee" source="C:\Automate Test\Test_PMS\automateTestTeam0\employee1\test_logout\TestLogoutEmployee.robot">
<test id="s1-t1" name="Logout Employee Success" line="32">
<kw name="Open file Excel">
<kw name="Open Excel" library="ExcelRobot">
<arg>C:\\Automate Test\\Test_PMS\\automateTestTeam0\\employee1\\test_logout\\test_data.xlsx</arg>
<doc>Opens the Excel file to read from the path provided in the file path parameter.</doc>
<msg timestamp="20230210 23:47:55.028" level="INFO">Opening file at C:\Automate Test\Test_PMS\automateTestTeam0\employee1\test_logout\test_data.xlsx</msg>
<status status="PASS" starttime="20230210 23:47:55.028" endtime="20230210 23:47:55.043"/>
</kw>
<status status="PASS" starttime="20230210 23:47:55.028" endtime="20230210 23:47:55.043"/>
</kw>
<kw name="Read Cell Data" library="ExcelRobot">
<var>${Username}</var>
<arg>Employee</arg>
<arg>0</arg>
<arg>1</arg>
<doc>Uses the column and row to return the data from that cell.</doc>
<msg timestamp="20230210 23:47:55.044" level="INFO">${Username} = suchada1512@gmail.com</msg>
<status status="PASS" starttime="20230210 23:47:55.044" endtime="20230210 23:47:55.044"/>
</kw>
<kw name="Read Cell Data" library="ExcelRobot">
<var>${Password}</var>
<arg>Employee</arg>
<arg>1</arg>
<arg>1</arg>
<doc>Uses the column and row to return the data from that cell.</doc>
<msg timestamp="20230210 23:47:55.044" level="INFO">${Password} = suchada</msg>
<status status="PASS" starttime="20230210 23:47:55.044" endtime="20230210 23:47:55.044"/>
</kw>
<kw name="Open Project Monitoring System">
<kw name="Open Browser" library="SeleniumLibrary">
<arg>${URL}</arg>
<arg>${BROWSER}</arg>
<doc>Opens a new browser instance to the optional ``url``.</doc>
<msg timestamp="20230210 23:47:55.046" level="INFO">Opening browser 'Google Chrome' to base url 'http://dekdee2.informatics.buu.ac.th:9080/team0/'.</msg>
<status status="PASS" starttime="20230210 23:47:55.044" endtime="20230210 23:47:57.309"/>
</kw>
<kw name="Maximize Browser Window" library="SeleniumLibrary">
<doc>Maximizes current browser window.</doc>
<status status="PASS" starttime="20230210 23:47:57.309" endtime="20230210 23:47:57.442"/>
</kw>
<status status="PASS" starttime="20230210 23:47:55.044" endtime="20230210 23:47:57.442"/>
</kw>
<kw name="Click Menu Login">
<kw name="Sleep" library="BuiltIn">
<arg>2s</arg>
<doc>Pauses the test executed for the given time.</doc>
<msg timestamp="20230210 23:47:59.446" level="INFO">Slept 2 seconds</msg>
<status status="PASS" starttime="20230210 23:47:57.443" endtime="20230210 23:47:59.446"/>
</kw>
<kw name="Click Element" library="SeleniumLibrary">
<arg>//*[@class="nav-link waves-effect waves-dark profile-pic fs-5"]</arg>
<doc>Click the element identified by ``locator``.</doc>
<msg timestamp="20230210 23:47:59.447" level="INFO">Clicking element '//*[@class="nav-link waves-effect waves-dark profile-pic fs-5"]'.</msg>
<status status="PASS" starttime="20230210 23:47:59.446" endtime="20230210 23:47:59.489"/>
</kw>
<status status="PASS" starttime="20230210 23:47:57.442" endtime="20230210 23:47:59.489"/>
</kw>
<kw name="Sleep" library="BuiltIn">
<arg>1s</arg>
<doc>Pauses the test executed for the given time.</doc>
<msg timestamp="20230210 23:48:00.504" level="INFO">Slept 1 second</msg>
<status status="PASS" starttime="20230210 23:47:59.489" endtime="20230210 23:48:00.504"/>
</kw>
<kw name="Input Text" library="SeleniumLibrary">
<arg>id:u_email</arg>
<arg>${Username}</arg>
<doc>Types the given ``text`` into the text field identified by ``locator``.</doc>
<msg timestamp="20230210 23:48:00.505" level="INFO">Typing text 'suchada1512@gmail.com' into text field 'id:u_email'.</msg>
<status status="PASS" starttime="20230210 23:48:00.505" endtime="20230210 23:48:00.605"/>
</kw>
<kw name="Sleep" library="BuiltIn">
<arg>1s</arg>
<doc>Pauses the test executed for the given time.</doc>
<msg timestamp="20230210 23:48:01.608" level="INFO">Slept 1 second</msg>
<status status="PASS" starttime="20230210 23:48:00.606" endtime="20230210 23:48:01.608"/>
</kw>
<kw name="Input Text" library="SeleniumLibrary">
<arg>id:u_password</arg>
<arg>${Password}</arg>
<doc>Types the given ``text`` into the text field identified by ``locator``.</doc>
<msg timestamp="20230210 23:48:01.609" level="INFO">Typing text 'suchada' into text field 'id:u_password'.</msg>
<status status="PASS" starttime="20230210 23:48:01.608" endtime="20230210 23:48:01.690"/>
</kw>
<kw name="Click to Login">
<kw name="Sleep" library="BuiltIn">
<arg>2s</arg>
<doc>Pauses the test executed for the given time.</doc>
<msg timestamp="20230210 23:48:03.707" level="INFO">Slept 2 seconds</msg>
<status status="PASS" starttime="20230210 23:48:01.691" endtime="20230210 23:48:03.707"/>
</kw>
<kw name="Click Element" library="SeleniumLibrary">
<arg>//*[@id="loginBtn"]</arg>
<doc>Click the element identified by ``locator``.</doc>
<msg timestamp="20230210 23:48:03.707" level="INFO">Clicking element '//*[@id="loginBtn"]'.</msg>
<status status="PASS" starttime="20230210 23:48:03.707" endtime="20230210 23:48:03.748"/>
</kw>
<status status="PASS" starttime="20230210 23:48:01.690" endtime="20230210 23:48:03.749"/>
</kw>
<kw name="Click Dropdown Icon">
<kw name="Sleep" library="BuiltIn">
<arg>2s</arg>
<doc>Pauses the test executed for the given time.</doc>
<msg timestamp="20230210 23:48:05.764" level="INFO">Slept 2 seconds</msg>
<status status="PASS" starttime="20230210 23:48:03.749" endtime="20230210 23:48:05.764"/>
</kw>
<kw name="Click Element" library="SeleniumLibrary">
<arg>//*[@id="main-wrapper"]/header/nav/div[2]/ul[2]/li/a</arg>
<doc>Click the element identified by ``locator``.</doc>
<msg timestamp="20230210 23:48:05.766" level="INFO">Clicking element '//*[@id="main-wrapper"]/header/nav/div[2]/ul[2]/li/a'.</msg>
<status status="PASS" starttime="20230210 23:48:05.764" endtime="20230210 23:48:05.811"/>
</kw>
<status status="PASS" starttime="20230210 23:48:03.749" endtime="20230210 23:48:05.812"/>
</kw>
<kw name="Click Logout">
<kw name="Sleep" library="BuiltIn">
<arg>2s</arg>
<doc>Pauses the test executed for the given time.</doc>
<msg timestamp="20230210 23:48:07.821" level="INFO">Slept 2 seconds</msg>
<status status="PASS" starttime="20230210 23:48:05.812" endtime="20230210 23:48:07.821"/>
</kw>
<kw name="Click Element" library="SeleniumLibrary">
<arg>//*[@id="main-wrapper"]/header/nav/div[2]/ul[2]/li/div/a[3]</arg>
<doc>Click the element identified by ``locator``.</doc>
<msg timestamp="20230210 23:48:07.822" level="INFO">Clicking element '//*[@id="main-wrapper"]/header/nav/div[2]/ul[2]/li/div/a[3]'.</msg>
<status status="PASS" starttime="20230210 23:48:07.821" endtime="20230210 23:48:08.151"/>
</kw>
<status status="PASS" starttime="20230210 23:48:05.812" endtime="20230210 23:48:08.151"/>
</kw>
<kw name="Close Browser Page">
<kw name="Sleep" library="BuiltIn">
<arg>3s</arg>
<doc>Pauses the test executed for the given time.</doc>
<msg timestamp="20230210 23:48:11.154" level="INFO">Slept 3 seconds</msg>
<status status="PASS" starttime="20230210 23:48:08.152" endtime="20230210 23:48:11.154"/>
</kw>
<kw name="Close Browser" library="SeleniumLibrary">
<doc>Closes the current browser.</doc>
<status status="PASS" starttime="20230210 23:48:11.154" endtime="20230210 23:48:13.306"/>
</kw>
<status status="PASS" starttime="20230210 23:48:08.152" endtime="20230210 23:48:13.307"/>
</kw>
<status status="PASS" starttime="20230210 23:47:55.027" endtime="20230210 23:48:13.307"/>
</test>
<status status="PASS" starttime="20230210 23:47:54.612" endtime="20230210 23:48:13.309"/>
</suite>
<statistics>
<total>
<stat pass="1" fail="0" skip="0">All Tests</stat>
</total>
<tag>
</tag>
<suite>
<stat pass="1" fail="0" skip="0" id="s1" name="TestLogoutEmployee">TestLogoutEmployee</stat>
</suite>
</statistics>
<errors>
</errors>
</robot>
