<?xml version="1.0" encoding="UTF-8"?>
<robot generator="Robot 5.0.1 (Python 3.10.5 on win32)" generated="20230213 21:48:32.542" rpa="false" schemaversion="3">
<suite id="s1" name="TestLogoutEmployee" source="C:\Automate Test\Test_PMS\automateTestTeam0\employee1\test_logout\TestLogoutEmployee.robot">
<test id="s1-t1" name="Logout Employee Success" line="32">
<kw name="Open file Excel">
<kw name="Open Excel" library="ExcelRobot">
<arg>C:\\Automate Test\\Test_PMS\\automateTestTeam0\\employee1\\test_logout\\test_data.xlsx</arg>
<doc>Opens the Excel file to read from the path provided in the file path parameter.</doc>
<msg timestamp="20230213 21:48:33.938" level="INFO">Opening file at C:\Automate Test\Test_PMS\automateTestTeam0\employee1\test_logout\test_data.xlsx</msg>
<status status="PASS" starttime="20230213 21:48:33.938" endtime="20230213 21:48:33.946"/>
</kw>
<status status="PASS" starttime="20230213 21:48:33.937" endtime="20230213 21:48:33.948"/>
</kw>
<kw name="Read Cell Data" library="ExcelRobot">
<var>${Username}</var>
<arg>Employee</arg>
<arg>0</arg>
<arg>1</arg>
<doc>Uses the column and row to return the data from that cell.</doc>
<msg timestamp="20230213 21:48:33.949" level="INFO">${Username} = suchada1512@gmail.com</msg>
<status status="PASS" starttime="20230213 21:48:33.949" endtime="20230213 21:48:33.950"/>
</kw>
<kw name="Read Cell Data" library="ExcelRobot">
<var>${Password}</var>
<arg>Employee</arg>
<arg>1</arg>
<arg>1</arg>
<doc>Uses the column and row to return the data from that cell.</doc>
<msg timestamp="20230213 21:48:33.952" level="INFO">${Password} = suchada</msg>
<status status="PASS" starttime="20230213 21:48:33.951" endtime="20230213 21:48:33.952"/>
</kw>
<kw name="Open Project Monitoring System">
<kw name="Open Browser" library="SeleniumLibrary">
<arg>${URL}</arg>
<arg>${BROWSER}</arg>
<doc>Opens a new browser instance to the optional ``url``.</doc>
<msg timestamp="20230213 21:48:33.955" level="INFO">Opening browser 'Google Chrome' to base url 'http://dekdee2.informatics.buu.ac.th:9080/team0/'.</msg>
<status status="PASS" starttime="20230213 21:48:33.954" endtime="20230213 21:48:37.845"/>
</kw>
<kw name="Maximize Browser Window" library="SeleniumLibrary">
<doc>Maximizes current browser window.</doc>
<status status="PASS" starttime="20230213 21:48:37.846" endtime="20230213 21:48:38.018"/>
</kw>
<status status="PASS" starttime="20230213 21:48:33.953" endtime="20230213 21:48:38.018"/>
</kw>
<kw name="Click Menu Login">
<kw name="Sleep" library="BuiltIn">
<arg>2s</arg>
<doc>Pauses the test executed for the given time.</doc>
<msg timestamp="20230213 21:48:40.029" level="INFO">Slept 2 seconds</msg>
<status status="PASS" starttime="20230213 21:48:38.020" endtime="20230213 21:48:40.029"/>
</kw>
<kw name="Click Element" library="SeleniumLibrary">
<arg>//*[@class="nav-link waves-effect waves-dark profile-pic fs-5"]</arg>
<doc>Click the element identified by ``locator``.</doc>
<msg timestamp="20230213 21:48:40.031" level="INFO">Clicking element '//*[@class="nav-link waves-effect waves-dark profile-pic fs-5"]'.</msg>
<status status="PASS" starttime="20230213 21:48:40.029" endtime="20230213 21:48:40.188"/>
</kw>
<status status="PASS" starttime="20230213 21:48:38.019" endtime="20230213 21:48:40.188"/>
</kw>
<kw name="Sleep" library="BuiltIn">
<arg>1s</arg>
<doc>Pauses the test executed for the given time.</doc>
<msg timestamp="20230213 21:48:41.202" level="INFO">Slept 1 second</msg>
<status status="PASS" starttime="20230213 21:48:40.191" endtime="20230213 21:48:41.202"/>
</kw>
<kw name="Input Text" library="SeleniumLibrary">
<arg>//*[@id="u_email"]</arg>
<arg>${Username}</arg>
<doc>Types the given ``text`` into the text field identified by ``locator``.</doc>
<msg timestamp="20230213 21:48:41.203" level="INFO">Typing text 'suchada1512@gmail.com' into text field '//*[@id="u_email"]'.</msg>
<status status="PASS" starttime="20230213 21:48:41.203" endtime="20230213 21:48:41.450"/>
</kw>
<kw name="Sleep" library="BuiltIn">
<arg>1s</arg>
<doc>Pauses the test executed for the given time.</doc>
<msg timestamp="20230213 21:48:42.465" level="INFO">Slept 1 second</msg>
<status status="PASS" starttime="20230213 21:48:41.451" endtime="20230213 21:48:42.465"/>
</kw>
<kw name="Input Text" library="SeleniumLibrary">
<arg>//*[@id="u_password"]</arg>
<arg>${Password}</arg>
<doc>Types the given ``text`` into the text field identified by ``locator``.</doc>
<msg timestamp="20230213 21:48:42.466" level="INFO">Typing text 'suchada' into text field '//*[@id="u_password"]'.</msg>
<status status="PASS" starttime="20230213 21:48:42.466" endtime="20230213 21:48:42.633"/>
</kw>
<kw name="Click to Login">
<kw name="Sleep" library="BuiltIn">
<arg>2s</arg>
<doc>Pauses the test executed for the given time.</doc>
<msg timestamp="20230213 21:48:44.643" level="INFO">Slept 2 seconds</msg>
<status status="PASS" starttime="20230213 21:48:42.636" endtime="20230213 21:48:44.643"/>
</kw>
<kw name="Click Element" library="SeleniumLibrary">
<arg>//*[@id="loginBtn"]</arg>
<doc>Click the element identified by ``locator``.</doc>
<msg timestamp="20230213 21:48:44.644" level="INFO">Clicking element '//*[@id="loginBtn"]'.</msg>
<status status="PASS" starttime="20230213 21:48:44.643" endtime="20230213 21:48:44.753"/>
</kw>
<status status="PASS" starttime="20230213 21:48:42.635" endtime="20230213 21:48:44.754"/>
</kw>
<kw name="Click Dropdown Icon">
<kw name="Sleep" library="BuiltIn">
<arg>2s</arg>
<doc>Pauses the test executed for the given time.</doc>
<msg timestamp="20230213 21:48:46.764" level="INFO">Slept 2 seconds</msg>
<status status="PASS" starttime="20230213 21:48:44.755" endtime="20230213 21:48:46.764"/>
</kw>
<kw name="Click Element" library="SeleniumLibrary">
<arg>//*[@id="main-wrapper"]/header/nav/div[2]/ul[2]/li/a</arg>
<doc>Click the element identified by ``locator``.</doc>
<msg timestamp="20230213 21:48:46.765" level="INFO">Clicking element '//*[@id="main-wrapper"]/header/nav/div[2]/ul[2]/li/a'.</msg>
<status status="PASS" starttime="20230213 21:48:46.764" endtime="20230213 21:48:48.815"/>
</kw>
<status status="PASS" starttime="20230213 21:48:44.754" endtime="20230213 21:48:48.816"/>
</kw>
<kw name="Click Logout">
<kw name="Sleep" library="BuiltIn">
<arg>2s</arg>
<doc>Pauses the test executed for the given time.</doc>
<msg timestamp="20230213 21:48:50.832" level="INFO">Slept 2 seconds</msg>
<status status="PASS" starttime="20230213 21:48:48.817" endtime="20230213 21:48:50.832"/>
</kw>
<kw name="Click Element" library="SeleniumLibrary">
<arg>//*[@id="main-wrapper"]/header/nav/div[2]/ul[2]/li/div/a[3]</arg>
<doc>Click the element identified by ``locator``.</doc>
<msg timestamp="20230213 21:48:50.833" level="INFO">Clicking element '//*[@id="main-wrapper"]/header/nav/div[2]/ul[2]/li/div/a[3]'.</msg>
<status status="PASS" starttime="20230213 21:48:50.832" endtime="20230213 21:48:51.655"/>
</kw>
<status status="PASS" starttime="20230213 21:48:48.817" endtime="20230213 21:48:51.655"/>
</kw>
<kw name="Close Browser Page">
<kw name="Sleep" library="BuiltIn">
<arg>3s</arg>
<doc>Pauses the test executed for the given time.</doc>
<msg timestamp="20230213 21:48:54.666" level="INFO">Slept 3 seconds</msg>
<status status="PASS" starttime="20230213 21:48:51.657" endtime="20230213 21:48:54.666"/>
</kw>
<kw name="Close Browser" library="SeleniumLibrary">
<doc>Closes the current browser.</doc>
<status status="PASS" starttime="20230213 21:48:54.666" endtime="20230213 21:48:57.343"/>
</kw>
<status status="PASS" starttime="20230213 21:48:51.656" endtime="20230213 21:48:57.343"/>
</kw>
<status status="PASS" starttime="20230213 21:48:33.934" endtime="20230213 21:48:57.345"/>
</test>
<status status="PASS" starttime="20230213 21:48:32.546" endtime="20230213 21:48:57.348"/>
</suite>
<statistics>
<total>
<stat pass="1" fail="0" skip="0">All Tests</stat>
</total>
<tag>
</tag>
<suite>
<stat pass="1" fail="0" skip="0" id="s1" name="TestLogoutEmployee">TestLogoutEmployee</stat>
</suite>
</statistics>
<errors>
</errors>
</robot>
