<?xml version="1.0" encoding="UTF-8"?>
<robot generator="Robot 5.0.1 (Python 3.10.5 on win32)" generated="20230220 23:09:56.499" rpa="false" schemaversion="3">
<suite id="s1" name="TestExportPDFEmployee" source="C:\xampp\htdocs\automateTestTeam0\employee1\test_export_pdf\TestExportPDFEmployee.robot">
<test id="s1-t1" name="Export All are Project Success" line="34">
<kw name="Open file Excel">
<kw name="Open Excel" library="ExcelRobot">
<arg>C:\\xampp\\htdocs\\automateTestTeam0\\employee1\\test_export_pdf\\test_data.xlsx</arg>
<doc>Opens the Excel file to read from the path provided in the file path parameter.</doc>
<msg timestamp="20230220 23:09:56.939" level="INFO">Opening file at C:\xampp\htdocs\automateTestTeam0\employee1\test_export_pdf\test_data.xlsx</msg>
<status status="PASS" starttime="20230220 23:09:56.939" endtime="20230220 23:09:56.950"/>
</kw>
<status status="PASS" starttime="20230220 23:09:56.939" endtime="20230220 23:09:56.950"/>
</kw>
<kw name="Read Cell Data" library="ExcelRobot">
<var>${Username}</var>
<arg>Employee</arg>
<arg>0</arg>
<arg>1</arg>
<doc>Uses the column and row to return the data from that cell.</doc>
<msg timestamp="20230220 23:09:56.952" level="INFO">${Username} = suchada1512@gmail.com</msg>
<status status="PASS" starttime="20230220 23:09:56.950" endtime="20230220 23:09:56.952"/>
</kw>
<kw name="Read Cell Data" library="ExcelRobot">
<var>${Password}</var>
<arg>Employee</arg>
<arg>1</arg>
<arg>1</arg>
<doc>Uses the column and row to return the data from that cell.</doc>
<msg timestamp="20230220 23:09:56.953" level="INFO">${Password} = suchada</msg>
<status status="PASS" starttime="20230220 23:09:56.952" endtime="20230220 23:09:56.953"/>
</kw>
<kw name="Open Project Monitoring System">
<kw name="Open Browser" library="SeleniumLibrary">
<arg>${URL}</arg>
<arg>${BROWSER}</arg>
<doc>Opens a new browser instance to the optional ``url``.</doc>
<msg timestamp="20230220 23:09:56.953" level="INFO">Opening browser 'Google Chrome' to base url 'http://dekdee2.informatics.buu.ac.th:9080/team0/'.</msg>
<status status="PASS" starttime="20230220 23:09:56.953" endtime="20230220 23:09:59.165"/>
</kw>
<kw name="Maximize Browser Window" library="SeleniumLibrary">
<doc>Maximizes current browser window.</doc>
<status status="PASS" starttime="20230220 23:09:59.166" endtime="20230220 23:09:59.579"/>
</kw>
<status status="PASS" starttime="20230220 23:09:56.953" endtime="20230220 23:09:59.580"/>
</kw>
<kw name="Click Menu Login">
<kw name="Sleep" library="BuiltIn">
<arg>2s</arg>
<doc>Pauses the test executed for the given time.</doc>
<msg timestamp="20230220 23:10:01.611" level="INFO">Slept 2 seconds</msg>
<status status="PASS" starttime="20230220 23:09:59.599" endtime="20230220 23:10:01.611"/>
</kw>
<kw name="Click Element" library="SeleniumLibrary">
<arg>//*[@class="nav-link waves-effect waves-dark profile-pic fs-5"]</arg>
<doc>Click the element identified by ``locator``.</doc>
<msg timestamp="20230220 23:10:01.611" level="INFO">Clicking element '//*[@class="nav-link waves-effect waves-dark profile-pic fs-5"]'.</msg>
<status status="PASS" starttime="20230220 23:10:01.611" endtime="20230220 23:10:01.656"/>
</kw>
<status status="PASS" starttime="20230220 23:09:59.595" endtime="20230220 23:10:01.656"/>
</kw>
<kw name="Sleep" library="BuiltIn">
<arg>1s</arg>
<doc>Pauses the test executed for the given time.</doc>
<msg timestamp="20230220 23:10:02.657" level="INFO">Slept 1 second</msg>
<status status="PASS" starttime="20230220 23:10:01.657" endtime="20230220 23:10:02.657"/>
</kw>
<kw name="Input Text" library="SeleniumLibrary">
<arg>//*[@id="u_email"]</arg>
<arg>${Username}</arg>
<doc>Types the given ``text`` into the text field identified by ``locator``.</doc>
<msg timestamp="20230220 23:10:02.658" level="INFO">Typing text 'suchada1512@gmail.com' into text field '//*[@id="u_email"]'.</msg>
<status status="PASS" starttime="20230220 23:10:02.658" endtime="20230220 23:10:02.764"/>
</kw>
<kw name="Sleep" library="BuiltIn">
<arg>1s</arg>
<doc>Pauses the test executed for the given time.</doc>
<msg timestamp="20230220 23:10:03.768" level="INFO">Slept 1 second</msg>
<status status="PASS" starttime="20230220 23:10:02.765" endtime="20230220 23:10:03.768"/>
</kw>
<kw name="Input Text" library="SeleniumLibrary">
<arg>//*[@id="u_password"]</arg>
<arg>${Password}</arg>
<doc>Types the given ``text`` into the text field identified by ``locator``.</doc>
<msg timestamp="20230220 23:10:03.769" level="INFO">Typing text 'suchada' into text field '//*[@id="u_password"]'.</msg>
<status status="PASS" starttime="20230220 23:10:03.769" endtime="20230220 23:10:03.876"/>
</kw>
<kw name="Click to Login">
<kw name="Sleep" library="BuiltIn">
<arg>2s</arg>
<doc>Pauses the test executed for the given time.</doc>
<msg timestamp="20230220 23:10:05.887" level="INFO">Slept 2 seconds</msg>
<status status="PASS" starttime="20230220 23:10:03.877" endtime="20230220 23:10:05.887"/>
</kw>
<kw name="Click Element" library="SeleniumLibrary">
<arg>//*[@id="loginBtn"]</arg>
<doc>Click the element identified by ``locator``.</doc>
<msg timestamp="20230220 23:10:05.887" level="INFO">Clicking element '//*[@id="loginBtn"]'.</msg>
<status status="PASS" starttime="20230220 23:10:05.887" endtime="20230220 23:10:05.927"/>
</kw>
<status status="PASS" starttime="20230220 23:10:03.876" endtime="20230220 23:10:05.927"/>
</kw>
<kw name="Click Sidebar Resiponse Project">
<kw name="Sleep" library="BuiltIn">
<arg>2s</arg>
<doc>Pauses the test executed for the given time.</doc>
<msg timestamp="20230220 23:10:07.929" level="INFO">Slept 2 seconds</msg>
<status status="PASS" starttime="20230220 23:10:05.928" endtime="20230220 23:10:07.929"/>
</kw>
<kw name="Click Element" library="SeleniumLibrary">
<arg>//*[@id="sidebarnav"]/li[2]/a/i</arg>
<doc>Click the element identified by ``locator``.</doc>
<msg timestamp="20230220 23:10:07.929" level="INFO">Clicking element '//*[@id="sidebarnav"]/li[2]/a/i'.</msg>
<status status="PASS" starttime="20230220 23:10:07.929" endtime="20230220 23:10:07.984"/>
</kw>
<status status="PASS" starttime="20230220 23:10:05.927" endtime="20230220 23:10:07.985"/>
</kw>
<kw name="Click Project Responsibility">
<kw name="Sleep" library="BuiltIn">
<arg>2s</arg>
<doc>Pauses the test executed for the given time.</doc>
<msg timestamp="20230220 23:10:09.996" level="INFO">Slept 2 seconds</msg>
<status status="PASS" starttime="20230220 23:10:07.987" endtime="20230220 23:10:09.996"/>
</kw>
<kw name="Click Element" library="SeleniumLibrary">
<arg>//*[@id="sidebarnav"]/li[2]/ul/li/a</arg>
<doc>Click the element identified by ``locator``.</doc>
<msg timestamp="20230220 23:10:09.996" level="INFO">Clicking element '//*[@id="sidebarnav"]/li[2]/ul/li/a'.</msg>
<status status="PASS" starttime="20230220 23:10:09.996" endtime="20230220 23:10:10.382"/>
</kw>
<status status="PASS" starttime="20230220 23:10:07.986" endtime="20230220 23:10:10.382"/>
</kw>
<kw name="Click Button to Export PDF">
<kw name="Sleep" library="BuiltIn">
<arg>2s</arg>
<doc>Pauses the test executed for the given time.</doc>
<msg timestamp="20230220 23:10:12.388" level="INFO">Slept 2 seconds</msg>
<status status="PASS" starttime="20230220 23:10:10.383" endtime="20230220 23:10:12.388"/>
</kw>
<kw name="Click Element" library="SeleniumLibrary">
<arg>xpath=/html/body/div[2]/div/div/div[2]/div/div/div/div/div/div/div[1]/button[2]</arg>
<doc>Click the element identified by ``locator``.</doc>
<msg timestamp="20230220 23:10:12.388" level="INFO">Clicking element 'xpath=/html/body/div[2]/div/div/div[2]/div/div/div/div/div/div/div[1]/button[2]'.</msg>
<status status="PASS" starttime="20230220 23:10:12.388" endtime="20230220 23:10:12.568"/>
</kw>
<status status="PASS" starttime="20230220 23:10:10.383" endtime="20230220 23:10:12.569"/>
</kw>
<kw name="Close Browser Page">
<kw name="Sleep" library="BuiltIn">
<arg>3s</arg>
<doc>Pauses the test executed for the given time.</doc>
<msg timestamp="20230220 23:10:15.576" level="INFO">Slept 3 seconds</msg>
<status status="PASS" starttime="20230220 23:10:12.571" endtime="20230220 23:10:15.576"/>
</kw>
<kw name="Close Browser" library="SeleniumLibrary">
<doc>Closes the current browser.</doc>
<status status="PASS" starttime="20230220 23:10:15.577" endtime="20230220 23:10:17.869"/>
</kw>
<status status="PASS" starttime="20230220 23:10:12.570" endtime="20230220 23:10:17.869"/>
</kw>
<status status="PASS" starttime="20230220 23:09:56.938" endtime="20230220 23:10:17.871"/>
</test>
<status status="PASS" starttime="20230220 23:09:56.500" endtime="20230220 23:10:17.873"/>
</suite>
<statistics>
<total>
<stat pass="1" fail="0" skip="0">All Tests</stat>
</total>
<tag>
</tag>
<suite>
<stat pass="1" fail="0" skip="0" id="s1" name="TestExportPDFEmployee">TestExportPDFEmployee</stat>
</suite>
</statistics>
<errors>
</errors>
</robot>
