<?xml version="1.0" encoding="UTF-8"?>
<robot generator="Robot 5.0.1 (Python 3.10.5 on win32)" generated="20221121 22:25:26.032" rpa="false" schemaversion="3">
<suite id="s1" name="TestExportPDFEmployee" source="C:\xampp\htdocs\automateTestTeam0\Employee\test_export_pdf\TestExportPDFEmployee.robot">
<test id="s1-t1" name="Export All are Project Success" line="36">
<kw name="Open file Excel">
<kw name="Open Excel" library="ExcelRobot">
<arg>C:\\xampp\\htdocs\\automateTestTeam0\\Employee\\test_export_pdf\\test_data.xlsx</arg>
<doc>Opens the Excel file to read from the path provided in the file path parameter.</doc>
<msg timestamp="20221121 22:25:27.100" level="INFO">Opening file at C:\xampp\htdocs\automateTestTeam0\Employee\test_export_pdf\test_data.xlsx</msg>
<status status="PASS" starttime="20221121 22:25:27.100" endtime="20221121 22:25:27.108"/>
</kw>
<status status="PASS" starttime="20221121 22:25:27.100" endtime="20221121 22:25:27.108"/>
</kw>
<kw name="Read Cell Data" library="ExcelRobot">
<var>${Username}</var>
<arg>Employee</arg>
<arg>0</arg>
<arg>1</arg>
<doc>Uses the column and row to return the data from that cell.</doc>
<msg timestamp="20221121 22:25:27.108" level="INFO">${Username} = suchada1512@gmail.com</msg>
<status status="PASS" starttime="20221121 22:25:27.108" endtime="20221121 22:25:27.108"/>
</kw>
<kw name="Read Cell Data" library="ExcelRobot">
<var>${Password}</var>
<arg>Employee</arg>
<arg>1</arg>
<arg>1</arg>
<doc>Uses the column and row to return the data from that cell.</doc>
<msg timestamp="20221121 22:25:27.108" level="INFO">${Password} = suchada</msg>
<status status="PASS" starttime="20221121 22:25:27.108" endtime="20221121 22:25:27.108"/>
</kw>
<kw name="Open Project Monitoring System">
<kw name="Open Browser" library="SeleniumLibrary">
<arg>${URL}</arg>
<arg>${BROWSER}</arg>
<doc>Opens a new browser instance to the optional ``url``.</doc>
<msg timestamp="20221121 22:25:27.108" level="INFO">Opening browser 'Google Chrome' to base url 'http://dekdee2.informatics.buu.ac.th:9080/team0/'.</msg>
<status status="PASS" starttime="20221121 22:25:27.108" endtime="20221121 22:25:30.392"/>
</kw>
<kw name="Maximize Browser Window" library="SeleniumLibrary">
<doc>Maximizes current browser window.</doc>
<status status="PASS" starttime="20221121 22:25:30.392" endtime="20221121 22:25:30.583"/>
</kw>
<status status="PASS" starttime="20221121 22:25:27.108" endtime="20221121 22:25:30.583"/>
</kw>
<kw name="Click Menu Login">
<kw name="Sleep" library="BuiltIn">
<arg>2s</arg>
<doc>Pauses the test executed for the given time.</doc>
<msg timestamp="20221121 22:25:32.587" level="INFO">Slept 2 seconds</msg>
<status status="PASS" starttime="20221121 22:25:30.583" endtime="20221121 22:25:32.587"/>
</kw>
<kw name="Click Element" library="SeleniumLibrary">
<arg>//*[@id="main-wrapper"]/header/nav/div[2]/ul[2]/li/a</arg>
<doc>Click the element identified by ``locator``.</doc>
<msg timestamp="20221121 22:25:32.587" level="INFO">Clicking element '//*[@id="main-wrapper"]/header/nav/div[2]/ul[2]/li/a'.</msg>
<status status="PASS" starttime="20221121 22:25:32.587" endtime="20221121 22:25:33.032"/>
</kw>
<status status="PASS" starttime="20221121 22:25:30.583" endtime="20221121 22:25:33.032"/>
</kw>
<kw name="Sleep" library="BuiltIn">
<arg>1s</arg>
<doc>Pauses the test executed for the given time.</doc>
<msg timestamp="20221121 22:25:34.038" level="INFO">Slept 1 second</msg>
<status status="PASS" starttime="20221121 22:25:33.032" endtime="20221121 22:25:34.038"/>
</kw>
<kw name="Input Text" library="SeleniumLibrary">
<arg>id:u_email</arg>
<arg>${Username}</arg>
<doc>Types the given ``text`` into the text field identified by ``locator``.</doc>
<msg timestamp="20221121 22:25:34.038" level="INFO">Typing text 'suchada1512@gmail.com' into text field 'id:u_email'.</msg>
<status status="PASS" starttime="20221121 22:25:34.038" endtime="20221121 22:25:34.253"/>
</kw>
<kw name="Sleep" library="BuiltIn">
<arg>1s</arg>
<doc>Pauses the test executed for the given time.</doc>
<msg timestamp="20221121 22:25:35.267" level="INFO">Slept 1 second</msg>
<status status="PASS" starttime="20221121 22:25:34.253" endtime="20221121 22:25:35.267"/>
</kw>
<kw name="Input Text" library="SeleniumLibrary">
<arg>id:u_password</arg>
<arg>${Password}</arg>
<doc>Types the given ``text`` into the text field identified by ``locator``.</doc>
<msg timestamp="20221121 22:25:35.273" level="INFO">Typing text 'suchada' into text field 'id:u_password'.</msg>
<status status="PASS" starttime="20221121 22:25:35.273" endtime="20221121 22:25:35.428"/>
</kw>
<kw name="Click to Login">
<kw name="Sleep" library="BuiltIn">
<arg>2s</arg>
<doc>Pauses the test executed for the given time.</doc>
<msg timestamp="20221121 22:25:37.443" level="INFO">Slept 2 seconds</msg>
<status status="PASS" starttime="20221121 22:25:35.428" endtime="20221121 22:25:37.443"/>
</kw>
<kw name="Click Element" library="SeleniumLibrary">
<arg>//*[@id="loginBtn"]</arg>
<doc>Click the element identified by ``locator``.</doc>
<msg timestamp="20221121 22:25:37.443" level="INFO">Clicking element '//*[@id="loginBtn"]'.</msg>
<status status="PASS" starttime="20221121 22:25:37.443" endtime="20221121 22:25:37.492"/>
</kw>
<status status="PASS" starttime="20221121 22:25:35.428" endtime="20221121 22:25:37.492"/>
</kw>
<kw name="Click Sidebar Resiponse Project">
<kw name="Sleep" library="BuiltIn">
<arg>2s</arg>
<doc>Pauses the test executed for the given time.</doc>
<msg timestamp="20221121 22:25:39.504" level="INFO">Slept 2 seconds</msg>
<status status="PASS" starttime="20221121 22:25:37.492" endtime="20221121 22:25:39.504"/>
</kw>
<kw name="Click Element" library="SeleniumLibrary">
<arg>//*[@id="sidebarnav"]/li[2]/a/i</arg>
<doc>Click the element identified by ``locator``.</doc>
<msg timestamp="20221121 22:25:39.504" level="INFO">Clicking element '//*[@id="sidebarnav"]/li[2]/a/i'.</msg>
<status status="PASS" starttime="20221121 22:25:39.504" endtime="20221121 22:25:39.968"/>
</kw>
<status status="PASS" starttime="20221121 22:25:37.492" endtime="20221121 22:25:39.968"/>
</kw>
<kw name="Sleep" library="BuiltIn">
<arg>1s</arg>
<doc>Pauses the test executed for the given time.</doc>
<msg timestamp="20221121 22:25:40.988" level="INFO">Slept 1 second</msg>
<status status="PASS" starttime="20221121 22:25:39.973" endtime="20221121 22:25:40.988"/>
</kw>
<kw name="Click Button to Export Excel">
<kw name="Click Element" library="SeleniumLibrary">
<arg>xpath=/html/body/div[2]/div/div/div[2]/div/div/div/div/div/div/div[1]/button[2]</arg>
<doc>Click the element identified by ``locator``.</doc>
<msg timestamp="20221121 22:25:40.997" level="INFO">Clicking element 'xpath=/html/body/div[2]/div/div/div[2]/div/div/div/div/div/div/div[1]/button[2]'.</msg>
<status status="PASS" starttime="20221121 22:25:40.992" endtime="20221121 22:25:41.248"/>
</kw>
<status status="PASS" starttime="20221121 22:25:40.992" endtime="20221121 22:25:41.253"/>
</kw>
<status status="PASS" starttime="20221121 22:25:27.100" endtime="20221121 22:25:41.253"/>
</test>
<status status="PASS" starttime="20221121 22:25:26.032" endtime="20221121 22:25:41.259"/>
</suite>
<statistics>
<total>
<stat pass="1" fail="0" skip="0">All Tests</stat>
</total>
<tag>
</tag>
<suite>
<stat pass="1" fail="0" skip="0" id="s1" name="TestExportPDFEmployee">TestExportPDFEmployee</stat>
</suite>
</statistics>
<errors>
</errors>
</robot>
