<?xml version="1.0" encoding="UTF-8"?>
<robot generator="Robot 5.0.1 (Python 3.10.5 on win32)" generated="20230220 22:36:57.584" rpa="false" schemaversion="3">
<suite id="s1" name="TestRecoverEmployee" source="C:\xampp\htdocs\automateTestTeam0\admin\test_recover_employee\TestRecoverEmployee.robot">
<test id="s1-t1" name="Recover Success" line="116">
<kw name="Open file Excel">
<kw name="Open Excel" library="ExcelRobot">
<arg>C:\\xampp\\htdocs\\automateTestTeam0\\admin\\test_recover_employee\\test_data.xlsx</arg>
<doc>Opens the Excel file to read from the path provided in the file path parameter.</doc>
<msg timestamp="20230220 22:36:57.986" level="INFO">Opening file at C:\xampp\htdocs\automateTestTeam0\admin\test_recover_employee\test_data.xlsx</msg>
<status status="PASS" starttime="20230220 22:36:57.985" endtime="20230220 22:36:57.988"/>
</kw>
<status status="PASS" starttime="20230220 22:36:57.985" endtime="20230220 22:36:57.989"/>
</kw>
<kw name="Read Cell Data" library="ExcelRobot">
<var>${Username}</var>
<arg>Admin</arg>
<arg>0</arg>
<arg>1</arg>
<doc>Uses the column and row to return the data from that cell.</doc>
<msg timestamp="20230220 22:36:57.989" level="INFO">${Username} = test@gmail.com</msg>
<status status="PASS" starttime="20230220 22:36:57.989" endtime="20230220 22:36:57.989"/>
</kw>
<kw name="Read Cell Data" library="ExcelRobot">
<var>${Password}</var>
<arg>Admin</arg>
<arg>1</arg>
<arg>1</arg>
<doc>Uses the column and row to return the data from that cell.</doc>
<msg timestamp="20230220 22:36:57.990" level="INFO">${Password} = kajorn.n</msg>
<status status="PASS" starttime="20230220 22:36:57.989" endtime="20230220 22:36:57.990"/>
</kw>
<kw name="Open Project Monitoring System">
<kw name="Open Browser" library="SeleniumLibrary">
<arg>${URL}</arg>
<arg>${BROWSER}</arg>
<doc>Opens a new browser instance to the optional ``url``.</doc>
<msg timestamp="20230220 22:36:57.991" level="INFO">Opening browser 'Google Chrome' to base url 'http://dekdee2.informatics.buu.ac.th:9080/team0/'.</msg>
<status status="PASS" starttime="20230220 22:36:57.991" endtime="20230220 22:36:59.790"/>
</kw>
<kw name="Maximize Browser Window" library="SeleniumLibrary">
<doc>Maximizes current browser window.</doc>
<status status="PASS" starttime="20230220 22:36:59.791" endtime="20230220 22:36:59.978"/>
</kw>
<status status="PASS" starttime="20230220 22:36:57.990" endtime="20230220 22:36:59.978"/>
</kw>
<kw name="Click Menu Login">
<kw name="Sleep" library="BuiltIn">
<arg>2s</arg>
<doc>Pauses the test executed for the given time.</doc>
<msg timestamp="20230220 22:37:01.997" level="INFO">Slept 2 seconds</msg>
<status status="PASS" starttime="20230220 22:36:59.981" endtime="20230220 22:37:01.997"/>
</kw>
<kw name="Click Element" library="SeleniumLibrary">
<arg>//*[@class="nav-link waves-effect waves-dark profile-pic fs-5"]</arg>
<doc>Click the element identified by ``locator``.</doc>
<msg timestamp="20230220 22:37:01.997" level="INFO">Clicking element '//*[@class="nav-link waves-effect waves-dark profile-pic fs-5"]'.</msg>
<status status="PASS" starttime="20230220 22:37:01.997" endtime="20230220 22:37:02.029"/>
</kw>
<status status="PASS" starttime="20230220 22:36:59.980" endtime="20230220 22:37:02.029"/>
</kw>
<kw name="Sleep" library="BuiltIn">
<arg>2s</arg>
<doc>Pauses the test executed for the given time.</doc>
<msg timestamp="20230220 22:37:04.036" level="INFO">Slept 2 seconds</msg>
<status status="PASS" starttime="20230220 22:37:02.030" endtime="20230220 22:37:04.036"/>
</kw>
<kw name="Input Text" library="SeleniumLibrary">
<arg>id:u_email</arg>
<arg>${Username}</arg>
<doc>Types the given ``text`` into the text field identified by ``locator``.</doc>
<msg timestamp="20230220 22:37:04.037" level="INFO">Typing text 'test@gmail.com' into text field 'id:u_email'.</msg>
<status status="PASS" starttime="20230220 22:37:04.036" endtime="20230220 22:37:04.105"/>
</kw>
<kw name="Input Text" library="SeleniumLibrary">
<arg>id:u_password</arg>
<arg>${Password}</arg>
<doc>Types the given ``text`` into the text field identified by ``locator``.</doc>
<msg timestamp="20230220 22:37:04.106" level="INFO">Typing text 'kajorn.n' into text field 'id:u_password'.</msg>
<status status="PASS" starttime="20230220 22:37:04.105" endtime="20230220 22:37:04.162"/>
</kw>
<kw name="Click to Login">
<kw name="Sleep" library="BuiltIn">
<arg>2s</arg>
<doc>Pauses the test executed for the given time.</doc>
<msg timestamp="20230220 22:37:06.166" level="INFO">Slept 2 seconds</msg>
<status status="PASS" starttime="20230220 22:37:04.163" endtime="20230220 22:37:06.166"/>
</kw>
<kw name="Click Element" library="SeleniumLibrary">
<arg>//*[@id="loginBtn"]</arg>
<doc>Click the element identified by ``locator``.</doc>
<msg timestamp="20230220 22:37:06.166" level="INFO">Clicking element '//*[@id="loginBtn"]'.</msg>
<status status="PASS" starttime="20230220 22:37:06.166" endtime="20230220 22:37:06.199"/>
</kw>
<status status="PASS" starttime="20230220 22:37:04.163" endtime="20230220 22:37:06.199"/>
</kw>
<kw name="Click Sidebar Resiponse Project">
<kw name="Sleep" library="BuiltIn">
<arg>2s</arg>
<doc>Pauses the test executed for the given time.</doc>
<msg timestamp="20230220 22:37:08.216" level="INFO">Slept 2 seconds</msg>
<status status="PASS" starttime="20230220 22:37:06.200" endtime="20230220 22:37:08.216"/>
</kw>
<kw name="Click Element" library="SeleniumLibrary">
<arg>//*[@id="main-wrapper"]/header/nav/div[2]/ul[1]/li[2]/a</arg>
<doc>Click the element identified by ``locator``.</doc>
<msg timestamp="20230220 22:37:08.216" level="INFO">Clicking element '//*[@id="main-wrapper"]/header/nav/div[2]/ul[1]/li[2]/a'.</msg>
<status status="PASS" starttime="20230220 22:37:08.216" endtime="20230220 22:37:08.255"/>
</kw>
<kw name="Click Element" library="SeleniumLibrary">
<arg>//*[@id="sidebarnav"]/li[4]/a</arg>
<doc>Click the element identified by ``locator``.</doc>
<msg timestamp="20230220 22:37:08.258" level="INFO">Clicking element '//*[@id="sidebarnav"]/li[4]/a'.</msg>
<status status="PASS" starttime="20230220 22:37:08.256" endtime="20230220 22:37:08.317"/>
</kw>
<kw name="Click Element" library="SeleniumLibrary">
<arg>//*[@id="sidebarnav"]/li[4]/ul/li[1]</arg>
<doc>Click the element identified by ``locator``.</doc>
<msg timestamp="20230220 22:37:08.318" level="INFO">Clicking element '//*[@id="sidebarnav"]/li[4]/ul/li[1]'.</msg>
<status status="PASS" starttime="20230220 22:37:08.318" endtime="20230220 22:37:08.726"/>
</kw>
<status status="PASS" starttime="20230220 22:37:06.199" endtime="20230220 22:37:08.727"/>
</kw>
<kw name="Click Recover Employee">
<kw name="Get WebElement" library="SeleniumLibrary">
<var>${BG}</var>
<arg>//*[@id="status30"]</arg>
<doc>Returns the first WebElement matching the given ``locator``.</doc>
<msg timestamp="20230220 22:37:08.745" level="INFO">${BG} = &lt;selenium.webdriver.remote.webelement.WebElement (session="73e1d3eafb65974f7d15d0c375109c55", element="cadd1813-25d2-4f83-91c3-56fe30698b32")&gt;</msg>
<status status="PASS" starttime="20230220 22:37:08.729" endtime="20230220 22:37:08.745"/>
</kw>
<kw name="Call Method" library="BuiltIn">
<var>${bg color}</var>
<arg>${BG}</arg>
<arg>value_of_css_property</arg>
<arg>background-color</arg>
<doc>Calls the named method of the given object with the provided arguments.</doc>
<msg timestamp="20230220 22:37:08.771" level="INFO">${bg color} = rgba(255, 255, 255, 1)</msg>
<status status="PASS" starttime="20230220 22:37:08.745" endtime="20230220 22:37:08.771"/>
</kw>
<kw name="Run Keyword If" library="BuiltIn">
<arg>'${bg color}' == 'rgba(255, 255, 255, 1)'</arg>
<arg>Click Element</arg>
<arg>//*[@id="status30"]</arg>
<doc>Runs the given keyword with the given arguments, if ``condition`` is true.</doc>
<kw name="Click Element" library="SeleniumLibrary">
<arg>//*[@id="status30"]</arg>
<doc>Click the element identified by ``locator``.</doc>
<msg timestamp="20230220 22:37:08.772" level="INFO">Clicking element '//*[@id="status30"]'.</msg>
<status status="PASS" starttime="20230220 22:37:08.772" endtime="20230220 22:37:09.155"/>
</kw>
<status status="PASS" starttime="20230220 22:37:08.771" endtime="20230220 22:37:09.155"/>
</kw>
<status status="PASS" starttime="20230220 22:37:08.728" endtime="20230220 22:37:09.155"/>
</kw>
<kw name="Close Browser Page">
<kw name="Sleep" library="BuiltIn">
<arg>3s</arg>
<doc>Pauses the test executed for the given time.</doc>
<msg timestamp="20230220 22:37:12.170" level="INFO">Slept 3 seconds</msg>
<status status="PASS" starttime="20230220 22:37:09.156" endtime="20230220 22:37:12.170"/>
</kw>
<kw name="Close Browser" library="SeleniumLibrary">
<doc>Closes the current browser.</doc>
<status status="PASS" starttime="20230220 22:37:12.170" endtime="20230220 22:37:14.315"/>
</kw>
<status status="PASS" starttime="20230220 22:37:09.156" endtime="20230220 22:37:14.315"/>
</kw>
<status status="PASS" starttime="20230220 22:36:57.985" endtime="20230220 22:37:14.316"/>
</test>
<test id="s1-t2" name="Recover Because Click on another person" line="130">
<kw name="Open file Excel">
<kw name="Open Excel" library="ExcelRobot">
<arg>C:\\xampp\\htdocs\\automateTestTeam0\\admin\\test_recover_employee\\test_data.xlsx</arg>
<doc>Opens the Excel file to read from the path provided in the file path parameter.</doc>
<msg timestamp="20230220 22:37:14.318" level="INFO">Opening file at C:\xampp\htdocs\automateTestTeam0\admin\test_recover_employee\test_data.xlsx</msg>
<status status="PASS" starttime="20230220 22:37:14.318" endtime="20230220 22:37:14.320"/>
</kw>
<status status="PASS" starttime="20230220 22:37:14.318" endtime="20230220 22:37:14.320"/>
</kw>
<kw name="Read Cell Data" library="ExcelRobot">
<var>${Username}</var>
<arg>Admin</arg>
<arg>0</arg>
<arg>1</arg>
<doc>Uses the column and row to return the data from that cell.</doc>
<msg timestamp="20230220 22:37:14.320" level="INFO">${Username} = test@gmail.com</msg>
<status status="PASS" starttime="20230220 22:37:14.320" endtime="20230220 22:37:14.320"/>
</kw>
<kw name="Read Cell Data" library="ExcelRobot">
<var>${Password}</var>
<arg>Admin</arg>
<arg>1</arg>
<arg>1</arg>
<doc>Uses the column and row to return the data from that cell.</doc>
<msg timestamp="20230220 22:37:14.321" level="INFO">${Password} = kajorn.n</msg>
<status status="PASS" starttime="20230220 22:37:14.320" endtime="20230220 22:37:14.321"/>
</kw>
<kw name="Open Project Monitoring System">
<kw name="Open Browser" library="SeleniumLibrary">
<arg>${URL}</arg>
<arg>${BROWSER}</arg>
<doc>Opens a new browser instance to the optional ``url``.</doc>
<msg timestamp="20230220 22:37:14.321" level="INFO">Opening browser 'Google Chrome' to base url 'http://dekdee2.informatics.buu.ac.th:9080/team0/'.</msg>
<status status="PASS" starttime="20230220 22:37:14.321" endtime="20230220 22:37:16.306"/>
</kw>
<kw name="Maximize Browser Window" library="SeleniumLibrary">
<doc>Maximizes current browser window.</doc>
<status status="PASS" starttime="20230220 22:37:16.306" endtime="20230220 22:37:16.466"/>
</kw>
<status status="PASS" starttime="20230220 22:37:14.321" endtime="20230220 22:37:16.466"/>
</kw>
<kw name="Click Menu Login">
<kw name="Sleep" library="BuiltIn">
<arg>2s</arg>
<doc>Pauses the test executed for the given time.</doc>
<msg timestamp="20230220 22:37:18.480" level="INFO">Slept 2 seconds</msg>
<status status="PASS" starttime="20230220 22:37:16.466" endtime="20230220 22:37:18.480"/>
</kw>
<kw name="Click Element" library="SeleniumLibrary">
<arg>//*[@class="nav-link waves-effect waves-dark profile-pic fs-5"]</arg>
<doc>Click the element identified by ``locator``.</doc>
<msg timestamp="20230220 22:37:18.480" level="INFO">Clicking element '//*[@class="nav-link waves-effect waves-dark profile-pic fs-5"]'.</msg>
<status status="PASS" starttime="20230220 22:37:18.480" endtime="20230220 22:37:18.513"/>
</kw>
<status status="PASS" starttime="20230220 22:37:16.466" endtime="20230220 22:37:18.513"/>
</kw>
<kw name="Input Text" library="SeleniumLibrary">
<arg>id:u_email</arg>
<arg>${Username}</arg>
<doc>Types the given ``text`` into the text field identified by ``locator``.</doc>
<msg timestamp="20230220 22:37:18.515" level="INFO">Typing text 'test@gmail.com' into text field 'id:u_email'.</msg>
<status status="PASS" starttime="20230220 22:37:18.514" endtime="20230220 22:37:18.616"/>
</kw>
<kw name="Input Text" library="SeleniumLibrary">
<arg>id:u_password</arg>
<arg>${Password}</arg>
<doc>Types the given ``text`` into the text field identified by ``locator``.</doc>
<msg timestamp="20230220 22:37:18.617" level="INFO">Typing text 'kajorn.n' into text field 'id:u_password'.</msg>
<status status="PASS" starttime="20230220 22:37:18.617" endtime="20230220 22:37:18.676"/>
</kw>
<kw name="Click to Login">
<kw name="Sleep" library="BuiltIn">
<arg>2s</arg>
<doc>Pauses the test executed for the given time.</doc>
<msg timestamp="20230220 22:37:20.686" level="INFO">Slept 2 seconds</msg>
<status status="PASS" starttime="20230220 22:37:18.676" endtime="20230220 22:37:20.686"/>
</kw>
<kw name="Click Element" library="SeleniumLibrary">
<arg>//*[@id="loginBtn"]</arg>
<doc>Click the element identified by ``locator``.</doc>
<msg timestamp="20230220 22:37:20.686" level="INFO">Clicking element '//*[@id="loginBtn"]'.</msg>
<status status="PASS" starttime="20230220 22:37:20.686" endtime="20230220 22:37:20.719"/>
</kw>
<status status="PASS" starttime="20230220 22:37:18.676" endtime="20230220 22:37:20.719"/>
</kw>
<kw name="Click Sidebar Resiponse Project">
<kw name="Sleep" library="BuiltIn">
<arg>2s</arg>
<doc>Pauses the test executed for the given time.</doc>
<msg timestamp="20230220 22:37:22.727" level="INFO">Slept 2 seconds</msg>
<status status="PASS" starttime="20230220 22:37:20.719" endtime="20230220 22:37:22.727"/>
</kw>
<kw name="Click Element" library="SeleniumLibrary">
<arg>//*[@id="main-wrapper"]/header/nav/div[2]/ul[1]/li[2]/a</arg>
<doc>Click the element identified by ``locator``.</doc>
<msg timestamp="20230220 22:37:22.728" level="INFO">Clicking element '//*[@id="main-wrapper"]/header/nav/div[2]/ul[1]/li[2]/a'.</msg>
<status status="PASS" starttime="20230220 22:37:22.728" endtime="20230220 22:37:22.768"/>
</kw>
<kw name="Click Element" library="SeleniumLibrary">
<arg>//*[@id="sidebarnav"]/li[4]/a</arg>
<doc>Click the element identified by ``locator``.</doc>
<msg timestamp="20230220 22:37:22.769" level="INFO">Clicking element '//*[@id="sidebarnav"]/li[4]/a'.</msg>
<status status="PASS" starttime="20230220 22:37:22.768" endtime="20230220 22:37:22.831"/>
</kw>
<kw name="Click Element" library="SeleniumLibrary">
<arg>//*[@id="sidebarnav"]/li[4]/ul/li[1]</arg>
<doc>Click the element identified by ``locator``.</doc>
<msg timestamp="20230220 22:37:22.832" level="INFO">Clicking element '//*[@id="sidebarnav"]/li[4]/ul/li[1]'.</msg>
<status status="PASS" starttime="20230220 22:37:22.831" endtime="20230220 22:37:23.263"/>
</kw>
<status status="PASS" starttime="20230220 22:37:20.719" endtime="20230220 22:37:23.264"/>
</kw>
<kw name="Click On Another Employee">
<kw name="Click Element" library="SeleniumLibrary">
<arg>//*[@id="status31"]</arg>
<doc>Click the element identified by ``locator``.</doc>
<msg timestamp="20230220 22:37:23.266" level="INFO">Clicking element '//*[@id="status31"]'.</msg>
<status status="PASS" starttime="20230220 22:37:23.265" endtime="20230220 22:37:23.684"/>
</kw>
<status status="PASS" starttime="20230220 22:37:23.265" endtime="20230220 22:37:23.684"/>
</kw>
<kw name="Close Browser Page">
<kw name="Sleep" library="BuiltIn">
<arg>3s</arg>
<doc>Pauses the test executed for the given time.</doc>
<msg timestamp="20230220 22:37:26.689" level="INFO">Slept 3 seconds</msg>
<status status="PASS" starttime="20230220 22:37:23.685" endtime="20230220 22:37:26.689"/>
</kw>
<kw name="Close Browser" library="SeleniumLibrary">
<doc>Closes the current browser.</doc>
<status status="PASS" starttime="20230220 22:37:26.689" endtime="20230220 22:37:28.809"/>
</kw>
<status status="PASS" starttime="20230220 22:37:23.685" endtime="20230220 22:37:28.809"/>
</kw>
<status status="PASS" starttime="20230220 22:37:14.317" endtime="20230220 22:37:28.809"/>
</test>
<status status="PASS" starttime="20230220 22:36:57.585" endtime="20230220 22:37:28.813"/>
</suite>
<statistics>
<total>
<stat pass="2" fail="0" skip="0">All Tests</stat>
</total>
<tag>
</tag>
<suite>
<stat pass="2" fail="0" skip="0" id="s1" name="TestRecoverEmployee">TestRecoverEmployee</stat>
</suite>
</statistics>
<errors>
</errors>
</robot>
