<?xml version="1.0" encoding="UTF-8"?>
<robot generator="Robot 5.0.1 (Python 3.10.5 on win32)" generated="20230216 23:58:32.196" rpa="false" schemaversion="3">
<suite id="s1" name="Editproject" source="C:\xampp\htdocs\automateTestTeam0\employee2\test_editproject\Editproject.robot">
<test id="s1-t1" name="Edit Name Project Success" line="66">
<kw name="Open file Excel">
<kw name="Open Excel" library="ExcelRobot">
<arg>C:\\xampp\\htdocs\\automateTestTeam0\\employee2\\test_editproject\\test_data.xlsx</arg>
<doc>Opens the Excel file to read from the path provided in the file path parameter.</doc>
<msg timestamp="20230216 23:58:32.685" level="INFO">Opening file at C:\xampp\htdocs\automateTestTeam0\employee2\test_editproject\test_data.xlsx</msg>
<status status="PASS" starttime="20230216 23:58:32.685" endtime="20230216 23:58:32.689"/>
</kw>
<status status="PASS" starttime="20230216 23:58:32.685" endtime="20230216 23:58:32.689"/>
</kw>
<kw name="Read Cell Data" library="ExcelRobot">
<var>${Username}</var>
<arg>Project Manager</arg>
<arg>0</arg>
<arg>1</arg>
<doc>Uses the column and row to return the data from that cell.</doc>
<msg timestamp="20230216 23:58:32.689" level="INFO">${Username} = sunisa.su@gmail.com	</msg>
<status status="PASS" starttime="20230216 23:58:32.689" endtime="20230216 23:58:32.689"/>
</kw>
<kw name="Read Cell Data" library="ExcelRobot">
<var>${Password}</var>
<arg>Project Manager</arg>
<arg>1</arg>
<arg>1</arg>
<doc>Uses the column and row to return the data from that cell.</doc>
<msg timestamp="20230216 23:58:32.689" level="INFO">${Password} = sunisa.s</msg>
<status status="PASS" starttime="20230216 23:58:32.689" endtime="20230216 23:58:32.689"/>
</kw>
<kw name="Open Project Monitoring System">
<kw name="Open Browser" library="SeleniumLibrary">
<arg>${URL}</arg>
<arg>${BROWSER}</arg>
<doc>Opens a new browser instance to the optional ``url``.</doc>
<msg timestamp="20230216 23:58:32.690" level="INFO">Opening browser 'Google Chrome' to base url 'http://dekdee2.informatics.buu.ac.th:9080/team0/'.</msg>
<status status="PASS" starttime="20230216 23:58:32.690" endtime="20230216 23:58:34.680"/>
</kw>
<kw name="Maximize Browser Window" library="SeleniumLibrary">
<doc>Maximizes current browser window.</doc>
<status status="PASS" starttime="20230216 23:58:34.680" endtime="20230216 23:58:34.855"/>
</kw>
<status status="PASS" starttime="20230216 23:58:32.690" endtime="20230216 23:58:34.856"/>
</kw>
<kw name="Click Menu Login">
<kw name="Sleep" library="BuiltIn">
<arg>2s</arg>
<doc>Pauses the test executed for the given time.</doc>
<msg timestamp="20230216 23:58:36.867" level="INFO">Slept 2 seconds</msg>
<status status="PASS" starttime="20230216 23:58:34.859" endtime="20230216 23:58:36.867"/>
</kw>
<kw name="Click Element" library="SeleniumLibrary">
<arg>//*[@class="nav-link waves-effect waves-dark profile-pic fs-5"]</arg>
<doc>Click the element identified by ``locator``.</doc>
<msg timestamp="20230216 23:58:36.867" level="INFO">Clicking element '//*[@class="nav-link waves-effect waves-dark profile-pic fs-5"]'.</msg>
<status status="PASS" starttime="20230216 23:58:36.867" endtime="20230216 23:58:36.900"/>
</kw>
<status status="PASS" starttime="20230216 23:58:34.857" endtime="20230216 23:58:36.900"/>
</kw>
<kw name="Sleep" library="BuiltIn">
<arg>1s</arg>
<doc>Pauses the test executed for the given time.</doc>
<msg timestamp="20230216 23:58:37.909" level="INFO">Slept 1 second</msg>
<status status="PASS" starttime="20230216 23:58:36.901" endtime="20230216 23:58:37.909"/>
</kw>
<kw name="Input Text" library="SeleniumLibrary">
<arg>id:u_email</arg>
<arg>${Username}</arg>
<doc>Types the given ``text`` into the text field identified by ``locator``.</doc>
<msg timestamp="20230216 23:58:37.909" level="INFO">Typing text 'sunisa.su@gmail.com	' into text field 'id:u_email'.</msg>
<status status="PASS" starttime="20230216 23:58:37.909" endtime="20230216 23:58:37.982"/>
</kw>
<kw name="Sleep" library="BuiltIn">
<arg>1s</arg>
<doc>Pauses the test executed for the given time.</doc>
<msg timestamp="20230216 23:58:38.987" level="INFO">Slept 1 second</msg>
<status status="PASS" starttime="20230216 23:58:37.983" endtime="20230216 23:58:38.987"/>
</kw>
<kw name="Input Text" library="SeleniumLibrary">
<arg>id:u_password</arg>
<arg>${Password}</arg>
<doc>Types the given ``text`` into the text field identified by ``locator``.</doc>
<msg timestamp="20230216 23:58:38.988" level="INFO">Typing text 'sunisa.s' into text field 'id:u_password'.</msg>
<status status="PASS" starttime="20230216 23:58:38.987" endtime="20230216 23:58:39.040"/>
</kw>
<kw name="Click to Login">
<kw name="Sleep" library="BuiltIn">
<arg>2s</arg>
<doc>Pauses the test executed for the given time.</doc>
<msg timestamp="20230216 23:58:41.048" level="INFO">Slept 2 seconds</msg>
<status status="PASS" starttime="20230216 23:58:39.042" endtime="20230216 23:58:41.048"/>
</kw>
<kw name="Click Element" library="SeleniumLibrary">
<arg>//*[@id="loginBtn"]</arg>
<doc>Click the element identified by ``locator``.</doc>
<msg timestamp="20230216 23:58:41.048" level="INFO">Clicking element '//*[@id="loginBtn"]'.</msg>
<status status="PASS" starttime="20230216 23:58:41.048" endtime="20230216 23:58:41.084"/>
</kw>
<status status="PASS" starttime="20230216 23:58:39.041" endtime="20230216 23:58:41.084"/>
</kw>
<kw name="Click Sidebar Icon">
<kw name="Sleep" library="BuiltIn">
<arg>2s</arg>
<doc>Pauses the test executed for the given time.</doc>
<msg timestamp="20230216 23:58:43.101" level="INFO">Slept 2 seconds</msg>
<status status="PASS" starttime="20230216 23:58:41.085" endtime="20230216 23:58:43.101"/>
</kw>
<kw name="Click Element" library="SeleniumLibrary">
<arg>//*[@id="sidebarnav"]/li[2]/a/i</arg>
<doc>Click the element identified by ``locator``.</doc>
<msg timestamp="20230216 23:58:43.101" level="INFO">Clicking element '//*[@id="sidebarnav"]/li[2]/a/i'.</msg>
<status status="PASS" starttime="20230216 23:58:43.101" endtime="20230216 23:58:43.136"/>
</kw>
<kw name="Click Element" library="SeleniumLibrary">
<arg>//*[@id="sidebarnav"]/li[2]/ul/li[1]</arg>
<doc>Click the element identified by ``locator``.</doc>
<msg timestamp="20230216 23:58:43.137" level="INFO">Clicking element '//*[@id="sidebarnav"]/li[2]/ul/li[1]'.</msg>
<status status="PASS" starttime="20230216 23:58:43.136" endtime="20230216 23:58:43.433"/>
</kw>
<status status="PASS" starttime="20230216 23:58:41.085" endtime="20230216 23:58:43.434"/>
</kw>
<kw name="Click Edit Project">
<kw name="Sleep" library="BuiltIn">
<arg>2s</arg>
<doc>Pauses the test executed for the given time.</doc>
<msg timestamp="20230216 23:58:45.443" level="INFO">Slept 2 seconds</msg>
<status status="PASS" starttime="20230216 23:58:43.434" endtime="20230216 23:58:45.443"/>
</kw>
<kw name="Click Element" library="SeleniumLibrary">
<arg>//*[@id="edit"]</arg>
<doc>Click the element identified by ``locator``.</doc>
<msg timestamp="20230216 23:58:45.443" level="INFO">Clicking element '//*[@id="edit"]'.</msg>
<status status="PASS" starttime="20230216 23:58:45.443" endtime="20230216 23:58:45.475"/>
</kw>
<status status="PASS" starttime="20230216 23:58:43.434" endtime="20230216 23:58:45.476"/>
</kw>
<kw name="Click Edit Name Project">
<kw name="Sleep" library="BuiltIn">
<arg>2s</arg>
<doc>Pauses the test executed for the given time.</doc>
<msg timestamp="20230216 23:58:47.487" level="INFO">Slept 2 seconds</msg>
<status status="PASS" starttime="20230216 23:58:45.476" endtime="20230216 23:58:47.487"/>
</kw>
<kw name="Input Text" library="SeleniumLibrary">
<arg>//*[@id="p_name"]</arg>
<arg>เติมเงินเกมสำหรับร้านเกม</arg>
<doc>Types the given ``text`` into the text field identified by ``locator``.</doc>
<msg timestamp="20230216 23:58:47.488" level="INFO">Typing text 'เติมเงินเกมสำหรับร้านเกม' into text field '//*[@id="p_name"]'.</msg>
<status status="PASS" starttime="20230216 23:58:47.488" endtime="20230216 23:58:47.560"/>
</kw>
<status status="PASS" starttime="20230216 23:58:45.476" endtime="20230216 23:58:47.560"/>
</kw>
<kw name="Click Confirm">
<kw name="Sleep" library="BuiltIn">
<arg>2s</arg>
<doc>Pauses the test executed for the given time.</doc>
<msg timestamp="20230216 23:58:49.575" level="INFO">Slept 2 seconds</msg>
<status status="PASS" starttime="20230216 23:58:47.561" endtime="20230216 23:58:49.575"/>
</kw>
<kw name="Click Element" library="SeleniumLibrary">
<arg>//*[@id="mainModalFooter"]/button[1]</arg>
<doc>Click the element identified by ``locator``.</doc>
<msg timestamp="20230216 23:58:49.575" level="INFO">Clicking element '//*[@id="mainModalFooter"]/button[1]'.</msg>
<status status="PASS" starttime="20230216 23:58:49.575" endtime="20230216 23:58:49.618"/>
</kw>
<status status="PASS" starttime="20230216 23:58:47.560" endtime="20230216 23:58:49.618"/>
</kw>
<kw name="Click Confirm Again">
<kw name="Sleep" library="BuiltIn">
<arg>2s</arg>
<doc>Pauses the test executed for the given time.</doc>
<msg timestamp="20230216 23:58:51.625" level="INFO">Slept 2 seconds</msg>
<status status="PASS" starttime="20230216 23:58:49.619" endtime="20230216 23:58:51.625"/>
</kw>
<kw name="Click Element" library="SeleniumLibrary">
<arg>//*[@class="swal2-confirm swal2-styled"]</arg>
<doc>Click the element identified by ``locator``.</doc>
<msg timestamp="20230216 23:58:51.627" level="INFO">Clicking element '//*[@class="swal2-confirm swal2-styled"]'.</msg>
<status status="PASS" starttime="20230216 23:58:51.626" endtime="20230216 23:58:51.765"/>
</kw>
<status status="PASS" starttime="20230216 23:58:49.619" endtime="20230216 23:58:51.766"/>
</kw>
<kw name="Close Browser Page">
<kw name="Sleep" library="BuiltIn">
<arg>3s</arg>
<doc>Pauses the test executed for the given time.</doc>
<msg timestamp="20230216 23:58:54.773" level="INFO">Slept 3 seconds</msg>
<status status="PASS" starttime="20230216 23:58:51.768" endtime="20230216 23:58:54.773"/>
</kw>
<kw name="Close Browser" library="SeleniumLibrary">
<doc>Closes the current browser.</doc>
<status status="PASS" starttime="20230216 23:58:54.773" endtime="20230216 23:58:56.909"/>
</kw>
<status status="PASS" starttime="20230216 23:58:51.767" endtime="20230216 23:58:56.909"/>
</kw>
<status status="PASS" starttime="20230216 23:58:32.684" endtime="20230216 23:58:56.909"/>
</test>
<test id="s1-t2" name="Edit Name Project Failed" line="83">
<kw name="Open file Excel">
<kw name="Open Excel" library="ExcelRobot">
<arg>C:\\xampp\\htdocs\\automateTestTeam0\\employee2\\test_editproject\\test_data.xlsx</arg>
<doc>Opens the Excel file to read from the path provided in the file path parameter.</doc>
<msg timestamp="20230216 23:58:56.912" level="INFO">Opening file at C:\xampp\htdocs\automateTestTeam0\employee2\test_editproject\test_data.xlsx</msg>
<status status="PASS" starttime="20230216 23:58:56.912" endtime="20230216 23:58:56.914"/>
</kw>
<status status="PASS" starttime="20230216 23:58:56.912" endtime="20230216 23:58:56.914"/>
</kw>
<kw name="Read Cell Data" library="ExcelRobot">
<var>${Username}</var>
<arg>Project Manager</arg>
<arg>0</arg>
<arg>1</arg>
<doc>Uses the column and row to return the data from that cell.</doc>
<msg timestamp="20230216 23:58:56.915" level="INFO">${Username} = sunisa.su@gmail.com	</msg>
<status status="PASS" starttime="20230216 23:58:56.915" endtime="20230216 23:58:56.915"/>
</kw>
<kw name="Read Cell Data" library="ExcelRobot">
<var>${Password}</var>
<arg>Project Manager</arg>
<arg>1</arg>
<arg>1</arg>
<doc>Uses the column and row to return the data from that cell.</doc>
<msg timestamp="20230216 23:58:56.915" level="INFO">${Password} = sunisa.s</msg>
<status status="PASS" starttime="20230216 23:58:56.915" endtime="20230216 23:58:56.915"/>
</kw>
<kw name="Open Project Monitoring System">
<kw name="Open Browser" library="SeleniumLibrary">
<arg>${URL}</arg>
<arg>${BROWSER}</arg>
<doc>Opens a new browser instance to the optional ``url``.</doc>
<msg timestamp="20230216 23:58:56.916" level="INFO">Opening browser 'Google Chrome' to base url 'http://dekdee2.informatics.buu.ac.th:9080/team0/'.</msg>
<status status="PASS" starttime="20230216 23:58:56.915" endtime="20230216 23:58:59.036"/>
</kw>
<kw name="Maximize Browser Window" library="SeleniumLibrary">
<doc>Maximizes current browser window.</doc>
<status status="PASS" starttime="20230216 23:58:59.037" endtime="20230216 23:58:59.174"/>
</kw>
<status status="PASS" starttime="20230216 23:58:56.915" endtime="20230216 23:58:59.174"/>
</kw>
<kw name="Click Menu Login">
<kw name="Sleep" library="BuiltIn">
<arg>2s</arg>
<doc>Pauses the test executed for the given time.</doc>
<msg timestamp="20230216 23:59:01.182" level="INFO">Slept 2 seconds</msg>
<status status="PASS" starttime="20230216 23:58:59.175" endtime="20230216 23:59:01.182"/>
</kw>
<kw name="Click Element" library="SeleniumLibrary">
<arg>//*[@class="nav-link waves-effect waves-dark profile-pic fs-5"]</arg>
<doc>Click the element identified by ``locator``.</doc>
<msg timestamp="20230216 23:59:01.183" level="INFO">Clicking element '//*[@class="nav-link waves-effect waves-dark profile-pic fs-5"]'.</msg>
<status status="PASS" starttime="20230216 23:59:01.183" endtime="20230216 23:59:01.215"/>
</kw>
<status status="PASS" starttime="20230216 23:58:59.174" endtime="20230216 23:59:01.215"/>
</kw>
<kw name="Sleep" library="BuiltIn">
<arg>1s</arg>
<doc>Pauses the test executed for the given time.</doc>
<msg timestamp="20230216 23:59:02.224" level="INFO">Slept 1 second</msg>
<status status="PASS" starttime="20230216 23:59:01.217" endtime="20230216 23:59:02.224"/>
</kw>
<kw name="Input Text" library="SeleniumLibrary">
<arg>id:u_email</arg>
<arg>${Username}</arg>
<doc>Types the given ``text`` into the text field identified by ``locator``.</doc>
<msg timestamp="20230216 23:59:02.225" level="INFO">Typing text 'sunisa.su@gmail.com	' into text field 'id:u_email'.</msg>
<status status="PASS" starttime="20230216 23:59:02.225" endtime="20230216 23:59:02.301"/>
</kw>
<kw name="Sleep" library="BuiltIn">
<arg>1s</arg>
<doc>Pauses the test executed for the given time.</doc>
<msg timestamp="20230216 23:59:03.306" level="INFO">Slept 1 second</msg>
<status status="PASS" starttime="20230216 23:59:02.302" endtime="20230216 23:59:03.306"/>
</kw>
<kw name="Input Text" library="SeleniumLibrary">
<arg>id:u_password</arg>
<arg>${Password}</arg>
<doc>Types the given ``text`` into the text field identified by ``locator``.</doc>
<msg timestamp="20230216 23:59:03.307" level="INFO">Typing text 'sunisa.s' into text field 'id:u_password'.</msg>
<status status="PASS" starttime="20230216 23:59:03.306" endtime="20230216 23:59:03.353"/>
</kw>
<kw name="Click to Login">
<kw name="Sleep" library="BuiltIn">
<arg>2s</arg>
<doc>Pauses the test executed for the given time.</doc>
<msg timestamp="20230216 23:59:05.370" level="INFO">Slept 2 seconds</msg>
<status status="PASS" starttime="20230216 23:59:03.354" endtime="20230216 23:59:05.370"/>
</kw>
<kw name="Click Element" library="SeleniumLibrary">
<arg>//*[@id="loginBtn"]</arg>
<doc>Click the element identified by ``locator``.</doc>
<msg timestamp="20230216 23:59:05.370" level="INFO">Clicking element '//*[@id="loginBtn"]'.</msg>
<status status="PASS" starttime="20230216 23:59:05.370" endtime="20230216 23:59:05.403"/>
</kw>
<status status="PASS" starttime="20230216 23:59:03.354" endtime="20230216 23:59:05.404"/>
</kw>
<kw name="Click Sidebar Icon">
<kw name="Sleep" library="BuiltIn">
<arg>2s</arg>
<doc>Pauses the test executed for the given time.</doc>
<msg timestamp="20230216 23:59:07.408" level="INFO">Slept 2 seconds</msg>
<status status="PASS" starttime="20230216 23:59:05.404" endtime="20230216 23:59:07.408"/>
</kw>
<kw name="Click Element" library="SeleniumLibrary">
<arg>//*[@id="sidebarnav"]/li[2]/a/i</arg>
<doc>Click the element identified by ``locator``.</doc>
<msg timestamp="20230216 23:59:07.408" level="INFO">Clicking element '//*[@id="sidebarnav"]/li[2]/a/i'.</msg>
<status status="PASS" starttime="20230216 23:59:07.408" endtime="20230216 23:59:07.443"/>
</kw>
<kw name="Click Element" library="SeleniumLibrary">
<arg>//*[@id="sidebarnav"]/li[2]/ul/li[1]</arg>
<doc>Click the element identified by ``locator``.</doc>
<msg timestamp="20230216 23:59:07.443" level="INFO">Clicking element '//*[@id="sidebarnav"]/li[2]/ul/li[1]'.</msg>
<status status="PASS" starttime="20230216 23:59:07.443" endtime="20230216 23:59:07.758"/>
</kw>
<status status="PASS" starttime="20230216 23:59:05.404" endtime="20230216 23:59:07.758"/>
</kw>
<kw name="Click Edit Project">
<kw name="Sleep" library="BuiltIn">
<arg>2s</arg>
<doc>Pauses the test executed for the given time.</doc>
<msg timestamp="20230216 23:59:09.766" level="INFO">Slept 2 seconds</msg>
<status status="PASS" starttime="20230216 23:59:07.760" endtime="20230216 23:59:09.766"/>
</kw>
<kw name="Click Element" library="SeleniumLibrary">
<arg>//*[@id="edit"]</arg>
<doc>Click the element identified by ``locator``.</doc>
<msg timestamp="20230216 23:59:09.766" level="INFO">Clicking element '//*[@id="edit"]'.</msg>
<status status="PASS" starttime="20230216 23:59:09.766" endtime="20230216 23:59:09.798"/>
</kw>
<status status="PASS" starttime="20230216 23:59:07.759" endtime="20230216 23:59:09.799"/>
</kw>
<kw name="Click Edit Name Project">
<kw name="Sleep" library="BuiltIn">
<arg>2s</arg>
<doc>Pauses the test executed for the given time.</doc>
<msg timestamp="20230216 23:59:11.808" level="INFO">Slept 2 seconds</msg>
<status status="PASS" starttime="20230216 23:59:09.799" endtime="20230216 23:59:11.808"/>
</kw>
<kw name="Input Text" library="SeleniumLibrary">
<arg>//*[@id="p_name"]</arg>
<arg>เติมเงินเกมสำหรับร้านเกม</arg>
<doc>Types the given ``text`` into the text field identified by ``locator``.</doc>
<msg timestamp="20230216 23:59:11.809" level="INFO">Typing text 'เติมเงินเกมสำหรับร้านเกม' into text field '//*[@id="p_name"]'.</msg>
<status status="PASS" starttime="20230216 23:59:11.808" endtime="20230216 23:59:11.883"/>
</kw>
<status status="PASS" starttime="20230216 23:59:09.799" endtime="20230216 23:59:11.883"/>
</kw>
<kw name="Click Confirm">
<kw name="Sleep" library="BuiltIn">
<arg>2s</arg>
<doc>Pauses the test executed for the given time.</doc>
<msg timestamp="20230216 23:59:13.896" level="INFO">Slept 2 seconds</msg>
<status status="PASS" starttime="20230216 23:59:11.883" endtime="20230216 23:59:13.896"/>
</kw>
<kw name="Click Element" library="SeleniumLibrary">
<arg>//*[@id="mainModalFooter"]/button[1]</arg>
<doc>Click the element identified by ``locator``.</doc>
<msg timestamp="20230216 23:59:13.896" level="INFO">Clicking element '//*[@id="mainModalFooter"]/button[1]'.</msg>
<status status="PASS" starttime="20230216 23:59:13.896" endtime="20230216 23:59:13.945"/>
</kw>
<status status="PASS" starttime="20230216 23:59:11.883" endtime="20230216 23:59:13.945"/>
</kw>
<kw name="Click NotConfirm Again">
<kw name="Sleep" library="BuiltIn">
<arg>2s</arg>
<doc>Pauses the test executed for the given time.</doc>
<msg timestamp="20230216 23:59:15.957" level="INFO">Slept 2 seconds</msg>
<status status="PASS" starttime="20230216 23:59:13.946" endtime="20230216 23:59:15.957"/>
</kw>
<kw name="Click Element" library="SeleniumLibrary">
<arg>//*[@class="swal2-cancel swal2-styled"]</arg>
<doc>Click the element identified by ``locator``.</doc>
<msg timestamp="20230216 23:59:15.958" level="INFO">Clicking element '//*[@class="swal2-cancel swal2-styled"]'.</msg>
<status status="PASS" starttime="20230216 23:59:15.957" endtime="20230216 23:59:15.991"/>
</kw>
<status status="PASS" starttime="20230216 23:59:13.946" endtime="20230216 23:59:15.991"/>
</kw>
<kw name="Close Browser Page">
<kw name="Sleep" library="BuiltIn">
<arg>3s</arg>
<doc>Pauses the test executed for the given time.</doc>
<msg timestamp="20230216 23:59:18.992" level="INFO">Slept 3 seconds</msg>
<status status="PASS" starttime="20230216 23:59:15.991" endtime="20230216 23:59:18.992"/>
</kw>
<kw name="Close Browser" library="SeleniumLibrary">
<doc>Closes the current browser.</doc>
<status status="PASS" starttime="20230216 23:59:18.992" endtime="20230216 23:59:21.120"/>
</kw>
<status status="PASS" starttime="20230216 23:59:15.991" endtime="20230216 23:59:21.120"/>
</kw>
<status status="PASS" starttime="20230216 23:58:56.911" endtime="20230216 23:59:21.121"/>
</test>
<test id="s1-t3" name="Edit Detail Project Success" line="100">
<kw name="Open file Excel">
<kw name="Open Excel" library="ExcelRobot">
<arg>C:\\xampp\\htdocs\\automateTestTeam0\\employee2\\test_editproject\\test_data.xlsx</arg>
<doc>Opens the Excel file to read from the path provided in the file path parameter.</doc>
<msg timestamp="20230216 23:59:21.124" level="INFO">Opening file at C:\xampp\htdocs\automateTestTeam0\employee2\test_editproject\test_data.xlsx</msg>
<status status="PASS" starttime="20230216 23:59:21.124" endtime="20230216 23:59:21.126"/>
</kw>
<status status="PASS" starttime="20230216 23:59:21.123" endtime="20230216 23:59:21.126"/>
</kw>
<kw name="Read Cell Data" library="ExcelRobot">
<var>${Username}</var>
<arg>Project Manager</arg>
<arg>0</arg>
<arg>1</arg>
<doc>Uses the column and row to return the data from that cell.</doc>
<msg timestamp="20230216 23:59:21.127" level="INFO">${Username} = sunisa.su@gmail.com	</msg>
<status status="PASS" starttime="20230216 23:59:21.127" endtime="20230216 23:59:21.127"/>
</kw>
<kw name="Read Cell Data" library="ExcelRobot">
<var>${Password}</var>
<arg>Project Manager</arg>
<arg>1</arg>
<arg>1</arg>
<doc>Uses the column and row to return the data from that cell.</doc>
<msg timestamp="20230216 23:59:21.127" level="INFO">${Password} = sunisa.s</msg>
<status status="PASS" starttime="20230216 23:59:21.127" endtime="20230216 23:59:21.127"/>
</kw>
<kw name="Open Project Monitoring System">
<kw name="Open Browser" library="SeleniumLibrary">
<arg>${URL}</arg>
<arg>${BROWSER}</arg>
<doc>Opens a new browser instance to the optional ``url``.</doc>
<msg timestamp="20230216 23:59:21.128" level="INFO">Opening browser 'Google Chrome' to base url 'http://dekdee2.informatics.buu.ac.th:9080/team0/'.</msg>
<status status="PASS" starttime="20230216 23:59:21.128" endtime="20230216 23:59:23.311"/>
</kw>
<kw name="Maximize Browser Window" library="SeleniumLibrary">
<doc>Maximizes current browser window.</doc>
<status status="PASS" starttime="20230216 23:59:23.311" endtime="20230216 23:59:23.459"/>
</kw>
<status status="PASS" starttime="20230216 23:59:21.127" endtime="20230216 23:59:23.459"/>
</kw>
<kw name="Click Menu Login">
<kw name="Sleep" library="BuiltIn">
<arg>2s</arg>
<doc>Pauses the test executed for the given time.</doc>
<msg timestamp="20230216 23:59:25.461" level="INFO">Slept 2 seconds</msg>
<status status="PASS" starttime="20230216 23:59:23.460" endtime="20230216 23:59:25.461"/>
</kw>
<kw name="Click Element" library="SeleniumLibrary">
<arg>//*[@class="nav-link waves-effect waves-dark profile-pic fs-5"]</arg>
<doc>Click the element identified by ``locator``.</doc>
<msg timestamp="20230216 23:59:25.462" level="INFO">Clicking element '//*[@class="nav-link waves-effect waves-dark profile-pic fs-5"]'.</msg>
<status status="PASS" starttime="20230216 23:59:25.461" endtime="20230216 23:59:25.495"/>
</kw>
<status status="PASS" starttime="20230216 23:59:23.459" endtime="20230216 23:59:25.495"/>
</kw>
<kw name="Sleep" library="BuiltIn">
<arg>1s</arg>
<doc>Pauses the test executed for the given time.</doc>
<msg timestamp="20230216 23:59:26.503" level="INFO">Slept 1 second</msg>
<status status="PASS" starttime="20230216 23:59:25.496" endtime="20230216 23:59:26.503"/>
</kw>
<kw name="Input Text" library="SeleniumLibrary">
<arg>id:u_email</arg>
<arg>${Username}</arg>
<doc>Types the given ``text`` into the text field identified by ``locator``.</doc>
<msg timestamp="20230216 23:59:26.504" level="INFO">Typing text 'sunisa.su@gmail.com	' into text field 'id:u_email'.</msg>
<status status="PASS" starttime="20230216 23:59:26.503" endtime="20230216 23:59:26.584"/>
</kw>
<kw name="Sleep" library="BuiltIn">
<arg>1s</arg>
<doc>Pauses the test executed for the given time.</doc>
<msg timestamp="20230216 23:59:27.598" level="INFO">Slept 1 second</msg>
<status status="PASS" starttime="20230216 23:59:26.584" endtime="20230216 23:59:27.598"/>
</kw>
<kw name="Input Text" library="SeleniumLibrary">
<arg>id:u_password</arg>
<arg>${Password}</arg>
<doc>Types the given ``text`` into the text field identified by ``locator``.</doc>
<msg timestamp="20230216 23:59:27.599" level="INFO">Typing text 'sunisa.s' into text field 'id:u_password'.</msg>
<status status="PASS" starttime="20230216 23:59:27.598" endtime="20230216 23:59:27.652"/>
</kw>
<kw name="Click to Login">
<kw name="Sleep" library="BuiltIn">
<arg>2s</arg>
<doc>Pauses the test executed for the given time.</doc>
<msg timestamp="20230216 23:59:29.662" level="INFO">Slept 2 seconds</msg>
<status status="PASS" starttime="20230216 23:59:27.653" endtime="20230216 23:59:29.662"/>
</kw>
<kw name="Click Element" library="SeleniumLibrary">
<arg>//*[@id="loginBtn"]</arg>
<doc>Click the element identified by ``locator``.</doc>
<msg timestamp="20230216 23:59:29.662" level="INFO">Clicking element '//*[@id="loginBtn"]'.</msg>
<status status="PASS" starttime="20230216 23:59:29.662" endtime="20230216 23:59:29.697"/>
</kw>
<status status="PASS" starttime="20230216 23:59:27.653" endtime="20230216 23:59:29.697"/>
</kw>
<kw name="Click Sidebar Icon">
<kw name="Sleep" library="BuiltIn">
<arg>2s</arg>
<doc>Pauses the test executed for the given time.</doc>
<msg timestamp="20230216 23:59:31.712" level="INFO">Slept 2 seconds</msg>
<status status="PASS" starttime="20230216 23:59:29.698" endtime="20230216 23:59:31.712"/>
</kw>
<kw name="Click Element" library="SeleniumLibrary">
<arg>//*[@id="sidebarnav"]/li[2]/a/i</arg>
<doc>Click the element identified by ``locator``.</doc>
<msg timestamp="20230216 23:59:31.713" level="INFO">Clicking element '//*[@id="sidebarnav"]/li[2]/a/i'.</msg>
<status status="PASS" starttime="20230216 23:59:31.712" endtime="20230216 23:59:31.747"/>
</kw>
<kw name="Click Element" library="SeleniumLibrary">
<arg>//*[@id="sidebarnav"]/li[2]/ul/li[1]</arg>
<doc>Click the element identified by ``locator``.</doc>
<msg timestamp="20230216 23:59:31.747" level="INFO">Clicking element '//*[@id="sidebarnav"]/li[2]/ul/li[1]'.</msg>
<status status="PASS" starttime="20230216 23:59:31.747" endtime="20230216 23:59:32.052"/>
</kw>
<status status="PASS" starttime="20230216 23:59:29.697" endtime="20230216 23:59:32.052"/>
</kw>
<kw name="Click Edit Project">
<kw name="Sleep" library="BuiltIn">
<arg>2s</arg>
<doc>Pauses the test executed for the given time.</doc>
<msg timestamp="20230216 23:59:34.060" level="INFO">Slept 2 seconds</msg>
<status status="PASS" starttime="20230216 23:59:32.056" endtime="20230216 23:59:34.060"/>
</kw>
<kw name="Click Element" library="SeleniumLibrary">
<arg>//*[@id="edit"]</arg>
<doc>Click the element identified by ``locator``.</doc>
<msg timestamp="20230216 23:59:34.060" level="INFO">Clicking element '//*[@id="edit"]'.</msg>
<status status="PASS" starttime="20230216 23:59:34.060" endtime="20230216 23:59:34.093"/>
</kw>
<status status="PASS" starttime="20230216 23:59:32.055" endtime="20230216 23:59:34.093"/>
</kw>
<kw name="Click Edit Detail Project">
<kw name="Sleep" library="BuiltIn">
<arg>2s</arg>
<doc>Pauses the test executed for the given time.</doc>
<msg timestamp="20230216 23:59:36.104" level="INFO">Slept 2 seconds</msg>
<status status="PASS" starttime="20230216 23:59:34.094" endtime="20230216 23:59:36.104"/>
</kw>
<kw name="Input Text" library="SeleniumLibrary">
<arg>//*[@id="p_detail"]</arg>
<arg>ดำเนินธุรกิจเป็นผู้ให้บริการเติมเงินเข้าเกมของบัญชีผู้ใช้งาน</arg>
<doc>Types the given ``text`` into the text field identified by ``locator``.</doc>
<msg timestamp="20230216 23:59:36.105" level="INFO">Typing text 'ดำเนินธุรกิจเป็นผู้ให้บริการเติมเงินเข้าเกมของบัญชีผู้ใช้งาน' into text field '//*[@id="p_detail"]'.</msg>
<status status="PASS" starttime="20230216 23:59:36.104" endtime="20230216 23:59:36.193"/>
</kw>
<status status="PASS" starttime="20230216 23:59:34.093" endtime="20230216 23:59:36.193"/>
</kw>
<kw name="Click Confirm">
<kw name="Sleep" library="BuiltIn">
<arg>2s</arg>
<doc>Pauses the test executed for the given time.</doc>
<msg timestamp="20230216 23:59:38.209" level="INFO">Slept 2 seconds</msg>
<status status="PASS" starttime="20230216 23:59:36.194" endtime="20230216 23:59:38.209"/>
</kw>
<kw name="Click Element" library="SeleniumLibrary">
<arg>//*[@id="mainModalFooter"]/button[1]</arg>
<doc>Click the element identified by ``locator``.</doc>
<msg timestamp="20230216 23:59:38.209" level="INFO">Clicking element '//*[@id="mainModalFooter"]/button[1]'.</msg>
<status status="PASS" starttime="20230216 23:59:38.209" endtime="20230216 23:59:38.249"/>
</kw>
<status status="PASS" starttime="20230216 23:59:36.194" endtime="20230216 23:59:38.249"/>
</kw>
<kw name="Click Confirm Again">
<kw name="Sleep" library="BuiltIn">
<arg>2s</arg>
<doc>Pauses the test executed for the given time.</doc>
<msg timestamp="20230216 23:59:40.257" level="INFO">Slept 2 seconds</msg>
<status status="PASS" starttime="20230216 23:59:38.250" endtime="20230216 23:59:40.257"/>
</kw>
<kw name="Click Element" library="SeleniumLibrary">
<arg>//*[@class="swal2-confirm swal2-styled"]</arg>
<doc>Click the element identified by ``locator``.</doc>
<msg timestamp="20230216 23:59:40.257" level="INFO">Clicking element '//*[@class="swal2-confirm swal2-styled"]'.</msg>
<status status="PASS" starttime="20230216 23:59:40.257" endtime="20230216 23:59:40.287"/>
</kw>
<status status="PASS" starttime="20230216 23:59:38.249" endtime="20230216 23:59:40.287"/>
</kw>
<kw name="Close Browser Page">
<kw name="Sleep" library="BuiltIn">
<arg>3s</arg>
<doc>Pauses the test executed for the given time.</doc>
<msg timestamp="20230216 23:59:43.304" level="INFO">Slept 3 seconds</msg>
<status status="PASS" starttime="20230216 23:59:40.288" endtime="20230216 23:59:43.304"/>
</kw>
<kw name="Close Browser" library="SeleniumLibrary">
<doc>Closes the current browser.</doc>
<status status="PASS" starttime="20230216 23:59:43.304" endtime="20230216 23:59:45.423"/>
</kw>
<status status="PASS" starttime="20230216 23:59:40.288" endtime="20230216 23:59:45.423"/>
</kw>
<status status="PASS" starttime="20230216 23:59:21.123" endtime="20230216 23:59:45.424"/>
</test>
<test id="s1-t4" name="Edit Customer Name Success" line="117">
<kw name="Open file Excel">
<kw name="Open Excel" library="ExcelRobot">
<arg>C:\\xampp\\htdocs\\automateTestTeam0\\employee2\\test_editproject\\test_data.xlsx</arg>
<doc>Opens the Excel file to read from the path provided in the file path parameter.</doc>
<msg timestamp="20230216 23:59:45.427" level="INFO">Opening file at C:\xampp\htdocs\automateTestTeam0\employee2\test_editproject\test_data.xlsx</msg>
<status status="PASS" starttime="20230216 23:59:45.426" endtime="20230216 23:59:45.429"/>
</kw>
<status status="PASS" starttime="20230216 23:59:45.426" endtime="20230216 23:59:45.429"/>
</kw>
<kw name="Read Cell Data" library="ExcelRobot">
<var>${Username}</var>
<arg>Project Manager</arg>
<arg>0</arg>
<arg>1</arg>
<doc>Uses the column and row to return the data from that cell.</doc>
<msg timestamp="20230216 23:59:45.430" level="INFO">${Username} = sunisa.su@gmail.com	</msg>
<status status="PASS" starttime="20230216 23:59:45.430" endtime="20230216 23:59:45.430"/>
</kw>
<kw name="Read Cell Data" library="ExcelRobot">
<var>${Password}</var>
<arg>Project Manager</arg>
<arg>1</arg>
<arg>1</arg>
<doc>Uses the column and row to return the data from that cell.</doc>
<msg timestamp="20230216 23:59:45.430" level="INFO">${Password} = sunisa.s</msg>
<status status="PASS" starttime="20230216 23:59:45.430" endtime="20230216 23:59:45.430"/>
</kw>
<kw name="Open Project Monitoring System">
<kw name="Open Browser" library="SeleniumLibrary">
<arg>${URL}</arg>
<arg>${BROWSER}</arg>
<doc>Opens a new browser instance to the optional ``url``.</doc>
<msg timestamp="20230216 23:59:45.431" level="INFO">Opening browser 'Google Chrome' to base url 'http://dekdee2.informatics.buu.ac.th:9080/team0/'.</msg>
<status status="PASS" starttime="20230216 23:59:45.431" endtime="20230216 23:59:47.583"/>
</kw>
<kw name="Maximize Browser Window" library="SeleniumLibrary">
<doc>Maximizes current browser window.</doc>
<status status="PASS" starttime="20230216 23:59:47.584" endtime="20230216 23:59:47.762"/>
</kw>
<status status="PASS" starttime="20230216 23:59:45.431" endtime="20230216 23:59:47.763"/>
</kw>
<kw name="Click Menu Login">
<kw name="Sleep" library="BuiltIn">
<arg>2s</arg>
<doc>Pauses the test executed for the given time.</doc>
<msg timestamp="20230216 23:59:49.766" level="INFO">Slept 2 seconds</msg>
<status status="PASS" starttime="20230216 23:59:47.764" endtime="20230216 23:59:49.766"/>
</kw>
<kw name="Click Element" library="SeleniumLibrary">
<arg>//*[@class="nav-link waves-effect waves-dark profile-pic fs-5"]</arg>
<doc>Click the element identified by ``locator``.</doc>
<msg timestamp="20230216 23:59:49.767" level="INFO">Clicking element '//*[@class="nav-link waves-effect waves-dark profile-pic fs-5"]'.</msg>
<status status="PASS" starttime="20230216 23:59:49.767" endtime="20230216 23:59:49.800"/>
</kw>
<status status="PASS" starttime="20230216 23:59:47.763" endtime="20230216 23:59:49.801"/>
</kw>
<kw name="Sleep" library="BuiltIn">
<arg>1s</arg>
<doc>Pauses the test executed for the given time.</doc>
<msg timestamp="20230216 23:59:50.809" level="INFO">Slept 1 second</msg>
<status status="PASS" starttime="20230216 23:59:49.801" endtime="20230216 23:59:50.809"/>
</kw>
<kw name="Input Text" library="SeleniumLibrary">
<arg>id:u_email</arg>
<arg>${Username}</arg>
<doc>Types the given ``text`` into the text field identified by ``locator``.</doc>
<msg timestamp="20230216 23:59:50.810" level="INFO">Typing text 'sunisa.su@gmail.com	' into text field 'id:u_email'.</msg>
<status status="PASS" starttime="20230216 23:59:50.809" endtime="20230216 23:59:50.888"/>
</kw>
<kw name="Sleep" library="BuiltIn">
<arg>1s</arg>
<doc>Pauses the test executed for the given time.</doc>
<msg timestamp="20230216 23:59:51.901" level="INFO">Slept 1 second</msg>
<status status="PASS" starttime="20230216 23:59:50.888" endtime="20230216 23:59:51.901"/>
</kw>
<kw name="Input Text" library="SeleniumLibrary">
<arg>id:u_password</arg>
<arg>${Password}</arg>
<doc>Types the given ``text`` into the text field identified by ``locator``.</doc>
<msg timestamp="20230216 23:59:51.901" level="INFO">Typing text 'sunisa.s' into text field 'id:u_password'.</msg>
<status status="PASS" starttime="20230216 23:59:51.901" endtime="20230216 23:59:51.955"/>
</kw>
<kw name="Click to Login">
<kw name="Sleep" library="BuiltIn">
<arg>2s</arg>
<doc>Pauses the test executed for the given time.</doc>
<msg timestamp="20230216 23:59:53.969" level="INFO">Slept 2 seconds</msg>
<status status="PASS" starttime="20230216 23:59:51.955" endtime="20230216 23:59:53.969"/>
</kw>
<kw name="Click Element" library="SeleniumLibrary">
<arg>//*[@id="loginBtn"]</arg>
<doc>Click the element identified by ``locator``.</doc>
<msg timestamp="20230216 23:59:53.969" level="INFO">Clicking element '//*[@id="loginBtn"]'.</msg>
<status status="PASS" starttime="20230216 23:59:53.969" endtime="20230216 23:59:54.006"/>
</kw>
<status status="PASS" starttime="20230216 23:59:51.955" endtime="20230216 23:59:54.006"/>
</kw>
<kw name="Click Sidebar Icon">
<kw name="Sleep" library="BuiltIn">
<arg>2s</arg>
<doc>Pauses the test executed for the given time.</doc>
<msg timestamp="20230216 23:59:56.010" level="INFO">Slept 2 seconds</msg>
<status status="PASS" starttime="20230216 23:59:54.007" endtime="20230216 23:59:56.010"/>
</kw>
<kw name="Click Element" library="SeleniumLibrary">
<arg>//*[@id="sidebarnav"]/li[2]/a/i</arg>
<doc>Click the element identified by ``locator``.</doc>
<msg timestamp="20230216 23:59:56.010" level="INFO">Clicking element '//*[@id="sidebarnav"]/li[2]/a/i'.</msg>
<status status="PASS" starttime="20230216 23:59:56.010" endtime="20230216 23:59:56.047"/>
</kw>
<kw name="Click Element" library="SeleniumLibrary">
<arg>//*[@id="sidebarnav"]/li[2]/ul/li[1]</arg>
<doc>Click the element identified by ``locator``.</doc>
<msg timestamp="20230216 23:59:56.047" level="INFO">Clicking element '//*[@id="sidebarnav"]/li[2]/ul/li[1]'.</msg>
<status status="PASS" starttime="20230216 23:59:56.047" endtime="20230216 23:59:56.357"/>
</kw>
<status status="PASS" starttime="20230216 23:59:54.007" endtime="20230216 23:59:56.357"/>
</kw>
<kw name="Click Edit Project">
<kw name="Sleep" library="BuiltIn">
<arg>2s</arg>
<doc>Pauses the test executed for the given time.</doc>
<msg timestamp="20230216 23:59:58.363" level="INFO">Slept 2 seconds</msg>
<status status="PASS" starttime="20230216 23:59:56.359" endtime="20230216 23:59:58.363"/>
</kw>
<kw name="Click Element" library="SeleniumLibrary">
<arg>//*[@id="edit"]</arg>
<doc>Click the element identified by ``locator``.</doc>
<msg timestamp="20230216 23:59:58.363" level="INFO">Clicking element '//*[@id="edit"]'.</msg>
<status status="PASS" starttime="20230216 23:59:58.363" endtime="20230216 23:59:58.396"/>
</kw>
<status status="PASS" starttime="20230216 23:59:56.358" endtime="20230216 23:59:58.397"/>
</kw>
<kw name="Click Edit Customer Name">
<kw name="Sleep" library="BuiltIn">
<arg>2s</arg>
<doc>Pauses the test executed for the given time.</doc>
<msg timestamp="20230217 00:00:00.397" level="INFO">Slept 2 seconds</msg>
<status status="PASS" starttime="20230216 23:59:58.397" endtime="20230217 00:00:00.397"/>
</kw>
<kw name="Input Text" library="SeleniumLibrary">
<arg>//*[@id="p_customer"]</arg>
<arg>ศุรสิท นัดดา</arg>
<doc>Types the given ``text`` into the text field identified by ``locator``.</doc>
<msg timestamp="20230217 00:00:00.397" level="INFO">Typing text 'ศุรสิท นัดดา' into text field '//*[@id="p_customer"]'.</msg>
<status status="PASS" starttime="20230217 00:00:00.397" endtime="20230217 00:00:00.464"/>
</kw>
<status status="PASS" starttime="20230216 23:59:58.397" endtime="20230217 00:00:00.465"/>
</kw>
<kw name="Click Confirm">
<kw name="Sleep" library="BuiltIn">
<arg>2s</arg>
<doc>Pauses the test executed for the given time.</doc>
<msg timestamp="20230217 00:00:02.473" level="INFO">Slept 2 seconds</msg>
<status status="PASS" starttime="20230217 00:00:00.465" endtime="20230217 00:00:02.473"/>
</kw>
<kw name="Click Element" library="SeleniumLibrary">
<arg>//*[@id="mainModalFooter"]/button[1]</arg>
<doc>Click the element identified by ``locator``.</doc>
<msg timestamp="20230217 00:00:02.473" level="INFO">Clicking element '//*[@id="mainModalFooter"]/button[1]'.</msg>
<status status="PASS" starttime="20230217 00:00:02.473" endtime="20230217 00:00:02.516"/>
</kw>
<status status="PASS" starttime="20230217 00:00:00.465" endtime="20230217 00:00:02.516"/>
</kw>
<kw name="Click Confirm Again">
<kw name="Sleep" library="BuiltIn">
<arg>2s</arg>
<doc>Pauses the test executed for the given time.</doc>
<msg timestamp="20230217 00:00:04.517" level="INFO">Slept 2 seconds</msg>
<status status="PASS" starttime="20230217 00:00:02.517" endtime="20230217 00:00:04.517"/>
</kw>
<kw name="Click Element" library="SeleniumLibrary">
<arg>//*[@class="swal2-confirm swal2-styled"]</arg>
<doc>Click the element identified by ``locator``.</doc>
<msg timestamp="20230217 00:00:04.518" level="INFO">Clicking element '//*[@class="swal2-confirm swal2-styled"]'.</msg>
<status status="PASS" starttime="20230217 00:00:04.517" endtime="20230217 00:00:04.549"/>
</kw>
<status status="PASS" starttime="20230217 00:00:02.517" endtime="20230217 00:00:04.549"/>
</kw>
<kw name="Close Browser Page">
<kw name="Sleep" library="BuiltIn">
<arg>3s</arg>
<doc>Pauses the test executed for the given time.</doc>
<msg timestamp="20230217 00:00:07.563" level="INFO">Slept 3 seconds</msg>
<status status="PASS" starttime="20230217 00:00:04.550" endtime="20230217 00:00:07.563"/>
</kw>
<kw name="Close Browser" library="SeleniumLibrary">
<doc>Closes the current browser.</doc>
<status status="PASS" starttime="20230217 00:00:07.563" endtime="20230217 00:00:09.706"/>
</kw>
<status status="PASS" starttime="20230217 00:00:04.549" endtime="20230217 00:00:09.706"/>
</kw>
<status status="PASS" starttime="20230216 23:59:45.425" endtime="20230217 00:00:09.707"/>
</test>
<test id="s1-t5" name="Edit Date Project Success" line="134">
<kw name="Open file Excel">
<kw name="Open Excel" library="ExcelRobot">
<arg>C:\\xampp\\htdocs\\automateTestTeam0\\employee2\\test_editproject\\test_data.xlsx</arg>
<doc>Opens the Excel file to read from the path provided in the file path parameter.</doc>
<msg timestamp="20230217 00:00:09.709" level="INFO">Opening file at C:\xampp\htdocs\automateTestTeam0\employee2\test_editproject\test_data.xlsx</msg>
<status status="PASS" starttime="20230217 00:00:09.709" endtime="20230217 00:00:09.712"/>
</kw>
<status status="PASS" starttime="20230217 00:00:09.708" endtime="20230217 00:00:09.712"/>
</kw>
<kw name="Read Cell Data" library="ExcelRobot">
<var>${Username}</var>
<arg>Project Manager</arg>
<arg>0</arg>
<arg>1</arg>
<doc>Uses the column and row to return the data from that cell.</doc>
<msg timestamp="20230217 00:00:09.712" level="INFO">${Username} = sunisa.su@gmail.com	</msg>
<status status="PASS" starttime="20230217 00:00:09.712" endtime="20230217 00:00:09.712"/>
</kw>
<kw name="Read Cell Data" library="ExcelRobot">
<var>${Password}</var>
<arg>Project Manager</arg>
<arg>1</arg>
<arg>1</arg>
<doc>Uses the column and row to return the data from that cell.</doc>
<msg timestamp="20230217 00:00:09.712" level="INFO">${Password} = sunisa.s</msg>
<status status="PASS" starttime="20230217 00:00:09.712" endtime="20230217 00:00:09.713"/>
</kw>
<kw name="Open Project Monitoring System">
<kw name="Open Browser" library="SeleniumLibrary">
<arg>${URL}</arg>
<arg>${BROWSER}</arg>
<doc>Opens a new browser instance to the optional ``url``.</doc>
<msg timestamp="20230217 00:00:09.714" level="INFO">Opening browser 'Google Chrome' to base url 'http://dekdee2.informatics.buu.ac.th:9080/team0/'.</msg>
<status status="PASS" starttime="20230217 00:00:09.713" endtime="20230217 00:00:11.872"/>
</kw>
<kw name="Maximize Browser Window" library="SeleniumLibrary">
<doc>Maximizes current browser window.</doc>
<status status="PASS" starttime="20230217 00:00:11.873" endtime="20230217 00:00:12.042"/>
</kw>
<status status="PASS" starttime="20230217 00:00:09.713" endtime="20230217 00:00:12.042"/>
</kw>
<kw name="Click Menu Login">
<kw name="Sleep" library="BuiltIn">
<arg>2s</arg>
<doc>Pauses the test executed for the given time.</doc>
<msg timestamp="20230217 00:00:14.055" level="INFO">Slept 2 seconds</msg>
<status status="PASS" starttime="20230217 00:00:12.043" endtime="20230217 00:00:14.055"/>
</kw>
<kw name="Click Element" library="SeleniumLibrary">
<arg>//*[@class="nav-link waves-effect waves-dark profile-pic fs-5"]</arg>
<doc>Click the element identified by ``locator``.</doc>
<msg timestamp="20230217 00:00:14.056" level="INFO">Clicking element '//*[@class="nav-link waves-effect waves-dark profile-pic fs-5"]'.</msg>
<status status="PASS" starttime="20230217 00:00:14.055" endtime="20230217 00:00:14.090"/>
</kw>
<status status="PASS" starttime="20230217 00:00:12.042" endtime="20230217 00:00:14.090"/>
</kw>
<kw name="Sleep" library="BuiltIn">
<arg>1s</arg>
<doc>Pauses the test executed for the given time.</doc>
<msg timestamp="20230217 00:00:15.103" level="INFO">Slept 1 second</msg>
<status status="PASS" starttime="20230217 00:00:14.092" endtime="20230217 00:00:15.103"/>
</kw>
<kw name="Input Text" library="SeleniumLibrary">
<arg>id:u_email</arg>
<arg>${Username}</arg>
<doc>Types the given ``text`` into the text field identified by ``locator``.</doc>
<msg timestamp="20230217 00:00:15.104" level="INFO">Typing text 'sunisa.su@gmail.com	' into text field 'id:u_email'.</msg>
<status status="PASS" starttime="20230217 00:00:15.104" endtime="20230217 00:00:15.182"/>
</kw>
<kw name="Sleep" library="BuiltIn">
<arg>1s</arg>
<doc>Pauses the test executed for the given time.</doc>
<msg timestamp="20230217 00:00:16.191" level="INFO">Slept 1 second</msg>
<status status="PASS" starttime="20230217 00:00:15.182" endtime="20230217 00:00:16.191"/>
</kw>
<kw name="Input Text" library="SeleniumLibrary">
<arg>id:u_password</arg>
<arg>${Password}</arg>
<doc>Types the given ``text`` into the text field identified by ``locator``.</doc>
<msg timestamp="20230217 00:00:16.191" level="INFO">Typing text 'sunisa.s' into text field 'id:u_password'.</msg>
<status status="PASS" starttime="20230217 00:00:16.191" endtime="20230217 00:00:16.242"/>
</kw>
<kw name="Click to Login">
<kw name="Sleep" library="BuiltIn">
<arg>2s</arg>
<doc>Pauses the test executed for the given time.</doc>
<msg timestamp="20230217 00:00:18.252" level="INFO">Slept 2 seconds</msg>
<status status="PASS" starttime="20230217 00:00:16.243" endtime="20230217 00:00:18.252"/>
</kw>
<kw name="Click Element" library="SeleniumLibrary">
<arg>//*[@id="loginBtn"]</arg>
<doc>Click the element identified by ``locator``.</doc>
<msg timestamp="20230217 00:00:18.252" level="INFO">Clicking element '//*[@id="loginBtn"]'.</msg>
<status status="PASS" starttime="20230217 00:00:18.252" endtime="20230217 00:00:18.289"/>
</kw>
<status status="PASS" starttime="20230217 00:00:16.243" endtime="20230217 00:00:18.289"/>
</kw>
<kw name="Click Sidebar Icon">
<kw name="Sleep" library="BuiltIn">
<arg>2s</arg>
<doc>Pauses the test executed for the given time.</doc>
<msg timestamp="20230217 00:00:20.304" level="INFO">Slept 2 seconds</msg>
<status status="PASS" starttime="20230217 00:00:18.289" endtime="20230217 00:00:20.304"/>
</kw>
<kw name="Click Element" library="SeleniumLibrary">
<arg>//*[@id="sidebarnav"]/li[2]/a/i</arg>
<doc>Click the element identified by ``locator``.</doc>
<msg timestamp="20230217 00:00:20.304" level="INFO">Clicking element '//*[@id="sidebarnav"]/li[2]/a/i'.</msg>
<status status="PASS" starttime="20230217 00:00:20.304" endtime="20230217 00:00:20.340"/>
</kw>
<kw name="Click Element" library="SeleniumLibrary">
<arg>//*[@id="sidebarnav"]/li[2]/ul/li[1]</arg>
<doc>Click the element identified by ``locator``.</doc>
<msg timestamp="20230217 00:00:20.340" level="INFO">Clicking element '//*[@id="sidebarnav"]/li[2]/ul/li[1]'.</msg>
<status status="PASS" starttime="20230217 00:00:20.340" endtime="20230217 00:00:20.654"/>
</kw>
<status status="PASS" starttime="20230217 00:00:18.289" endtime="20230217 00:00:20.654"/>
</kw>
<kw name="Click Edit Project">
<kw name="Sleep" library="BuiltIn">
<arg>2s</arg>
<doc>Pauses the test executed for the given time.</doc>
<msg timestamp="20230217 00:00:22.668" level="INFO">Slept 2 seconds</msg>
<status status="PASS" starttime="20230217 00:00:20.656" endtime="20230217 00:00:22.668"/>
</kw>
<kw name="Click Element" library="SeleniumLibrary">
<arg>//*[@id="edit"]</arg>
<doc>Click the element identified by ``locator``.</doc>
<msg timestamp="20230217 00:00:22.669" level="INFO">Clicking element '//*[@id="edit"]'.</msg>
<status status="PASS" starttime="20230217 00:00:22.668" endtime="20230217 00:00:22.703"/>
</kw>
<status status="PASS" starttime="20230217 00:00:20.655" endtime="20230217 00:00:22.703"/>
</kw>
<kw name="Click Edit Date Project">
<kw name="Sleep" library="BuiltIn">
<arg>2s</arg>
<doc>Pauses the test executed for the given time.</doc>
<msg timestamp="20230217 00:00:24.719" level="INFO">Slept 2 seconds</msg>
<status status="PASS" starttime="20230217 00:00:22.703" endtime="20230217 00:00:24.719"/>
</kw>
<kw name="Input Text" library="SeleniumLibrary">
<arg>//*[@id="p_createdate"]</arg>
<arg>24-11-2022</arg>
<doc>Types the given ``text`` into the text field identified by ``locator``.</doc>
<msg timestamp="20230217 00:00:24.720" level="INFO">Typing text '24-11-2022' into text field '//*[@id="p_createdate"]'.</msg>
<status status="PASS" starttime="20230217 00:00:24.719" endtime="20230217 00:00:24.852"/>
</kw>
<status status="PASS" starttime="20230217 00:00:22.703" endtime="20230217 00:00:24.852"/>
</kw>
<kw name="Click Confirm">
<kw name="Sleep" library="BuiltIn">
<arg>2s</arg>
<doc>Pauses the test executed for the given time.</doc>
<msg timestamp="20230217 00:00:26.859" level="INFO">Slept 2 seconds</msg>
<status status="PASS" starttime="20230217 00:00:24.853" endtime="20230217 00:00:26.859"/>
</kw>
<kw name="Click Element" library="SeleniumLibrary">
<arg>//*[@id="mainModalFooter"]/button[1]</arg>
<doc>Click the element identified by ``locator``.</doc>
<msg timestamp="20230217 00:00:26.859" level="INFO">Clicking element '//*[@id="mainModalFooter"]/button[1]'.</msg>
<status status="PASS" starttime="20230217 00:00:26.859" endtime="20230217 00:00:26.904"/>
</kw>
<status status="PASS" starttime="20230217 00:00:24.853" endtime="20230217 00:00:26.904"/>
</kw>
<kw name="Click Confirm Again">
<kw name="Sleep" library="BuiltIn">
<arg>2s</arg>
<doc>Pauses the test executed for the given time.</doc>
<msg timestamp="20230217 00:00:28.921" level="INFO">Slept 2 seconds</msg>
<status status="PASS" starttime="20230217 00:00:26.906" endtime="20230217 00:00:28.922"/>
</kw>
<kw name="Click Element" library="SeleniumLibrary">
<arg>//*[@class="swal2-confirm swal2-styled"]</arg>
<doc>Click the element identified by ``locator``.</doc>
<msg timestamp="20230217 00:00:28.924" level="INFO">Clicking element '//*[@class="swal2-confirm swal2-styled"]'.</msg>
<status status="PASS" starttime="20230217 00:00:28.924" endtime="20230217 00:00:28.956"/>
</kw>
<status status="PASS" starttime="20230217 00:00:26.905" endtime="20230217 00:00:28.956"/>
</kw>
<kw name="Close Browser Page">
<kw name="Sleep" library="BuiltIn">
<arg>3s</arg>
<doc>Pauses the test executed for the given time.</doc>
<msg timestamp="20230217 00:00:31.969" level="INFO">Slept 3 seconds</msg>
<status status="PASS" starttime="20230217 00:00:28.957" endtime="20230217 00:00:31.969"/>
</kw>
<kw name="Close Browser" library="SeleniumLibrary">
<doc>Closes the current browser.</doc>
<status status="PASS" starttime="20230217 00:00:31.969" endtime="20230217 00:00:34.118"/>
</kw>
<status status="PASS" starttime="20230217 00:00:28.957" endtime="20230217 00:00:34.119"/>
</kw>
<status status="PASS" starttime="20230217 00:00:09.708" endtime="20230217 00:00:34.119"/>
</test>
<test id="s1-t6" name="Edit TelNo Customer Success" line="151">
<kw name="Open file Excel">
<kw name="Open Excel" library="ExcelRobot">
<arg>C:\\xampp\\htdocs\\automateTestTeam0\\employee2\\test_editproject\\test_data.xlsx</arg>
<doc>Opens the Excel file to read from the path provided in the file path parameter.</doc>
<msg timestamp="20230217 00:00:34.122" level="INFO">Opening file at C:\xampp\htdocs\automateTestTeam0\employee2\test_editproject\test_data.xlsx</msg>
<status status="PASS" starttime="20230217 00:00:34.122" endtime="20230217 00:00:34.124"/>
</kw>
<status status="PASS" starttime="20230217 00:00:34.122" endtime="20230217 00:00:34.124"/>
</kw>
<kw name="Read Cell Data" library="ExcelRobot">
<var>${Username}</var>
<arg>Project Manager</arg>
<arg>0</arg>
<arg>1</arg>
<doc>Uses the column and row to return the data from that cell.</doc>
<msg timestamp="20230217 00:00:34.125" level="INFO">${Username} = sunisa.su@gmail.com	</msg>
<status status="PASS" starttime="20230217 00:00:34.125" endtime="20230217 00:00:34.125"/>
</kw>
<kw name="Read Cell Data" library="ExcelRobot">
<var>${Password}</var>
<arg>Project Manager</arg>
<arg>1</arg>
<arg>1</arg>
<doc>Uses the column and row to return the data from that cell.</doc>
<msg timestamp="20230217 00:00:34.126" level="INFO">${Password} = sunisa.s</msg>
<status status="PASS" starttime="20230217 00:00:34.125" endtime="20230217 00:00:34.126"/>
</kw>
<kw name="Open Project Monitoring System">
<kw name="Open Browser" library="SeleniumLibrary">
<arg>${URL}</arg>
<arg>${BROWSER}</arg>
<doc>Opens a new browser instance to the optional ``url``.</doc>
<msg timestamp="20230217 00:00:34.127" level="INFO">Opening browser 'Google Chrome' to base url 'http://dekdee2.informatics.buu.ac.th:9080/team0/'.</msg>
<status status="PASS" starttime="20230217 00:00:34.126" endtime="20230217 00:00:36.255"/>
</kw>
<kw name="Maximize Browser Window" library="SeleniumLibrary">
<doc>Maximizes current browser window.</doc>
<status status="PASS" starttime="20230217 00:00:36.255" endtime="20230217 00:00:36.411"/>
</kw>
<status status="PASS" starttime="20230217 00:00:34.126" endtime="20230217 00:00:36.413"/>
</kw>
<kw name="Click Menu Login">
<kw name="Sleep" library="BuiltIn">
<arg>2s</arg>
<doc>Pauses the test executed for the given time.</doc>
<msg timestamp="20230217 00:00:38.425" level="INFO">Slept 2 seconds</msg>
<status status="PASS" starttime="20230217 00:00:36.413" endtime="20230217 00:00:38.425"/>
</kw>
<kw name="Click Element" library="SeleniumLibrary">
<arg>//*[@class="nav-link waves-effect waves-dark profile-pic fs-5"]</arg>
<doc>Click the element identified by ``locator``.</doc>
<msg timestamp="20230217 00:00:38.425" level="INFO">Clicking element '//*[@class="nav-link waves-effect waves-dark profile-pic fs-5"]'.</msg>
<status status="PASS" starttime="20230217 00:00:38.425" endtime="20230217 00:00:38.459"/>
</kw>
<status status="PASS" starttime="20230217 00:00:36.413" endtime="20230217 00:00:38.459"/>
</kw>
<kw name="Sleep" library="BuiltIn">
<arg>1s</arg>
<doc>Pauses the test executed for the given time.</doc>
<msg timestamp="20230217 00:00:39.470" level="INFO">Slept 1 second</msg>
<status status="PASS" starttime="20230217 00:00:38.460" endtime="20230217 00:00:39.470"/>
</kw>
<kw name="Input Text" library="SeleniumLibrary">
<arg>id:u_email</arg>
<arg>${Username}</arg>
<doc>Types the given ``text`` into the text field identified by ``locator``.</doc>
<msg timestamp="20230217 00:00:39.471" level="INFO">Typing text 'sunisa.su@gmail.com	' into text field 'id:u_email'.</msg>
<status status="PASS" starttime="20230217 00:00:39.470" endtime="20230217 00:00:39.548"/>
</kw>
<kw name="Sleep" library="BuiltIn">
<arg>1s</arg>
<doc>Pauses the test executed for the given time.</doc>
<msg timestamp="20230217 00:00:40.551" level="INFO">Slept 1 second</msg>
<status status="PASS" starttime="20230217 00:00:39.548" endtime="20230217 00:00:40.551"/>
</kw>
<kw name="Input Text" library="SeleniumLibrary">
<arg>id:u_password</arg>
<arg>${Password}</arg>
<doc>Types the given ``text`` into the text field identified by ``locator``.</doc>
<msg timestamp="20230217 00:00:40.552" level="INFO">Typing text 'sunisa.s' into text field 'id:u_password'.</msg>
<status status="PASS" starttime="20230217 00:00:40.551" endtime="20230217 00:00:40.605"/>
</kw>
<kw name="Click to Login">
<kw name="Sleep" library="BuiltIn">
<arg>2s</arg>
<doc>Pauses the test executed for the given time.</doc>
<msg timestamp="20230217 00:00:42.610" level="INFO">Slept 2 seconds</msg>
<status status="PASS" starttime="20230217 00:00:40.606" endtime="20230217 00:00:42.610"/>
</kw>
<kw name="Click Element" library="SeleniumLibrary">
<arg>//*[@id="loginBtn"]</arg>
<doc>Click the element identified by ``locator``.</doc>
<msg timestamp="20230217 00:00:42.611" level="INFO">Clicking element '//*[@id="loginBtn"]'.</msg>
<status status="PASS" starttime="20230217 00:00:42.610" endtime="20230217 00:00:42.645"/>
</kw>
<status status="PASS" starttime="20230217 00:00:40.605" endtime="20230217 00:00:42.645"/>
</kw>
<kw name="Click Sidebar Icon">
<kw name="Sleep" library="BuiltIn">
<arg>2s</arg>
<doc>Pauses the test executed for the given time.</doc>
<msg timestamp="20230217 00:00:44.646" level="INFO">Slept 2 seconds</msg>
<status status="PASS" starttime="20230217 00:00:42.646" endtime="20230217 00:00:44.646"/>
</kw>
<kw name="Click Element" library="SeleniumLibrary">
<arg>//*[@id="sidebarnav"]/li[2]/a/i</arg>
<doc>Click the element identified by ``locator``.</doc>
<msg timestamp="20230217 00:00:44.646" level="INFO">Clicking element '//*[@id="sidebarnav"]/li[2]/a/i'.</msg>
<status status="PASS" starttime="20230217 00:00:44.646" endtime="20230217 00:00:44.682"/>
</kw>
<kw name="Click Element" library="SeleniumLibrary">
<arg>//*[@id="sidebarnav"]/li[2]/ul/li[1]</arg>
<doc>Click the element identified by ``locator``.</doc>
<msg timestamp="20230217 00:00:44.683" level="INFO">Clicking element '//*[@id="sidebarnav"]/li[2]/ul/li[1]'.</msg>
<status status="PASS" starttime="20230217 00:00:44.682" endtime="20230217 00:00:44.974"/>
</kw>
<status status="PASS" starttime="20230217 00:00:42.645" endtime="20230217 00:00:44.974"/>
</kw>
<kw name="Click Edit Project">
<kw name="Sleep" library="BuiltIn">
<arg>2s</arg>
<doc>Pauses the test executed for the given time.</doc>
<msg timestamp="20230217 00:00:46.985" level="INFO">Slept 2 seconds</msg>
<status status="PASS" starttime="20230217 00:00:44.975" endtime="20230217 00:00:46.985"/>
</kw>
<kw name="Click Element" library="SeleniumLibrary">
<arg>//*[@id="edit"]</arg>
<doc>Click the element identified by ``locator``.</doc>
<msg timestamp="20230217 00:00:46.986" level="INFO">Clicking element '//*[@id="edit"]'.</msg>
<status status="PASS" starttime="20230217 00:00:46.986" endtime="20230217 00:00:47.023"/>
</kw>
<status status="PASS" starttime="20230217 00:00:44.975" endtime="20230217 00:00:47.023"/>
</kw>
<kw name="Click Edit Telno">
<kw name="Sleep" library="BuiltIn">
<arg>2s</arg>
<doc>Pauses the test executed for the given time.</doc>
<msg timestamp="20230217 00:00:49.030" level="INFO">Slept 2 seconds</msg>
<status status="PASS" starttime="20230217 00:00:47.024" endtime="20230217 00:00:49.030"/>
</kw>
<kw name="Input Text" library="SeleniumLibrary">
<arg>//*[@id="p_telcontact"]</arg>
<arg>0943453333</arg>
<doc>Types the given ``text`` into the text field identified by ``locator``.</doc>
<msg timestamp="20230217 00:00:49.030" level="INFO">Typing text '0943453333' into text field '//*[@id="p_telcontact"]'.</msg>
<status status="PASS" starttime="20230217 00:00:49.030" endtime="20230217 00:00:49.096"/>
</kw>
<status status="PASS" starttime="20230217 00:00:47.024" endtime="20230217 00:00:49.096"/>
</kw>
<kw name="Click Confirm">
<kw name="Sleep" library="BuiltIn">
<arg>2s</arg>
<doc>Pauses the test executed for the given time.</doc>
<msg timestamp="20230217 00:00:51.102" level="INFO">Slept 2 seconds</msg>
<status status="PASS" starttime="20230217 00:00:49.096" endtime="20230217 00:00:51.102"/>
</kw>
<kw name="Click Element" library="SeleniumLibrary">
<arg>//*[@id="mainModalFooter"]/button[1]</arg>
<doc>Click the element identified by ``locator``.</doc>
<msg timestamp="20230217 00:00:51.103" level="INFO">Clicking element '//*[@id="mainModalFooter"]/button[1]'.</msg>
<status status="PASS" starttime="20230217 00:00:51.102" endtime="20230217 00:00:51.147"/>
</kw>
<status status="PASS" starttime="20230217 00:00:49.096" endtime="20230217 00:00:51.147"/>
</kw>
<kw name="Click Confirm Again">
<kw name="Sleep" library="BuiltIn">
<arg>2s</arg>
<doc>Pauses the test executed for the given time.</doc>
<msg timestamp="20230217 00:00:53.154" level="INFO">Slept 2 seconds</msg>
<status status="PASS" starttime="20230217 00:00:51.147" endtime="20230217 00:00:53.154"/>
</kw>
<kw name="Click Element" library="SeleniumLibrary">
<arg>//*[@class="swal2-confirm swal2-styled"]</arg>
<doc>Click the element identified by ``locator``.</doc>
<msg timestamp="20230217 00:00:53.154" level="INFO">Clicking element '//*[@class="swal2-confirm swal2-styled"]'.</msg>
<status status="PASS" starttime="20230217 00:00:53.154" endtime="20230217 00:00:53.186"/>
</kw>
<status status="PASS" starttime="20230217 00:00:51.147" endtime="20230217 00:00:53.186"/>
</kw>
<kw name="Close Browser Page">
<kw name="Sleep" library="BuiltIn">
<arg>3s</arg>
<doc>Pauses the test executed for the given time.</doc>
<msg timestamp="20230217 00:00:56.191" level="INFO">Slept 3 seconds</msg>
<status status="PASS" starttime="20230217 00:00:53.187" endtime="20230217 00:00:56.191"/>
</kw>
<kw name="Close Browser" library="SeleniumLibrary">
<doc>Closes the current browser.</doc>
<status status="PASS" starttime="20230217 00:00:56.191" endtime="20230217 00:00:58.312"/>
</kw>
<status status="PASS" starttime="20230217 00:00:53.186" endtime="20230217 00:00:58.312"/>
</kw>
<status status="PASS" starttime="20230217 00:00:34.121" endtime="20230217 00:00:58.313"/>
</test>
<test id="s1-t7" name="Edit Line Customer Success" line="168">
<kw name="Open file Excel">
<kw name="Open Excel" library="ExcelRobot">
<arg>C:\\xampp\\htdocs\\automateTestTeam0\\employee2\\test_editproject\\test_data.xlsx</arg>
<doc>Opens the Excel file to read from the path provided in the file path parameter.</doc>
<msg timestamp="20230217 00:00:58.315" level="INFO">Opening file at C:\xampp\htdocs\automateTestTeam0\employee2\test_editproject\test_data.xlsx</msg>
<status status="PASS" starttime="20230217 00:00:58.315" endtime="20230217 00:00:58.318"/>
</kw>
<status status="PASS" starttime="20230217 00:00:58.315" endtime="20230217 00:00:58.318"/>
</kw>
<kw name="Read Cell Data" library="ExcelRobot">
<var>${Username}</var>
<arg>Project Manager</arg>
<arg>0</arg>
<arg>1</arg>
<doc>Uses the column and row to return the data from that cell.</doc>
<msg timestamp="20230217 00:00:58.318" level="INFO">${Username} = sunisa.su@gmail.com	</msg>
<status status="PASS" starttime="20230217 00:00:58.318" endtime="20230217 00:00:58.318"/>
</kw>
<kw name="Read Cell Data" library="ExcelRobot">
<var>${Password}</var>
<arg>Project Manager</arg>
<arg>1</arg>
<arg>1</arg>
<doc>Uses the column and row to return the data from that cell.</doc>
<msg timestamp="20230217 00:00:58.318" level="INFO">${Password} = sunisa.s</msg>
<status status="PASS" starttime="20230217 00:00:58.318" endtime="20230217 00:00:58.318"/>
</kw>
<kw name="Open Project Monitoring System">
<kw name="Open Browser" library="SeleniumLibrary">
<arg>${URL}</arg>
<arg>${BROWSER}</arg>
<doc>Opens a new browser instance to the optional ``url``.</doc>
<msg timestamp="20230217 00:00:58.319" level="INFO">Opening browser 'Google Chrome' to base url 'http://dekdee2.informatics.buu.ac.th:9080/team0/'.</msg>
<status status="PASS" starttime="20230217 00:00:58.319" endtime="20230217 00:01:00.384"/>
</kw>
<kw name="Maximize Browser Window" library="SeleniumLibrary">
<doc>Maximizes current browser window.</doc>
<status status="PASS" starttime="20230217 00:01:00.384" endtime="20230217 00:01:00.571"/>
</kw>
<status status="PASS" starttime="20230217 00:00:58.318" endtime="20230217 00:01:00.572"/>
</kw>
<kw name="Click Menu Login">
<kw name="Sleep" library="BuiltIn">
<arg>2s</arg>
<doc>Pauses the test executed for the given time.</doc>
<msg timestamp="20230217 00:01:02.587" level="INFO">Slept 2 seconds</msg>
<status status="PASS" starttime="20230217 00:01:00.575" endtime="20230217 00:01:02.587"/>
</kw>
<kw name="Click Element" library="SeleniumLibrary">
<arg>//*[@class="nav-link waves-effect waves-dark profile-pic fs-5"]</arg>
<doc>Click the element identified by ``locator``.</doc>
<msg timestamp="20230217 00:01:02.588" level="INFO">Clicking element '//*[@class="nav-link waves-effect waves-dark profile-pic fs-5"]'.</msg>
<status status="PASS" starttime="20230217 00:01:02.587" endtime="20230217 00:01:02.621"/>
</kw>
<status status="PASS" starttime="20230217 00:01:00.574" endtime="20230217 00:01:02.622"/>
</kw>
<kw name="Sleep" library="BuiltIn">
<arg>1s</arg>
<doc>Pauses the test executed for the given time.</doc>
<msg timestamp="20230217 00:01:03.630" level="INFO">Slept 1 second</msg>
<status status="PASS" starttime="20230217 00:01:02.622" endtime="20230217 00:01:03.630"/>
</kw>
<kw name="Input Text" library="SeleniumLibrary">
<arg>id:u_email</arg>
<arg>${Username}</arg>
<doc>Types the given ``text`` into the text field identified by ``locator``.</doc>
<msg timestamp="20230217 00:01:03.631" level="INFO">Typing text 'sunisa.su@gmail.com	' into text field 'id:u_email'.</msg>
<status status="PASS" starttime="20230217 00:01:03.630" endtime="20230217 00:01:03.707"/>
</kw>
<kw name="Sleep" library="BuiltIn">
<arg>1s</arg>
<doc>Pauses the test executed for the given time.</doc>
<msg timestamp="20230217 00:01:04.709" level="INFO">Slept 1 second</msg>
<status status="PASS" starttime="20230217 00:01:03.707" endtime="20230217 00:01:04.709"/>
</kw>
<kw name="Input Text" library="SeleniumLibrary">
<arg>id:u_password</arg>
<arg>${Password}</arg>
<doc>Types the given ``text`` into the text field identified by ``locator``.</doc>
<msg timestamp="20230217 00:01:04.710" level="INFO">Typing text 'sunisa.s' into text field 'id:u_password'.</msg>
<status status="PASS" starttime="20230217 00:01:04.709" endtime="20230217 00:01:04.760"/>
</kw>
<kw name="Click to Login">
<kw name="Sleep" library="BuiltIn">
<arg>2s</arg>
<doc>Pauses the test executed for the given time.</doc>
<msg timestamp="20230217 00:01:06.763" level="INFO">Slept 2 seconds</msg>
<status status="PASS" starttime="20230217 00:01:04.760" endtime="20230217 00:01:06.763"/>
</kw>
<kw name="Click Element" library="SeleniumLibrary">
<arg>//*[@id="loginBtn"]</arg>
<doc>Click the element identified by ``locator``.</doc>
<msg timestamp="20230217 00:01:06.763" level="INFO">Clicking element '//*[@id="loginBtn"]'.</msg>
<status status="PASS" starttime="20230217 00:01:06.763" endtime="20230217 00:01:06.793"/>
</kw>
<status status="PASS" starttime="20230217 00:01:04.760" endtime="20230217 00:01:06.794"/>
</kw>
<kw name="Click Sidebar Icon">
<kw name="Sleep" library="BuiltIn">
<arg>2s</arg>
<doc>Pauses the test executed for the given time.</doc>
<msg timestamp="20230217 00:01:08.804" level="INFO">Slept 2 seconds</msg>
<status status="PASS" starttime="20230217 00:01:06.795" endtime="20230217 00:01:08.804"/>
</kw>
<kw name="Click Element" library="SeleniumLibrary">
<arg>//*[@id="sidebarnav"]/li[2]/a/i</arg>
<doc>Click the element identified by ``locator``.</doc>
<msg timestamp="20230217 00:01:08.804" level="INFO">Clicking element '//*[@id="sidebarnav"]/li[2]/a/i'.</msg>
<status status="PASS" starttime="20230217 00:01:08.804" endtime="20230217 00:01:08.838"/>
</kw>
<kw name="Click Element" library="SeleniumLibrary">
<arg>//*[@id="sidebarnav"]/li[2]/ul/li[1]</arg>
<doc>Click the element identified by ``locator``.</doc>
<msg timestamp="20230217 00:01:08.839" level="INFO">Clicking element '//*[@id="sidebarnav"]/li[2]/ul/li[1]'.</msg>
<status status="PASS" starttime="20230217 00:01:08.839" endtime="20230217 00:01:09.159"/>
</kw>
<status status="PASS" starttime="20230217 00:01:06.794" endtime="20230217 00:01:09.159"/>
</kw>
<kw name="Click Edit Project">
<kw name="Sleep" library="BuiltIn">
<arg>2s</arg>
<doc>Pauses the test executed for the given time.</doc>
<msg timestamp="20230217 00:01:11.175" level="INFO">Slept 2 seconds</msg>
<status status="PASS" starttime="20230217 00:01:09.162" endtime="20230217 00:01:11.175"/>
</kw>
<kw name="Click Element" library="SeleniumLibrary">
<arg>//*[@id="edit"]</arg>
<doc>Click the element identified by ``locator``.</doc>
<msg timestamp="20230217 00:01:11.175" level="INFO">Clicking element '//*[@id="edit"]'.</msg>
<status status="PASS" starttime="20230217 00:01:11.175" endtime="20230217 00:01:11.207"/>
</kw>
<status status="PASS" starttime="20230217 00:01:09.161" endtime="20230217 00:01:11.207"/>
</kw>
<kw name="Click Edit Line">
<kw name="Sleep" library="BuiltIn">
<arg>2s</arg>
<doc>Pauses the test executed for the given time.</doc>
<msg timestamp="20230217 00:01:13.223" level="INFO">Slept 2 seconds</msg>
<status status="PASS" starttime="20230217 00:01:11.208" endtime="20230217 00:01:13.223"/>
</kw>
<kw name="Input Text" library="SeleniumLibrary">
<arg>//*[@id="p_linecontact"]</arg>
<arg>sitt_er214</arg>
<doc>Types the given ``text`` into the text field identified by ``locator``.</doc>
<msg timestamp="20230217 00:01:13.223" level="INFO">Typing text 'sitt_er214' into text field '//*[@id="p_linecontact"]'.</msg>
<status status="PASS" starttime="20230217 00:01:13.223" endtime="20230217 00:01:13.290"/>
</kw>
<status status="PASS" starttime="20230217 00:01:11.208" endtime="20230217 00:01:13.290"/>
</kw>
<kw name="Click Confirm">
<kw name="Sleep" library="BuiltIn">
<arg>2s</arg>
<doc>Pauses the test executed for the given time.</doc>
<msg timestamp="20230217 00:01:15.300" level="INFO">Slept 2 seconds</msg>
<status status="PASS" starttime="20230217 00:01:13.292" endtime="20230217 00:01:15.300"/>
</kw>
<kw name="Click Element" library="SeleniumLibrary">
<arg>//*[@id="mainModalFooter"]/button[1]</arg>
<doc>Click the element identified by ``locator``.</doc>
<msg timestamp="20230217 00:01:15.300" level="INFO">Clicking element '//*[@id="mainModalFooter"]/button[1]'.</msg>
<status status="PASS" starttime="20230217 00:01:15.300" endtime="20230217 00:01:15.344"/>
</kw>
<status status="PASS" starttime="20230217 00:01:13.292" endtime="20230217 00:01:15.344"/>
</kw>
<kw name="Click Confirm Again">
<kw name="Sleep" library="BuiltIn">
<arg>2s</arg>
<doc>Pauses the test executed for the given time.</doc>
<msg timestamp="20230217 00:01:17.347" level="INFO">Slept 2 seconds</msg>
<status status="PASS" starttime="20230217 00:01:15.345" endtime="20230217 00:01:17.347"/>
</kw>
<kw name="Click Element" library="SeleniumLibrary">
<arg>//*[@class="swal2-confirm swal2-styled"]</arg>
<doc>Click the element identified by ``locator``.</doc>
<msg timestamp="20230217 00:01:17.348" level="INFO">Clicking element '//*[@class="swal2-confirm swal2-styled"]'.</msg>
<status status="PASS" starttime="20230217 00:01:17.347" endtime="20230217 00:01:17.378"/>
</kw>
<status status="PASS" starttime="20230217 00:01:15.345" endtime="20230217 00:01:17.379"/>
</kw>
<kw name="Close Browser Page">
<kw name="Sleep" library="BuiltIn">
<arg>3s</arg>
<doc>Pauses the test executed for the given time.</doc>
<msg timestamp="20230217 00:01:20.392" level="INFO">Slept 3 seconds</msg>
<status status="PASS" starttime="20230217 00:01:17.379" endtime="20230217 00:01:20.392"/>
</kw>
<kw name="Close Browser" library="SeleniumLibrary">
<doc>Closes the current browser.</doc>
<status status="PASS" starttime="20230217 00:01:20.392" endtime="20230217 00:01:22.519"/>
</kw>
<status status="PASS" starttime="20230217 00:01:17.379" endtime="20230217 00:01:22.519"/>
</kw>
<status status="PASS" starttime="20230217 00:00:58.314" endtime="20230217 00:01:22.520"/>
</test>
<test id="s1-t8" name="Edit Email Customer Success" line="185">
<kw name="Open file Excel">
<kw name="Open Excel" library="ExcelRobot">
<arg>C:\\xampp\\htdocs\\automateTestTeam0\\employee2\\test_editproject\\test_data.xlsx</arg>
<doc>Opens the Excel file to read from the path provided in the file path parameter.</doc>
<msg timestamp="20230217 00:01:22.522" level="INFO">Opening file at C:\xampp\htdocs\automateTestTeam0\employee2\test_editproject\test_data.xlsx</msg>
<status status="PASS" starttime="20230217 00:01:22.522" endtime="20230217 00:01:22.524"/>
</kw>
<status status="PASS" starttime="20230217 00:01:22.522" endtime="20230217 00:01:22.524"/>
</kw>
<kw name="Read Cell Data" library="ExcelRobot">
<var>${Username}</var>
<arg>Project Manager</arg>
<arg>0</arg>
<arg>1</arg>
<doc>Uses the column and row to return the data from that cell.</doc>
<msg timestamp="20230217 00:01:22.525" level="INFO">${Username} = sunisa.su@gmail.com	</msg>
<status status="PASS" starttime="20230217 00:01:22.524" endtime="20230217 00:01:22.525"/>
</kw>
<kw name="Read Cell Data" library="ExcelRobot">
<var>${Password}</var>
<arg>Project Manager</arg>
<arg>1</arg>
<arg>1</arg>
<doc>Uses the column and row to return the data from that cell.</doc>
<msg timestamp="20230217 00:01:22.525" level="INFO">${Password} = sunisa.s</msg>
<status status="PASS" starttime="20230217 00:01:22.525" endtime="20230217 00:01:22.525"/>
</kw>
<kw name="Open Project Monitoring System">
<kw name="Open Browser" library="SeleniumLibrary">
<arg>${URL}</arg>
<arg>${BROWSER}</arg>
<doc>Opens a new browser instance to the optional ``url``.</doc>
<msg timestamp="20230217 00:01:22.526" level="INFO">Opening browser 'Google Chrome' to base url 'http://dekdee2.informatics.buu.ac.th:9080/team0/'.</msg>
<status status="PASS" starttime="20230217 00:01:22.526" endtime="20230217 00:01:24.666"/>
</kw>
<kw name="Maximize Browser Window" library="SeleniumLibrary">
<doc>Maximizes current browser window.</doc>
<status status="PASS" starttime="20230217 00:01:24.666" endtime="20230217 00:01:24.828"/>
</kw>
<status status="PASS" starttime="20230217 00:01:22.525" endtime="20230217 00:01:24.828"/>
</kw>
<kw name="Click Menu Login">
<kw name="Sleep" library="BuiltIn">
<arg>2s</arg>
<doc>Pauses the test executed for the given time.</doc>
<msg timestamp="20230217 00:01:26.833" level="INFO">Slept 2 seconds</msg>
<status status="PASS" starttime="20230217 00:01:24.830" endtime="20230217 00:01:26.833"/>
</kw>
<kw name="Click Element" library="SeleniumLibrary">
<arg>//*[@class="nav-link waves-effect waves-dark profile-pic fs-5"]</arg>
<doc>Click the element identified by ``locator``.</doc>
<msg timestamp="20230217 00:01:26.833" level="INFO">Clicking element '//*[@class="nav-link waves-effect waves-dark profile-pic fs-5"]'.</msg>
<status status="PASS" starttime="20230217 00:01:26.833" endtime="20230217 00:01:26.866"/>
</kw>
<status status="PASS" starttime="20230217 00:01:24.828" endtime="20230217 00:01:26.866"/>
</kw>
<kw name="Sleep" library="BuiltIn">
<arg>1s</arg>
<doc>Pauses the test executed for the given time.</doc>
<msg timestamp="20230217 00:01:27.878" level="INFO">Slept 1 second</msg>
<status status="PASS" starttime="20230217 00:01:26.867" endtime="20230217 00:01:27.878"/>
</kw>
<kw name="Input Text" library="SeleniumLibrary">
<arg>id:u_email</arg>
<arg>${Username}</arg>
<doc>Types the given ``text`` into the text field identified by ``locator``.</doc>
<msg timestamp="20230217 00:01:27.878" level="INFO">Typing text 'sunisa.su@gmail.com	' into text field 'id:u_email'.</msg>
<status status="PASS" starttime="20230217 00:01:27.878" endtime="20230217 00:01:27.957"/>
</kw>
<kw name="Sleep" library="BuiltIn">
<arg>1s</arg>
<doc>Pauses the test executed for the given time.</doc>
<msg timestamp="20230217 00:01:28.969" level="INFO">Slept 1 second</msg>
<status status="PASS" starttime="20230217 00:01:27.958" endtime="20230217 00:01:28.969"/>
</kw>
<kw name="Input Text" library="SeleniumLibrary">
<arg>id:u_password</arg>
<arg>${Password}</arg>
<doc>Types the given ``text`` into the text field identified by ``locator``.</doc>
<msg timestamp="20230217 00:01:28.970" level="INFO">Typing text 'sunisa.s' into text field 'id:u_password'.</msg>
<status status="PASS" starttime="20230217 00:01:28.969" endtime="20230217 00:01:29.019"/>
</kw>
<kw name="Click to Login">
<kw name="Sleep" library="BuiltIn">
<arg>2s</arg>
<doc>Pauses the test executed for the given time.</doc>
<msg timestamp="20230217 00:01:31.031" level="INFO">Slept 2 seconds</msg>
<status status="PASS" starttime="20230217 00:01:29.020" endtime="20230217 00:01:31.031"/>
</kw>
<kw name="Click Element" library="SeleniumLibrary">
<arg>//*[@id="loginBtn"]</arg>
<doc>Click the element identified by ``locator``.</doc>
<msg timestamp="20230217 00:01:31.032" level="INFO">Clicking element '//*[@id="loginBtn"]'.</msg>
<status status="PASS" starttime="20230217 00:01:31.031" endtime="20230217 00:01:31.065"/>
</kw>
<status status="PASS" starttime="20230217 00:01:29.019" endtime="20230217 00:01:31.065"/>
</kw>
<kw name="Click Sidebar Icon">
<kw name="Sleep" library="BuiltIn">
<arg>2s</arg>
<doc>Pauses the test executed for the given time.</doc>
<msg timestamp="20230217 00:01:33.080" level="INFO">Slept 2 seconds</msg>
<status status="PASS" starttime="20230217 00:01:31.066" endtime="20230217 00:01:33.080"/>
</kw>
<kw name="Click Element" library="SeleniumLibrary">
<arg>//*[@id="sidebarnav"]/li[2]/a/i</arg>
<doc>Click the element identified by ``locator``.</doc>
<msg timestamp="20230217 00:01:33.080" level="INFO">Clicking element '//*[@id="sidebarnav"]/li[2]/a/i'.</msg>
<status status="PASS" starttime="20230217 00:01:33.080" endtime="20230217 00:01:33.115"/>
</kw>
<kw name="Click Element" library="SeleniumLibrary">
<arg>//*[@id="sidebarnav"]/li[2]/ul/li[1]</arg>
<doc>Click the element identified by ``locator``.</doc>
<msg timestamp="20230217 00:01:33.115" level="INFO">Clicking element '//*[@id="sidebarnav"]/li[2]/ul/li[1]'.</msg>
<status status="PASS" starttime="20230217 00:01:33.115" endtime="20230217 00:01:33.409"/>
</kw>
<status status="PASS" starttime="20230217 00:01:31.065" endtime="20230217 00:01:33.409"/>
</kw>
<kw name="Click Edit Project">
<kw name="Sleep" library="BuiltIn">
<arg>2s</arg>
<doc>Pauses the test executed for the given time.</doc>
<msg timestamp="20230217 00:01:35.424" level="INFO">Slept 2 seconds</msg>
<status status="PASS" starttime="20230217 00:01:33.411" endtime="20230217 00:01:35.424"/>
</kw>
<kw name="Click Element" library="SeleniumLibrary">
<arg>//*[@id="edit"]</arg>
<doc>Click the element identified by ``locator``.</doc>
<msg timestamp="20230217 00:01:35.424" level="INFO">Clicking element '//*[@id="edit"]'.</msg>
<status status="PASS" starttime="20230217 00:01:35.424" endtime="20230217 00:01:35.457"/>
</kw>
<status status="PASS" starttime="20230217 00:01:33.410" endtime="20230217 00:01:35.457"/>
</kw>
<kw name="Click Edit Email">
<kw name="Sleep" library="BuiltIn">
<arg>2s</arg>
<doc>Pauses the test executed for the given time.</doc>
<msg timestamp="20230217 00:01:37.458" level="INFO">Slept 2 seconds</msg>
<status status="PASS" starttime="20230217 00:01:35.458" endtime="20230217 00:01:37.458"/>
</kw>
<kw name="Input Text" library="SeleniumLibrary">
<arg>//*[@id="p_emailcontact"]</arg>
<arg>sit234@gmail.com</arg>
<doc>Types the given ``text`` into the text field identified by ``locator``.</doc>
<msg timestamp="20230217 00:01:37.459" level="INFO">Typing text 'sit234@gmail.com' into text field '//*[@id="p_emailcontact"]'.</msg>
<status status="PASS" starttime="20230217 00:01:37.458" endtime="20230217 00:01:37.536"/>
</kw>
<status status="PASS" starttime="20230217 00:01:35.458" endtime="20230217 00:01:37.537"/>
</kw>
<kw name="Click Confirm">
<kw name="Sleep" library="BuiltIn">
<arg>2s</arg>
<doc>Pauses the test executed for the given time.</doc>
<msg timestamp="20230217 00:01:39.546" level="INFO">Slept 2 seconds</msg>
<status status="PASS" starttime="20230217 00:01:37.537" endtime="20230217 00:01:39.546"/>
</kw>
<kw name="Click Element" library="SeleniumLibrary">
<arg>//*[@id="mainModalFooter"]/button[1]</arg>
<doc>Click the element identified by ``locator``.</doc>
<msg timestamp="20230217 00:01:39.546" level="INFO">Clicking element '//*[@id="mainModalFooter"]/button[1]'.</msg>
<status status="PASS" starttime="20230217 00:01:39.546" endtime="20230217 00:01:39.587"/>
</kw>
<status status="PASS" starttime="20230217 00:01:37.537" endtime="20230217 00:01:39.587"/>
</kw>
<kw name="Click Confirm Again">
<kw name="Sleep" library="BuiltIn">
<arg>2s</arg>
<doc>Pauses the test executed for the given time.</doc>
<msg timestamp="20230217 00:01:41.595" level="INFO">Slept 2 seconds</msg>
<status status="PASS" starttime="20230217 00:01:39.588" endtime="20230217 00:01:41.595"/>
</kw>
<kw name="Click Element" library="SeleniumLibrary">
<arg>//*[@class="swal2-confirm swal2-styled"]</arg>
<doc>Click the element identified by ``locator``.</doc>
<msg timestamp="20230217 00:01:41.595" level="INFO">Clicking element '//*[@class="swal2-confirm swal2-styled"]'.</msg>
<status status="PASS" starttime="20230217 00:01:41.595" endtime="20230217 00:01:41.628"/>
</kw>
<status status="PASS" starttime="20230217 00:01:39.588" endtime="20230217 00:01:41.629"/>
</kw>
<kw name="Close Browser Page">
<kw name="Sleep" library="BuiltIn">
<arg>3s</arg>
<doc>Pauses the test executed for the given time.</doc>
<msg timestamp="20230217 00:01:44.629" level="INFO">Slept 3 seconds</msg>
<status status="PASS" starttime="20230217 00:01:41.629" endtime="20230217 00:01:44.629"/>
</kw>
<kw name="Close Browser" library="SeleniumLibrary">
<doc>Closes the current browser.</doc>
<status status="PASS" starttime="20230217 00:01:44.629" endtime="20230217 00:01:46.760"/>
</kw>
<status status="PASS" starttime="20230217 00:01:41.629" endtime="20230217 00:01:46.760"/>
</kw>
<status status="PASS" starttime="20230217 00:01:22.521" endtime="20230217 00:01:46.760"/>
</test>
<test id="s1-t9" name="Edit Etc Success" line="202">
<kw name="Open file Excel">
<kw name="Open Excel" library="ExcelRobot">
<arg>C:\\xampp\\htdocs\\automateTestTeam0\\employee2\\test_editproject\\test_data.xlsx</arg>
<doc>Opens the Excel file to read from the path provided in the file path parameter.</doc>
<msg timestamp="20230217 00:01:46.763" level="INFO">Opening file at C:\xampp\htdocs\automateTestTeam0\employee2\test_editproject\test_data.xlsx</msg>
<status status="PASS" starttime="20230217 00:01:46.763" endtime="20230217 00:01:46.765"/>
</kw>
<status status="PASS" starttime="20230217 00:01:46.763" endtime="20230217 00:01:46.765"/>
</kw>
<kw name="Read Cell Data" library="ExcelRobot">
<var>${Username}</var>
<arg>Project Manager</arg>
<arg>0</arg>
<arg>1</arg>
<doc>Uses the column and row to return the data from that cell.</doc>
<msg timestamp="20230217 00:01:46.766" level="INFO">${Username} = sunisa.su@gmail.com	</msg>
<status status="PASS" starttime="20230217 00:01:46.766" endtime="20230217 00:01:46.766"/>
</kw>
<kw name="Read Cell Data" library="ExcelRobot">
<var>${Password}</var>
<arg>Project Manager</arg>
<arg>1</arg>
<arg>1</arg>
<doc>Uses the column and row to return the data from that cell.</doc>
<msg timestamp="20230217 00:01:46.766" level="INFO">${Password} = sunisa.s</msg>
<status status="PASS" starttime="20230217 00:01:46.766" endtime="20230217 00:01:46.766"/>
</kw>
<kw name="Open Project Monitoring System">
<kw name="Open Browser" library="SeleniumLibrary">
<arg>${URL}</arg>
<arg>${BROWSER}</arg>
<doc>Opens a new browser instance to the optional ``url``.</doc>
<msg timestamp="20230217 00:01:46.767" level="INFO">Opening browser 'Google Chrome' to base url 'http://dekdee2.informatics.buu.ac.th:9080/team0/'.</msg>
<status status="PASS" starttime="20230217 00:01:46.766" endtime="20230217 00:01:48.897"/>
</kw>
<kw name="Maximize Browser Window" library="SeleniumLibrary">
<doc>Maximizes current browser window.</doc>
<status status="PASS" starttime="20230217 00:01:48.898" endtime="20230217 00:01:49.044"/>
</kw>
<status status="PASS" starttime="20230217 00:01:46.766" endtime="20230217 00:01:49.044"/>
</kw>
<kw name="Click Menu Login">
<kw name="Sleep" library="BuiltIn">
<arg>2s</arg>
<doc>Pauses the test executed for the given time.</doc>
<msg timestamp="20230217 00:01:51.052" level="INFO">Slept 2 seconds</msg>
<status status="PASS" starttime="20230217 00:01:49.045" endtime="20230217 00:01:51.052"/>
</kw>
<kw name="Click Element" library="SeleniumLibrary">
<arg>//*[@class="nav-link waves-effect waves-dark profile-pic fs-5"]</arg>
<doc>Click the element identified by ``locator``.</doc>
<msg timestamp="20230217 00:01:51.052" level="INFO">Clicking element '//*[@class="nav-link waves-effect waves-dark profile-pic fs-5"]'.</msg>
<status status="PASS" starttime="20230217 00:01:51.052" endtime="20230217 00:01:51.086"/>
</kw>
<status status="PASS" starttime="20230217 00:01:49.045" endtime="20230217 00:01:51.086"/>
</kw>
<kw name="Sleep" library="BuiltIn">
<arg>1s</arg>
<doc>Pauses the test executed for the given time.</doc>
<msg timestamp="20230217 00:01:52.097" level="INFO">Slept 1 second</msg>
<status status="PASS" starttime="20230217 00:01:51.087" endtime="20230217 00:01:52.097"/>
</kw>
<kw name="Input Text" library="SeleniumLibrary">
<arg>id:u_email</arg>
<arg>${Username}</arg>
<doc>Types the given ``text`` into the text field identified by ``locator``.</doc>
<msg timestamp="20230217 00:01:52.098" level="INFO">Typing text 'sunisa.su@gmail.com	' into text field 'id:u_email'.</msg>
<status status="PASS" starttime="20230217 00:01:52.098" endtime="20230217 00:01:52.174"/>
</kw>
<kw name="Sleep" library="BuiltIn">
<arg>1s</arg>
<doc>Pauses the test executed for the given time.</doc>
<msg timestamp="20230217 00:01:53.175" level="INFO">Slept 1 second</msg>
<status status="PASS" starttime="20230217 00:01:52.174" endtime="20230217 00:01:53.175"/>
</kw>
<kw name="Input Text" library="SeleniumLibrary">
<arg>id:u_password</arg>
<arg>${Password}</arg>
<doc>Types the given ``text`` into the text field identified by ``locator``.</doc>
<msg timestamp="20230217 00:01:53.176" level="INFO">Typing text 'sunisa.s' into text field 'id:u_password'.</msg>
<status status="PASS" starttime="20230217 00:01:53.175" endtime="20230217 00:01:53.227"/>
</kw>
<kw name="Click to Login">
<kw name="Sleep" library="BuiltIn">
<arg>2s</arg>
<doc>Pauses the test executed for the given time.</doc>
<msg timestamp="20230217 00:01:55.239" level="INFO">Slept 2 seconds</msg>
<status status="PASS" starttime="20230217 00:01:53.228" endtime="20230217 00:01:55.239"/>
</kw>
<kw name="Click Element" library="SeleniumLibrary">
<arg>//*[@id="loginBtn"]</arg>
<doc>Click the element identified by ``locator``.</doc>
<msg timestamp="20230217 00:01:55.239" level="INFO">Clicking element '//*[@id="loginBtn"]'.</msg>
<status status="PASS" starttime="20230217 00:01:55.239" endtime="20230217 00:01:55.275"/>
</kw>
<status status="PASS" starttime="20230217 00:01:53.228" endtime="20230217 00:01:55.275"/>
</kw>
<kw name="Click Sidebar Icon">
<kw name="Sleep" library="BuiltIn">
<arg>2s</arg>
<doc>Pauses the test executed for the given time.</doc>
<msg timestamp="20230217 00:01:57.281" level="INFO">Slept 2 seconds</msg>
<status status="PASS" starttime="20230217 00:01:55.275" endtime="20230217 00:01:57.281"/>
</kw>
<kw name="Click Element" library="SeleniumLibrary">
<arg>//*[@id="sidebarnav"]/li[2]/a/i</arg>
<doc>Click the element identified by ``locator``.</doc>
<msg timestamp="20230217 00:01:57.281" level="INFO">Clicking element '//*[@id="sidebarnav"]/li[2]/a/i'.</msg>
<status status="PASS" starttime="20230217 00:01:57.281" endtime="20230217 00:01:57.317"/>
</kw>
<kw name="Click Element" library="SeleniumLibrary">
<arg>//*[@id="sidebarnav"]/li[2]/ul/li[1]</arg>
<doc>Click the element identified by ``locator``.</doc>
<msg timestamp="20230217 00:01:57.317" level="INFO">Clicking element '//*[@id="sidebarnav"]/li[2]/ul/li[1]'.</msg>
<status status="PASS" starttime="20230217 00:01:57.317" endtime="20230217 00:01:57.643"/>
</kw>
<status status="PASS" starttime="20230217 00:01:55.275" endtime="20230217 00:01:57.643"/>
</kw>
<kw name="Click Edit Project">
<kw name="Sleep" library="BuiltIn">
<arg>2s</arg>
<doc>Pauses the test executed for the given time.</doc>
<msg timestamp="20230217 00:01:59.658" level="INFO">Slept 2 seconds</msg>
<status status="PASS" starttime="20230217 00:01:57.644" endtime="20230217 00:01:59.658"/>
</kw>
<kw name="Click Element" library="SeleniumLibrary">
<arg>//*[@id="edit"]</arg>
<doc>Click the element identified by ``locator``.</doc>
<msg timestamp="20230217 00:01:59.659" level="INFO">Clicking element '//*[@id="edit"]'.</msg>
<status status="PASS" starttime="20230217 00:01:59.658" endtime="20230217 00:01:59.691"/>
</kw>
<status status="PASS" starttime="20230217 00:01:57.644" endtime="20230217 00:01:59.692"/>
</kw>
<kw name="Click Edit etc">
<kw name="Sleep" library="BuiltIn">
<arg>2s</arg>
<doc>Pauses the test executed for the given time.</doc>
<msg timestamp="20230217 00:02:01.693" level="INFO">Slept 2 seconds</msg>
<status status="PASS" starttime="20230217 00:01:59.692" endtime="20230217 00:02:01.693"/>
</kw>
<kw name="Input Text" library="SeleniumLibrary">
<arg>//*[@id="p_othercontact"]</arg>
<arg>บริการรับชำระเงินออนไลน์อื่นๆผ่านเครื่องรับชำระเงินอัตโนมัติ หรือ “เติมเกม”</arg>
<doc>Types the given ``text`` into the text field identified by ``locator``.</doc>
<msg timestamp="20230217 00:02:01.694" level="INFO">Typing text 'บริการรับชำระเงินออนไลน์อื่นๆผ่านเครื่องรับชำระเงินอัตโนมัติ หรือ “เติมเกม”' into text field '//*[@id="p_othercontact"]'.</msg>
<status status="PASS" starttime="20230217 00:02:01.694" endtime="20230217 00:02:01.791"/>
</kw>
<status status="PASS" starttime="20230217 00:01:59.692" endtime="20230217 00:02:01.791"/>
</kw>
<kw name="Click Confirm">
<kw name="Sleep" library="BuiltIn">
<arg>2s</arg>
<doc>Pauses the test executed for the given time.</doc>
<msg timestamp="20230217 00:02:03.798" level="INFO">Slept 2 seconds</msg>
<status status="PASS" starttime="20230217 00:02:01.792" endtime="20230217 00:02:03.798"/>
</kw>
<kw name="Click Element" library="SeleniumLibrary">
<arg>//*[@id="mainModalFooter"]/button[1]</arg>
<doc>Click the element identified by ``locator``.</doc>
<msg timestamp="20230217 00:02:03.798" level="INFO">Clicking element '//*[@id="mainModalFooter"]/button[1]'.</msg>
<status status="PASS" starttime="20230217 00:02:03.798" endtime="20230217 00:02:03.845"/>
</kw>
<status status="PASS" starttime="20230217 00:02:01.792" endtime="20230217 00:02:03.845"/>
</kw>
<kw name="Click Confirm Again">
<kw name="Sleep" library="BuiltIn">
<arg>2s</arg>
<doc>Pauses the test executed for the given time.</doc>
<msg timestamp="20230217 00:02:05.856" level="INFO">Slept 2 seconds</msg>
<status status="PASS" starttime="20230217 00:02:03.846" endtime="20230217 00:02:05.856"/>
</kw>
<kw name="Click Element" library="SeleniumLibrary">
<arg>//*[@class="swal2-confirm swal2-styled"]</arg>
<doc>Click the element identified by ``locator``.</doc>
<msg timestamp="20230217 00:02:05.857" level="INFO">Clicking element '//*[@class="swal2-confirm swal2-styled"]'.</msg>
<status status="PASS" starttime="20230217 00:02:05.856" endtime="20230217 00:02:05.890"/>
</kw>
<status status="PASS" starttime="20230217 00:02:03.845" endtime="20230217 00:02:05.891"/>
</kw>
<kw name="Close Browser Page">
<kw name="Sleep" library="BuiltIn">
<arg>3s</arg>
<doc>Pauses the test executed for the given time.</doc>
<msg timestamp="20230217 00:02:08.902" level="INFO">Slept 3 seconds</msg>
<status status="PASS" starttime="20230217 00:02:05.891" endtime="20230217 00:02:08.902"/>
</kw>
<kw name="Close Browser" library="SeleniumLibrary">
<doc>Closes the current browser.</doc>
<status status="PASS" starttime="20230217 00:02:08.902" endtime="20230217 00:02:11.026"/>
</kw>
<status status="PASS" starttime="20230217 00:02:05.891" endtime="20230217 00:02:11.026"/>
</kw>
<status status="PASS" starttime="20230217 00:01:46.761" endtime="20230217 00:02:11.027"/>
</test>
<status status="PASS" starttime="20230216 23:58:32.197" endtime="20230217 00:02:11.029"/>
</suite>
<statistics>
<total>
<stat pass="9" fail="0" skip="0">All Tests</stat>
</total>
<tag>
</tag>
<suite>
<stat pass="9" fail="0" skip="0" id="s1" name="Editproject">Editproject</stat>
</suite>
</statistics>
<errors>
</errors>
</robot>
