<?xml version="1.0" encoding="UTF-8"?>
<robot generator="Robot 5.0.1 (Python 3.10.5 on win32)" generated="20220928 22:30:04.768" rpa="false" schemaversion="3">
<suite id="s1" name="TestLoginEmployee" source="C:\Automate Test\Test_PMS\automateTestTeam0\Employee\test_login\TestLoginEmployee.robot">
<test id="s1-t1" name="Login Employee Fail Single Quote Without Password" line="89">
<kw name="Open file Excel">
<kw name="Open Excel" library="ExcelRobot">
<arg>C:\\Automate Test\\Test_PMS\\automateTestTeam0\\Employee\\test_login\\test_data.xlsx</arg>
<doc>Opens the Excel file to read from the path provided in the file path parameter.</doc>
<msg timestamp="20220928 22:30:06.047" level="INFO">Opening file at C:\Automate Test\Test_PMS\automateTestTeam0\Employee\test_login\test_data.xlsx</msg>
<status status="PASS" starttime="20220928 22:30:06.047" endtime="20220928 22:30:06.055"/>
</kw>
<status status="PASS" starttime="20220928 22:30:06.047" endtime="20220928 22:30:06.055"/>
</kw>
<kw name="Read Cell Data" library="ExcelRobot">
<var>${Username}</var>
<arg>Sheet1</arg>
<arg>0</arg>
<arg>7</arg>
<doc>Uses the column and row to return the data from that cell.</doc>
<msg timestamp="20220928 22:30:06.057" level="INFO">${Username} = </msg>
<status status="PASS" starttime="20220928 22:30:06.057" endtime="20220928 22:30:06.057"/>
</kw>
<kw name="Read Cell Data" library="ExcelRobot">
<var>${Password}</var>
<arg>Sheet1</arg>
<arg>1</arg>
<arg>7</arg>
<doc>Uses the column and row to return the data from that cell.</doc>
<msg timestamp="20220928 22:30:06.057" level="INFO">${Password} = </msg>
<status status="PASS" starttime="20220928 22:30:06.057" endtime="20220928 22:30:06.057"/>
</kw>
<kw name="Open Project Monitoring System">
<kw name="Open Browser" library="SeleniumLibrary">
<arg>${URL}</arg>
<arg>${BROWSER}</arg>
<doc>Opens a new browser instance to the optional ``url``.</doc>
<msg timestamp="20220928 22:30:06.063" level="INFO">Opening browser 'Google Chrome' to base url 'http://localhost/team0/login'.</msg>
<status status="PASS" starttime="20220928 22:30:06.062" endtime="20220928 22:30:08.737"/>
</kw>
<kw name="Maximize Browser Window" library="SeleniumLibrary">
<doc>Maximizes current browser window.</doc>
<status status="PASS" starttime="20220928 22:30:08.737" endtime="20220928 22:30:08.881"/>
</kw>
<status status="PASS" starttime="20220928 22:30:06.057" endtime="20220928 22:30:08.881"/>
</kw>
<kw name="Sleep" library="BuiltIn">
<arg>1s</arg>
<doc>Pauses the test executed for the given time.</doc>
<msg timestamp="20220928 22:30:09.887" level="INFO">Slept 1 second</msg>
<status status="PASS" starttime="20220928 22:30:08.881" endtime="20220928 22:30:09.887"/>
</kw>
<kw name="Input Text" library="SeleniumLibrary">
<arg>id:u_email</arg>
<arg>${Username}</arg>
<doc>Types the given ``text`` into the text field identified by ``locator``.</doc>
<msg timestamp="20220928 22:30:09.887" level="INFO">Typing text '' into text field 'id:u_email'.</msg>
<status status="PASS" starttime="20220928 22:30:09.887" endtime="20220928 22:30:10.070"/>
</kw>
<kw name="Sleep" library="BuiltIn">
<arg>1s</arg>
<doc>Pauses the test executed for the given time.</doc>
<msg timestamp="20220928 22:30:11.078" level="INFO">Slept 1 second</msg>
<status status="PASS" starttime="20220928 22:30:10.070" endtime="20220928 22:30:11.078"/>
</kw>
<kw name="Input Text" library="SeleniumLibrary">
<arg>id:u_password</arg>
<arg>${Password}</arg>
<doc>Types the given ``text`` into the text field identified by ``locator``.</doc>
<msg timestamp="20220928 22:30:11.078" level="INFO">Typing text '' into text field 'id:u_password'.</msg>
<status status="PASS" starttime="20220928 22:30:11.078" endtime="20220928 22:30:11.192"/>
</kw>
<kw name="Click to Login">
<kw name="Sleep" library="BuiltIn">
<arg>2s</arg>
<doc>Pauses the test executed for the given time.</doc>
<msg timestamp="20220928 22:30:13.196" level="INFO">Slept 2 seconds</msg>
<status status="PASS" starttime="20220928 22:30:11.192" endtime="20220928 22:30:13.197"/>
</kw>
<kw name="Click Element" library="SeleniumLibrary">
<arg>//*[@id="loginBtn"]</arg>
<doc>Click the element identified by ``locator``.</doc>
<msg timestamp="20220928 22:30:13.197" level="INFO">Clicking element '//*[@id="loginBtn"]'.</msg>
<status status="PASS" starttime="20220928 22:30:13.197" endtime="20220928 22:30:13.259"/>
</kw>
<status status="PASS" starttime="20220928 22:30:11.192" endtime="20220928 22:30:13.259"/>
</kw>
<kw name="Close Browser Page">
<kw name="Sleep" library="BuiltIn">
<arg>3s</arg>
<doc>Pauses the test executed for the given time.</doc>
<msg timestamp="20220928 22:30:16.278" level="INFO">Slept 3 seconds</msg>
<status status="PASS" starttime="20220928 22:30:13.259" endtime="20220928 22:30:16.278"/>
</kw>
<kw name="Close Browser" library="SeleniumLibrary">
<doc>Closes the current browser.</doc>
<status status="PASS" starttime="20220928 22:30:16.278" endtime="20220928 22:30:18.535"/>
</kw>
<status status="PASS" starttime="20220928 22:30:13.259" endtime="20220928 22:30:18.535"/>
</kw>
<status status="PASS" starttime="20220928 22:30:06.047" endtime="20220928 22:30:18.535"/>
</test>
<status status="PASS" starttime="20220928 22:30:04.768" endtime="20220928 22:30:18.535"/>
</suite>
<statistics>
<total>
<stat pass="1" fail="0" skip="0">All Tests</stat>
</total>
<tag>
</tag>
<suite>
<stat pass="1" fail="0" skip="0" id="s1" name="TestLoginEmployee">TestLoginEmployee</stat>
</suite>
</statistics>
<errors>
</errors>
</robot>
