<?xml version="1.0" encoding="UTF-8"?>
<robot generator="Robot 5.0.1 (Python 3.10.5 on win32)" generated="20221003 22:22:52.080" rpa="false" schemaversion="3">
<suite id="s1" name="Test Login" source="C:\xampp\htdocs\automateTestTeam0\Employee\test_login">
<suite id="s1-s1" name="TestLoginEmployee" source="C:\xampp\htdocs\automateTestTeam0\Employee\test_login\TestLoginEmployee.robot">
<test id="s1-s1-t1" name="Login Employee Success" line="23">
<kw name="Open file Excel">
<kw name="Open Excel" library="ExcelRobot">
<arg>C:\\xampp\\htdocs\\automateTestTeam0\\Employee\\test_login\\test_data.xlsx</arg>
<doc>Opens the Excel file to read from the path provided in the file path parameter.</doc>
<msg timestamp="20221003 22:22:53.105" level="INFO">Opening file at C:\xampp\htdocs\automateTestTeam0\Employee\test_login\test_data.xlsx</msg>
<status status="PASS" starttime="20221003 22:22:53.105" endtime="20221003 22:22:53.120"/>
</kw>
<status status="PASS" starttime="20221003 22:22:53.100" endtime="20221003 22:22:53.120"/>
</kw>
<kw name="Read Cell Data" library="ExcelRobot">
<var>${Username}</var>
<arg>Employee</arg>
<arg>0</arg>
<arg>1</arg>
<doc>Uses the column and row to return the data from that cell.</doc>
<msg timestamp="20221003 22:22:53.125" level="INFO">${Username} = suchada1512@gmail.com</msg>
<status status="PASS" starttime="20221003 22:22:53.125" endtime="20221003 22:22:53.130"/>
</kw>
<kw name="Read Cell Data" library="ExcelRobot">
<var>${Password}</var>
<arg>Employee</arg>
<arg>1</arg>
<arg>1</arg>
<doc>Uses the column and row to return the data from that cell.</doc>
<msg timestamp="20221003 22:22:53.130" level="INFO">${Password} = suchada</msg>
<status status="PASS" starttime="20221003 22:22:53.130" endtime="20221003 22:22:53.135"/>
</kw>
<kw name="Open Project Monitoring System">
<kw name="Open Browser" library="SeleniumLibrary">
<arg>${URL}</arg>
<arg>${BROWSER}</arg>
<doc>Opens a new browser instance to the optional ``url``.</doc>
<msg timestamp="20221003 22:22:53.135" level="INFO">Opening browser 'Google Chrome' to base url 'http://localhost/team0/login'.</msg>
<status status="PASS" starttime="20221003 22:22:53.135" endtime="20221003 22:22:55.990"/>
</kw>
<kw name="Maximize Browser Window" library="SeleniumLibrary">
<doc>Maximizes current browser window.</doc>
<status status="PASS" starttime="20221003 22:22:55.990" endtime="20221003 22:22:56.120"/>
</kw>
<status status="PASS" starttime="20221003 22:22:53.135" endtime="20221003 22:22:56.120"/>
</kw>
<kw name="Sleep" library="BuiltIn">
<arg>1s</arg>
<doc>Pauses the test executed for the given time.</doc>
<msg timestamp="20221003 22:22:57.136" level="INFO">Slept 1 second</msg>
<status status="PASS" starttime="20221003 22:22:56.125" endtime="20221003 22:22:57.136"/>
</kw>
<kw name="Input Text" library="SeleniumLibrary">
<arg>id:u_email</arg>
<arg>${Username}</arg>
<doc>Types the given ``text`` into the text field identified by ``locator``.</doc>
<msg timestamp="20221003 22:22:57.143" level="INFO">Typing text 'suchada1512@gmail.com' into text field 'id:u_email'.</msg>
<status status="PASS" starttime="20221003 22:22:57.136" endtime="20221003 22:22:57.365"/>
</kw>
<kw name="Sleep" library="BuiltIn">
<arg>1s</arg>
<doc>Pauses the test executed for the given time.</doc>
<msg timestamp="20221003 22:22:58.370" level="INFO">Slept 1 second</msg>
<status status="PASS" starttime="20221003 22:22:57.365" endtime="20221003 22:22:58.370"/>
</kw>
<kw name="Input Text" library="SeleniumLibrary">
<arg>id:u_password</arg>
<arg>${Password}</arg>
<doc>Types the given ``text`` into the text field identified by ``locator``.</doc>
<msg timestamp="20221003 22:22:58.370" level="INFO">Typing text 'suchada' into text field 'id:u_password'.</msg>
<status status="PASS" starttime="20221003 22:22:58.370" endtime="20221003 22:22:58.540"/>
</kw>
<kw name="Click to Login">
<kw name="Sleep" library="BuiltIn">
<arg>2s</arg>
<doc>Pauses the test executed for the given time.</doc>
<msg timestamp="20221003 22:23:00.553" level="INFO">Slept 2 seconds</msg>
<status status="PASS" starttime="20221003 22:22:58.545" endtime="20221003 22:23:00.553"/>
</kw>
<kw name="Click Element" library="SeleniumLibrary">
<arg>//*[@id="loginBtn"]</arg>
<doc>Click the element identified by ``locator``.</doc>
<msg timestamp="20221003 22:23:00.553" level="INFO">Clicking element '//*[@id="loginBtn"]'.</msg>
<status status="PASS" starttime="20221003 22:23:00.553" endtime="20221003 22:23:00.617"/>
</kw>
<status status="PASS" starttime="20221003 22:22:58.540" endtime="20221003 22:23:00.617"/>
</kw>
<kw name="Close Browser Page">
<kw name="Sleep" library="BuiltIn">
<arg>3s</arg>
<doc>Pauses the test executed for the given time.</doc>
<msg timestamp="20221003 22:23:03.620" level="INFO">Slept 3 seconds</msg>
<status status="PASS" starttime="20221003 22:23:00.617" endtime="20221003 22:23:03.620"/>
</kw>
<kw name="Close Browser" library="SeleniumLibrary">
<doc>Closes the current browser.</doc>
<status status="PASS" starttime="20221003 22:23:03.620" endtime="20221003 22:23:05.880"/>
</kw>
<status status="PASS" starttime="20221003 22:23:00.617" endtime="20221003 22:23:05.880"/>
</kw>
<status status="PASS" starttime="20221003 22:22:53.095" endtime="20221003 22:23:05.880"/>
</test>
<status status="PASS" starttime="20221003 22:22:52.145" endtime="20221003 22:23:05.890"/>
</suite>
<status status="PASS" starttime="20221003 22:22:52.090" endtime="20221003 22:23:05.900"/>
</suite>
<statistics>
<total>
<stat pass="1" fail="0" skip="0">All Tests</stat>
</total>
<tag>
</tag>
<suite>
<stat pass="1" fail="0" skip="0" id="s1" name="Test Login">Test Login</stat>
<stat pass="1" fail="0" skip="0" id="s1-s1" name="TestLoginEmployee">Test Login.TestLoginEmployee</stat>
</suite>
</statistics>
<errors>
</errors>
</robot>
