<?xml version="1.0" encoding="UTF-8"?>
<robot generator="Robot 5.0.1 (Python 3.10.5 on win32)" generated="20230228 23:19:11.316" rpa="false" schemaversion="3">
<suite id="s1" name="Exportemployeeinreport" source="C:\xampp\htdocs\automateTestTeam0\Admin\test_report_export_employee\Exportemployeeinreport.robot">
<test id="s1-t1" name="Report Project Success" line="33">
<kw name="Open file Excel">
<kw name="Open Excel" library="ExcelRobot">
<arg>C:\\xampp\\htdocs\\automateTestTeam0\\Admin\\test_report_export_employee\\test_data.xlsx</arg>
<doc>Opens the Excel file to read from the path provided in the file path parameter.</doc>
<msg timestamp="20230228 23:19:11.762" level="INFO">Opening file at C:\xampp\htdocs\automateTestTeam0\Admin\test_report_export_employee\test_data.xlsx</msg>
<status status="PASS" starttime="20230228 23:19:11.762" endtime="20230228 23:19:11.765"/>
</kw>
<status status="PASS" starttime="20230228 23:19:11.761" endtime="20230228 23:19:11.765"/>
</kw>
<kw name="Read Cell Data" library="ExcelRobot">
<var>${Username}</var>
<arg>Admin</arg>
<arg>0</arg>
<arg>1</arg>
<doc>Uses the column and row to return the data from that cell.</doc>
<msg timestamp="20230228 23:19:11.765" level="INFO">${Username} = test@gmail.com</msg>
<status status="PASS" starttime="20230228 23:19:11.765" endtime="20230228 23:19:11.765"/>
</kw>
<kw name="Read Cell Data" library="ExcelRobot">
<var>${Password}</var>
<arg>Admin</arg>
<arg>1</arg>
<arg>1</arg>
<doc>Uses the column and row to return the data from that cell.</doc>
<msg timestamp="20230228 23:19:11.766" level="INFO">${Password} = kajorn.n</msg>
<status status="PASS" starttime="20230228 23:19:11.766" endtime="20230228 23:19:11.766"/>
</kw>
<kw name="Open Project Monitoring System">
<kw name="Open Browser" library="SeleniumLibrary">
<arg>${URL}</arg>
<arg>${BROWSER}</arg>
<doc>Opens a new browser instance to the optional ``url``.</doc>
<msg timestamp="20230228 23:19:11.767" level="INFO">Opening browser 'Google Chrome' to base url 'http://dekdee2.informatics.buu.ac.th:9080/team0/'.</msg>
<status status="PASS" starttime="20230228 23:19:11.766" endtime="20230228 23:19:14.272"/>
</kw>
<kw name="Maximize Browser Window" library="SeleniumLibrary">
<doc>Maximizes current browser window.</doc>
<status status="PASS" starttime="20230228 23:19:14.273" endtime="20230228 23:19:14.439"/>
</kw>
<status status="PASS" starttime="20230228 23:19:11.766" endtime="20230228 23:19:14.440"/>
</kw>
<kw name="Click Menu Login">
<kw name="Sleep" library="BuiltIn">
<arg>2s</arg>
<doc>Pauses the test executed for the given time.</doc>
<msg timestamp="20230228 23:19:16.450" level="INFO">Slept 2 seconds</msg>
<status status="PASS" starttime="20230228 23:19:14.441" endtime="20230228 23:19:16.450"/>
</kw>
<kw name="Click Element" library="SeleniumLibrary">
<arg>//*[@class="nav-link waves-effect waves-dark profile-pic fs-5"]</arg>
<doc>Click the element identified by ``locator``.</doc>
<msg timestamp="20230228 23:19:16.450" level="INFO">Clicking element '//*[@class="nav-link waves-effect waves-dark profile-pic fs-5"]'.</msg>
<status status="PASS" starttime="20230228 23:19:16.450" endtime="20230228 23:19:16.483"/>
</kw>
<status status="PASS" starttime="20230228 23:19:14.441" endtime="20230228 23:19:16.483"/>
</kw>
<kw name="Sleep" library="BuiltIn">
<arg>2s</arg>
<doc>Pauses the test executed for the given time.</doc>
<msg timestamp="20230228 23:19:18.487" level="INFO">Slept 2 seconds</msg>
<status status="PASS" starttime="20230228 23:19:16.483" endtime="20230228 23:19:18.487"/>
</kw>
<kw name="Input Text" library="SeleniumLibrary">
<arg>id:u_email</arg>
<arg>${Username}</arg>
<doc>Types the given ``text`` into the text field identified by ``locator``.</doc>
<msg timestamp="20230228 23:19:18.488" level="INFO">Typing text 'test@gmail.com' into text field 'id:u_email'.</msg>
<status status="PASS" starttime="20230228 23:19:18.488" endtime="20230228 23:19:18.564"/>
</kw>
<kw name="Sleep" library="BuiltIn">
<arg>2s</arg>
<doc>Pauses the test executed for the given time.</doc>
<msg timestamp="20230228 23:19:20.576" level="INFO">Slept 2 seconds</msg>
<status status="PASS" starttime="20230228 23:19:18.564" endtime="20230228 23:19:20.576"/>
</kw>
<kw name="Input Text" library="SeleniumLibrary">
<arg>id:u_password</arg>
<arg>${Password}</arg>
<doc>Types the given ``text`` into the text field identified by ``locator``.</doc>
<msg timestamp="20230228 23:19:20.577" level="INFO">Typing text 'kajorn.n' into text field 'id:u_password'.</msg>
<status status="PASS" starttime="20230228 23:19:20.576" endtime="20230228 23:19:20.647"/>
</kw>
<kw name="Click to Login">
<kw name="Sleep" library="BuiltIn">
<arg>2s</arg>
<doc>Pauses the test executed for the given time.</doc>
<msg timestamp="20230228 23:19:22.649" level="INFO">Slept 2 seconds</msg>
<status status="PASS" starttime="20230228 23:19:20.647" endtime="20230228 23:19:22.649"/>
</kw>
<kw name="Click Element" library="SeleniumLibrary">
<arg>//*[@id="loginBtn"]</arg>
<doc>Click the element identified by ``locator``.</doc>
<msg timestamp="20230228 23:19:22.650" level="INFO">Clicking element '//*[@id="loginBtn"]'.</msg>
<status status="PASS" starttime="20230228 23:19:22.649" endtime="20230228 23:19:22.683"/>
</kw>
<status status="PASS" starttime="20230228 23:19:20.647" endtime="20230228 23:19:22.683"/>
</kw>
<kw name="Click Sidebar Resiponse Project">
<kw name="Sleep" library="BuiltIn">
<arg>2s</arg>
<doc>Pauses the test executed for the given time.</doc>
<msg timestamp="20230228 23:19:24.689" level="INFO">Slept 2 seconds</msg>
<status status="PASS" starttime="20230228 23:19:22.683" endtime="20230228 23:19:24.689"/>
</kw>
<kw name="Click Element" library="SeleniumLibrary">
<arg>//*[@id="sidebarnav"]/li[3]/a/i</arg>
<doc>Click the element identified by ``locator``.</doc>
<msg timestamp="20230228 23:19:24.689" level="INFO">Clicking element '//*[@id="sidebarnav"]/li[3]/a/i'.</msg>
<status status="PASS" starttime="20230228 23:19:24.689" endtime="20230228 23:19:24.727"/>
</kw>
<kw name="Click Element" library="SeleniumLibrary">
<arg>//*[@id="sidebarnav"]/li[3]/ul/li[2]/a</arg>
<doc>Click the element identified by ``locator``.</doc>
<msg timestamp="20230228 23:19:24.727" level="INFO">Clicking element '//*[@id="sidebarnav"]/li[3]/ul/li[2]/a'.</msg>
<status status="PASS" starttime="20230228 23:19:24.727" endtime="20230228 23:19:25.278"/>
</kw>
<status status="PASS" starttime="20230228 23:19:22.683" endtime="20230228 23:19:25.279"/>
</kw>
<kw name="Export Employee Excel">
<kw name="Sleep" library="BuiltIn">
<arg>2s</arg>
<doc>Pauses the test executed for the given time.</doc>
<msg timestamp="20230228 23:19:27.281" level="INFO">Slept 2 seconds</msg>
<status status="PASS" starttime="20230228 23:19:25.279" endtime="20230228 23:19:27.281"/>
</kw>
<kw name="Click Element" library="SeleniumLibrary">
<arg>//*[@id="DataTables_Table_0_wrapper"]/div[1]/button[1]</arg>
<doc>Click the element identified by ``locator``.</doc>
<msg timestamp="20230228 23:19:27.281" level="INFO">Clicking element '//*[@id="DataTables_Table_0_wrapper"]/div[1]/button[1]'.</msg>
<status status="PASS" starttime="20230228 23:19:27.281" endtime="20230228 23:19:27.335"/>
</kw>
<status status="PASS" starttime="20230228 23:19:25.279" endtime="20230228 23:19:27.336"/>
</kw>
<kw name="Close Browser Page">
<kw name="Sleep" library="BuiltIn">
<arg>3s</arg>
<doc>Pauses the test executed for the given time.</doc>
<msg timestamp="20230228 23:19:30.344" level="INFO">Slept 3 seconds</msg>
<status status="PASS" starttime="20230228 23:19:27.337" endtime="20230228 23:19:30.344"/>
</kw>
<kw name="Close Browser" library="SeleniumLibrary">
<doc>Closes the current browser.</doc>
<status status="PASS" starttime="20230228 23:19:30.345" endtime="20230228 23:19:32.575"/>
</kw>
<status status="PASS" starttime="20230228 23:19:27.337" endtime="20230228 23:19:32.575"/>
</kw>
<status status="PASS" starttime="20230228 23:19:11.761" endtime="20230228 23:19:32.576"/>
</test>
<status status="PASS" starttime="20230228 23:19:11.317" endtime="20230228 23:19:32.577"/>
</suite>
<statistics>
<total>
<stat pass="1" fail="0" skip="0">All Tests</stat>
</total>
<tag>
</tag>
<suite>
<stat pass="1" fail="0" skip="0" id="s1" name="Exportemployeeinreport">Exportemployeeinreport</stat>
</suite>
</statistics>
<errors>
</errors>
</robot>
