<?xml version="1.0" encoding="UTF-8"?>
<robot generator="Robot 5.0.1 (Python 3.10.5 on win32)" generated="20230314 16:22:12.020" rpa="false" schemaversion="3">
<suite id="s1" name="Exportemployeeinreport" source="C:\Automate Test\Test_PMS\automateTestTeam0\admin\test_report_export_employee\Exportemployeeinreport.robot">
<test id="s1-t1" name="Export Report Employee Success" line="33">
<kw name="Open file Excel">
<kw name="Open Excel" library="ExcelRobot">
<arg>C:\\Automate Test\\Test_PMS\\automateTestTeam0\\admin\\test_report_export_employee\\test_data.xlsx</arg>
<doc>Opens the Excel file to read from the path provided in the file path parameter.</doc>
<msg timestamp="20230314 16:22:12.487" level="INFO">Opening file at C:\Automate Test\Test_PMS\automateTestTeam0\admin\test_report_export_employee\test_data.xlsx</msg>
<status status="PASS" starttime="20230314 16:22:12.487" endtime="20230314 16:22:12.501"/>
</kw>
<status status="PASS" starttime="20230314 16:22:12.487" endtime="20230314 16:22:12.502"/>
</kw>
<kw name="Read Cell Data" library="ExcelRobot">
<var>${Username}</var>
<arg>Admin</arg>
<arg>0</arg>
<arg>1</arg>
<doc>Uses the column and row to return the data from that cell.</doc>
<msg timestamp="20230314 16:22:12.502" level="INFO">${Username} = test@gmail.com</msg>
<status status="PASS" starttime="20230314 16:22:12.502" endtime="20230314 16:22:12.502"/>
</kw>
<kw name="Read Cell Data" library="ExcelRobot">
<var>${Password}</var>
<arg>Admin</arg>
<arg>1</arg>
<arg>1</arg>
<doc>Uses the column and row to return the data from that cell.</doc>
<msg timestamp="20230314 16:22:12.503" level="INFO">${Password} = kajorn.n</msg>
<status status="PASS" starttime="20230314 16:22:12.503" endtime="20230314 16:22:12.503"/>
</kw>
<kw name="Open Project Monitoring System">
<kw name="Open Browser" library="SeleniumLibrary">
<arg>${URL}</arg>
<arg>${BROWSER}</arg>
<doc>Opens a new browser instance to the optional ``url``.</doc>
<msg timestamp="20230314 16:22:12.504" level="INFO">Opening browser 'Google Chrome' to base url 'http://dekdee2.informatics.buu.ac.th:9080/team0/'.</msg>
<status status="PASS" starttime="20230314 16:22:12.504" endtime="20230314 16:22:14.801"/>
</kw>
<kw name="Maximize Browser Window" library="SeleniumLibrary">
<doc>Maximizes current browser window.</doc>
<status status="PASS" starttime="20230314 16:22:14.801" endtime="20230314 16:22:14.973"/>
</kw>
<status status="PASS" starttime="20230314 16:22:12.503" endtime="20230314 16:22:14.973"/>
</kw>
<kw name="Click Menu Login">
<kw name="Sleep" library="BuiltIn">
<arg>2s</arg>
<doc>Pauses the test executed for the given time.</doc>
<msg timestamp="20230314 16:22:16.987" level="INFO">Slept 2 seconds</msg>
<status status="PASS" starttime="20230314 16:22:14.973" endtime="20230314 16:22:16.987"/>
</kw>
<kw name="Click Element" library="SeleniumLibrary">
<arg>//*[@class="nav-link waves-effect waves-dark profile-pic fs-5"]</arg>
<doc>Click the element identified by ``locator``.</doc>
<msg timestamp="20230314 16:22:16.987" level="INFO">Clicking element '//*[@class="nav-link waves-effect waves-dark profile-pic fs-5"]'.</msg>
<status status="PASS" starttime="20230314 16:22:16.987" endtime="20230314 16:22:17.029"/>
</kw>
<status status="PASS" starttime="20230314 16:22:14.973" endtime="20230314 16:22:17.029"/>
</kw>
<kw name="Sleep" library="BuiltIn">
<arg>2s</arg>
<doc>Pauses the test executed for the given time.</doc>
<msg timestamp="20230314 16:22:19.034" level="INFO">Slept 2 seconds</msg>
<status status="PASS" starttime="20230314 16:22:17.030" endtime="20230314 16:22:19.034"/>
</kw>
<kw name="Input Text" library="SeleniumLibrary">
<arg>id:u_email</arg>
<arg>${Username}</arg>
<doc>Types the given ``text`` into the text field identified by ``locator``.</doc>
<msg timestamp="20230314 16:22:19.034" level="INFO">Typing text 'test@gmail.com' into text field 'id:u_email'.</msg>
<status status="PASS" starttime="20230314 16:22:19.034" endtime="20230314 16:22:19.130"/>
</kw>
<kw name="Sleep" library="BuiltIn">
<arg>2s</arg>
<doc>Pauses the test executed for the given time.</doc>
<msg timestamp="20230314 16:22:21.141" level="INFO">Slept 2 seconds</msg>
<status status="PASS" starttime="20230314 16:22:19.130" endtime="20230314 16:22:21.141"/>
</kw>
<kw name="Input Text" library="SeleniumLibrary">
<arg>id:u_password</arg>
<arg>${Password}</arg>
<doc>Types the given ``text`` into the text field identified by ``locator``.</doc>
<msg timestamp="20230314 16:22:21.142" level="INFO">Typing text 'kajorn.n' into text field 'id:u_password'.</msg>
<status status="PASS" starttime="20230314 16:22:21.141" endtime="20230314 16:22:21.221"/>
</kw>
<kw name="Click to Login">
<kw name="Sleep" library="BuiltIn">
<arg>2s</arg>
<doc>Pauses the test executed for the given time.</doc>
<msg timestamp="20230314 16:22:23.226" level="INFO">Slept 2 seconds</msg>
<status status="PASS" starttime="20230314 16:22:21.222" endtime="20230314 16:22:23.226"/>
</kw>
<kw name="Click Element" library="SeleniumLibrary">
<arg>//*[@id="loginBtn"]</arg>
<doc>Click the element identified by ``locator``.</doc>
<msg timestamp="20230314 16:22:23.226" level="INFO">Clicking element '//*[@id="loginBtn"]'.</msg>
<status status="PASS" starttime="20230314 16:22:23.226" endtime="20230314 16:22:23.269"/>
</kw>
<status status="PASS" starttime="20230314 16:22:21.222" endtime="20230314 16:22:23.269"/>
</kw>
<kw name="Click Sidebar Resiponse Project">
<kw name="Sleep" library="BuiltIn">
<arg>2s</arg>
<doc>Pauses the test executed for the given time.</doc>
<msg timestamp="20230314 16:22:25.275" level="INFO">Slept 2 seconds</msg>
<status status="PASS" starttime="20230314 16:22:23.270" endtime="20230314 16:22:25.275"/>
</kw>
<kw name="Click Element" library="SeleniumLibrary">
<arg>//*[@id="sidebarnav"]/li[3]/a/i</arg>
<doc>Click the element identified by ``locator``.</doc>
<msg timestamp="20230314 16:22:25.276" level="INFO">Clicking element '//*[@id="sidebarnav"]/li[3]/a/i'.</msg>
<status status="PASS" starttime="20230314 16:22:25.275" endtime="20230314 16:22:25.325"/>
</kw>
<kw name="Click Element" library="SeleniumLibrary">
<arg>//*[@id="sidebarnav"]/li[3]/ul/li[2]/a</arg>
<doc>Click the element identified by ``locator``.</doc>
<msg timestamp="20230314 16:22:25.325" level="INFO">Clicking element '//*[@id="sidebarnav"]/li[3]/ul/li[2]/a'.</msg>
<status status="PASS" starttime="20230314 16:22:25.325" endtime="20230314 16:22:25.787"/>
</kw>
<status status="PASS" starttime="20230314 16:22:23.269" endtime="20230314 16:22:25.787"/>
</kw>
<kw name="Export Employee Excel">
<kw name="Sleep" library="BuiltIn">
<arg>2s</arg>
<doc>Pauses the test executed for the given time.</doc>
<msg timestamp="20230314 16:22:27.802" level="INFO">Slept 2 seconds</msg>
<status status="PASS" starttime="20230314 16:22:25.788" endtime="20230314 16:22:27.802"/>
</kw>
<kw name="Click Element" library="SeleniumLibrary">
<arg>//*[@id="DataTables_Table_0_wrapper"]/div[1]/button[1]</arg>
<doc>Click the element identified by ``locator``.</doc>
<msg timestamp="20230314 16:22:27.802" level="INFO">Clicking element '//*[@id="DataTables_Table_0_wrapper"]/div[1]/button[1]'.</msg>
<status status="PASS" starttime="20230314 16:22:27.802" endtime="20230314 16:22:27.855"/>
</kw>
<status status="PASS" starttime="20230314 16:22:25.788" endtime="20230314 16:22:27.856"/>
</kw>
<kw name="Close Browser Page">
<kw name="Sleep" library="BuiltIn">
<arg>3s</arg>
<doc>Pauses the test executed for the given time.</doc>
<msg timestamp="20230314 16:22:30.868" level="INFO">Slept 3 seconds</msg>
<status status="PASS" starttime="20230314 16:22:27.856" endtime="20230314 16:22:30.868"/>
</kw>
<kw name="Close Browser" library="SeleniumLibrary">
<doc>Closes the current browser.</doc>
<status status="PASS" starttime="20230314 16:22:30.868" endtime="20230314 16:22:33.005"/>
</kw>
<status status="PASS" starttime="20230314 16:22:27.856" endtime="20230314 16:22:33.006"/>
</kw>
<status status="PASS" starttime="20230314 16:22:12.486" endtime="20230314 16:22:33.006"/>
</test>
<status status="PASS" starttime="20230314 16:22:12.021" endtime="20230314 16:22:33.008"/>
</suite>
<statistics>
<total>
<stat pass="1" fail="0" skip="0">All Tests</stat>
</total>
<tag>
</tag>
<suite>
<stat pass="1" fail="0" skip="0" id="s1" name="Exportemployeeinreport">Exportemployeeinreport</stat>
</suite>
</statistics>
<errors>
</errors>
</robot>
