<?xml version="1.0" encoding="UTF-8"?>
<robot generator="Robot 5.0.1 (Python 3.10.5 on win32)" generated="20221121 21:57:12.999" rpa="false" schemaversion="3">
<suite id="s1" name="TestLogoutEmployee" source="C:\xampp\htdocs\automateTestTeam0\Employee\test_logout\TestLogoutEmployee.robot">
<test id="s1-t1" name="Logout Employee Success" line="32">
<kw name="Open file Excel">
<kw name="Open Excel" library="ExcelRobot">
<arg>C:\\xampp\\htdocs\\automateTestTeam0\\Employee\\test_logout\\test_data.xlsx</arg>
<doc>Opens the Excel file to read from the path provided in the file path parameter.</doc>
<msg timestamp="20221121 21:57:13.919" level="INFO">Opening file at C:\xampp\htdocs\automateTestTeam0\Employee\test_logout\test_data.xlsx</msg>
<status status="PASS" starttime="20221121 21:57:13.919" endtime="20221121 21:57:13.929"/>
</kw>
<status status="PASS" starttime="20221121 21:57:13.919" endtime="20221121 21:57:13.929"/>
</kw>
<kw name="Read Cell Data" library="ExcelRobot">
<var>${Username}</var>
<arg>Employee</arg>
<arg>0</arg>
<arg>1</arg>
<doc>Uses the column and row to return the data from that cell.</doc>
<msg timestamp="20221121 21:57:13.929" level="INFO">${Username} = suchada1512@gmail.com</msg>
<status status="PASS" starttime="20221121 21:57:13.929" endtime="20221121 21:57:13.929"/>
</kw>
<kw name="Read Cell Data" library="ExcelRobot">
<var>${Password}</var>
<arg>Employee</arg>
<arg>1</arg>
<arg>1</arg>
<doc>Uses the column and row to return the data from that cell.</doc>
<msg timestamp="20221121 21:57:13.929" level="INFO">${Password} = suchada</msg>
<status status="PASS" starttime="20221121 21:57:13.929" endtime="20221121 21:57:13.929"/>
</kw>
<kw name="Open Project Monitoring System">
<kw name="Open Browser" library="SeleniumLibrary">
<arg>${URL}</arg>
<arg>${BROWSER}</arg>
<doc>Opens a new browser instance to the optional ``url``.</doc>
<msg timestamp="20221121 21:57:13.929" level="INFO">Opening browser 'Google Chrome' to base url 'http://dekdee2.informatics.buu.ac.th:9080/team0/'.</msg>
<status status="PASS" starttime="20221121 21:57:13.929" endtime="20221121 21:57:16.719"/>
</kw>
<kw name="Maximize Browser Window" library="SeleniumLibrary">
<doc>Maximizes current browser window.</doc>
<status status="PASS" starttime="20221121 21:57:16.719" endtime="20221121 21:57:16.859"/>
</kw>
<status status="PASS" starttime="20221121 21:57:13.929" endtime="20221121 21:57:16.859"/>
</kw>
<kw name="Click Menu Login">
<kw name="Sleep" library="BuiltIn">
<arg>2s</arg>
<doc>Pauses the test executed for the given time.</doc>
<msg timestamp="20221121 21:57:18.869" level="INFO">Slept 2 seconds</msg>
<status status="PASS" starttime="20221121 21:57:16.868" endtime="20221121 21:57:18.869"/>
</kw>
<kw name="Click Element" library="SeleniumLibrary">
<arg>//*[@id="main-wrapper"]/header/nav/div[2]/ul[2]/li/a</arg>
<doc>Click the element identified by ``locator``.</doc>
<msg timestamp="20221121 21:57:18.869" level="INFO">Clicking element '//*[@id="main-wrapper"]/header/nav/div[2]/ul[2]/li/a'.</msg>
<status status="PASS" starttime="20221121 21:57:18.869" endtime="20221121 21:57:19.339"/>
</kw>
<status status="PASS" starttime="20221121 21:57:16.859" endtime="20221121 21:57:19.349"/>
</kw>
<kw name="Sleep" library="BuiltIn">
<arg>1s</arg>
<doc>Pauses the test executed for the given time.</doc>
<msg timestamp="20221121 21:57:20.363" level="INFO">Slept 1 second</msg>
<status status="PASS" starttime="20221121 21:57:19.350" endtime="20221121 21:57:20.363"/>
</kw>
<kw name="Input Text" library="SeleniumLibrary">
<arg>id:u_email</arg>
<arg>${Username}</arg>
<doc>Types the given ``text`` into the text field identified by ``locator``.</doc>
<msg timestamp="20221121 21:57:20.363" level="INFO">Typing text 'suchada1512@gmail.com' into text field 'id:u_email'.</msg>
<status status="PASS" starttime="20221121 21:57:20.363" endtime="20221121 21:57:20.531"/>
</kw>
<kw name="Sleep" library="BuiltIn">
<arg>1s</arg>
<doc>Pauses the test executed for the given time.</doc>
<msg timestamp="20221121 21:57:21.537" level="INFO">Slept 1 second</msg>
<status status="PASS" starttime="20221121 21:57:20.531" endtime="20221121 21:57:21.537"/>
</kw>
<kw name="Input Text" library="SeleniumLibrary">
<arg>id:u_password</arg>
<arg>${Password}</arg>
<doc>Types the given ``text`` into the text field identified by ``locator``.</doc>
<msg timestamp="20221121 21:57:21.537" level="INFO">Typing text 'suchada' into text field 'id:u_password'.</msg>
<status status="PASS" starttime="20221121 21:57:21.537" endtime="20221121 21:57:21.649"/>
</kw>
<kw name="Click to Login">
<kw name="Sleep" library="BuiltIn">
<arg>2s</arg>
<doc>Pauses the test executed for the given time.</doc>
<msg timestamp="20221121 21:57:23.654" level="INFO">Slept 2 seconds</msg>
<status status="PASS" starttime="20221121 21:57:21.649" endtime="20221121 21:57:23.654"/>
</kw>
<kw name="Click Element" library="SeleniumLibrary">
<arg>//*[@id="loginBtn"]</arg>
<doc>Click the element identified by ``locator``.</doc>
<msg timestamp="20221121 21:57:23.654" level="INFO">Clicking element '//*[@id="loginBtn"]'.</msg>
<status status="PASS" starttime="20221121 21:57:23.654" endtime="20221121 21:57:23.721"/>
</kw>
<status status="PASS" starttime="20221121 21:57:21.649" endtime="20221121 21:57:23.721"/>
</kw>
<kw name="Click Dropdown Icon">
<kw name="Sleep" library="BuiltIn">
<arg>2s</arg>
<doc>Pauses the test executed for the given time.</doc>
<msg timestamp="20221121 21:57:25.734" level="INFO">Slept 2 seconds</msg>
<status status="PASS" starttime="20221121 21:57:23.729" endtime="20221121 21:57:25.734"/>
</kw>
<kw name="Click Element" library="SeleniumLibrary">
<arg>//*[@id="main-wrapper"]/header/nav/div[2]/ul[2]/li/a</arg>
<doc>Click the element identified by ``locator``.</doc>
<msg timestamp="20221121 21:57:25.734" level="INFO">Clicking element '//*[@id="main-wrapper"]/header/nav/div[2]/ul[2]/li/a'.</msg>
<status status="PASS" starttime="20221121 21:57:25.734" endtime="20221121 21:57:25.809"/>
</kw>
<status status="PASS" starttime="20221121 21:57:23.729" endtime="20221121 21:57:25.809"/>
</kw>
<kw name="Click Logout">
<kw name="Sleep" library="BuiltIn">
<arg>2s</arg>
<doc>Pauses the test executed for the given time.</doc>
<msg timestamp="20221121 21:57:27.815" level="INFO">Slept 2 seconds</msg>
<status status="PASS" starttime="20221121 21:57:25.809" endtime="20221121 21:57:27.815"/>
</kw>
<kw name="Click Element" library="SeleniumLibrary">
<arg>//*[@id="main-wrapper"]/header/nav/div[2]/ul[2]/li/div/a[3]</arg>
<doc>Click the element identified by ``locator``.</doc>
<msg timestamp="20221121 21:57:27.815" level="INFO">Clicking element '//*[@id="main-wrapper"]/header/nav/div[2]/ul[2]/li/div/a[3]'.</msg>
<status status="PASS" starttime="20221121 21:57:27.815" endtime="20221121 21:57:28.347"/>
</kw>
<status status="PASS" starttime="20221121 21:57:25.809" endtime="20221121 21:57:28.347"/>
</kw>
<kw name="Close Browser Page">
<kw name="Sleep" library="BuiltIn">
<arg>3s</arg>
<doc>Pauses the test executed for the given time.</doc>
<msg timestamp="20221121 21:57:31.356" level="INFO">Slept 3 seconds</msg>
<status status="PASS" starttime="20221121 21:57:28.355" endtime="20221121 21:57:31.356"/>
</kw>
<kw name="Close Browser" library="SeleniumLibrary">
<doc>Closes the current browser.</doc>
<status status="PASS" starttime="20221121 21:57:31.356" endtime="20221121 21:57:33.589"/>
</kw>
<status status="PASS" starttime="20221121 21:57:28.355" endtime="20221121 21:57:33.589"/>
</kw>
<status status="PASS" starttime="20221121 21:57:13.919" endtime="20221121 21:57:33.589"/>
</test>
<status status="PASS" starttime="20221121 21:57:13.009" endtime="20221121 21:57:33.589"/>
</suite>
<statistics>
<total>
<stat pass="1" fail="0" skip="0">All Tests</stat>
</total>
<tag>
</tag>
<suite>
<stat pass="1" fail="0" skip="0" id="s1" name="TestLogoutEmployee">TestLogoutEmployee</stat>
</suite>
</statistics>
<errors>
</errors>
</robot>
