<?xml version="1.0" encoding="UTF-8"?>
<robot generator="Robot 5.0.1 (Python 3.10.5 on win32)" generated="20221104 22:55:28.858" rpa="false" schemaversion="3">
<suite id="s1" name="TestLogoutEmployee" source="C:\Automate Test\Test_PMS\automateTestTeam0\Employee\test_logout\TestLogoutEmployee.robot">
<test id="s1-t1" name="Logout Employee Success" line="32">
<kw name="Open file Excel">
<kw name="Open Excel" library="ExcelRobot">
<arg>C:\\Automate Test\\Test_PMS\\automateTestTeam0\\Employee\\test_logout\\test_data.xlsx</arg>
<doc>Opens the Excel file to read from the path provided in the file path parameter.</doc>
<msg timestamp="20221104 22:55:30.308" level="INFO">Opening file at C:\Automate Test\Test_PMS\automateTestTeam0\Employee\test_logout\test_data.xlsx</msg>
<status status="PASS" starttime="20221104 22:55:30.308" endtime="20221104 22:55:30.334"/>
</kw>
<status status="PASS" starttime="20221104 22:55:30.306" endtime="20221104 22:55:30.334"/>
</kw>
<kw name="Read Cell Data" library="ExcelRobot">
<var>${Username}</var>
<arg>Employee</arg>
<arg>0</arg>
<arg>1</arg>
<doc>Uses the column and row to return the data from that cell.</doc>
<msg timestamp="20221104 22:55:30.336" level="INFO">${Username} = suchada1512@gmail.com</msg>
<status status="PASS" starttime="20221104 22:55:30.335" endtime="20221104 22:55:30.336"/>
</kw>
<kw name="Read Cell Data" library="ExcelRobot">
<var>${Password}</var>
<arg>Employee</arg>
<arg>1</arg>
<arg>1</arg>
<doc>Uses the column and row to return the data from that cell.</doc>
<msg timestamp="20221104 22:55:30.336" level="INFO">${Password} = suchada</msg>
<status status="PASS" starttime="20221104 22:55:30.336" endtime="20221104 22:55:30.336"/>
</kw>
<kw name="Open Project Monitoring System">
<kw name="Open Browser" library="SeleniumLibrary">
<arg>${URL}</arg>
<arg>${BROWSER}</arg>
<doc>Opens a new browser instance to the optional ``url``.</doc>
<msg timestamp="20221104 22:55:30.340" level="INFO">Opening browser 'Google Chrome' to base url 'http://dekdee2.informatics.buu.ac.th:9080/team0/'.</msg>
<status status="PASS" starttime="20221104 22:55:30.339" endtime="20221104 22:55:33.931"/>
</kw>
<kw name="Maximize Browser Window" library="SeleniumLibrary">
<doc>Maximizes current browser window.</doc>
<status status="PASS" starttime="20221104 22:55:33.931" endtime="20221104 22:55:34.084"/>
</kw>
<status status="PASS" starttime="20221104 22:55:30.338" endtime="20221104 22:55:34.084"/>
</kw>
<kw name="Click Menu Login">
<kw name="Sleep" library="BuiltIn">
<arg>2s</arg>
<doc>Pauses the test executed for the given time.</doc>
<msg timestamp="20221104 22:55:36.090" level="INFO">Slept 2 seconds</msg>
<status status="PASS" starttime="20221104 22:55:34.086" endtime="20221104 22:55:36.090"/>
</kw>
<kw name="Click Element" library="SeleniumLibrary">
<arg>//*[@id="main-wrapper"]/header/nav/div[2]/ul[2]/li/a</arg>
<doc>Click the element identified by ``locator``.</doc>
<msg timestamp="20221104 22:55:36.091" level="INFO">Clicking element '//*[@id="main-wrapper"]/header/nav/div[2]/ul[2]/li/a'.</msg>
<status status="PASS" starttime="20221104 22:55:36.090" endtime="20221104 22:55:36.765"/>
</kw>
<status status="PASS" starttime="20221104 22:55:34.085" endtime="20221104 22:55:36.765"/>
</kw>
<kw name="Sleep" library="BuiltIn">
<arg>1s</arg>
<doc>Pauses the test executed for the given time.</doc>
<msg timestamp="20221104 22:55:37.781" level="INFO">Slept 1 second</msg>
<status status="PASS" starttime="20221104 22:55:36.766" endtime="20221104 22:55:37.781"/>
</kw>
<kw name="Input Text" library="SeleniumLibrary">
<arg>id:u_email</arg>
<arg>${Username}</arg>
<doc>Types the given ``text`` into the text field identified by ``locator``.</doc>
<msg timestamp="20221104 22:55:37.783" level="INFO">Typing text 'suchada1512@gmail.com' into text field 'id:u_email'.</msg>
<status status="PASS" starttime="20221104 22:55:37.782" endtime="20221104 22:55:38.050"/>
</kw>
<kw name="Sleep" library="BuiltIn">
<arg>1s</arg>
<doc>Pauses the test executed for the given time.</doc>
<msg timestamp="20221104 22:55:39.068" level="INFO">Slept 1 second</msg>
<status status="PASS" starttime="20221104 22:55:38.051" endtime="20221104 22:55:39.068"/>
</kw>
<kw name="Input Text" library="SeleniumLibrary">
<arg>id:u_password</arg>
<arg>${Password}</arg>
<doc>Types the given ``text`` into the text field identified by ``locator``.</doc>
<msg timestamp="20221104 22:55:39.070" level="INFO">Typing text 'suchada' into text field 'id:u_password'.</msg>
<status status="PASS" starttime="20221104 22:55:39.069" endtime="20221104 22:55:39.261"/>
</kw>
<kw name="Click to Login">
<kw name="Sleep" library="BuiltIn">
<arg>2s</arg>
<doc>Pauses the test executed for the given time.</doc>
<msg timestamp="20221104 22:55:41.270" level="INFO">Slept 2 seconds</msg>
<status status="PASS" starttime="20221104 22:55:39.263" endtime="20221104 22:55:41.271"/>
</kw>
<kw name="Click Element" library="SeleniumLibrary">
<arg>//*[@id="loginBtn"]</arg>
<doc>Click the element identified by ``locator``.</doc>
<msg timestamp="20221104 22:55:41.272" level="INFO">Clicking element '//*[@id="loginBtn"]'.</msg>
<status status="PASS" starttime="20221104 22:55:41.271" endtime="20221104 22:55:41.366"/>
</kw>
<status status="PASS" starttime="20221104 22:55:39.262" endtime="20221104 22:55:41.367"/>
</kw>
<kw name="Click Dropdown Icon">
<kw name="Sleep" library="BuiltIn">
<arg>2s</arg>
<doc>Pauses the test executed for the given time.</doc>
<msg timestamp="20221104 22:55:43.378" level="INFO">Slept 2 seconds</msg>
<status status="PASS" starttime="20221104 22:55:41.368" endtime="20221104 22:55:43.378"/>
</kw>
<kw name="Click Element" library="SeleniumLibrary">
<arg>//*[@id="main-wrapper"]/header/nav/div[2]/ul[2]/li/a</arg>
<doc>Click the element identified by ``locator``.</doc>
<msg timestamp="20221104 22:55:43.378" level="INFO">Clicking element '//*[@id="main-wrapper"]/header/nav/div[2]/ul[2]/li/a'.</msg>
<status status="PASS" starttime="20221104 22:55:43.378" endtime="20221104 22:55:43.462"/>
</kw>
<status status="PASS" starttime="20221104 22:55:41.368" endtime="20221104 22:55:43.464"/>
</kw>
<kw name="Click Logout">
<kw name="Sleep" library="BuiltIn">
<arg>2s</arg>
<doc>Pauses the test executed for the given time.</doc>
<msg timestamp="20221104 22:55:45.467" level="INFO">Slept 2 seconds</msg>
<status status="PASS" starttime="20221104 22:55:43.465" endtime="20221104 22:55:45.467"/>
</kw>
<kw name="Click Element" library="SeleniumLibrary">
<arg>//*[@id="main-wrapper"]/header/nav/div[2]/ul[2]/li/div/a[3]</arg>
<doc>Click the element identified by ``locator``.</doc>
<msg timestamp="20221104 22:55:45.468" level="INFO">Clicking element '//*[@id="main-wrapper"]/header/nav/div[2]/ul[2]/li/div/a[3]'.</msg>
<status status="PASS" starttime="20221104 22:55:45.467" endtime="20221104 22:55:46.073"/>
</kw>
<status status="PASS" starttime="20221104 22:55:43.464" endtime="20221104 22:55:46.073"/>
</kw>
<kw name="Close Browser Page">
<kw name="Sleep" library="BuiltIn">
<arg>3s</arg>
<doc>Pauses the test executed for the given time.</doc>
<msg timestamp="20221104 22:55:49.087" level="INFO">Slept 3 seconds</msg>
<status status="PASS" starttime="20221104 22:55:46.075" endtime="20221104 22:55:49.087"/>
</kw>
<kw name="Close Browser" library="SeleniumLibrary">
<doc>Closes the current browser.</doc>
<status status="PASS" starttime="20221104 22:55:49.088" endtime="20221104 22:55:51.496"/>
</kw>
<status status="PASS" starttime="20221104 22:55:46.074" endtime="20221104 22:55:51.496"/>
</kw>
<status status="PASS" starttime="20221104 22:55:30.305" endtime="20221104 22:55:51.498"/>
</test>
<status status="PASS" starttime="20221104 22:55:28.862" endtime="20221104 22:55:51.502"/>
</suite>
<statistics>
<total>
<stat pass="1" fail="0" skip="0">All Tests</stat>
</total>
<tag>
</tag>
<suite>
<stat pass="1" fail="0" skip="0" id="s1" name="TestLogoutEmployee">TestLogoutEmployee</stat>
</suite>
</statistics>
<errors>
</errors>
</robot>
