<?xml version="1.0" encoding="UTF-8"?>
<robot generator="Robot 5.0.1 (Python 3.10.5 on win32)" generated="20230314 15:29:16.692" rpa="false" schemaversion="3">
<suite id="s1" name="testAnnouceShow" source="C:\Automate Test\Test_PMS\automateTestTeam0\admin\test_announce_show_message\testAnnouceShow.robot">
<test id="s1-t1" name="Show Announce Success" line="43">
<kw name="Open Excel" library="ExcelRobot">
<arg>C:\\Automate Test\\Test_PMS\\automateTestTeam0\\admin\\test_announce_show_message//test_data.xlsx</arg>
<doc>Opens the Excel file to read from the path provided in the file path parameter.</doc>
<msg timestamp="20230314 15:29:17.154" level="INFO">Opening file at C:\Automate Test\Test_PMS\automateTestTeam0\admin\test_announce_show_message//test_data.xlsx</msg>
<status status="PASS" starttime="20230314 15:29:17.154" endtime="20230314 15:29:17.163"/>
</kw>
<kw name="Read Cell Data" library="ExcelRobot">
<var>${Username}</var>
<arg>Admin</arg>
<arg>0</arg>
<arg>1</arg>
<doc>Uses the column and row to return the data from that cell.</doc>
<msg timestamp="20230314 15:29:17.163" level="INFO">${Username} = test@gmail.com</msg>
<status status="PASS" starttime="20230314 15:29:17.163" endtime="20230314 15:29:17.163"/>
</kw>
<kw name="Read Cell Data" library="ExcelRobot">
<var>${Password}</var>
<arg>Admin</arg>
<arg>1</arg>
<arg>1</arg>
<doc>Uses the column and row to return the data from that cell.</doc>
<msg timestamp="20230314 15:29:17.163" level="INFO">${Password} = kajorn.n</msg>
<status status="PASS" starttime="20230314 15:29:17.163" endtime="20230314 15:29:17.163"/>
</kw>
<kw name="Open Project Monitoring System">
<kw name="Open Browser" library="SeleniumLibrary">
<arg>${URL}</arg>
<arg>${BROWSER}</arg>
<doc>Opens a new browser instance to the optional ``url``.</doc>
<msg timestamp="20230314 15:29:17.165" level="INFO">Opening browser 'Google Chrome' to base url 'http://dekdee2.informatics.buu.ac.th:9080/team0/'.</msg>
<status status="PASS" starttime="20230314 15:29:17.164" endtime="20230314 15:29:19.346"/>
</kw>
<kw name="Maximize Browser Window" library="SeleniumLibrary">
<doc>Maximizes current browser window.</doc>
<status status="PASS" starttime="20230314 15:29:19.346" endtime="20230314 15:29:19.536"/>
</kw>
<status status="PASS" starttime="20230314 15:29:17.164" endtime="20230314 15:29:19.536"/>
</kw>
<kw name="Click Menu Login">
<kw name="Sleep" library="BuiltIn">
<arg>2s</arg>
<doc>Pauses the test executed for the given time.</doc>
<msg timestamp="20230314 15:29:21.542" level="INFO">Slept 2 seconds</msg>
<status status="PASS" starttime="20230314 15:29:19.537" endtime="20230314 15:29:21.542"/>
</kw>
<kw name="Click Element" library="SeleniumLibrary">
<arg>//*[@class="nav-link waves-effect waves-dark profile-pic fs-5"]</arg>
<doc>Click the element identified by ``locator``.</doc>
<msg timestamp="20230314 15:29:21.543" level="INFO">Clicking element '//*[@class="nav-link waves-effect waves-dark profile-pic fs-5"]'.</msg>
<status status="PASS" starttime="20230314 15:29:21.542" endtime="20230314 15:29:21.585"/>
</kw>
<status status="PASS" starttime="20230314 15:29:19.537" endtime="20230314 15:29:21.585"/>
</kw>
<kw name="Sleep" library="BuiltIn">
<arg>2s</arg>
<doc>Pauses the test executed for the given time.</doc>
<msg timestamp="20230314 15:29:23.590" level="INFO">Slept 2 seconds</msg>
<status status="PASS" starttime="20230314 15:29:21.586" endtime="20230314 15:29:23.590"/>
</kw>
<kw name="Input Text" library="SeleniumLibrary">
<arg>//*[@id="u_email"]</arg>
<arg>${Username}</arg>
<doc>Types the given ``text`` into the text field identified by ``locator``.</doc>
<msg timestamp="20230314 15:29:23.591" level="INFO">Typing text 'test@gmail.com' into text field '//*[@id="u_email"]'.</msg>
<status status="PASS" starttime="20230314 15:29:23.591" endtime="20230314 15:29:23.682"/>
</kw>
<kw name="Sleep" library="BuiltIn">
<arg>2s</arg>
<doc>Pauses the test executed for the given time.</doc>
<msg timestamp="20230314 15:29:25.693" level="INFO">Slept 2 seconds</msg>
<status status="PASS" starttime="20230314 15:29:23.682" endtime="20230314 15:29:25.693"/>
</kw>
<kw name="Input Text" library="SeleniumLibrary">
<arg>//*[@id="u_password"]</arg>
<arg>${Password}</arg>
<doc>Types the given ``text`` into the text field identified by ``locator``.</doc>
<msg timestamp="20230314 15:29:25.693" level="INFO">Typing text 'kajorn.n' into text field '//*[@id="u_password"]'.</msg>
<status status="PASS" starttime="20230314 15:29:25.693" endtime="20230314 15:29:25.778"/>
</kw>
<kw name="Click to Login">
<kw name="Sleep" library="BuiltIn">
<arg>2s</arg>
<doc>Pauses the test executed for the given time.</doc>
<msg timestamp="20230314 15:29:27.794" level="INFO">Slept 2 seconds</msg>
<status status="PASS" starttime="20230314 15:29:25.779" endtime="20230314 15:29:27.794"/>
</kw>
<kw name="Click Element" library="SeleniumLibrary">
<arg>//*[@id="loginBtn"]</arg>
<doc>Click the element identified by ``locator``.</doc>
<msg timestamp="20230314 15:29:27.795" level="INFO">Clicking element '//*[@id="loginBtn"]'.</msg>
<status status="PASS" starttime="20230314 15:29:27.794" endtime="20230314 15:29:27.839"/>
</kw>
<status status="PASS" starttime="20230314 15:29:25.778" endtime="20230314 15:29:27.839"/>
</kw>
<kw name="Click Sidebar Settings">
<kw name="Sleep" library="BuiltIn">
<arg>2s</arg>
<doc>Pauses the test executed for the given time.</doc>
<msg timestamp="20230314 15:29:29.855" level="INFO">Slept 2 seconds</msg>
<status status="PASS" starttime="20230314 15:29:27.840" endtime="20230314 15:29:29.855"/>
</kw>
<kw name="Click Element" library="SeleniumLibrary">
<arg>xpath=/html/body/div[2]/aside/div/nav/ul/li[4]/a</arg>
<doc>Click the element identified by ``locator``.</doc>
<msg timestamp="20230314 15:29:29.855" level="INFO">Clicking element 'xpath=/html/body/div[2]/aside/div/nav/ul/li[4]/a'.</msg>
<status status="PASS" starttime="20230314 15:29:29.855" endtime="20230314 15:29:29.906"/>
</kw>
<status status="PASS" starttime="20230314 15:29:27.839" endtime="20230314 15:29:29.906"/>
</kw>
<kw name="Click Announce system">
<kw name="Sleep" library="BuiltIn">
<arg>2s</arg>
<doc>Pauses the test executed for the given time.</doc>
<msg timestamp="20230314 15:29:31.914" level="INFO">Slept 2 seconds</msg>
<status status="PASS" starttime="20230314 15:29:29.907" endtime="20230314 15:29:31.914"/>
</kw>
<kw name="Click Element" library="SeleniumLibrary">
<arg>xpath=/html/body/div[2]/aside/div/nav/ul/li[4]/ul/li[4]/a</arg>
<doc>Click the element identified by ``locator``.</doc>
<msg timestamp="20230314 15:29:31.915" level="INFO">Clicking element 'xpath=/html/body/div[2]/aside/div/nav/ul/li[4]/ul/li[4]/a'.</msg>
<status status="PASS" starttime="20230314 15:29:31.914" endtime="20230314 15:29:32.221"/>
</kw>
<status status="PASS" starttime="20230314 15:29:29.907" endtime="20230314 15:29:32.221"/>
</kw>
<kw name="Click hide toggle">
<kw name="Sleep" library="BuiltIn">
<arg>2s</arg>
<doc>Pauses the test executed for the given time.</doc>
<msg timestamp="20230314 15:29:34.230" level="INFO">Slept 2 seconds</msg>
<status status="PASS" starttime="20230314 15:29:32.222" endtime="20230314 15:29:34.230"/>
</kw>
<kw name="Click Element" library="SeleniumLibrary">
<arg>//*[@class="form-check-input"]</arg>
<doc>Click the element identified by ``locator``.</doc>
<msg timestamp="20230314 15:29:34.230" level="INFO">Clicking element '//*[@class="form-check-input"]'.</msg>
<status status="PASS" starttime="20230314 15:29:34.230" endtime="20230314 15:29:34.284"/>
</kw>
<status status="PASS" starttime="20230314 15:29:32.222" endtime="20230314 15:29:34.284"/>
</kw>
<kw name="Click Show toggle">
<kw name="Sleep" library="BuiltIn">
<arg>2s</arg>
<doc>Pauses the test executed for the given time.</doc>
<msg timestamp="20230314 15:29:36.294" level="INFO">Slept 2 seconds</msg>
<status status="PASS" starttime="20230314 15:29:34.284" endtime="20230314 15:29:36.294"/>
</kw>
<kw name="Click Element" library="SeleniumLibrary">
<arg>xpath=/html/body/div[2]/div/div/div[2]/div/div/div/div/div/div/table/tbody/tr[3]/td[5]/div/input</arg>
<doc>Click the element identified by ``locator``.</doc>
<msg timestamp="20230314 15:29:36.295" level="INFO">Clicking element 'xpath=/html/body/div[2]/div/div/div[2]/div/div/div/div/div/div/table/tbody/tr[3]/td[5]/div/input'.</msg>
<status status="PASS" starttime="20230314 15:29:36.295" endtime="20230314 15:29:36.345"/>
</kw>
<status status="PASS" starttime="20230314 15:29:34.284" endtime="20230314 15:29:36.345"/>
</kw>
<kw name="Back to Home Page">
<kw name="Sleep" library="BuiltIn">
<arg>2s</arg>
<doc>Pauses the test executed for the given time.</doc>
<msg timestamp="20230314 15:29:38.362" level="INFO">Slept 2 seconds</msg>
<status status="PASS" starttime="20230314 15:29:36.346" endtime="20230314 15:29:38.362"/>
</kw>
<kw name="Click Element" library="SeleniumLibrary">
<arg>//*[@id="main-wrapper"]/header/nav/div[1]</arg>
<doc>Click the element identified by ``locator``.</doc>
<msg timestamp="20230314 15:29:38.362" level="INFO">Clicking element '//*[@id="main-wrapper"]/header/nav/div[1]'.</msg>
<status status="PASS" starttime="20230314 15:29:38.362" endtime="20230314 15:29:38.765"/>
</kw>
<status status="PASS" starttime="20230314 15:29:36.346" endtime="20230314 15:29:38.766"/>
</kw>
<kw name="Close Browser Page">
<kw name="Sleep" library="BuiltIn">
<arg>3s</arg>
<doc>Pauses the test executed for the given time.</doc>
<msg timestamp="20230314 15:29:41.772" level="INFO">Slept 3 seconds</msg>
<status status="PASS" starttime="20230314 15:29:38.766" endtime="20230314 15:29:41.772"/>
</kw>
<kw name="Close Browser" library="SeleniumLibrary">
<doc>Closes the current browser.</doc>
<status status="PASS" starttime="20230314 15:29:41.772" endtime="20230314 15:29:43.901"/>
</kw>
<status status="PASS" starttime="20230314 15:29:38.766" endtime="20230314 15:29:43.902"/>
</kw>
<status status="PASS" starttime="20230314 15:29:17.153" endtime="20230314 15:29:43.902"/>
</test>
<status status="PASS" starttime="20230314 15:29:16.693" endtime="20230314 15:29:43.903"/>
</suite>
<statistics>
<total>
<stat pass="1" fail="0" skip="0">All Tests</stat>
</total>
<tag>
</tag>
<suite>
<stat pass="1" fail="0" skip="0" id="s1" name="testAnnouceShow">testAnnouceShow</stat>
</suite>
</statistics>
<errors>
</errors>
</robot>
