<?xml version="1.0" encoding="UTF-8"?>
<robot generator="Robot 5.0.1 (Python 3.10.5 on win32)" generated="20230228 22:04:36.619" rpa="false" schemaversion="3">
<suite id="s1" name="testAnnouceShow" source="C:\Automate Test\Test_PMS\automateTestTeam0\admin\test_announce_show_message\testAnnouceShow.robot">
<test id="s1-t1" name="Show Announce Success" line="43">
<kw name="Open Excel" library="ExcelRobot">
<arg>C:\\Automate Test\\Test_PMS\\automateTestTeam0\\admin\\test_announce_show_message//test_data.xlsx</arg>
<doc>Opens the Excel file to read from the path provided in the file path parameter.</doc>
<msg timestamp="20230228 22:04:37.120" level="INFO">Opening file at C:\Automate Test\Test_PMS\automateTestTeam0\admin\test_announce_show_message//test_data.xlsx</msg>
<status status="PASS" starttime="20230228 22:04:37.120" endtime="20230228 22:04:37.130"/>
</kw>
<kw name="Read Cell Data" library="ExcelRobot">
<var>${Username}</var>
<arg>Admin</arg>
<arg>0</arg>
<arg>1</arg>
<doc>Uses the column and row to return the data from that cell.</doc>
<msg timestamp="20230228 22:04:37.130" level="INFO">${Username} = test@gmail.com</msg>
<status status="PASS" starttime="20230228 22:04:37.130" endtime="20230228 22:04:37.130"/>
</kw>
<kw name="Read Cell Data" library="ExcelRobot">
<var>${Password}</var>
<arg>Admin</arg>
<arg>1</arg>
<arg>1</arg>
<doc>Uses the column and row to return the data from that cell.</doc>
<msg timestamp="20230228 22:04:37.131" level="INFO">${Password} = kajorn.n</msg>
<status status="PASS" starttime="20230228 22:04:37.131" endtime="20230228 22:04:37.131"/>
</kw>
<kw name="Open Project Monitoring System">
<kw name="Open Browser" library="SeleniumLibrary">
<arg>${URL}</arg>
<arg>${BROWSER}</arg>
<doc>Opens a new browser instance to the optional ``url``.</doc>
<msg timestamp="20230228 22:04:37.133" level="INFO">Opening browser 'Google Chrome' to base url 'http://dekdee2.informatics.buu.ac.th:9080/team0/'.</msg>
<status status="PASS" starttime="20230228 22:04:37.132" endtime="20230228 22:04:39.708"/>
</kw>
<kw name="Maximize Browser Window" library="SeleniumLibrary">
<doc>Maximizes current browser window.</doc>
<status status="PASS" starttime="20230228 22:04:39.708" endtime="20230228 22:04:39.883"/>
</kw>
<status status="PASS" starttime="20230228 22:04:37.131" endtime="20230228 22:04:39.883"/>
</kw>
<kw name="Click Menu Login">
<kw name="Sleep" library="BuiltIn">
<arg>2s</arg>
<doc>Pauses the test executed for the given time.</doc>
<msg timestamp="20230228 22:04:41.894" level="INFO">Slept 2 seconds</msg>
<status status="PASS" starttime="20230228 22:04:39.884" endtime="20230228 22:04:41.894"/>
</kw>
<kw name="Click Element" library="SeleniumLibrary">
<arg>//*[@class="nav-link waves-effect waves-dark profile-pic fs-5"]</arg>
<doc>Click the element identified by ``locator``.</doc>
<msg timestamp="20230228 22:04:41.895" level="INFO">Clicking element '//*[@class="nav-link waves-effect waves-dark profile-pic fs-5"]'.</msg>
<status status="PASS" starttime="20230228 22:04:41.894" endtime="20230228 22:04:41.937"/>
</kw>
<status status="PASS" starttime="20230228 22:04:39.884" endtime="20230228 22:04:41.937"/>
</kw>
<kw name="Sleep" library="BuiltIn">
<arg>2s</arg>
<doc>Pauses the test executed for the given time.</doc>
<msg timestamp="20230228 22:04:43.939" level="INFO">Slept 2 seconds</msg>
<status status="PASS" starttime="20230228 22:04:41.938" endtime="20230228 22:04:43.939"/>
</kw>
<kw name="Input Text" library="SeleniumLibrary">
<arg>//*[@id="u_email"]</arg>
<arg>${Username}</arg>
<doc>Types the given ``text`` into the text field identified by ``locator``.</doc>
<msg timestamp="20230228 22:04:43.940" level="INFO">Typing text 'test@gmail.com' into text field '//*[@id="u_email"]'.</msg>
<status status="PASS" starttime="20230228 22:04:43.940" endtime="20230228 22:04:44.037"/>
</kw>
<kw name="Sleep" library="BuiltIn">
<arg>2s</arg>
<doc>Pauses the test executed for the given time.</doc>
<msg timestamp="20230228 22:04:46.048" level="INFO">Slept 2 seconds</msg>
<status status="PASS" starttime="20230228 22:04:44.038" endtime="20230228 22:04:46.048"/>
</kw>
<kw name="Input Text" library="SeleniumLibrary">
<arg>//*[@id="u_password"]</arg>
<arg>${Password}</arg>
<doc>Types the given ``text`` into the text field identified by ``locator``.</doc>
<msg timestamp="20230228 22:04:46.050" level="INFO">Typing text 'kajorn.n' into text field '//*[@id="u_password"]'.</msg>
<status status="PASS" starttime="20230228 22:04:46.049" endtime="20230228 22:04:46.132"/>
</kw>
<kw name="Click to Login">
<kw name="Sleep" library="BuiltIn">
<arg>2s</arg>
<doc>Pauses the test executed for the given time.</doc>
<msg timestamp="20230228 22:04:48.141" level="INFO">Slept 2 seconds</msg>
<status status="PASS" starttime="20230228 22:04:46.134" endtime="20230228 22:04:48.141"/>
</kw>
<kw name="Click Element" library="SeleniumLibrary">
<arg>//*[@id="loginBtn"]</arg>
<doc>Click the element identified by ``locator``.</doc>
<msg timestamp="20230228 22:04:48.142" level="INFO">Clicking element '//*[@id="loginBtn"]'.</msg>
<status status="PASS" starttime="20230228 22:04:48.142" endtime="20230228 22:04:48.183"/>
</kw>
<status status="PASS" starttime="20230228 22:04:46.134" endtime="20230228 22:04:48.183"/>
</kw>
<kw name="Click Sidebar Settings">
<kw name="Sleep" library="BuiltIn">
<arg>2s</arg>
<doc>Pauses the test executed for the given time.</doc>
<msg timestamp="20230228 22:04:50.193" level="INFO">Slept 2 seconds</msg>
<status status="PASS" starttime="20230228 22:04:48.184" endtime="20230228 22:04:50.193"/>
</kw>
<kw name="Click Element" library="SeleniumLibrary">
<arg>xpath=/html/body/div[2]/aside/div/nav/ul/li[4]/a</arg>
<doc>Click the element identified by ``locator``.</doc>
<msg timestamp="20230228 22:04:50.193" level="INFO">Clicking element 'xpath=/html/body/div[2]/aside/div/nav/ul/li[4]/a'.</msg>
<status status="PASS" starttime="20230228 22:04:50.193" endtime="20230228 22:04:50.248"/>
</kw>
<status status="PASS" starttime="20230228 22:04:48.183" endtime="20230228 22:04:50.248"/>
</kw>
<kw name="Click Announce system">
<kw name="Sleep" library="BuiltIn">
<arg>2s</arg>
<doc>Pauses the test executed for the given time.</doc>
<msg timestamp="20230228 22:04:52.254" level="INFO">Slept 2 seconds</msg>
<status status="PASS" starttime="20230228 22:04:50.249" endtime="20230228 22:04:52.254"/>
</kw>
<kw name="Click Element" library="SeleniumLibrary">
<arg>xpath=/html/body/div[2]/aside/div/nav/ul/li[4]/ul/li[4]/a</arg>
<doc>Click the element identified by ``locator``.</doc>
<msg timestamp="20230228 22:04:52.255" level="INFO">Clicking element 'xpath=/html/body/div[2]/aside/div/nav/ul/li[4]/ul/li[4]/a'.</msg>
<status status="PASS" starttime="20230228 22:04:52.254" endtime="20230228 22:04:52.506"/>
</kw>
<status status="PASS" starttime="20230228 22:04:50.248" endtime="20230228 22:04:52.507"/>
</kw>
<kw name="Click hide toggle">
<kw name="Sleep" library="BuiltIn">
<arg>2s</arg>
<doc>Pauses the test executed for the given time.</doc>
<msg timestamp="20230228 22:04:54.515" level="INFO">Slept 2 seconds</msg>
<status status="PASS" starttime="20230228 22:04:52.508" endtime="20230228 22:04:54.515"/>
</kw>
<kw name="Click Element" library="SeleniumLibrary">
<arg>//*[@class="form-check-input"]</arg>
<doc>Click the element identified by ``locator``.</doc>
<msg timestamp="20230228 22:04:54.515" level="INFO">Clicking element '//*[@class="form-check-input"]'.</msg>
<status status="PASS" starttime="20230228 22:04:54.515" endtime="20230228 22:04:54.571"/>
</kw>
<status status="PASS" starttime="20230228 22:04:52.507" endtime="20230228 22:04:54.571"/>
</kw>
<kw name="Click Show toggle">
<kw name="Sleep" library="BuiltIn">
<arg>2s</arg>
<doc>Pauses the test executed for the given time.</doc>
<msg timestamp="20230228 22:04:56.585" level="INFO">Slept 2 seconds</msg>
<status status="PASS" starttime="20230228 22:04:54.572" endtime="20230228 22:04:56.585"/>
</kw>
<kw name="Click Element" library="SeleniumLibrary">
<arg>xpath=/html/body/div[2]/div/div/div[2]/div/div/div/div/div/div/table/tbody/tr[3]/td[5]/div/input</arg>
<doc>Click the element identified by ``locator``.</doc>
<msg timestamp="20230228 22:04:56.585" level="INFO">Clicking element 'xpath=/html/body/div[2]/div/div/div[2]/div/div/div/div/div/div/table/tbody/tr[3]/td[5]/div/input'.</msg>
<status status="PASS" starttime="20230228 22:04:56.585" endtime="20230228 22:04:56.650"/>
</kw>
<status status="PASS" starttime="20230228 22:04:54.571" endtime="20230228 22:04:56.650"/>
</kw>
<kw name="Back to Home Page">
<kw name="Sleep" library="BuiltIn">
<arg>2s</arg>
<doc>Pauses the test executed for the given time.</doc>
<msg timestamp="20230228 22:04:58.654" level="INFO">Slept 2 seconds</msg>
<status status="PASS" starttime="20230228 22:04:56.651" endtime="20230228 22:04:58.654"/>
</kw>
<kw name="Click Element" library="SeleniumLibrary">
<arg>//*[@id="main-wrapper"]/header/nav/div[1]</arg>
<doc>Click the element identified by ``locator``.</doc>
<msg timestamp="20230228 22:04:58.654" level="INFO">Clicking element '//*[@id="main-wrapper"]/header/nav/div[1]'.</msg>
<status status="PASS" starttime="20230228 22:04:58.654" endtime="20230228 22:04:58.977"/>
</kw>
<status status="PASS" starttime="20230228 22:04:56.651" endtime="20230228 22:04:58.978"/>
</kw>
<kw name="Close Browser Page">
<kw name="Sleep" library="BuiltIn">
<arg>3s</arg>
<doc>Pauses the test executed for the given time.</doc>
<msg timestamp="20230228 22:05:01.994" level="INFO">Slept 3 seconds</msg>
<status status="PASS" starttime="20230228 22:04:58.979" endtime="20230228 22:05:01.994"/>
</kw>
<kw name="Close Browser" library="SeleniumLibrary">
<doc>Closes the current browser.</doc>
<status status="PASS" starttime="20230228 22:05:01.994" endtime="20230228 22:05:04.112"/>
</kw>
<status status="PASS" starttime="20230228 22:04:58.979" endtime="20230228 22:05:04.112"/>
</kw>
<status status="PASS" starttime="20230228 22:04:37.119" endtime="20230228 22:05:04.112"/>
</test>
<status status="PASS" starttime="20230228 22:04:36.620" endtime="20230228 22:05:04.114"/>
</suite>
<statistics>
<total>
<stat pass="1" fail="0" skip="0">All Tests</stat>
</total>
<tag>
</tag>
<suite>
<stat pass="1" fail="0" skip="0" id="s1" name="testAnnouceShow">testAnnouceShow</stat>
</suite>
</statistics>
<errors>
</errors>
</robot>
