<?xml version="1.0" encoding="UTF-8"?>
<robot generator="Robot 5.0.1 (Python 3.10.5 on win32)" generated="20230228 22:45:06.879" rpa="false" schemaversion="3">
<suite id="s1" name="Reportstartproject" source="C:\xampp\htdocs\automateTestTeam0\Admin\test_report_projectend\reportstartproject.robot">
<test id="s1-t1" name="Select Start Project Success" line="35">
<kw name="Open file Excel">
<kw name="Open Excel" library="ExcelRobot">
<arg>C:\\xampp\\htdocs\\automateTestTeam0\\Admin\\test_report_projectend\\test_data.xlsx</arg>
<doc>Opens the Excel file to read from the path provided in the file path parameter.</doc>
<msg timestamp="20230228 22:45:07.304" level="INFO">Opening file at C:\xampp\htdocs\automateTestTeam0\Admin\test_report_projectend\test_data.xlsx</msg>
<status status="PASS" starttime="20230228 22:45:07.304" endtime="20230228 22:45:07.313"/>
</kw>
<status status="PASS" starttime="20230228 22:45:07.304" endtime="20230228 22:45:07.314"/>
</kw>
<kw name="Read Cell Data" library="ExcelRobot">
<var>${Username}</var>
<arg>Admin</arg>
<arg>0</arg>
<arg>1</arg>
<doc>Uses the column and row to return the data from that cell.</doc>
<msg timestamp="20230228 22:45:07.314" level="INFO">${Username} = test@gmail.com</msg>
<status status="PASS" starttime="20230228 22:45:07.314" endtime="20230228 22:45:07.314"/>
</kw>
<kw name="Read Cell Data" library="ExcelRobot">
<var>${Password}</var>
<arg>Admin</arg>
<arg>1</arg>
<arg>1</arg>
<doc>Uses the column and row to return the data from that cell.</doc>
<msg timestamp="20230228 22:45:07.315" level="INFO">${Password} = kajorn.n</msg>
<status status="PASS" starttime="20230228 22:45:07.315" endtime="20230228 22:45:07.315"/>
</kw>
<kw name="Open Project Monitoring System">
<kw name="Open Browser" library="SeleniumLibrary">
<arg>${URL}</arg>
<arg>${BROWSER}</arg>
<doc>Opens a new browser instance to the optional ``url``.</doc>
<msg timestamp="20230228 22:45:07.316" level="INFO">Opening browser 'Google Chrome' to base url 'http://dekdee2.informatics.buu.ac.th:9080/team0/'.</msg>
<status status="PASS" starttime="20230228 22:45:07.316" endtime="20230228 22:45:09.485"/>
</kw>
<kw name="Maximize Browser Window" library="SeleniumLibrary">
<doc>Maximizes current browser window.</doc>
<status status="PASS" starttime="20230228 22:45:09.486" endtime="20230228 22:45:09.669"/>
</kw>
<status status="PASS" starttime="20230228 22:45:07.315" endtime="20230228 22:45:09.670"/>
</kw>
<kw name="Click Menu Login">
<kw name="Sleep" library="BuiltIn">
<arg>2s</arg>
<doc>Pauses the test executed for the given time.</doc>
<msg timestamp="20230228 22:45:11.687" level="INFO">Slept 2 seconds</msg>
<status status="PASS" starttime="20230228 22:45:09.673" endtime="20230228 22:45:11.687"/>
</kw>
<kw name="Click Element" library="SeleniumLibrary">
<arg>//*[@class="nav-link waves-effect waves-dark profile-pic fs-5"]</arg>
<doc>Click the element identified by ``locator``.</doc>
<msg timestamp="20230228 22:45:11.688" level="INFO">Clicking element '//*[@class="nav-link waves-effect waves-dark profile-pic fs-5"]'.</msg>
<status status="PASS" starttime="20230228 22:45:11.687" endtime="20230228 22:45:11.720"/>
</kw>
<status status="PASS" starttime="20230228 22:45:09.672" endtime="20230228 22:45:11.720"/>
</kw>
<kw name="Sleep" library="BuiltIn">
<arg>2s</arg>
<doc>Pauses the test executed for the given time.</doc>
<msg timestamp="20230228 22:45:13.736" level="INFO">Slept 2 seconds</msg>
<status status="PASS" starttime="20230228 22:45:11.721" endtime="20230228 22:45:13.737"/>
</kw>
<kw name="Input Text" library="SeleniumLibrary">
<arg>id:u_email</arg>
<arg>${Username}</arg>
<doc>Types the given ``text`` into the text field identified by ``locator``.</doc>
<msg timestamp="20230228 22:45:13.738" level="INFO">Typing text 'test@gmail.com' into text field 'id:u_email'.</msg>
<status status="PASS" starttime="20230228 22:45:13.737" endtime="20230228 22:45:13.841"/>
</kw>
<kw name="Sleep" library="BuiltIn">
<arg>2s</arg>
<doc>Pauses the test executed for the given time.</doc>
<msg timestamp="20230228 22:45:15.842" level="INFO">Slept 2 seconds</msg>
<status status="PASS" starttime="20230228 22:45:13.841" endtime="20230228 22:45:15.842"/>
</kw>
<kw name="Input Text" library="SeleniumLibrary">
<arg>id:u_password</arg>
<arg>${Password}</arg>
<doc>Types the given ``text`` into the text field identified by ``locator``.</doc>
<msg timestamp="20230228 22:45:15.843" level="INFO">Typing text 'kajorn.n' into text field 'id:u_password'.</msg>
<status status="PASS" starttime="20230228 22:45:15.843" endtime="20230228 22:45:15.909"/>
</kw>
<kw name="Click to Login">
<kw name="Sleep" library="BuiltIn">
<arg>2s</arg>
<doc>Pauses the test executed for the given time.</doc>
<msg timestamp="20230228 22:45:17.922" level="INFO">Slept 2 seconds</msg>
<status status="PASS" starttime="20230228 22:45:15.911" endtime="20230228 22:45:17.922"/>
</kw>
<kw name="Click Element" library="SeleniumLibrary">
<arg>//*[@id="loginBtn"]</arg>
<doc>Click the element identified by ``locator``.</doc>
<msg timestamp="20230228 22:45:17.922" level="INFO">Clicking element '//*[@id="loginBtn"]'.</msg>
<status status="PASS" starttime="20230228 22:45:17.922" endtime="20230228 22:45:17.954"/>
</kw>
<status status="PASS" starttime="20230228 22:45:15.909" endtime="20230228 22:45:17.954"/>
</kw>
<kw name="Click Sidebar Resiponse Project">
<kw name="Sleep" library="BuiltIn">
<arg>2s</arg>
<doc>Pauses the test executed for the given time.</doc>
<msg timestamp="20230228 22:45:19.956" level="INFO">Slept 2 seconds</msg>
<status status="PASS" starttime="20230228 22:45:17.955" endtime="20230228 22:45:19.956"/>
</kw>
<kw name="Click Element" library="SeleniumLibrary">
<arg>//*[@id="sidebarnav"]/li[3]/a/i</arg>
<doc>Click the element identified by ``locator``.</doc>
<msg timestamp="20230228 22:45:19.956" level="INFO">Clicking element '//*[@id="sidebarnav"]/li[3]/a/i'.</msg>
<status status="PASS" starttime="20230228 22:45:19.956" endtime="20230228 22:45:19.996"/>
</kw>
<kw name="Click Element" library="SeleniumLibrary">
<arg>//*[@id="sidebarnav"]/li[3]/ul/li[1]/a</arg>
<doc>Click the element identified by ``locator``.</doc>
<msg timestamp="20230228 22:45:19.996" level="INFO">Clicking element '//*[@id="sidebarnav"]/li[3]/ul/li[1]/a'.</msg>
<status status="PASS" starttime="20230228 22:45:19.996" endtime="20230228 22:45:20.422"/>
</kw>
<status status="PASS" starttime="20230228 22:45:17.954" endtime="20230228 22:45:20.422"/>
</kw>
<kw name="Select Project Start">
<kw name="Sleep" library="BuiltIn">
<arg>1s</arg>
<doc>Pauses the test executed for the given time.</doc>
<msg timestamp="20230228 22:45:21.431" level="INFO">Slept 1 second</msg>
<status status="PASS" starttime="20230228 22:45:20.423" endtime="20230228 22:45:21.431"/>
</kw>
<kw name="Click Element" library="SeleniumLibrary">
<arg>//*[@id="enddate"]</arg>
<doc>Click the element identified by ``locator``.</doc>
<msg timestamp="20230228 22:45:21.432" level="INFO">Clicking element '//*[@id="enddate"]'.</msg>
<status status="PASS" starttime="20230228 22:45:21.431" endtime="20230228 22:45:21.481"/>
</kw>
<kw name="Sleep" library="BuiltIn">
<arg>1s</arg>
<doc>Pauses the test executed for the given time.</doc>
<msg timestamp="20230228 22:45:22.492" level="INFO">Slept 1 second</msg>
<status status="PASS" starttime="20230228 22:45:21.481" endtime="20230228 22:45:22.492"/>
</kw>
<kw name="Click Element" library="SeleniumLibrary">
<arg>//*[@id="enddate"]/option[2]</arg>
<doc>Click the element identified by ``locator``.</doc>
<msg timestamp="20230228 22:45:22.492" level="INFO">Clicking element '//*[@id="enddate"]/option[2]'.</msg>
<status status="PASS" starttime="20230228 22:45:22.492" endtime="20230228 22:45:22.523"/>
</kw>
<status status="PASS" starttime="20230228 22:45:20.423" endtime="20230228 22:45:22.523"/>
</kw>
<kw name="Close Browser Page">
<kw name="Sleep" library="BuiltIn">
<arg>3s</arg>
<doc>Pauses the test executed for the given time.</doc>
<msg timestamp="20230228 22:45:25.529" level="INFO">Slept 3 seconds</msg>
<status status="PASS" starttime="20230228 22:45:22.525" endtime="20230228 22:45:25.529"/>
</kw>
<kw name="Close Browser" library="SeleniumLibrary">
<doc>Closes the current browser.</doc>
<status status="PASS" starttime="20230228 22:45:25.529" endtime="20230228 22:45:27.667"/>
</kw>
<status status="PASS" starttime="20230228 22:45:22.525" endtime="20230228 22:45:27.667"/>
</kw>
<status status="PASS" starttime="20230228 22:45:07.303" endtime="20230228 22:45:27.668"/>
</test>
<status status="PASS" starttime="20230228 22:45:06.881" endtime="20230228 22:45:27.669"/>
</suite>
<statistics>
<total>
<stat pass="1" fail="0" skip="0">All Tests</stat>
</total>
<tag>
</tag>
<suite>
<stat pass="1" fail="0" skip="0" id="s1" name="Reportstartproject">Reportstartproject</stat>
</suite>
</statistics>
<errors>
</errors>
</robot>
