<?xml version="1.0" encoding="UTF-8"?>
<robot generator="Robot 5.0.1 (Python 3.10.5 on win32)" generated="20230222 00:29:31.771" rpa="false" schemaversion="3">
<suite id="s1" name="TestDeleteEmployee" source="C:\xampp\htdocs\automateTestTeam0\employee2\test_delete_employee\TestDeleteEmployee.robot">
<test id="s1-t1" name="DeleteEmployee Success" line="43">
<kw name="Open file Excel">
<kw name="Open Excel" library="ExcelRobot">
<arg>C:\\xampp\\htdocs\\automateTestTeam0\\employee2\\test_delete_employee\\test_data.xlsx</arg>
<doc>Opens the Excel file to read from the path provided in the file path parameter.</doc>
<msg timestamp="20230222 00:29:32.168" level="INFO">Opening file at C:\xampp\htdocs\automateTestTeam0\employee2\test_delete_employee\test_data.xlsx</msg>
<status status="PASS" starttime="20230222 00:29:32.168" endtime="20230222 00:29:32.171"/>
</kw>
<status status="PASS" starttime="20230222 00:29:32.168" endtime="20230222 00:29:32.171"/>
</kw>
<kw name="Read Cell Data" library="ExcelRobot">
<var>${Username}</var>
<arg>Project Manager</arg>
<arg>0</arg>
<arg>1</arg>
<doc>Uses the column and row to return the data from that cell.</doc>
<msg timestamp="20230222 00:29:32.172" level="INFO">${Username} = sunisa.su@gmail.com	</msg>
<status status="PASS" starttime="20230222 00:29:32.172" endtime="20230222 00:29:32.172"/>
</kw>
<kw name="Read Cell Data" library="ExcelRobot">
<var>${Password}</var>
<arg>Project Manager</arg>
<arg>1</arg>
<arg>1</arg>
<doc>Uses the column and row to return the data from that cell.</doc>
<msg timestamp="20230222 00:29:32.172" level="INFO">${Password} = sunisa.s</msg>
<status status="PASS" starttime="20230222 00:29:32.172" endtime="20230222 00:29:32.172"/>
</kw>
<kw name="Open Project Monitoring System">
<kw name="Open Browser" library="SeleniumLibrary">
<arg>${URL}</arg>
<arg>${BROWSER}</arg>
<doc>Opens a new browser instance to the optional ``url``.</doc>
<msg timestamp="20230222 00:29:32.173" level="INFO">Opening browser 'Google Chrome' to base url 'http://dekdee2.informatics.buu.ac.th:9080/team0/'.</msg>
<status status="PASS" starttime="20230222 00:29:32.173" endtime="20230222 00:29:34.208"/>
</kw>
<kw name="Maximize Browser Window" library="SeleniumLibrary">
<doc>Maximizes current browser window.</doc>
<status status="PASS" starttime="20230222 00:29:34.208" endtime="20230222 00:29:34.351"/>
</kw>
<status status="PASS" starttime="20230222 00:29:32.172" endtime="20230222 00:29:34.352"/>
</kw>
<kw name="Sleep" library="BuiltIn">
<arg>1s</arg>
<doc>Pauses the test executed for the given time.</doc>
<msg timestamp="20230222 00:29:35.354" level="INFO">Slept 1 second</msg>
<status status="PASS" starttime="20230222 00:29:34.353" endtime="20230222 00:29:35.354"/>
</kw>
<kw name="Click Menu Login">
<kw name="Sleep" library="BuiltIn">
<arg>2s</arg>
<doc>Pauses the test executed for the given time.</doc>
<msg timestamp="20230222 00:29:37.359" level="INFO">Slept 2 seconds</msg>
<status status="PASS" starttime="20230222 00:29:35.355" endtime="20230222 00:29:37.359"/>
</kw>
<kw name="Click Element" library="SeleniumLibrary">
<arg>//*[@class="nav-link waves-effect waves-dark profile-pic fs-5"]</arg>
<doc>Click the element identified by ``locator``.</doc>
<msg timestamp="20230222 00:29:37.360" level="INFO">Clicking element '//*[@class="nav-link waves-effect waves-dark profile-pic fs-5"]'.</msg>
<status status="PASS" starttime="20230222 00:29:37.359" endtime="20230222 00:29:37.395"/>
</kw>
<status status="PASS" starttime="20230222 00:29:35.355" endtime="20230222 00:29:37.396"/>
</kw>
<kw name="Sleep" library="BuiltIn">
<arg>1s</arg>
<doc>Pauses the test executed for the given time.</doc>
<msg timestamp="20230222 00:29:38.405" level="INFO">Slept 1 second</msg>
<status status="PASS" starttime="20230222 00:29:37.396" endtime="20230222 00:29:38.405"/>
</kw>
<kw name="Input Text" library="SeleniumLibrary">
<arg>id:u_email</arg>
<arg>${Username}</arg>
<doc>Types the given ``text`` into the text field identified by ``locator``.</doc>
<msg timestamp="20230222 00:29:38.406" level="INFO">Typing text 'sunisa.su@gmail.com	' into text field 'id:u_email'.</msg>
<status status="PASS" starttime="20230222 00:29:38.405" endtime="20230222 00:29:38.475"/>
</kw>
<kw name="Input Text" library="SeleniumLibrary">
<arg>id:u_password</arg>
<arg>${Password}</arg>
<doc>Types the given ``text`` into the text field identified by ``locator``.</doc>
<msg timestamp="20230222 00:29:38.476" level="INFO">Typing text 'sunisa.s' into text field 'id:u_password'.</msg>
<status status="PASS" starttime="20230222 00:29:38.475" endtime="20230222 00:29:38.527"/>
</kw>
<kw name="Click to Login">
<kw name="Sleep" library="BuiltIn">
<arg>2s</arg>
<doc>Pauses the test executed for the given time.</doc>
<msg timestamp="20230222 00:29:40.539" level="INFO">Slept 2 seconds</msg>
<status status="PASS" starttime="20230222 00:29:38.527" endtime="20230222 00:29:40.539"/>
</kw>
<kw name="Click Element" library="SeleniumLibrary">
<arg>//*[@id="loginBtn"]</arg>
<doc>Click the element identified by ``locator``.</doc>
<msg timestamp="20230222 00:29:40.539" level="INFO">Clicking element '//*[@id="loginBtn"]'.</msg>
<status status="PASS" starttime="20230222 00:29:40.539" endtime="20230222 00:29:40.568"/>
</kw>
<status status="PASS" starttime="20230222 00:29:38.527" endtime="20230222 00:29:40.568"/>
</kw>
<kw name="Click Sidebar Resiponse Project">
<kw name="Sleep" library="BuiltIn">
<arg>2s</arg>
<doc>Pauses the test executed for the given time.</doc>
<msg timestamp="20230222 00:29:42.579" level="INFO">Slept 2 seconds</msg>
<status status="PASS" starttime="20230222 00:29:40.569" endtime="20230222 00:29:42.579"/>
</kw>
<kw name="Click Element" library="SeleniumLibrary">
<arg>//*[@id="sidebarnav"]/li[2]/a/i</arg>
<doc>Click the element identified by ``locator``.</doc>
<msg timestamp="20230222 00:29:42.580" level="INFO">Clicking element '//*[@id="sidebarnav"]/li[2]/a/i'.</msg>
<status status="PASS" starttime="20230222 00:29:42.580" endtime="20230222 00:29:42.615"/>
</kw>
<kw name="Click Element" library="SeleniumLibrary">
<arg>//*[@id="sidebarnav"]/li[2]/ul/li[2]</arg>
<doc>Click the element identified by ``locator``.</doc>
<msg timestamp="20230222 00:29:42.616" level="INFO">Clicking element '//*[@id="sidebarnav"]/li[2]/ul/li[2]'.</msg>
<status status="PASS" starttime="20230222 00:29:42.616" endtime="20230222 00:29:42.897"/>
</kw>
<status status="PASS" starttime="20230222 00:29:40.569" endtime="20230222 00:29:42.898"/>
</kw>
<kw name="Click DeleteEmployee">
<kw name="Sleep" library="BuiltIn">
<arg>2s</arg>
<doc>Pauses the test executed for the given time.</doc>
<msg timestamp="20230222 00:29:44.915" level="INFO">Slept 2 seconds</msg>
<status status="PASS" starttime="20230222 00:29:42.900" endtime="20230222 00:29:44.915"/>
</kw>
<kw name="Click Element" library="SeleniumLibrary">
<arg>//*[@id="project13"]/td[2]</arg>
<doc>Click the element identified by ``locator``.</doc>
<msg timestamp="20230222 00:29:44.915" level="INFO">Clicking element '//*[@id="project13"]/td[2]'.</msg>
<status status="PASS" starttime="20230222 00:29:44.915" endtime="20230222 00:29:46.520"/>
</kw>
<kw name="Sleep" library="BuiltIn">
<arg>1s</arg>
<doc>Pauses the test executed for the given time.</doc>
<msg timestamp="20230222 00:29:47.526" level="INFO">Slept 1 second</msg>
<status status="PASS" starttime="20230222 00:29:46.521" endtime="20230222 00:29:47.526"/>
</kw>
<kw name="Click Element" library="SeleniumLibrary">
<arg>//*[@id="permission-tab"]</arg>
<doc>Click the element identified by ``locator``.</doc>
<msg timestamp="20230222 00:29:47.526" level="INFO">Clicking element '//*[@id="permission-tab"]'.</msg>
<status status="PASS" starttime="20230222 00:29:47.526" endtime="20230222 00:29:47.565"/>
</kw>
<kw name="Sleep" library="BuiltIn">
<arg>1s</arg>
<doc>Pauses the test executed for the given time.</doc>
<msg timestamp="20230222 00:29:48.568" level="INFO">Slept 1 second</msg>
<status status="PASS" starttime="20230222 00:29:47.565" endtime="20230222 00:29:48.568"/>
</kw>
<kw name="Click Element" library="SeleniumLibrary">
<arg>//*[@id="del"]</arg>
<doc>Click the element identified by ``locator``.</doc>
<msg timestamp="20230222 00:29:48.568" level="INFO">Clicking element '//*[@id="del"]'.</msg>
<status status="PASS" starttime="20230222 00:29:48.568" endtime="20230222 00:29:48.611"/>
</kw>
<status status="PASS" starttime="20230222 00:29:42.899" endtime="20230222 00:29:48.611"/>
</kw>
<kw name="Click confirm">
<kw name="Sleep" library="BuiltIn">
<arg>2s</arg>
<doc>Pauses the test executed for the given time.</doc>
<msg timestamp="20230222 00:29:50.618" level="INFO">Slept 2 seconds</msg>
<status status="PASS" starttime="20230222 00:29:48.612" endtime="20230222 00:29:50.618"/>
</kw>
<kw name="Click Element" library="SeleniumLibrary">
<arg>xpath=/html/body/div[7]/div/div[3]/button[1]</arg>
<doc>Click the element identified by ``locator``.</doc>
<msg timestamp="20230222 00:29:50.618" level="INFO">Clicking element 'xpath=/html/body/div[7]/div/div[3]/button[1]'.</msg>
<status status="PASS" starttime="20230222 00:29:50.618" endtime="20230222 00:29:50.649"/>
</kw>
<status status="PASS" starttime="20230222 00:29:48.611" endtime="20230222 00:29:50.649"/>
</kw>
<kw name="Sleep" library="BuiltIn">
<arg>1s</arg>
<doc>Pauses the test executed for the given time.</doc>
<msg timestamp="20230222 00:29:51.657" level="INFO">Slept 1 second</msg>
<status status="PASS" starttime="20230222 00:29:50.649" endtime="20230222 00:29:51.657"/>
</kw>
<kw name="Close Browser" library="SeleniumLibrary">
<doc>Closes the current browser.</doc>
<status status="PASS" starttime="20230222 00:29:51.657" endtime="20230222 00:29:53.797"/>
</kw>
<status status="PASS" starttime="20230222 00:29:32.167" endtime="20230222 00:29:53.798"/>
</test>
<test id="s1-t2" name="DeleteEmployee Failed" line="59">
<kw name="Open file Excel">
<kw name="Open Excel" library="ExcelRobot">
<arg>C:\\xampp\\htdocs\\automateTestTeam0\\employee2\\test_delete_employee\\test_data.xlsx</arg>
<doc>Opens the Excel file to read from the path provided in the file path parameter.</doc>
<msg timestamp="20230222 00:29:53.802" level="INFO">Opening file at C:\xampp\htdocs\automateTestTeam0\employee2\test_delete_employee\test_data.xlsx</msg>
<status status="PASS" starttime="20230222 00:29:53.801" endtime="20230222 00:29:53.804"/>
</kw>
<status status="PASS" starttime="20230222 00:29:53.801" endtime="20230222 00:29:53.804"/>
</kw>
<kw name="Read Cell Data" library="ExcelRobot">
<var>${Username}</var>
<arg>Project Manager</arg>
<arg>0</arg>
<arg>1</arg>
<doc>Uses the column and row to return the data from that cell.</doc>
<msg timestamp="20230222 00:29:53.805" level="INFO">${Username} = sunisa.su@gmail.com	</msg>
<status status="PASS" starttime="20230222 00:29:53.804" endtime="20230222 00:29:53.805"/>
</kw>
<kw name="Read Cell Data" library="ExcelRobot">
<var>${Password}</var>
<arg>Project Manager</arg>
<arg>1</arg>
<arg>1</arg>
<doc>Uses the column and row to return the data from that cell.</doc>
<msg timestamp="20230222 00:29:53.806" level="INFO">${Password} = sunisa.s</msg>
<status status="PASS" starttime="20230222 00:29:53.805" endtime="20230222 00:29:53.806"/>
</kw>
<kw name="Open Project Monitoring System">
<kw name="Open Browser" library="SeleniumLibrary">
<arg>${URL}</arg>
<arg>${BROWSER}</arg>
<doc>Opens a new browser instance to the optional ``url``.</doc>
<msg timestamp="20230222 00:29:53.806" level="INFO">Opening browser 'Google Chrome' to base url 'http://dekdee2.informatics.buu.ac.th:9080/team0/'.</msg>
<status status="PASS" starttime="20230222 00:29:53.806" endtime="20230222 00:29:55.947"/>
</kw>
<kw name="Maximize Browser Window" library="SeleniumLibrary">
<doc>Maximizes current browser window.</doc>
<status status="PASS" starttime="20230222 00:29:55.947" endtime="20230222 00:29:56.099"/>
</kw>
<status status="PASS" starttime="20230222 00:29:53.806" endtime="20230222 00:29:56.100"/>
</kw>
<kw name="Sleep" library="BuiltIn">
<arg>1s</arg>
<doc>Pauses the test executed for the given time.</doc>
<msg timestamp="20230222 00:29:57.114" level="INFO">Slept 1 second</msg>
<status status="PASS" starttime="20230222 00:29:56.101" endtime="20230222 00:29:57.114"/>
</kw>
<kw name="Click Menu Login">
<kw name="Sleep" library="BuiltIn">
<arg>2s</arg>
<doc>Pauses the test executed for the given time.</doc>
<msg timestamp="20230222 00:29:59.123" level="INFO">Slept 2 seconds</msg>
<status status="PASS" starttime="20230222 00:29:57.116" endtime="20230222 00:29:59.123"/>
</kw>
<kw name="Click Element" library="SeleniumLibrary">
<arg>//*[@class="nav-link waves-effect waves-dark profile-pic fs-5"]</arg>
<doc>Click the element identified by ``locator``.</doc>
<msg timestamp="20230222 00:29:59.123" level="INFO">Clicking element '//*[@class="nav-link waves-effect waves-dark profile-pic fs-5"]'.</msg>
<status status="PASS" starttime="20230222 00:29:59.123" endtime="20230222 00:29:59.156"/>
</kw>
<status status="PASS" starttime="20230222 00:29:57.115" endtime="20230222 00:29:59.156"/>
</kw>
<kw name="Sleep" library="BuiltIn">
<arg>1s</arg>
<doc>Pauses the test executed for the given time.</doc>
<msg timestamp="20230222 00:30:00.160" level="INFO">Slept 1 second</msg>
<status status="PASS" starttime="20230222 00:29:59.157" endtime="20230222 00:30:00.160"/>
</kw>
<kw name="Input Text" library="SeleniumLibrary">
<arg>id:u_email</arg>
<arg>${Username}</arg>
<doc>Types the given ``text`` into the text field identified by ``locator``.</doc>
<msg timestamp="20230222 00:30:00.161" level="INFO">Typing text 'sunisa.su@gmail.com	' into text field 'id:u_email'.</msg>
<status status="PASS" starttime="20230222 00:30:00.160" endtime="20230222 00:30:00.227"/>
</kw>
<kw name="Input Text" library="SeleniumLibrary">
<arg>id:u_password</arg>
<arg>${Password}</arg>
<doc>Types the given ``text`` into the text field identified by ``locator``.</doc>
<msg timestamp="20230222 00:30:00.227" level="INFO">Typing text 'sunisa.s' into text field 'id:u_password'.</msg>
<status status="PASS" starttime="20230222 00:30:00.227" endtime="20230222 00:30:00.274"/>
</kw>
<kw name="Click to Login">
<kw name="Sleep" library="BuiltIn">
<arg>2s</arg>
<doc>Pauses the test executed for the given time.</doc>
<msg timestamp="20230222 00:30:02.276" level="INFO">Slept 2 seconds</msg>
<status status="PASS" starttime="20230222 00:30:00.275" endtime="20230222 00:30:02.276"/>
</kw>
<kw name="Click Element" library="SeleniumLibrary">
<arg>//*[@id="loginBtn"]</arg>
<doc>Click the element identified by ``locator``.</doc>
<msg timestamp="20230222 00:30:02.276" level="INFO">Clicking element '//*[@id="loginBtn"]'.</msg>
<status status="PASS" starttime="20230222 00:30:02.276" endtime="20230222 00:30:02.307"/>
</kw>
<status status="PASS" starttime="20230222 00:30:00.274" endtime="20230222 00:30:02.307"/>
</kw>
<kw name="Click Sidebar Resiponse Project">
<kw name="Sleep" library="BuiltIn">
<arg>2s</arg>
<doc>Pauses the test executed for the given time.</doc>
<msg timestamp="20230222 00:30:04.315" level="INFO">Slept 2 seconds</msg>
<status status="PASS" starttime="20230222 00:30:02.308" endtime="20230222 00:30:04.315"/>
</kw>
<kw name="Click Element" library="SeleniumLibrary">
<arg>//*[@id="sidebarnav"]/li[2]/a/i</arg>
<doc>Click the element identified by ``locator``.</doc>
<msg timestamp="20230222 00:30:04.315" level="INFO">Clicking element '//*[@id="sidebarnav"]/li[2]/a/i'.</msg>
<status status="PASS" starttime="20230222 00:30:04.315" endtime="20230222 00:30:04.350"/>
</kw>
<kw name="Click Element" library="SeleniumLibrary">
<arg>//*[@id="sidebarnav"]/li[2]/ul/li[2]</arg>
<doc>Click the element identified by ``locator``.</doc>
<msg timestamp="20230222 00:30:04.350" level="INFO">Clicking element '//*[@id="sidebarnav"]/li[2]/ul/li[2]'.</msg>
<status status="PASS" starttime="20230222 00:30:04.350" endtime="20230222 00:30:04.639"/>
</kw>
<status status="PASS" starttime="20230222 00:30:02.308" endtime="20230222 00:30:04.639"/>
</kw>
<kw name="Click DeleteEmployee">
<kw name="Sleep" library="BuiltIn">
<arg>2s</arg>
<doc>Pauses the test executed for the given time.</doc>
<msg timestamp="20230222 00:30:06.647" level="INFO">Slept 2 seconds</msg>
<status status="PASS" starttime="20230222 00:30:04.641" endtime="20230222 00:30:06.647"/>
</kw>
<kw name="Click Element" library="SeleniumLibrary">
<arg>//*[@id="project13"]/td[2]</arg>
<doc>Click the element identified by ``locator``.</doc>
<msg timestamp="20230222 00:30:06.647" level="INFO">Clicking element '//*[@id="project13"]/td[2]'.</msg>
<status status="PASS" starttime="20230222 00:30:06.647" endtime="20230222 00:30:07.206"/>
</kw>
<kw name="Sleep" library="BuiltIn">
<arg>1s</arg>
<doc>Pauses the test executed for the given time.</doc>
<msg timestamp="20230222 00:30:08.210" level="INFO">Slept 1 second</msg>
<status status="PASS" starttime="20230222 00:30:07.206" endtime="20230222 00:30:08.210"/>
</kw>
<kw name="Click Element" library="SeleniumLibrary">
<arg>//*[@id="permission-tab"]</arg>
<doc>Click the element identified by ``locator``.</doc>
<msg timestamp="20230222 00:30:08.210" level="INFO">Clicking element '//*[@id="permission-tab"]'.</msg>
<status status="PASS" starttime="20230222 00:30:08.210" endtime="20230222 00:30:08.247"/>
</kw>
<kw name="Sleep" library="BuiltIn">
<arg>1s</arg>
<doc>Pauses the test executed for the given time.</doc>
<msg timestamp="20230222 00:30:09.250" level="INFO">Slept 1 second</msg>
<status status="PASS" starttime="20230222 00:30:08.247" endtime="20230222 00:30:09.250"/>
</kw>
<kw name="Click Element" library="SeleniumLibrary">
<arg>//*[@id="del"]</arg>
<doc>Click the element identified by ``locator``.</doc>
<msg timestamp="20230222 00:30:09.250" level="INFO">Clicking element '//*[@id="del"]'.</msg>
<status status="PASS" starttime="20230222 00:30:09.250" endtime="20230222 00:30:09.292"/>
</kw>
<status status="PASS" starttime="20230222 00:30:04.641" endtime="20230222 00:30:09.293"/>
</kw>
<kw name="Click cancle">
<kw name="Sleep" library="BuiltIn">
<arg>2s</arg>
<doc>Pauses the test executed for the given time.</doc>
<msg timestamp="20230222 00:30:11.305" level="INFO">Slept 2 seconds</msg>
<status status="PASS" starttime="20230222 00:30:09.293" endtime="20230222 00:30:11.305"/>
</kw>
<kw name="Click Element" library="SeleniumLibrary">
<arg>xpath=/html/body/div[7]/div/div[3]/button[2]</arg>
<doc>Click the element identified by ``locator``.</doc>
<msg timestamp="20230222 00:30:11.305" level="INFO">Clicking element 'xpath=/html/body/div[7]/div/div[3]/button[2]'.</msg>
<status status="PASS" starttime="20230222 00:30:11.305" endtime="20230222 00:30:11.333"/>
</kw>
<status status="PASS" starttime="20230222 00:30:09.293" endtime="20230222 00:30:11.333"/>
</kw>
<kw name="Sleep" library="BuiltIn">
<arg>1s</arg>
<doc>Pauses the test executed for the given time.</doc>
<msg timestamp="20230222 00:30:12.342" level="INFO">Slept 1 second</msg>
<status status="PASS" starttime="20230222 00:30:11.334" endtime="20230222 00:30:12.342"/>
</kw>
<kw name="Close Browser" library="SeleniumLibrary">
<doc>Closes the current browser.</doc>
<status status="PASS" starttime="20230222 00:30:12.342" endtime="20230222 00:30:14.475"/>
</kw>
<status status="PASS" starttime="20230222 00:29:53.801" endtime="20230222 00:30:14.475"/>
</test>
<status status="PASS" starttime="20230222 00:29:31.773" endtime="20230222 00:30:14.476"/>
</suite>
<statistics>
<total>
<stat pass="2" fail="0" skip="0">All Tests</stat>
</total>
<tag>
</tag>
<suite>
<stat pass="2" fail="0" skip="0" id="s1" name="TestDeleteEmployee">TestDeleteEmployee</stat>
</suite>
</statistics>
<errors>
</errors>
</robot>
