<?xml version="1.0" encoding="UTF-8"?>
<robot generator="Robot 5.0.1 (Python 3.10.5 on win32)" generated="20230216 23:48:54.394" rpa="false" schemaversion="3">
<suite id="s1" name="TestDeleteEmployee" source="C:\xampp\htdocs\automateTestTeam0\employee2\test_delete_employee\TestDeleteEmployee.robot">
<test id="s1-t1" name="DeleteEmployee Success" line="42">
<kw name="Open file Excel">
<kw name="Open Excel" library="ExcelRobot">
<arg>C:\\xampp\\htdocs\\automateTestTeam0\\employee2\\test_delete_employee\\test_data.xlsx</arg>
<doc>Opens the Excel file to read from the path provided in the file path parameter.</doc>
<msg timestamp="20230216 23:48:54.874" level="INFO">Opening file at C:\xampp\htdocs\automateTestTeam0\employee2\test_delete_employee\test_data.xlsx</msg>
<status status="PASS" starttime="20230216 23:48:54.874" endtime="20230216 23:48:54.876"/>
</kw>
<status status="PASS" starttime="20230216 23:48:54.873" endtime="20230216 23:48:54.877"/>
</kw>
<kw name="Read Cell Data" library="ExcelRobot">
<var>${Username}</var>
<arg>Project Manager</arg>
<arg>0</arg>
<arg>1</arg>
<doc>Uses the column and row to return the data from that cell.</doc>
<msg timestamp="20230216 23:48:54.878" level="INFO">${Username} = sunisa.su@gmail.com	</msg>
<status status="PASS" starttime="20230216 23:48:54.877" endtime="20230216 23:48:54.878"/>
</kw>
<kw name="Read Cell Data" library="ExcelRobot">
<var>${Password}</var>
<arg>Project Manager</arg>
<arg>1</arg>
<arg>1</arg>
<doc>Uses the column and row to return the data from that cell.</doc>
<msg timestamp="20230216 23:48:54.878" level="INFO">${Password} = sunisa.s</msg>
<status status="PASS" starttime="20230216 23:48:54.878" endtime="20230216 23:48:54.878"/>
</kw>
<kw name="Open Project Monitoring System">
<kw name="Open Browser" library="SeleniumLibrary">
<arg>${URL}</arg>
<arg>${BROWSER}</arg>
<doc>Opens a new browser instance to the optional ``url``.</doc>
<msg timestamp="20230216 23:48:54.879" level="INFO">Opening browser 'Google Chrome' to base url 'http://dekdee2.informatics.buu.ac.th:9080/team0/'.</msg>
<status status="PASS" starttime="20230216 23:48:54.879" endtime="20230216 23:48:57.004"/>
</kw>
<kw name="Maximize Browser Window" library="SeleniumLibrary">
<doc>Maximizes current browser window.</doc>
<status status="PASS" starttime="20230216 23:48:57.005" endtime="20230216 23:48:57.211"/>
</kw>
<status status="PASS" starttime="20230216 23:48:54.879" endtime="20230216 23:48:57.211"/>
</kw>
<kw name="Sleep" library="BuiltIn">
<arg>1s</arg>
<doc>Pauses the test executed for the given time.</doc>
<msg timestamp="20230216 23:48:58.216" level="INFO">Slept 1 second</msg>
<status status="PASS" starttime="20230216 23:48:57.213" endtime="20230216 23:48:58.216"/>
</kw>
<kw name="Click Menu Login">
<kw name="Sleep" library="BuiltIn">
<arg>2s</arg>
<doc>Pauses the test executed for the given time.</doc>
<msg timestamp="20230216 23:49:00.231" level="INFO">Slept 2 seconds</msg>
<status status="PASS" starttime="20230216 23:48:58.217" endtime="20230216 23:49:00.231"/>
</kw>
<kw name="Click Element" library="SeleniumLibrary">
<arg>//*[@class="nav-link waves-effect waves-dark profile-pic fs-5"]</arg>
<doc>Click the element identified by ``locator``.</doc>
<msg timestamp="20230216 23:49:00.231" level="INFO">Clicking element '//*[@class="nav-link waves-effect waves-dark profile-pic fs-5"]'.</msg>
<status status="PASS" starttime="20230216 23:49:00.231" endtime="20230216 23:49:00.264"/>
</kw>
<status status="PASS" starttime="20230216 23:48:58.217" endtime="20230216 23:49:00.264"/>
</kw>
<kw name="Sleep" library="BuiltIn">
<arg>1s</arg>
<doc>Pauses the test executed for the given time.</doc>
<msg timestamp="20230216 23:49:01.271" level="INFO">Slept 1 second</msg>
<status status="PASS" starttime="20230216 23:49:00.265" endtime="20230216 23:49:01.271"/>
</kw>
<kw name="Input Text" library="SeleniumLibrary">
<arg>id:u_email</arg>
<arg>${Username}</arg>
<doc>Types the given ``text`` into the text field identified by ``locator``.</doc>
<msg timestamp="20230216 23:49:01.272" level="INFO">Typing text 'sunisa.su@gmail.com	' into text field 'id:u_email'.</msg>
<status status="PASS" starttime="20230216 23:49:01.271" endtime="20230216 23:49:01.344"/>
</kw>
<kw name="Input Text" library="SeleniumLibrary">
<arg>id:u_password</arg>
<arg>${Password}</arg>
<doc>Types the given ``text`` into the text field identified by ``locator``.</doc>
<msg timestamp="20230216 23:49:01.345" level="INFO">Typing text 'sunisa.s' into text field 'id:u_password'.</msg>
<status status="PASS" starttime="20230216 23:49:01.344" endtime="20230216 23:49:01.399"/>
</kw>
<kw name="Click to Login">
<kw name="Sleep" library="BuiltIn">
<arg>2s</arg>
<doc>Pauses the test executed for the given time.</doc>
<msg timestamp="20230216 23:49:03.404" level="INFO">Slept 2 seconds</msg>
<status status="PASS" starttime="20230216 23:49:01.399" endtime="20230216 23:49:03.404"/>
</kw>
<kw name="Click Element" library="SeleniumLibrary">
<arg>//*[@id="loginBtn"]</arg>
<doc>Click the element identified by ``locator``.</doc>
<msg timestamp="20230216 23:49:03.404" level="INFO">Clicking element '//*[@id="loginBtn"]'.</msg>
<status status="PASS" starttime="20230216 23:49:03.404" endtime="20230216 23:49:03.442"/>
</kw>
<status status="PASS" starttime="20230216 23:49:01.399" endtime="20230216 23:49:03.442"/>
</kw>
<kw name="Click Sidebar Resiponse Project">
<kw name="Sleep" library="BuiltIn">
<arg>2s</arg>
<doc>Pauses the test executed for the given time.</doc>
<msg timestamp="20230216 23:49:05.457" level="INFO">Slept 2 seconds</msg>
<status status="PASS" starttime="20230216 23:49:03.443" endtime="20230216 23:49:05.457"/>
</kw>
<kw name="Click Element" library="SeleniumLibrary">
<arg>//*[@id="sidebarnav"]/li[2]/a/i</arg>
<doc>Click the element identified by ``locator``.</doc>
<msg timestamp="20230216 23:49:05.457" level="INFO">Clicking element '//*[@id="sidebarnav"]/li[2]/a/i'.</msg>
<status status="PASS" starttime="20230216 23:49:05.457" endtime="20230216 23:49:05.495"/>
</kw>
<kw name="Click Element" library="SeleniumLibrary">
<arg>//*[@id="sidebarnav"]/li[2]/ul/li[1]</arg>
<doc>Click the element identified by ``locator``.</doc>
<msg timestamp="20230216 23:49:05.496" level="INFO">Clicking element '//*[@id="sidebarnav"]/li[2]/ul/li[1]'.</msg>
<status status="PASS" starttime="20230216 23:49:05.495" endtime="20230216 23:49:05.802"/>
</kw>
<status status="PASS" starttime="20230216 23:49:03.442" endtime="20230216 23:49:05.802"/>
</kw>
<kw name="Click ManageProject">
<kw name="Sleep" library="BuiltIn">
<arg>2s</arg>
<doc>Pauses the test executed for the given time.</doc>
<msg timestamp="20230216 23:49:07.816" level="INFO">Slept 2 seconds</msg>
<status status="PASS" starttime="20230216 23:49:05.803" endtime="20230216 23:49:07.816"/>
</kw>
<kw name="Click Element" library="SeleniumLibrary">
<arg>xpath = /html/body/div[2]/div/div/div[2]/div/div/div/div/div/div/table/tbody/tr[1]/td[6]/a</arg>
<doc>Click the element identified by ``locator``.</doc>
<msg timestamp="20230216 23:49:07.816" level="INFO">Clicking element 'xpath = /html/body/div[2]/div/div/div[2]/div/div/div/div/div/div/table/tbody/tr[1]/td[6]/a'.</msg>
<status status="PASS" starttime="20230216 23:49:07.816" endtime="20230216 23:49:08.185"/>
</kw>
<status status="PASS" starttime="20230216 23:49:05.803" endtime="20230216 23:49:08.185"/>
</kw>
<kw name="Click DeleteEmployee">
<kw name="Sleep" library="BuiltIn">
<arg>2s</arg>
<doc>Pauses the test executed for the given time.</doc>
<msg timestamp="20230216 23:49:10.194" level="INFO">Slept 2 seconds</msg>
<status status="PASS" starttime="20230216 23:49:08.186" endtime="20230216 23:49:10.194"/>
</kw>
<kw name="Click Element" library="SeleniumLibrary">
<arg>//*[@id="del"]</arg>
<doc>Click the element identified by ``locator``.</doc>
<msg timestamp="20230216 23:49:10.194" level="INFO">Clicking element '//*[@id="del"]'.</msg>
<status status="PASS" starttime="20230216 23:49:10.194" endtime="20230216 23:49:10.256"/>
</kw>
<status status="PASS" starttime="20230216 23:49:08.186" endtime="20230216 23:49:10.256"/>
</kw>
<kw name="Click confirm">
<kw name="Sleep" library="BuiltIn">
<arg>2s</arg>
<doc>Pauses the test executed for the given time.</doc>
<msg timestamp="20230216 23:49:12.262" level="INFO">Slept 2 seconds</msg>
<status status="PASS" starttime="20230216 23:49:10.257" endtime="20230216 23:49:12.262"/>
</kw>
<kw name="Click Element" library="SeleniumLibrary">
<arg>xpath=/html/body/div[7]/div/div[3]/button[1]</arg>
<doc>Click the element identified by ``locator``.</doc>
<msg timestamp="20230216 23:49:12.263" level="INFO">Clicking element 'xpath=/html/body/div[7]/div/div[3]/button[1]'.</msg>
<status status="PASS" starttime="20230216 23:49:12.263" endtime="20230216 23:49:12.295"/>
</kw>
<status status="PASS" starttime="20230216 23:49:10.257" endtime="20230216 23:49:12.296"/>
</kw>
<kw name="Sleep" library="BuiltIn">
<arg>2s</arg>
<doc>Pauses the test executed for the given time.</doc>
<msg timestamp="20230216 23:49:14.299" level="INFO">Slept 2 seconds</msg>
<status status="PASS" starttime="20230216 23:49:12.296" endtime="20230216 23:49:14.299"/>
</kw>
<kw name="Close Browser" library="SeleniumLibrary">
<doc>Closes the current browser.</doc>
<status status="PASS" starttime="20230216 23:49:14.300" endtime="20230216 23:49:16.449"/>
</kw>
<status status="PASS" starttime="20230216 23:48:54.873" endtime="20230216 23:49:16.449"/>
</test>
<status status="PASS" starttime="20230216 23:48:54.396" endtime="20230216 23:49:16.452"/>
</suite>
<statistics>
<total>
<stat pass="1" fail="0" skip="0">All Tests</stat>
</total>
<tag>
</tag>
<suite>
<stat pass="1" fail="0" skip="0" id="s1" name="TestDeleteEmployee">TestDeleteEmployee</stat>
</suite>
</statistics>
<errors>
</errors>
</robot>
