<?xml version="1.0" encoding="UTF-8"?>
<robot generator="Robot 5.0.1 (Python 3.10.5 on win32)" generated="20230214 23:42:54.908" rpa="false" schemaversion="3">
<suite id="s1" name="TestEditEmployee" source="C:\xampp\htdocs\automateTestTeam0\Admin\test_edit_employee\TestEditEmployee.robot">
<test id="s1-t1" name="Edit Wrong Because Click Cancle button" line="104">
<kw name="Open file Excel">
<kw name="Open Excel" library="ExcelRobot">
<arg>C:\\xampp\\htdocs\\automateTestTeam0\\Admin\\test_edit_employee\\test_data.xlsx</arg>
<doc>Opens the Excel file to read from the path provided in the file path parameter.</doc>
<msg timestamp="20230214 23:42:55.328" level="INFO">Opening file at C:\xampp\htdocs\automateTestTeam0\Admin\test_edit_employee\test_data.xlsx</msg>
<status status="PASS" starttime="20230214 23:42:55.328" endtime="20230214 23:42:55.332"/>
</kw>
<status status="PASS" starttime="20230214 23:42:55.328" endtime="20230214 23:42:55.332"/>
</kw>
<kw name="Read Cell Data" library="ExcelRobot">
<var>${Username}</var>
<arg>Admin</arg>
<arg>0</arg>
<arg>1</arg>
<doc>Uses the column and row to return the data from that cell.</doc>
<msg timestamp="20230214 23:42:55.333" level="INFO">${Username} = test@gmail.com</msg>
<status status="PASS" starttime="20230214 23:42:55.333" endtime="20230214 23:42:55.333"/>
</kw>
<kw name="Read Cell Data" library="ExcelRobot">
<var>${Password}</var>
<arg>Admin</arg>
<arg>1</arg>
<arg>1</arg>
<doc>Uses the column and row to return the data from that cell.</doc>
<msg timestamp="20230214 23:42:55.333" level="INFO">${Password} = kajorn.n</msg>
<status status="PASS" starttime="20230214 23:42:55.333" endtime="20230214 23:42:55.333"/>
</kw>
<kw name="Open Project Monitoring System">
<kw name="Open Browser" library="SeleniumLibrary">
<arg>${URL}</arg>
<arg>${BROWSER}</arg>
<doc>Opens a new browser instance to the optional ``url``.</doc>
<msg timestamp="20230214 23:42:55.334" level="INFO">Opening browser 'Google Chrome' to base url 'http://dekdee2.informatics.buu.ac.th:9080/team0/'.</msg>
<status status="PASS" starttime="20230214 23:42:55.334" endtime="20230214 23:42:57.339"/>
</kw>
<kw name="Maximize Browser Window" library="SeleniumLibrary">
<doc>Maximizes current browser window.</doc>
<status status="PASS" starttime="20230214 23:42:57.339" endtime="20230214 23:42:57.535"/>
</kw>
<status status="PASS" starttime="20230214 23:42:55.333" endtime="20230214 23:42:57.536"/>
</kw>
<kw name="Click Menu Login">
<kw name="Sleep" library="BuiltIn">
<arg>2s</arg>
<doc>Pauses the test executed for the given time.</doc>
<msg timestamp="20230214 23:42:59.542" level="INFO">Slept 2 seconds</msg>
<status status="PASS" starttime="20230214 23:42:57.541" endtime="20230214 23:42:59.542"/>
</kw>
<kw name="Click Element" library="SeleniumLibrary">
<arg>//*[@class="nav-link waves-effect waves-dark profile-pic fs-5"]</arg>
<doc>Click the element identified by ``locator``.</doc>
<msg timestamp="20230214 23:42:59.542" level="INFO">Clicking element '//*[@class="nav-link waves-effect waves-dark profile-pic fs-5"]'.</msg>
<status status="PASS" starttime="20230214 23:42:59.542" endtime="20230214 23:42:59.576"/>
</kw>
<status status="PASS" starttime="20230214 23:42:57.538" endtime="20230214 23:42:59.576"/>
</kw>
<kw name="Input Text" library="SeleniumLibrary">
<arg>id:u_email</arg>
<arg>${Username}</arg>
<doc>Types the given ``text`` into the text field identified by ``locator``.</doc>
<msg timestamp="20230214 23:42:59.578" level="INFO">Typing text 'test@gmail.com' into text field 'id:u_email'.</msg>
<status status="PASS" starttime="20230214 23:42:59.577" endtime="20230214 23:42:59.684"/>
</kw>
<kw name="Input Text" library="SeleniumLibrary">
<arg>id:u_password</arg>
<arg>${Password}</arg>
<doc>Types the given ``text`` into the text field identified by ``locator``.</doc>
<msg timestamp="20230214 23:42:59.685" level="INFO">Typing text 'kajorn.n' into text field 'id:u_password'.</msg>
<status status="PASS" starttime="20230214 23:42:59.685" endtime="20230214 23:42:59.748"/>
</kw>
<kw name="Click to Login">
<kw name="Sleep" library="BuiltIn">
<arg>2s</arg>
<doc>Pauses the test executed for the given time.</doc>
<msg timestamp="20230214 23:43:01.750" level="INFO">Slept 2 seconds</msg>
<status status="PASS" starttime="20230214 23:42:59.748" endtime="20230214 23:43:01.750"/>
</kw>
<kw name="Click Element" library="SeleniumLibrary">
<arg>//*[@id="loginBtn"]</arg>
<doc>Click the element identified by ``locator``.</doc>
<msg timestamp="20230214 23:43:01.750" level="INFO">Clicking element '//*[@id="loginBtn"]'.</msg>
<status status="PASS" starttime="20230214 23:43:01.750" endtime="20230214 23:43:01.782"/>
</kw>
<status status="PASS" starttime="20230214 23:42:59.748" endtime="20230214 23:43:01.782"/>
</kw>
<kw name="Click Sidebar Resiponse Project">
<kw name="Sleep" library="BuiltIn">
<arg>2s</arg>
<doc>Pauses the test executed for the given time.</doc>
<msg timestamp="20230214 23:43:03.792" level="INFO">Slept 2 seconds</msg>
<status status="PASS" starttime="20230214 23:43:01.782" endtime="20230214 23:43:03.792"/>
</kw>
<kw name="Click Element" library="SeleniumLibrary">
<arg>//*[@id="main-wrapper"]/header/nav/div[2]/ul[1]/li[2]/a</arg>
<doc>Click the element identified by ``locator``.</doc>
<msg timestamp="20230214 23:43:03.792" level="INFO">Clicking element '//*[@id="main-wrapper"]/header/nav/div[2]/ul[1]/li[2]/a'.</msg>
<status status="PASS" starttime="20230214 23:43:03.792" endtime="20230214 23:43:03.837"/>
</kw>
<kw name="Click Element" library="SeleniumLibrary">
<arg>//*[@id="sidebarnav"]/li[4]/a/i</arg>
<doc>Click the element identified by ``locator``.</doc>
<msg timestamp="20230214 23:43:03.839" level="INFO">Clicking element '//*[@id="sidebarnav"]/li[4]/a/i'.</msg>
<status status="PASS" starttime="20230214 23:43:03.838" endtime="20230214 23:43:03.914"/>
</kw>
<kw name="Click Element" library="SeleniumLibrary">
<arg>//*[@id="sidebarnav"]/li[4]/ul/li[1]/a/i</arg>
<doc>Click the element identified by ``locator``.</doc>
<msg timestamp="20230214 23:43:03.915" level="INFO">Clicking element '//*[@id="sidebarnav"]/li[4]/ul/li[1]/a/i'.</msg>
<status status="PASS" starttime="20230214 23:43:03.915" endtime="20230214 23:43:04.345"/>
</kw>
<status status="PASS" starttime="20230214 23:43:01.782" endtime="20230214 23:43:04.345"/>
</kw>
<kw name="Click Edit Button Employee">
<kw name="Click Element" library="SeleniumLibrary">
<arg>//*[@id="edit"]</arg>
<doc>Click the element identified by ``locator``.</doc>
<msg timestamp="20230214 23:43:04.346" level="INFO">Clicking element '//*[@id="edit"]'.</msg>
<status status="PASS" starttime="20230214 23:43:04.346" endtime="20230214 23:43:04.808"/>
</kw>
<status status="PASS" starttime="20230214 23:43:04.346" endtime="20230214 23:43:04.810"/>
</kw>
<kw name="Click Input Name Edit">
<kw name="Sleep" library="BuiltIn">
<arg>2s</arg>
<doc>Pauses the test executed for the given time.</doc>
<msg timestamp="20230214 23:43:06.822" level="INFO">Slept 2 seconds</msg>
<status status="PASS" starttime="20230214 23:43:04.810" endtime="20230214 23:43:06.822"/>
</kw>
<kw name="Click Element" library="SeleniumLibrary">
<arg>//*[@id="u_firstname"]</arg>
<doc>Click the element identified by ``locator``.</doc>
<msg timestamp="20230214 23:43:06.822" level="INFO">Clicking element '//*[@id="u_firstname"]'.</msg>
<status status="PASS" starttime="20230214 23:43:06.822" endtime="20230214 23:43:06.859"/>
</kw>
<kw name="Input Text" library="SeleniumLibrary">
<arg>//*[@id="u_firstname"]</arg>
<arg>บุญมี</arg>
<doc>Types the given ``text`` into the text field identified by ``locator``.</doc>
<msg timestamp="20230214 23:43:06.860" level="INFO">Typing text 'บุญมี' into text field '//*[@id="u_firstname"]'.</msg>
<status status="PASS" starttime="20230214 23:43:06.859" endtime="20230214 23:43:06.913"/>
</kw>
<status status="PASS" starttime="20230214 23:43:04.810" endtime="20230214 23:43:06.913"/>
</kw>
<kw name="Click button Cancle">
<kw name="Click Element" library="SeleniumLibrary">
<arg>//*[@id="closeBtn"]</arg>
<doc>Click the element identified by ``locator``.</doc>
<msg timestamp="20230214 23:43:06.914" level="INFO">Clicking element '//*[@id="closeBtn"]'.</msg>
<status status="PASS" starttime="20230214 23:43:06.913" endtime="20230214 23:43:06.944"/>
</kw>
<status status="PASS" starttime="20230214 23:43:06.913" endtime="20230214 23:43:06.944"/>
</kw>
<kw name="Close Browser Page">
<kw name="Sleep" library="BuiltIn">
<arg>3s</arg>
<doc>Pauses the test executed for the given time.</doc>
<msg timestamp="20230214 23:43:09.958" level="INFO">Slept 3 seconds</msg>
<status status="PASS" starttime="20230214 23:43:06.945" endtime="20230214 23:43:09.958"/>
</kw>
<kw name="Close Browser" library="SeleniumLibrary">
<doc>Closes the current browser.</doc>
<status status="PASS" starttime="20230214 23:43:09.958" endtime="20230214 23:43:12.091"/>
</kw>
<status status="PASS" starttime="20230214 23:43:06.945" endtime="20230214 23:43:12.091"/>
</kw>
<status status="PASS" starttime="20230214 23:42:55.328" endtime="20230214 23:43:12.092"/>
</test>
<status status="PASS" starttime="20230214 23:42:54.910" endtime="20230214 23:43:12.093"/>
</suite>
<statistics>
<total>
<stat pass="1" fail="0" skip="0">All Tests</stat>
</total>
<tag>
</tag>
<suite>
<stat pass="1" fail="0" skip="0" id="s1" name="TestEditEmployee">TestEditEmployee</stat>
</suite>
</statistics>
<errors>
</errors>
</robot>
