<?xml version="1.0" encoding="UTF-8"?>
<robot generator="Robot 5.0.1 (Python 3.10.5 on win32)" generated="20221209 21:24:35.345" rpa="false" schemaversion="3">
<suite id="s1" name="ExportEmployeeInproject" source="C:\Automate Test\Test_PMS\automateTestTeam0\ProjectManager\test_export_employee_in_project\ExportEmployeeInproject.robot">
<test id="s1-t1" name="Edit Name Project Success" line="38">
<kw name="Open file Excel">
<kw name="Open Excel" library="ExcelRobot">
<arg>C:\\Automate Test\\Test_PMS\\automateTestTeam0\\ProjectManager\\test_export_employee_in_project\\test_data.xlsx</arg>
<doc>Opens the Excel file to read from the path provided in the file path parameter.</doc>
<msg timestamp="20221209 21:24:37.146" level="INFO">Opening file at C:\Automate Test\Test_PMS\automateTestTeam0\ProjectManager\test_export_employee_in_project\test_data.xlsx</msg>
<status status="PASS" starttime="20221209 21:24:37.146" endtime="20221209 21:24:37.154"/>
</kw>
<status status="PASS" starttime="20221209 21:24:37.145" endtime="20221209 21:24:37.155"/>
</kw>
<kw name="Read Cell Data" library="ExcelRobot">
<var>${Username}</var>
<arg>Project Manager</arg>
<arg>0</arg>
<arg>1</arg>
<doc>Uses the column and row to return the data from that cell.</doc>
<msg timestamp="20221209 21:24:37.160" level="INFO">${Username} = sunisa.su@gmail.com	</msg>
<status status="PASS" starttime="20221209 21:24:37.158" endtime="20221209 21:24:37.160"/>
</kw>
<kw name="Read Cell Data" library="ExcelRobot">
<var>${Password}</var>
<arg>Project Manager</arg>
<arg>1</arg>
<arg>1</arg>
<doc>Uses the column and row to return the data from that cell.</doc>
<msg timestamp="20221209 21:24:37.165" level="INFO">${Password} = sunisa.s</msg>
<status status="PASS" starttime="20221209 21:24:37.163" endtime="20221209 21:24:37.165"/>
</kw>
<kw name="Open Project Monitoring System">
<kw name="Open Browser" library="SeleniumLibrary">
<arg>${URL}</arg>
<arg>${BROWSER}</arg>
<doc>Opens a new browser instance to the optional ``url``.</doc>
<msg timestamp="20221209 21:24:37.168" level="INFO">Opening browser 'Google Chrome' to base url 'http://dekdee2.informatics.buu.ac.th:9080/team0/'.</msg>
<status status="PASS" starttime="20221209 21:24:37.167" endtime="20221209 21:24:41.211"/>
</kw>
<kw name="Maximize Browser Window" library="SeleniumLibrary">
<doc>Maximizes current browser window.</doc>
<status status="PASS" starttime="20221209 21:24:41.212" endtime="20221209 21:24:41.442"/>
</kw>
<status status="PASS" starttime="20221209 21:24:37.165" endtime="20221209 21:24:41.443"/>
</kw>
<kw name="Click Menu Login">
<kw name="Sleep" library="BuiltIn">
<arg>2s</arg>
<doc>Pauses the test executed for the given time.</doc>
<msg timestamp="20221209 21:24:43.454" level="INFO">Slept 2 seconds</msg>
<status status="PASS" starttime="20221209 21:24:41.445" endtime="20221209 21:24:43.454"/>
</kw>
<kw name="Click Element" library="SeleniumLibrary">
<arg>//*[@id="main-wrapper"]/header/nav/div[2]/ul[2]/li/a</arg>
<doc>Click the element identified by ``locator``.</doc>
<msg timestamp="20221209 21:24:43.455" level="INFO">Clicking element '//*[@id="main-wrapper"]/header/nav/div[2]/ul[2]/li/a'.</msg>
<status status="PASS" starttime="20221209 21:24:43.454" endtime="20221209 21:24:44.180"/>
</kw>
<status status="PASS" starttime="20221209 21:24:41.444" endtime="20221209 21:24:44.180"/>
</kw>
<kw name="Sleep" library="BuiltIn">
<arg>1s</arg>
<doc>Pauses the test executed for the given time.</doc>
<msg timestamp="20221209 21:24:45.195" level="INFO">Slept 1 second</msg>
<status status="PASS" starttime="20221209 21:24:44.181" endtime="20221209 21:24:45.195"/>
</kw>
<kw name="Input Text" library="SeleniumLibrary">
<arg>id:u_email</arg>
<arg>${Username}</arg>
<doc>Types the given ``text`` into the text field identified by ``locator``.</doc>
<msg timestamp="20221209 21:24:45.197" level="INFO">Typing text 'sunisa.su@gmail.com	' into text field 'id:u_email'.</msg>
<status status="PASS" starttime="20221209 21:24:45.196" endtime="20221209 21:24:45.533"/>
</kw>
<kw name="Sleep" library="BuiltIn">
<arg>1s</arg>
<doc>Pauses the test executed for the given time.</doc>
<msg timestamp="20221209 21:24:46.534" level="INFO">Slept 1 second</msg>
<status status="PASS" starttime="20221209 21:24:45.534" endtime="20221209 21:24:46.534"/>
</kw>
<kw name="Input Text" library="SeleniumLibrary">
<arg>id:u_password</arg>
<arg>${Password}</arg>
<doc>Types the given ``text`` into the text field identified by ``locator``.</doc>
<msg timestamp="20221209 21:24:46.539" level="INFO">Typing text 'sunisa.s' into text field 'id:u_password'.</msg>
<status status="PASS" starttime="20221209 21:24:46.536" endtime="20221209 21:24:46.695"/>
</kw>
<kw name="Click to Login">
<kw name="Sleep" library="BuiltIn">
<arg>2s</arg>
<doc>Pauses the test executed for the given time.</doc>
<msg timestamp="20221209 21:24:48.705" level="INFO">Slept 2 seconds</msg>
<status status="PASS" starttime="20221209 21:24:46.698" endtime="20221209 21:24:48.705"/>
</kw>
<kw name="Click Element" library="SeleniumLibrary">
<arg>//*[@id="loginBtn"]</arg>
<doc>Click the element identified by ``locator``.</doc>
<msg timestamp="20221209 21:24:48.706" level="INFO">Clicking element '//*[@id="loginBtn"]'.</msg>
<status status="PASS" starttime="20221209 21:24:48.705" endtime="20221209 21:24:48.812"/>
</kw>
<status status="PASS" starttime="20221209 21:24:46.698" endtime="20221209 21:24:48.813"/>
</kw>
<kw name="Click Sidebar Icon">
<kw name="Sleep" library="BuiltIn">
<arg>2s</arg>
<doc>Pauses the test executed for the given time.</doc>
<msg timestamp="20221209 21:24:50.819" level="INFO">Slept 2 seconds</msg>
<status status="PASS" starttime="20221209 21:24:48.814" endtime="20221209 21:24:50.819"/>
</kw>
<kw name="Click Element" library="SeleniumLibrary">
<arg>//*[@id="sidebarnav"]/li[2]/a</arg>
<doc>Click the element identified by ``locator``.</doc>
<msg timestamp="20221209 21:24:50.820" level="INFO">Clicking element '//*[@id="sidebarnav"]/li[2]/a'.</msg>
<status status="PASS" starttime="20221209 21:24:50.819" endtime="20221209 21:24:51.565"/>
</kw>
<status status="PASS" starttime="20221209 21:24:48.814" endtime="20221209 21:24:51.565"/>
</kw>
<kw name="Click Manage Project">
<kw name="Sleep" library="BuiltIn">
<arg>2s</arg>
<doc>Pauses the test executed for the given time.</doc>
<msg timestamp="20221209 21:24:53.587" level="INFO">Slept 2 seconds</msg>
<status status="PASS" starttime="20221209 21:24:51.567" endtime="20221209 21:24:53.587"/>
</kw>
<kw name="Click Element" library="SeleniumLibrary">
<arg>//*[@class="btn btn-tertiary btn-sm"]</arg>
<doc>Click the element identified by ``locator``.</doc>
<msg timestamp="20221209 21:24:53.587" level="INFO">Clicking element '//*[@class="btn btn-tertiary btn-sm"]'.</msg>
<status status="PASS" starttime="20221209 21:24:53.587" endtime="20221209 21:24:57.897"/>
</kw>
<status status="PASS" starttime="20221209 21:24:51.566" endtime="20221209 21:24:57.897"/>
</kw>
<kw name="Click Export Excel">
<kw name="Sleep" library="BuiltIn">
<arg>2s</arg>
<doc>Pauses the test executed for the given time.</doc>
<msg timestamp="20221209 21:24:59.908" level="INFO">Slept 2 seconds</msg>
<status status="PASS" starttime="20221209 21:24:57.898" endtime="20221209 21:24:59.908"/>
</kw>
<kw name="Click Element" library="SeleniumLibrary">
<arg>//*[@id="tablePermission_wrapper"]/div[1]/button[1]</arg>
<doc>Click the element identified by ``locator``.</doc>
<msg timestamp="20221209 21:24:59.909" level="INFO">Clicking element '//*[@id="tablePermission_wrapper"]/div[1]/button[1]'.</msg>
<status status="PASS" starttime="20221209 21:24:59.908" endtime="20221209 21:25:00.034"/>
</kw>
<status status="PASS" starttime="20221209 21:24:57.898" endtime="20221209 21:25:00.035"/>
</kw>
<kw name="Click Export PDF">
<kw name="Sleep" library="BuiltIn">
<arg>2s</arg>
<doc>Pauses the test executed for the given time.</doc>
<msg timestamp="20221209 21:25:02.038" level="INFO">Slept 2 seconds</msg>
<status status="PASS" starttime="20221209 21:25:00.037" endtime="20221209 21:25:02.038"/>
</kw>
<kw name="Click Element" library="SeleniumLibrary">
<arg>//*[@id="tablePermission_wrapper"]/div[1]/button[2]</arg>
<doc>Click the element identified by ``locator``.</doc>
<msg timestamp="20221209 21:25:02.040" level="INFO">Clicking element '//*[@id="tablePermission_wrapper"]/div[1]/button[2]'.</msg>
<status status="PASS" starttime="20221209 21:25:02.039" endtime="20221209 21:25:02.382"/>
</kw>
<status status="PASS" starttime="20221209 21:25:00.035" endtime="20221209 21:25:02.382"/>
</kw>
<kw name="Close Browser Page">
<kw name="Sleep" library="BuiltIn">
<arg>3s</arg>
<doc>Pauses the test executed for the given time.</doc>
<msg timestamp="20221209 21:25:05.385" level="INFO">Slept 3 seconds</msg>
<status status="PASS" starttime="20221209 21:25:02.384" endtime="20221209 21:25:05.385"/>
</kw>
<kw name="Close Browser" library="SeleniumLibrary">
<doc>Closes the current browser.</doc>
<status status="PASS" starttime="20221209 21:25:05.385" endtime="20221209 21:25:07.738"/>
</kw>
<status status="PASS" starttime="20221209 21:25:02.383" endtime="20221209 21:25:07.739"/>
</kw>
<status status="PASS" starttime="20221209 21:24:37.143" endtime="20221209 21:25:07.741"/>
</test>
<status status="PASS" starttime="20221209 21:24:35.349" endtime="20221209 21:25:07.743"/>
</suite>
<statistics>
<total>
<stat pass="1" fail="0" skip="0">All Tests</stat>
</total>
<tag>
</tag>
<suite>
<stat pass="1" fail="0" skip="0" id="s1" name="ExportEmployeeInproject">ExportEmployeeInproject</stat>
</suite>
</statistics>
<errors>
</errors>
</robot>
