<?xml version="1.0" encoding="UTF-8"?>
<robot generator="Robot 5.0.1 (Python 3.10.5 on win32)" generated="20230222 00:27:54.243" rpa="false" schemaversion="3">
<suite id="s1" name="TestDeleteProjectManager" source="C:\xampp\htdocs\automateTestTeam0\employee2\test_delete_project\TestDeleteProjectManager.robot">
<test id="s1-t1" name="Delete are Project Success" line="46">
<kw name="Open file Excel">
<kw name="Open Excel" library="ExcelRobot">
<arg>C:\\xampp\\htdocs\\automateTestTeam0\\employee2\\test_delete_project\\test_data.xlsx</arg>
<doc>Opens the Excel file to read from the path provided in the file path parameter.</doc>
<msg timestamp="20230222 00:27:54.658" level="INFO">Opening file at C:\xampp\htdocs\automateTestTeam0\employee2\test_delete_project\test_data.xlsx</msg>
<status status="PASS" starttime="20230222 00:27:54.658" endtime="20230222 00:27:54.660"/>
</kw>
<status status="PASS" starttime="20230222 00:27:54.657" endtime="20230222 00:27:54.660"/>
</kw>
<kw name="Read Cell Data" library="ExcelRobot">
<var>${Username}</var>
<arg>Project Manager</arg>
<arg>0</arg>
<arg>1</arg>
<doc>Uses the column and row to return the data from that cell.</doc>
<msg timestamp="20230222 00:27:54.661" level="INFO">${Username} = sunisa.su@gmail.com	</msg>
<status status="PASS" starttime="20230222 00:27:54.661" endtime="20230222 00:27:54.661"/>
</kw>
<kw name="Read Cell Data" library="ExcelRobot">
<var>${Password}</var>
<arg>Project Manager</arg>
<arg>1</arg>
<arg>1</arg>
<doc>Uses the column and row to return the data from that cell.</doc>
<msg timestamp="20230222 00:27:54.661" level="INFO">${Password} = sunisa.s</msg>
<status status="PASS" starttime="20230222 00:27:54.661" endtime="20230222 00:27:54.661"/>
</kw>
<kw name="Open Project Monitoring System">
<kw name="Open Browser" library="SeleniumLibrary">
<arg>${URL}</arg>
<arg>${BROWSER}</arg>
<doc>Opens a new browser instance to the optional ``url``.</doc>
<msg timestamp="20230222 00:27:54.662" level="INFO">Opening browser 'Google Chrome' to base url 'http://dekdee2.informatics.buu.ac.th:9080/team0/'.</msg>
<status status="PASS" starttime="20230222 00:27:54.662" endtime="20230222 00:27:56.896"/>
</kw>
<kw name="Maximize Browser Window" library="SeleniumLibrary">
<doc>Maximizes current browser window.</doc>
<status status="PASS" starttime="20230222 00:27:56.896" endtime="20230222 00:27:57.081"/>
</kw>
<status status="PASS" starttime="20230222 00:27:54.661" endtime="20230222 00:27:57.082"/>
</kw>
<kw name="Click Menu Login">
<kw name="Sleep" library="BuiltIn">
<arg>2s</arg>
<doc>Pauses the test executed for the given time.</doc>
<msg timestamp="20230222 00:27:59.087" level="INFO">Slept 2 seconds</msg>
<status status="PASS" starttime="20230222 00:27:57.084" endtime="20230222 00:27:59.087"/>
</kw>
<kw name="Click Element" library="SeleniumLibrary">
<arg>//*[@class="nav-link waves-effect waves-dark profile-pic fs-5"]</arg>
<doc>Click the element identified by ``locator``.</doc>
<msg timestamp="20230222 00:27:59.088" level="INFO">Clicking element '//*[@class="nav-link waves-effect waves-dark profile-pic fs-5"]'.</msg>
<status status="PASS" starttime="20230222 00:27:59.088" endtime="20230222 00:27:59.121"/>
</kw>
<status status="PASS" starttime="20230222 00:27:57.083" endtime="20230222 00:27:59.121"/>
</kw>
<kw name="Sleep" library="BuiltIn">
<arg>1s</arg>
<doc>Pauses the test executed for the given time.</doc>
<msg timestamp="20230222 00:28:00.135" level="INFO">Slept 1 second</msg>
<status status="PASS" starttime="20230222 00:27:59.121" endtime="20230222 00:28:00.135"/>
</kw>
<kw name="Input Text" library="SeleniumLibrary">
<arg>id:u_email</arg>
<arg>${Username}</arg>
<doc>Types the given ``text`` into the text field identified by ``locator``.</doc>
<msg timestamp="20230222 00:28:00.135" level="INFO">Typing text 'sunisa.su@gmail.com	' into text field 'id:u_email'.</msg>
<status status="PASS" starttime="20230222 00:28:00.135" endtime="20230222 00:28:00.207"/>
</kw>
<kw name="Input Text" library="SeleniumLibrary">
<arg>id:u_password</arg>
<arg>${Password}</arg>
<doc>Types the given ``text`` into the text field identified by ``locator``.</doc>
<msg timestamp="20230222 00:28:00.207" level="INFO">Typing text 'sunisa.s' into text field 'id:u_password'.</msg>
<status status="PASS" starttime="20230222 00:28:00.207" endtime="20230222 00:28:00.257"/>
</kw>
<kw name="Click to Login">
<kw name="Sleep" library="BuiltIn">
<arg>2s</arg>
<doc>Pauses the test executed for the given time.</doc>
<msg timestamp="20230222 00:28:02.273" level="INFO">Slept 2 seconds</msg>
<status status="PASS" starttime="20230222 00:28:00.258" endtime="20230222 00:28:02.273"/>
</kw>
<kw name="Click Element" library="SeleniumLibrary">
<arg>//*[@id="loginBtn"]</arg>
<doc>Click the element identified by ``locator``.</doc>
<msg timestamp="20230222 00:28:02.273" level="INFO">Clicking element '//*[@id="loginBtn"]'.</msg>
<status status="PASS" starttime="20230222 00:28:02.273" endtime="20230222 00:28:02.305"/>
</kw>
<status status="PASS" starttime="20230222 00:28:00.258" endtime="20230222 00:28:02.305"/>
</kw>
<kw name="Click Sidebar Resiponse Project">
<kw name="Sleep" library="BuiltIn">
<arg>2s</arg>
<doc>Pauses the test executed for the given time.</doc>
<msg timestamp="20230222 00:28:04.317" level="INFO">Slept 2 seconds</msg>
<status status="PASS" starttime="20230222 00:28:02.305" endtime="20230222 00:28:04.317"/>
</kw>
<kw name="Click Element" library="SeleniumLibrary">
<arg>//*[@id="sidebarnav"]/li[2]/a/i</arg>
<doc>Click the element identified by ``locator``.</doc>
<msg timestamp="20230222 00:28:04.317" level="INFO">Clicking element '//*[@id="sidebarnav"]/li[2]/a/i'.</msg>
<status status="PASS" starttime="20230222 00:28:04.317" endtime="20230222 00:28:04.350"/>
</kw>
<kw name="Click Element" library="SeleniumLibrary">
<arg>//*[@id="sidebarnav"]/li[2]/ul/li[2]</arg>
<doc>Click the element identified by ``locator``.</doc>
<msg timestamp="20230222 00:28:04.351" level="INFO">Clicking element '//*[@id="sidebarnav"]/li[2]/ul/li[2]'.</msg>
<status status="PASS" starttime="20230222 00:28:04.351" endtime="20230222 00:28:04.741"/>
</kw>
<status status="PASS" starttime="20230222 00:28:02.305" endtime="20230222 00:28:04.741"/>
</kw>
<kw name="Delete Project">
<kw name="Sleep" library="BuiltIn">
<arg>2s</arg>
<doc>Pauses the test executed for the given time.</doc>
<msg timestamp="20230222 00:28:06.757" level="INFO">Slept 2 seconds</msg>
<status status="PASS" starttime="20230222 00:28:04.742" endtime="20230222 00:28:06.757"/>
</kw>
<kw name="Click Element" library="SeleniumLibrary">
<arg>//*[@id="del"]</arg>
<doc>Click the element identified by ``locator``.</doc>
<msg timestamp="20230222 00:28:06.757" level="INFO">Clicking element '//*[@id="del"]'.</msg>
<status status="PASS" starttime="20230222 00:28:06.757" endtime="20230222 00:28:06.792"/>
</kw>
<status status="PASS" starttime="20230222 00:28:04.741" endtime="20230222 00:28:06.793"/>
</kw>
<kw name="Accept Delete Project">
<kw name="Sleep" library="BuiltIn">
<arg>2s</arg>
<doc>Pauses the test executed for the given time.</doc>
<msg timestamp="20230222 00:28:08.795" level="INFO">Slept 2 seconds</msg>
<status status="PASS" starttime="20230222 00:28:06.793" endtime="20230222 00:28:08.795"/>
</kw>
<kw name="Click Element" library="SeleniumLibrary">
<arg>xpath=/html/body/div[6]/div/div[3]/button[1]</arg>
<doc>Click the element identified by ``locator``.</doc>
<msg timestamp="20230222 00:28:08.796" level="INFO">Clicking element 'xpath=/html/body/div[6]/div/div[3]/button[1]'.</msg>
<status status="PASS" starttime="20230222 00:28:08.795" endtime="20230222 00:28:08.826"/>
</kw>
<status status="PASS" starttime="20230222 00:28:06.793" endtime="20230222 00:28:08.826"/>
</kw>
<kw name="Sleep" library="BuiltIn">
<arg>1s</arg>
<doc>Pauses the test executed for the given time.</doc>
<msg timestamp="20230222 00:28:09.831" level="INFO">Slept 1 second</msg>
<status status="PASS" starttime="20230222 00:28:08.827" endtime="20230222 00:28:09.831"/>
</kw>
<kw name="Close Browser" library="SeleniumLibrary">
<doc>Closes the current browser.</doc>
<msg timestamp="20230222 00:28:11.867" level="ERROR">When closing browser, received exception: Execution terminated by signal</msg>
<msg timestamp="20230222 00:28:11.870" level="INFO">Cannot capture screenshot because no browser is open.</msg>
<status status="FAIL" starttime="20230222 00:28:09.831" endtime="20230222 00:28:11.871"/>
</kw>
<status status="FAIL" starttime="20230222 00:27:54.657" endtime="20230222 00:28:11.872">Execution terminated by signal</status>
</test>
<test id="s1-t2" name="Delete are Project Failed with Click cancel button" line="62">
<tag>robot:exit</tag>
<status status="FAIL" starttime="20230222 00:28:11.873" endtime="20230222 00:28:11.874">Test execution stopped due to a fatal error.</status>
</test>
<status status="FAIL" starttime="20230222 00:27:54.244" endtime="20230222 00:28:11.875"/>
</suite>
<statistics>
<total>
<stat pass="0" fail="2" skip="0">All Tests</stat>
</total>
<tag>
<stat pass="0" fail="1" skip="0" info="combined" combined="NOT robot:exit">NOT robot:exit</stat>
</tag>
<suite>
<stat pass="0" fail="2" skip="0" id="s1" name="TestDeleteProjectManager">TestDeleteProjectManager</stat>
</suite>
</statistics>
<errors>
<msg timestamp="20230222 00:28:11.867" level="ERROR">When closing browser, received exception: Execution terminated by signal</msg>
</errors>
</robot>
