<?xml version="1.0" encoding="UTF-8"?>
<robot generator="Robot 5.0.1 (Python 3.10.5 on win32)" generated="20230216 23:56:04.140" rpa="false" schemaversion="3">
<suite id="s1" name="TestDeleteProjectManager" source="C:\xampp\htdocs\automateTestTeam0\employee2\test_delete_project\TestDeleteProjectManager.robot">
<test id="s1-t1" name="Delete are Project Failed with Click cancel button" line="62">
<kw name="Open file Excel">
<kw name="Open Excel" library="ExcelRobot">
<arg>C:\\xampp\\htdocs\\automateTestTeam0\\employee2\\test_delete_project\\test_data.xlsx</arg>
<doc>Opens the Excel file to read from the path provided in the file path parameter.</doc>
<msg timestamp="20230216 23:56:04.571" level="INFO">Opening file at C:\xampp\htdocs\automateTestTeam0\employee2\test_delete_project\test_data.xlsx</msg>
<status status="PASS" starttime="20230216 23:56:04.571" endtime="20230216 23:56:04.575"/>
</kw>
<status status="PASS" starttime="20230216 23:56:04.571" endtime="20230216 23:56:04.575"/>
</kw>
<kw name="Read Cell Data" library="ExcelRobot">
<var>${Username}</var>
<arg>Project Manager</arg>
<arg>0</arg>
<arg>1</arg>
<doc>Uses the column and row to return the data from that cell.</doc>
<msg timestamp="20230216 23:56:04.576" level="INFO">${Username} = sunisa.su@gmail.com	</msg>
<status status="PASS" starttime="20230216 23:56:04.575" endtime="20230216 23:56:04.576"/>
</kw>
<kw name="Read Cell Data" library="ExcelRobot">
<var>${Password}</var>
<arg>Project Manager</arg>
<arg>1</arg>
<arg>1</arg>
<doc>Uses the column and row to return the data from that cell.</doc>
<msg timestamp="20230216 23:56:04.576" level="INFO">${Password} = sunisa.s</msg>
<status status="PASS" starttime="20230216 23:56:04.576" endtime="20230216 23:56:04.576"/>
</kw>
<kw name="Open file Excel">
<kw name="Open Excel" library="ExcelRobot">
<arg>C:\\xampp\\htdocs\\automateTestTeam0\\employee2\\test_delete_project\\test_data.xlsx</arg>
<doc>Opens the Excel file to read from the path provided in the file path parameter.</doc>
<msg timestamp="20230216 23:56:04.577" level="INFO">Opening file at C:\xampp\htdocs\automateTestTeam0\employee2\test_delete_project\test_data.xlsx</msg>
<status status="PASS" starttime="20230216 23:56:04.577" endtime="20230216 23:56:04.579"/>
</kw>
<status status="PASS" starttime="20230216 23:56:04.576" endtime="20230216 23:56:04.579"/>
</kw>
<kw name="Read Cell Data" library="ExcelRobot">
<var>${Username}</var>
<arg>Project Manager</arg>
<arg>0</arg>
<arg>1</arg>
<doc>Uses the column and row to return the data from that cell.</doc>
<msg timestamp="20230216 23:56:04.580" level="INFO">${Username} = sunisa.su@gmail.com	</msg>
<status status="PASS" starttime="20230216 23:56:04.580" endtime="20230216 23:56:04.580"/>
</kw>
<kw name="Read Cell Data" library="ExcelRobot">
<var>${Password}</var>
<arg>Project Manager</arg>
<arg>1</arg>
<arg>1</arg>
<doc>Uses the column and row to return the data from that cell.</doc>
<msg timestamp="20230216 23:56:04.581" level="INFO">${Password} = sunisa.s</msg>
<status status="PASS" starttime="20230216 23:56:04.580" endtime="20230216 23:56:04.581"/>
</kw>
<kw name="Open Project Monitoring System">
<kw name="Open Browser" library="SeleniumLibrary">
<arg>${URL}</arg>
<arg>${BROWSER}</arg>
<doc>Opens a new browser instance to the optional ``url``.</doc>
<msg timestamp="20230216 23:56:04.581" level="INFO">Opening browser 'Google Chrome' to base url 'http://dekdee2.informatics.buu.ac.th:9080/team0/'.</msg>
<status status="PASS" starttime="20230216 23:56:04.581" endtime="20230216 23:56:06.589"/>
</kw>
<kw name="Maximize Browser Window" library="SeleniumLibrary">
<doc>Maximizes current browser window.</doc>
<status status="PASS" starttime="20230216 23:56:06.589" endtime="20230216 23:56:06.762"/>
</kw>
<status status="PASS" starttime="20230216 23:56:04.581" endtime="20230216 23:56:06.763"/>
</kw>
<kw name="Click Menu Login">
<kw name="Sleep" library="BuiltIn">
<arg>2s</arg>
<doc>Pauses the test executed for the given time.</doc>
<msg timestamp="20230216 23:56:08.778" level="INFO">Slept 2 seconds</msg>
<status status="PASS" starttime="20230216 23:56:06.765" endtime="20230216 23:56:08.778"/>
</kw>
<kw name="Click Element" library="SeleniumLibrary">
<arg>//*[@class="nav-link waves-effect waves-dark profile-pic fs-5"]</arg>
<doc>Click the element identified by ``locator``.</doc>
<msg timestamp="20230216 23:56:08.778" level="INFO">Clicking element '//*[@class="nav-link waves-effect waves-dark profile-pic fs-5"]'.</msg>
<status status="PASS" starttime="20230216 23:56:08.778" endtime="20230216 23:56:08.811"/>
</kw>
<status status="PASS" starttime="20230216 23:56:06.764" endtime="20230216 23:56:08.812"/>
</kw>
<kw name="Sleep" library="BuiltIn">
<arg>1s</arg>
<doc>Pauses the test executed for the given time.</doc>
<msg timestamp="20230216 23:56:09.821" level="INFO">Slept 1 second</msg>
<status status="PASS" starttime="20230216 23:56:08.812" endtime="20230216 23:56:09.821"/>
</kw>
<kw name="Input Text" library="SeleniumLibrary">
<arg>id:u_email</arg>
<arg>${Username}</arg>
<doc>Types the given ``text`` into the text field identified by ``locator``.</doc>
<msg timestamp="20230216 23:56:09.821" level="INFO">Typing text 'sunisa.su@gmail.com	' into text field 'id:u_email'.</msg>
<status status="PASS" starttime="20230216 23:56:09.821" endtime="20230216 23:56:09.899"/>
</kw>
<kw name="Input Text" library="SeleniumLibrary">
<arg>id:u_password</arg>
<arg>${Password}</arg>
<doc>Types the given ``text`` into the text field identified by ``locator``.</doc>
<msg timestamp="20230216 23:56:09.899" level="INFO">Typing text 'sunisa.s' into text field 'id:u_password'.</msg>
<status status="PASS" starttime="20230216 23:56:09.899" endtime="20230216 23:56:09.956"/>
</kw>
<kw name="Click to Login">
<kw name="Sleep" library="BuiltIn">
<arg>2s</arg>
<doc>Pauses the test executed for the given time.</doc>
<msg timestamp="20230216 23:56:11.971" level="INFO">Slept 2 seconds</msg>
<status status="PASS" starttime="20230216 23:56:09.957" endtime="20230216 23:56:11.971"/>
</kw>
<kw name="Click Element" library="SeleniumLibrary">
<arg>//*[@id="loginBtn"]</arg>
<doc>Click the element identified by ``locator``.</doc>
<msg timestamp="20230216 23:56:11.971" level="INFO">Clicking element '//*[@id="loginBtn"]'.</msg>
<status status="PASS" starttime="20230216 23:56:11.971" endtime="20230216 23:56:12.008"/>
</kw>
<status status="PASS" starttime="20230216 23:56:09.956" endtime="20230216 23:56:12.008"/>
</kw>
<kw name="Click Sidebar Resiponse Project">
<kw name="Sleep" library="BuiltIn">
<arg>2s</arg>
<doc>Pauses the test executed for the given time.</doc>
<msg timestamp="20230216 23:56:14.019" level="INFO">Slept 2 seconds</msg>
<status status="PASS" starttime="20230216 23:56:12.009" endtime="20230216 23:56:14.019"/>
</kw>
<kw name="Click Element" library="SeleniumLibrary">
<arg>//*[@id="sidebarnav"]/li[2]/a/i</arg>
<doc>Click the element identified by ``locator``.</doc>
<msg timestamp="20230216 23:56:14.019" level="INFO">Clicking element '//*[@id="sidebarnav"]/li[2]/a/i'.</msg>
<status status="PASS" starttime="20230216 23:56:14.019" endtime="20230216 23:56:14.057"/>
</kw>
<kw name="Click Element" library="SeleniumLibrary">
<arg>//*[@id="sidebarnav"]/li[2]/ul/li[1]</arg>
<doc>Click the element identified by ``locator``.</doc>
<msg timestamp="20230216 23:56:14.058" level="INFO">Clicking element '//*[@id="sidebarnav"]/li[2]/ul/li[1]'.</msg>
<status status="PASS" starttime="20230216 23:56:14.057" endtime="20230216 23:56:14.381"/>
</kw>
<status status="PASS" starttime="20230216 23:56:12.009" endtime="20230216 23:56:14.382"/>
</kw>
<kw name="Delete Project">
<kw name="Sleep" library="BuiltIn">
<arg>2s</arg>
<doc>Pauses the test executed for the given time.</doc>
<msg timestamp="20230216 23:56:16.387" level="INFO">Slept 2 seconds</msg>
<status status="PASS" starttime="20230216 23:56:14.385" endtime="20230216 23:56:16.387"/>
</kw>
<kw name="Click Element" library="SeleniumLibrary">
<arg>xpath=/html/body/div[2]/div/div/div[2]/div/div/div/div/div/div/table/tbody/tr[2]/td[6]/button[3]</arg>
<doc>Click the element identified by ``locator``.</doc>
<msg timestamp="20230216 23:56:16.387" level="INFO">Clicking element 'xpath=/html/body/div[2]/div/div/div[2]/div/div/div/div/div/div/table/tbody/tr[2]/td[6]/button[3]'.</msg>
<status status="PASS" starttime="20230216 23:56:16.387" endtime="20230216 23:56:16.429"/>
</kw>
<status status="PASS" starttime="20230216 23:56:14.384" endtime="20230216 23:56:16.430"/>
</kw>
<kw name="UnAccept Delete Project">
<kw name="Sleep" library="BuiltIn">
<arg>2s</arg>
<doc>Pauses the test executed for the given time.</doc>
<msg timestamp="20230216 23:56:18.440" level="INFO">Slept 2 seconds</msg>
<status status="PASS" starttime="20230216 23:56:16.430" endtime="20230216 23:56:18.440"/>
</kw>
<kw name="Click Element" library="SeleniumLibrary">
<arg>xpath=/html/body/div[6]/div/div[3]/button[2]</arg>
<doc>Click the element identified by ``locator``.</doc>
<msg timestamp="20230216 23:56:18.440" level="INFO">Clicking element 'xpath=/html/body/div[6]/div/div[3]/button[2]'.</msg>
<status status="PASS" starttime="20230216 23:56:18.440" endtime="20230216 23:56:18.478"/>
</kw>
<status status="PASS" starttime="20230216 23:56:16.430" endtime="20230216 23:56:18.479"/>
</kw>
<kw name="Sleep" library="BuiltIn">
<arg>1s</arg>
<doc>Pauses the test executed for the given time.</doc>
<msg timestamp="20230216 23:56:19.486" level="INFO">Slept 1 second</msg>
<status status="PASS" starttime="20230216 23:56:18.479" endtime="20230216 23:56:19.486"/>
</kw>
<kw name="Close Browser" library="SeleniumLibrary">
<doc>Closes the current browser.</doc>
<status status="PASS" starttime="20230216 23:56:19.486" endtime="20230216 23:56:21.633"/>
</kw>
<status status="PASS" starttime="20230216 23:56:04.569" endtime="20230216 23:56:21.634"/>
</test>
<status status="PASS" starttime="20230216 23:56:04.141" endtime="20230216 23:56:21.635"/>
</suite>
<statistics>
<total>
<stat pass="1" fail="0" skip="0">All Tests</stat>
</total>
<tag>
</tag>
<suite>
<stat pass="1" fail="0" skip="0" id="s1" name="TestDeleteProjectManager">TestDeleteProjectManager</stat>
</suite>
</statistics>
<errors>
</errors>
</robot>
