<?xml version="1.0" encoding="UTF-8"?>
<robot generator="Robot 5.0.1 (Python 3.10.5 on win32)" generated="20221208 23:35:54.100" rpa="false" schemaversion="3">
<suite id="s1" name="TestDeleteActivityProject" source="C:\xampp\htdocs\automateTestTeam0\Admin\test_delete_project_ activity\TestDeleteActivityProject.robot">
<test id="s1-t1" name="Delete Activity Success" line="103">
<kw name="Open file Excel">
<kw name="Open Excel" library="ExcelRobot">
<arg>C:\\xampp\\htdocs\\automateTestTeam0\\Admin\\test_delete_project_ activity\\test_data.xlsx</arg>
<doc>Opens the Excel file to read from the path provided in the file path parameter.</doc>
<msg timestamp="20221208 23:35:54.688" level="INFO">Opening file at C:\xampp\htdocs\automateTestTeam0\Admin\test_delete_project_ activity\test_data.xlsx</msg>
<status status="PASS" starttime="20221208 23:35:54.687" endtime="20221208 23:35:54.693"/>
</kw>
<status status="PASS" starttime="20221208 23:35:54.687" endtime="20221208 23:35:54.693"/>
</kw>
<kw name="Read Cell Data" library="ExcelRobot">
<var>${Username}</var>
<arg>Admin</arg>
<arg>0</arg>
<arg>1</arg>
<doc>Uses the column and row to return the data from that cell.</doc>
<msg timestamp="20221208 23:35:54.693" level="INFO">${Username} = test@gmail.com</msg>
<status status="PASS" starttime="20221208 23:35:54.693" endtime="20221208 23:35:54.693"/>
</kw>
<kw name="Read Cell Data" library="ExcelRobot">
<var>${Password}</var>
<arg>Admin</arg>
<arg>1</arg>
<arg>1</arg>
<doc>Uses the column and row to return the data from that cell.</doc>
<msg timestamp="20221208 23:35:54.694" level="INFO">${Password} = kajorn.n</msg>
<status status="PASS" starttime="20221208 23:35:54.694" endtime="20221208 23:35:54.694"/>
</kw>
<kw name="Open Project Monitoring System">
<kw name="Open Browser" library="SeleniumLibrary">
<arg>${URL}</arg>
<arg>${BROWSER}</arg>
<doc>Opens a new browser instance to the optional ``url``.</doc>
<msg timestamp="20221208 23:35:54.695" level="INFO">Opening browser 'Google Chrome' to base url 'http://dekdee2.informatics.buu.ac.th:9080/team0/'.</msg>
<status status="PASS" starttime="20221208 23:35:54.694" endtime="20221208 23:35:57.782"/>
</kw>
<kw name="Maximize Browser Window" library="SeleniumLibrary">
<doc>Maximizes current browser window.</doc>
<status status="PASS" starttime="20221208 23:35:57.783" endtime="20221208 23:35:57.953"/>
</kw>
<status status="PASS" starttime="20221208 23:35:54.694" endtime="20221208 23:35:57.954"/>
</kw>
<kw name="Click Menu Login">
<kw name="Sleep" library="BuiltIn">
<arg>2s</arg>
<doc>Pauses the test executed for the given time.</doc>
<msg timestamp="20221208 23:35:59.958" level="INFO">Slept 2 seconds</msg>
<status status="PASS" starttime="20221208 23:35:57.954" endtime="20221208 23:35:59.958"/>
</kw>
<kw name="Click Element" library="SeleniumLibrary">
<arg>//*[@id="main-wrapper"]/header/nav/div[2]/ul[2]/li/a</arg>
<doc>Click the element identified by ``locator``.</doc>
<msg timestamp="20221208 23:35:59.959" level="INFO">Clicking element '//*[@id="main-wrapper"]/header/nav/div[2]/ul[2]/li/a'.</msg>
<status status="PASS" starttime="20221208 23:35:59.958" endtime="20221208 23:36:00.258"/>
</kw>
<status status="PASS" starttime="20221208 23:35:57.954" endtime="20221208 23:36:00.258"/>
</kw>
<kw name="Input Text" library="SeleniumLibrary">
<arg>id:u_email</arg>
<arg>${Username}</arg>
<doc>Types the given ``text`` into the text field identified by ``locator``.</doc>
<msg timestamp="20221208 23:36:00.259" level="INFO">Typing text 'test@gmail.com' into text field 'id:u_email'.</msg>
<status status="PASS" starttime="20221208 23:36:00.259" endtime="20221208 23:36:00.368"/>
</kw>
<kw name="Input Text" library="SeleniumLibrary">
<arg>id:u_password</arg>
<arg>${Password}</arg>
<doc>Types the given ``text`` into the text field identified by ``locator``.</doc>
<msg timestamp="20221208 23:36:00.368" level="INFO">Typing text 'kajorn.n' into text field 'id:u_password'.</msg>
<status status="PASS" starttime="20221208 23:36:00.368" endtime="20221208 23:36:00.456"/>
</kw>
<kw name="Click to Login">
<kw name="Sleep" library="BuiltIn">
<arg>2s</arg>
<doc>Pauses the test executed for the given time.</doc>
<msg timestamp="20221208 23:36:02.464" level="INFO">Slept 2 seconds</msg>
<status status="PASS" starttime="20221208 23:36:00.458" endtime="20221208 23:36:02.464"/>
</kw>
<kw name="Click Element" library="SeleniumLibrary">
<arg>//*[@id="loginBtn"]</arg>
<doc>Click the element identified by ``locator``.</doc>
<msg timestamp="20221208 23:36:02.464" level="INFO">Clicking element '//*[@id="loginBtn"]'.</msg>
<status status="PASS" starttime="20221208 23:36:02.464" endtime="20221208 23:36:03.530"/>
</kw>
<status status="PASS" starttime="20221208 23:36:00.456" endtime="20221208 23:36:03.530"/>
</kw>
<kw name="Click Sidebar Settings">
<kw name="Sleep" library="BuiltIn">
<arg>2s</arg>
<doc>Pauses the test executed for the given time.</doc>
<msg timestamp="20221208 23:36:05.536" level="INFO">Slept 2 seconds</msg>
<status status="PASS" starttime="20221208 23:36:03.531" endtime="20221208 23:36:05.536"/>
</kw>
<kw name="Click Element" library="SeleniumLibrary">
<arg>//*[@id="sidebarnav"]/li[3]/a/i</arg>
<doc>Click the element identified by ``locator``.</doc>
<msg timestamp="20221208 23:36:05.536" level="INFO">Clicking element '//*[@id="sidebarnav"]/li[3]/a/i'.</msg>
<status status="PASS" starttime="20221208 23:36:05.536" endtime="20221208 23:36:05.585"/>
</kw>
<status status="PASS" starttime="20221208 23:36:03.531" endtime="20221208 23:36:05.585"/>
</kw>
<kw name="Click Sidebar Project list">
<kw name="Sleep" library="BuiltIn">
<arg>2s</arg>
<doc>Pauses the test executed for the given time.</doc>
<msg timestamp="20221208 23:36:07.594" level="INFO">Slept 2 seconds</msg>
<status status="PASS" starttime="20221208 23:36:05.586" endtime="20221208 23:36:07.594"/>
</kw>
<kw name="Click Element" library="SeleniumLibrary">
<arg>//*[@id="sidebarnav"]/li[3]/ul/li[2]/a</arg>
<doc>Click the element identified by ``locator``.</doc>
<msg timestamp="20221208 23:36:07.594" level="INFO">Clicking element '//*[@id="sidebarnav"]/li[3]/ul/li[2]/a'.</msg>
<status status="PASS" starttime="20221208 23:36:07.594" endtime="20221208 23:36:07.877"/>
</kw>
<status status="PASS" starttime="20221208 23:36:05.585" endtime="20221208 23:36:07.878"/>
</kw>
<kw name="Click Delete Activity">
<kw name="Sleep" library="BuiltIn">
<arg>2s</arg>
<doc>Pauses the test executed for the given time.</doc>
<msg timestamp="20221208 23:36:09.881" level="INFO">Slept 2 seconds</msg>
<status status="PASS" starttime="20221208 23:36:07.878" endtime="20221208 23:36:09.881"/>
</kw>
<kw name="Click Element" library="SeleniumLibrary">
<arg>xpath=/html/body/div[2]/div/div/div[2]/div/div/div/div/div/div/table/tbody/tr[1]/td[5]/button[2]/i</arg>
<doc>Click the element identified by ``locator``.</doc>
<msg timestamp="20221208 23:36:09.881" level="INFO">Clicking element 'xpath=/html/body/div[2]/div/div/div[2]/div/div/div/div/div/div/table/tbody/tr[1]/td[5]/button[2]/i'.</msg>
<status status="PASS" starttime="20221208 23:36:09.881" endtime="20221208 23:36:09.938"/>
</kw>
<kw name="Click Element" library="SeleniumLibrary">
<arg>xpath=//html/body/div[5]/div/div[3]/button[1]</arg>
<doc>Click the element identified by ``locator``.</doc>
<msg timestamp="20221208 23:36:09.938" level="INFO">Clicking element 'xpath=//html/body/div[5]/div/div[3]/button[1]'.</msg>
<status status="PASS" starttime="20221208 23:36:09.938" endtime="20221208 23:36:09.982"/>
</kw>
<status status="PASS" starttime="20221208 23:36:07.878" endtime="20221208 23:36:09.983"/>
</kw>
<kw name="Close Browser Page">
<kw name="Sleep" library="BuiltIn">
<arg>3s</arg>
<doc>Pauses the test executed for the given time.</doc>
<msg timestamp="20221208 23:36:12.993" level="INFO">Slept 3 seconds</msg>
<status status="PASS" starttime="20221208 23:36:09.983" endtime="20221208 23:36:12.993"/>
</kw>
<kw name="Close Browser" library="SeleniumLibrary">
<doc>Closes the current browser.</doc>
<status status="PASS" starttime="20221208 23:36:12.993" endtime="20221208 23:36:15.168"/>
</kw>
<status status="PASS" starttime="20221208 23:36:09.983" endtime="20221208 23:36:15.168"/>
</kw>
<status status="PASS" starttime="20221208 23:35:54.687" endtime="20221208 23:36:15.168"/>
</test>
<test id="s1-t2" name="Delete Activity fail" line="117">
<kw name="Open file Excel">
<kw name="Open Excel" library="ExcelRobot">
<arg>C:\\xampp\\htdocs\\automateTestTeam0\\Admin\\test_delete_project_ activity\\test_data.xlsx</arg>
<doc>Opens the Excel file to read from the path provided in the file path parameter.</doc>
<msg timestamp="20221208 23:36:15.168" level="INFO">Opening file at C:\xampp\htdocs\automateTestTeam0\Admin\test_delete_project_ activity\test_data.xlsx</msg>
<status status="PASS" starttime="20221208 23:36:15.168" endtime="20221208 23:36:15.168"/>
</kw>
<status status="PASS" starttime="20221208 23:36:15.168" endtime="20221208 23:36:15.168"/>
</kw>
<kw name="Read Cell Data" library="ExcelRobot">
<var>${Username}</var>
<arg>Admin</arg>
<arg>0</arg>
<arg>1</arg>
<doc>Uses the column and row to return the data from that cell.</doc>
<msg timestamp="20221208 23:36:15.168" level="INFO">${Username} = test@gmail.com</msg>
<status status="PASS" starttime="20221208 23:36:15.168" endtime="20221208 23:36:15.168"/>
</kw>
<kw name="Read Cell Data" library="ExcelRobot">
<var>${Password}</var>
<arg>Admin</arg>
<arg>1</arg>
<arg>1</arg>
<doc>Uses the column and row to return the data from that cell.</doc>
<msg timestamp="20221208 23:36:15.168" level="INFO">${Password} = kajorn.n</msg>
<status status="PASS" starttime="20221208 23:36:15.168" endtime="20221208 23:36:15.168"/>
</kw>
<kw name="Open Project Monitoring System">
<kw name="Open Browser" library="SeleniumLibrary">
<arg>${URL}</arg>
<arg>${BROWSER}</arg>
<doc>Opens a new browser instance to the optional ``url``.</doc>
<msg timestamp="20221208 23:36:15.168" level="INFO">Opening browser 'Google Chrome' to base url 'http://dekdee2.informatics.buu.ac.th:9080/team0/'.</msg>
<status status="PASS" starttime="20221208 23:36:15.168" endtime="20221208 23:36:17.171"/>
</kw>
<kw name="Maximize Browser Window" library="SeleniumLibrary">
<doc>Maximizes current browser window.</doc>
<status status="PASS" starttime="20221208 23:36:17.171" endtime="20221208 23:36:17.305"/>
</kw>
<status status="PASS" starttime="20221208 23:36:15.168" endtime="20221208 23:36:17.305"/>
</kw>
<kw name="Click Menu Login">
<kw name="Sleep" library="BuiltIn">
<arg>2s</arg>
<doc>Pauses the test executed for the given time.</doc>
<msg timestamp="20221208 23:36:19.307" level="INFO">Slept 2 seconds</msg>
<status status="PASS" starttime="20221208 23:36:17.306" endtime="20221208 23:36:19.307"/>
</kw>
<kw name="Click Element" library="SeleniumLibrary">
<arg>//*[@id="main-wrapper"]/header/nav/div[2]/ul[2]/li/a</arg>
<doc>Click the element identified by ``locator``.</doc>
<msg timestamp="20221208 23:36:19.307" level="INFO">Clicking element '//*[@id="main-wrapper"]/header/nav/div[2]/ul[2]/li/a'.</msg>
<status status="PASS" starttime="20221208 23:36:19.307" endtime="20221208 23:36:19.598"/>
</kw>
<status status="PASS" starttime="20221208 23:36:17.306" endtime="20221208 23:36:19.599"/>
</kw>
<kw name="Input Text" library="SeleniumLibrary">
<arg>id:u_email</arg>
<arg>${Username}</arg>
<doc>Types the given ``text`` into the text field identified by ``locator``.</doc>
<msg timestamp="20221208 23:36:19.600" level="INFO">Typing text 'test@gmail.com' into text field 'id:u_email'.</msg>
<status status="PASS" starttime="20221208 23:36:19.599" endtime="20221208 23:36:19.696"/>
</kw>
<kw name="Input Text" library="SeleniumLibrary">
<arg>id:u_password</arg>
<arg>${Password}</arg>
<doc>Types the given ``text`` into the text field identified by ``locator``.</doc>
<msg timestamp="20221208 23:36:19.696" level="INFO">Typing text 'kajorn.n' into text field 'id:u_password'.</msg>
<status status="PASS" starttime="20221208 23:36:19.696" endtime="20221208 23:36:19.783"/>
</kw>
<kw name="Click to Login">
<kw name="Sleep" library="BuiltIn">
<arg>2s</arg>
<doc>Pauses the test executed for the given time.</doc>
<msg timestamp="20221208 23:36:21.790" level="INFO">Slept 2 seconds</msg>
<status status="PASS" starttime="20221208 23:36:19.783" endtime="20221208 23:36:21.790"/>
</kw>
<kw name="Click Element" library="SeleniumLibrary">
<arg>//*[@id="loginBtn"]</arg>
<doc>Click the element identified by ``locator``.</doc>
<msg timestamp="20221208 23:36:21.792" level="INFO">Clicking element '//*[@id="loginBtn"]'.</msg>
<status status="PASS" starttime="20221208 23:36:21.790" endtime="20221208 23:36:21.848"/>
</kw>
<status status="PASS" starttime="20221208 23:36:19.783" endtime="20221208 23:36:21.848"/>
</kw>
<kw name="Click Sidebar Settings">
<kw name="Sleep" library="BuiltIn">
<arg>2s</arg>
<doc>Pauses the test executed for the given time.</doc>
<msg timestamp="20221208 23:36:23.851" level="INFO">Slept 2 seconds</msg>
<status status="PASS" starttime="20221208 23:36:21.848" endtime="20221208 23:36:23.851"/>
</kw>
<kw name="Click Element" library="SeleniumLibrary">
<arg>//*[@id="sidebarnav"]/li[3]/a/i</arg>
<doc>Click the element identified by ``locator``.</doc>
<msg timestamp="20221208 23:36:23.852" level="INFO">Clicking element '//*[@id="sidebarnav"]/li[3]/a/i'.</msg>
<status status="PASS" starttime="20221208 23:36:23.852" endtime="20221208 23:36:23.898"/>
</kw>
<status status="PASS" starttime="20221208 23:36:21.848" endtime="20221208 23:36:23.898"/>
</kw>
<kw name="Click Sidebar Project list">
<kw name="Sleep" library="BuiltIn">
<arg>2s</arg>
<doc>Pauses the test executed for the given time.</doc>
<msg timestamp="20221208 23:36:25.905" level="INFO">Slept 2 seconds</msg>
<status status="PASS" starttime="20221208 23:36:23.899" endtime="20221208 23:36:25.905"/>
</kw>
<kw name="Click Element" library="SeleniumLibrary">
<arg>//*[@id="sidebarnav"]/li[3]/ul/li[2]/a</arg>
<doc>Click the element identified by ``locator``.</doc>
<msg timestamp="20221208 23:36:25.906" level="INFO">Clicking element '//*[@id="sidebarnav"]/li[3]/ul/li[2]/a'.</msg>
<status status="PASS" starttime="20221208 23:36:25.905" endtime="20221208 23:36:26.188"/>
</kw>
<status status="PASS" starttime="20221208 23:36:23.898" endtime="20221208 23:36:26.188"/>
</kw>
<kw name="Click Delete Activity fail">
<kw name="Sleep" library="BuiltIn">
<arg>2s</arg>
<doc>Pauses the test executed for the given time.</doc>
<msg timestamp="20221208 23:36:28.203" level="INFO">Slept 2 seconds</msg>
<status status="PASS" starttime="20221208 23:36:26.189" endtime="20221208 23:36:28.203"/>
</kw>
<kw name="Click Element" library="SeleniumLibrary">
<arg>xpath=/html/body/div[2]/div/div/div[2]/div/div/div/div/div/div/table/tbody/tr[1]/td[5]/button[2]/i</arg>
<doc>Click the element identified by ``locator``.</doc>
<msg timestamp="20221208 23:36:28.203" level="INFO">Clicking element 'xpath=/html/body/div[2]/div/div/div[2]/div/div/div/div/div/div/table/tbody/tr[1]/td[5]/button[2]/i'.</msg>
<status status="PASS" starttime="20221208 23:36:28.203" endtime="20221208 23:36:28.265"/>
</kw>
<kw name="Click Element" library="SeleniumLibrary">
<arg>xpath=/html/body/div[5]/div/div[3]/button[2]</arg>
<doc>Click the element identified by ``locator``.</doc>
<msg timestamp="20221208 23:36:28.265" level="INFO">Clicking element 'xpath=/html/body/div[5]/div/div[3]/button[2]'.</msg>
<status status="PASS" starttime="20221208 23:36:28.265" endtime="20221208 23:36:28.306"/>
</kw>
<status status="PASS" starttime="20221208 23:36:26.189" endtime="20221208 23:36:28.306"/>
</kw>
<kw name="Close Browser Page">
<kw name="Sleep" library="BuiltIn">
<arg>3s</arg>
<doc>Pauses the test executed for the given time.</doc>
<msg timestamp="20221208 23:36:31.317" level="INFO">Slept 3 seconds</msg>
<status status="PASS" starttime="20221208 23:36:28.307" endtime="20221208 23:36:31.317"/>
</kw>
<kw name="Close Browser" library="SeleniumLibrary">
<doc>Closes the current browser.</doc>
<status status="PASS" starttime="20221208 23:36:31.317" endtime="20221208 23:36:33.453"/>
</kw>
<status status="PASS" starttime="20221208 23:36:28.307" endtime="20221208 23:36:33.453"/>
</kw>
<status status="PASS" starttime="20221208 23:36:15.168" endtime="20221208 23:36:33.453"/>
</test>
<status status="PASS" starttime="20221208 23:35:54.100" endtime="20221208 23:36:33.453"/>
</suite>
<statistics>
<total>
<stat pass="2" fail="0" skip="0">All Tests</stat>
</total>
<tag>
</tag>
<suite>
<stat pass="2" fail="0" skip="0" id="s1" name="TestDeleteActivityProject">TestDeleteActivityProject</stat>
</suite>
</statistics>
<errors>
</errors>
</robot>
