<?xml version="1.0" encoding="UTF-8"?>
<robot generator="Robot 5.0.1 (Python 3.10.5 on win32)" generated="20230228 23:01:33.830" rpa="false" schemaversion="3">
<suite id="s1" name="Searchemployeeinreport" source="C:\xampp\htdocs\automateTestTeam0\Admin\test_report_search_employee\Searchemployeeinreport.robot">
<test id="s1-t1" name="Report Project Success" line="33">
<kw name="Open file Excel">
<kw name="Open Excel" library="ExcelRobot">
<arg>C:\\xampp\\htdocs\\automateTestTeam0\\Admin\\test_report_search_employee\\test_data.xlsx</arg>
<doc>Opens the Excel file to read from the path provided in the file path parameter.</doc>
<msg timestamp="20230228 23:01:34.328" level="INFO">Opening file at C:\xampp\htdocs\automateTestTeam0\Admin\test_report_search_employee\test_data.xlsx</msg>
<status status="PASS" starttime="20230228 23:01:34.328" endtime="20230228 23:01:34.332"/>
</kw>
<status status="PASS" starttime="20230228 23:01:34.327" endtime="20230228 23:01:34.332"/>
</kw>
<kw name="Read Cell Data" library="ExcelRobot">
<var>${Username}</var>
<arg>Admin</arg>
<arg>0</arg>
<arg>1</arg>
<doc>Uses the column and row to return the data from that cell.</doc>
<msg timestamp="20230228 23:01:34.333" level="INFO">${Username} = test@gmail.com</msg>
<status status="PASS" starttime="20230228 23:01:34.332" endtime="20230228 23:01:34.333"/>
</kw>
<kw name="Read Cell Data" library="ExcelRobot">
<var>${Password}</var>
<arg>Admin</arg>
<arg>1</arg>
<arg>1</arg>
<doc>Uses the column and row to return the data from that cell.</doc>
<msg timestamp="20230228 23:01:34.333" level="INFO">${Password} = kajorn.n</msg>
<status status="PASS" starttime="20230228 23:01:34.333" endtime="20230228 23:01:34.333"/>
</kw>
<kw name="Open Project Monitoring System">
<kw name="Open Browser" library="SeleniumLibrary">
<arg>${URL}</arg>
<arg>${BROWSER}</arg>
<doc>Opens a new browser instance to the optional ``url``.</doc>
<msg timestamp="20230228 23:01:34.334" level="INFO">Opening browser 'Google Chrome' to base url 'http://dekdee2.informatics.buu.ac.th:9080/team0/'.</msg>
<status status="PASS" starttime="20230228 23:01:34.334" endtime="20230228 23:01:36.376"/>
</kw>
<kw name="Maximize Browser Window" library="SeleniumLibrary">
<doc>Maximizes current browser window.</doc>
<status status="PASS" starttime="20230228 23:01:36.376" endtime="20230228 23:01:36.599"/>
</kw>
<status status="PASS" starttime="20230228 23:01:34.334" endtime="20230228 23:01:36.600"/>
</kw>
<kw name="Click Menu Login">
<kw name="Sleep" library="BuiltIn">
<arg>2s</arg>
<doc>Pauses the test executed for the given time.</doc>
<msg timestamp="20230228 23:01:38.612" level="INFO">Slept 2 seconds</msg>
<status status="PASS" starttime="20230228 23:01:36.602" endtime="20230228 23:01:38.612"/>
</kw>
<kw name="Click Element" library="SeleniumLibrary">
<arg>//*[@class="nav-link waves-effect waves-dark profile-pic fs-5"]</arg>
<doc>Click the element identified by ``locator``.</doc>
<msg timestamp="20230228 23:01:38.613" level="INFO">Clicking element '//*[@class="nav-link waves-effect waves-dark profile-pic fs-5"]'.</msg>
<status status="PASS" starttime="20230228 23:01:38.613" endtime="20230228 23:01:38.647"/>
</kw>
<status status="PASS" starttime="20230228 23:01:36.600" endtime="20230228 23:01:38.647"/>
</kw>
<kw name="Sleep" library="BuiltIn">
<arg>2s</arg>
<doc>Pauses the test executed for the given time.</doc>
<msg timestamp="20230228 23:01:40.650" level="INFO">Slept 2 seconds</msg>
<status status="PASS" starttime="20230228 23:01:38.648" endtime="20230228 23:01:40.650"/>
</kw>
<kw name="Input Text" library="SeleniumLibrary">
<arg>id:u_email</arg>
<arg>${Username}</arg>
<doc>Types the given ``text`` into the text field identified by ``locator``.</doc>
<msg timestamp="20230228 23:01:40.651" level="INFO">Typing text 'test@gmail.com' into text field 'id:u_email'.</msg>
<status status="PASS" starttime="20230228 23:01:40.650" endtime="20230228 23:01:40.741"/>
</kw>
<kw name="Sleep" library="BuiltIn">
<arg>2s</arg>
<doc>Pauses the test executed for the given time.</doc>
<msg timestamp="20230228 23:01:42.754" level="INFO">Slept 2 seconds</msg>
<status status="PASS" starttime="20230228 23:01:40.741" endtime="20230228 23:01:42.754"/>
</kw>
<kw name="Input Text" library="SeleniumLibrary">
<arg>id:u_password</arg>
<arg>${Password}</arg>
<doc>Types the given ``text`` into the text field identified by ``locator``.</doc>
<msg timestamp="20230228 23:01:42.755" level="INFO">Typing text 'kajorn.n' into text field 'id:u_password'.</msg>
<status status="PASS" starttime="20230228 23:01:42.754" endtime="20230228 23:01:42.824"/>
</kw>
<kw name="Click to Login">
<kw name="Sleep" library="BuiltIn">
<arg>2s</arg>
<doc>Pauses the test executed for the given time.</doc>
<msg timestamp="20230228 23:01:44.826" level="INFO">Slept 2 seconds</msg>
<status status="PASS" starttime="20230228 23:01:42.825" endtime="20230228 23:01:44.826"/>
</kw>
<kw name="Click Element" library="SeleniumLibrary">
<arg>//*[@id="loginBtn"]</arg>
<doc>Click the element identified by ``locator``.</doc>
<msg timestamp="20230228 23:01:44.826" level="INFO">Clicking element '//*[@id="loginBtn"]'.</msg>
<status status="PASS" starttime="20230228 23:01:44.826" endtime="20230228 23:01:44.860"/>
</kw>
<status status="PASS" starttime="20230228 23:01:42.825" endtime="20230228 23:01:44.860"/>
</kw>
<kw name="Click Sidebar Resiponse Project">
<kw name="Sleep" library="BuiltIn">
<arg>2s</arg>
<doc>Pauses the test executed for the given time.</doc>
<msg timestamp="20230228 23:01:46.874" level="INFO">Slept 2 seconds</msg>
<status status="PASS" starttime="20230228 23:01:44.860" endtime="20230228 23:01:46.874"/>
</kw>
<kw name="Click Element" library="SeleniumLibrary">
<arg>//*[@id="sidebarnav"]/li[3]/a/i</arg>
<doc>Click the element identified by ``locator``.</doc>
<msg timestamp="20230228 23:01:46.874" level="INFO">Clicking element '//*[@id="sidebarnav"]/li[3]/a/i'.</msg>
<status status="PASS" starttime="20230228 23:01:46.874" endtime="20230228 23:01:46.908"/>
</kw>
<kw name="Click Element" library="SeleniumLibrary">
<arg>//*[@id="sidebarnav"]/li[3]/ul/li[2]/a</arg>
<doc>Click the element identified by ``locator``.</doc>
<msg timestamp="20230228 23:01:46.909" level="INFO">Clicking element '//*[@id="sidebarnav"]/li[3]/ul/li[2]/a'.</msg>
<status status="PASS" starttime="20230228 23:01:46.908" endtime="20230228 23:01:47.276"/>
</kw>
<status status="PASS" starttime="20230228 23:01:44.860" endtime="20230228 23:01:47.276"/>
</kw>
<kw name="Serch Employee">
<kw name="Sleep" library="BuiltIn">
<arg>2s</arg>
<doc>Pauses the test executed for the given time.</doc>
<msg timestamp="20230228 23:01:49.280" level="INFO">Slept 2 seconds</msg>
<status status="PASS" starttime="20230228 23:01:47.277" endtime="20230228 23:01:49.280"/>
</kw>
<kw name="Input Text" library="SeleniumLibrary">
<arg>//*[@id="DataTables_Table_0_filter"]/label/input</arg>
<arg>บุญมี เรืองศรี</arg>
<doc>Types the given ``text`` into the text field identified by ``locator``.</doc>
<msg timestamp="20230228 23:01:49.280" level="INFO">Typing text 'บุญมี เรืองศรี' into text field '//*[@id="DataTables_Table_0_filter"]/label/input'.</msg>
<status status="PASS" starttime="20230228 23:01:49.280" endtime="20230228 23:01:49.377"/>
</kw>
<status status="PASS" starttime="20230228 23:01:47.277" endtime="20230228 23:01:49.377"/>
</kw>
<kw name="Close Browser Page">
<kw name="Sleep" library="BuiltIn">
<arg>3s</arg>
<doc>Pauses the test executed for the given time.</doc>
<msg timestamp="20230228 23:01:52.394" level="INFO">Slept 3 seconds</msg>
<status status="PASS" starttime="20230228 23:01:49.378" endtime="20230228 23:01:52.394"/>
</kw>
<kw name="Close Browser" library="SeleniumLibrary">
<doc>Closes the current browser.</doc>
<status status="PASS" starttime="20230228 23:01:52.394" endtime="20230228 23:01:54.621"/>
</kw>
<status status="PASS" starttime="20230228 23:01:49.378" endtime="20230228 23:01:54.621"/>
</kw>
<status status="PASS" starttime="20230228 23:01:34.327" endtime="20230228 23:01:54.622"/>
</test>
<status status="PASS" starttime="20230228 23:01:33.834" endtime="20230228 23:01:54.625"/>
</suite>
<statistics>
<total>
<stat pass="1" fail="0" skip="0">All Tests</stat>
</total>
<tag>
</tag>
<suite>
<stat pass="1" fail="0" skip="0" id="s1" name="Searchemployeeinreport">Searchemployeeinreport</stat>
</suite>
</statistics>
<errors>
</errors>
</robot>
