<?xml version="1.0" encoding="UTF-8"?>
<robot generator="Robot 5.0.1 (Python 3.10.5 on win32)" generated="20230228 23:21:16.538" rpa="false" schemaversion="3">
<suite id="s1" name="Exportemployeeinreport" source="C:\xampp\htdocs\automateTestTeam0\Admin\test_add_cause_projectfail\Exportemployeeinreport.robot">
<test id="s1-t1" name="Report Project Success" line="33">
<kw name="Open file Excel">
<kw name="Open Excel" library="ExcelRobot">
<arg>C:\\xampp\\htdocs\\automateTestTeam0\\Admin\\test_add_cause_projectfail\\test_data.xlsx</arg>
<doc>Opens the Excel file to read from the path provided in the file path parameter.</doc>
<msg timestamp="20230228 23:21:16.977" level="INFO">Opening file at C:\xampp\htdocs\automateTestTeam0\Admin\test_add_cause_projectfail\test_data.xlsx</msg>
<status status="PASS" starttime="20230228 23:21:16.977" endtime="20230228 23:21:16.980"/>
</kw>
<status status="PASS" starttime="20230228 23:21:16.977" endtime="20230228 23:21:16.980"/>
</kw>
<kw name="Read Cell Data" library="ExcelRobot">
<var>${Username}</var>
<arg>Admin</arg>
<arg>0</arg>
<arg>1</arg>
<doc>Uses the column and row to return the data from that cell.</doc>
<msg timestamp="20230228 23:21:16.981" level="INFO">${Username} = test@gmail.com</msg>
<status status="PASS" starttime="20230228 23:21:16.981" endtime="20230228 23:21:16.981"/>
</kw>
<kw name="Read Cell Data" library="ExcelRobot">
<var>${Password}</var>
<arg>Admin</arg>
<arg>1</arg>
<arg>1</arg>
<doc>Uses the column and row to return the data from that cell.</doc>
<msg timestamp="20230228 23:21:16.982" level="INFO">${Password} = kajorn.n</msg>
<status status="PASS" starttime="20230228 23:21:16.981" endtime="20230228 23:21:16.982"/>
</kw>
<kw name="Open Project Monitoring System">
<kw name="Open Browser" library="SeleniumLibrary">
<arg>${URL}</arg>
<arg>${BROWSER}</arg>
<doc>Opens a new browser instance to the optional ``url``.</doc>
<msg timestamp="20230228 23:21:16.983" level="INFO">Opening browser 'Google Chrome' to base url 'http://dekdee2.informatics.buu.ac.th:9080/team0/'.</msg>
<status status="PASS" starttime="20230228 23:21:16.982" endtime="20230228 23:21:18.950"/>
</kw>
<kw name="Maximize Browser Window" library="SeleniumLibrary">
<doc>Maximizes current browser window.</doc>
<status status="PASS" starttime="20230228 23:21:18.950" endtime="20230228 23:21:19.175"/>
</kw>
<status status="PASS" starttime="20230228 23:21:16.982" endtime="20230228 23:21:19.176"/>
</kw>
<kw name="Click Menu Login">
<kw name="Sleep" library="BuiltIn">
<arg>2s</arg>
<doc>Pauses the test executed for the given time.</doc>
<msg timestamp="20230228 23:21:21.189" level="INFO">Slept 2 seconds</msg>
<status status="PASS" starttime="20230228 23:21:19.178" endtime="20230228 23:21:21.189"/>
</kw>
<kw name="Click Element" library="SeleniumLibrary">
<arg>//*[@class="nav-link waves-effect waves-dark profile-pic fs-5"]</arg>
<doc>Click the element identified by ``locator``.</doc>
<msg timestamp="20230228 23:21:21.190" level="INFO">Clicking element '//*[@class="nav-link waves-effect waves-dark profile-pic fs-5"]'.</msg>
<status status="PASS" starttime="20230228 23:21:21.189" endtime="20230228 23:21:21.223"/>
</kw>
<status status="PASS" starttime="20230228 23:21:19.177" endtime="20230228 23:21:21.223"/>
</kw>
<kw name="Sleep" library="BuiltIn">
<arg>2s</arg>
<doc>Pauses the test executed for the given time.</doc>
<msg timestamp="20230228 23:21:23.233" level="INFO">Slept 2 seconds</msg>
<status status="PASS" starttime="20230228 23:21:21.224" endtime="20230228 23:21:23.233"/>
</kw>
<kw name="Input Text" library="SeleniumLibrary">
<arg>id:u_email</arg>
<arg>${Username}</arg>
<doc>Types the given ``text`` into the text field identified by ``locator``.</doc>
<msg timestamp="20230228 23:21:23.234" level="INFO">Typing text 'test@gmail.com' into text field 'id:u_email'.</msg>
<status status="PASS" starttime="20230228 23:21:23.234" endtime="20230228 23:21:23.314"/>
</kw>
<kw name="Sleep" library="BuiltIn">
<arg>2s</arg>
<doc>Pauses the test executed for the given time.</doc>
<msg timestamp="20230228 23:21:25.319" level="INFO">Slept 2 seconds</msg>
<status status="PASS" starttime="20230228 23:21:23.314" endtime="20230228 23:21:25.319"/>
</kw>
<kw name="Input Text" library="SeleniumLibrary">
<arg>id:u_password</arg>
<arg>${Password}</arg>
<doc>Types the given ``text`` into the text field identified by ``locator``.</doc>
<msg timestamp="20230228 23:21:25.320" level="INFO">Typing text 'kajorn.n' into text field 'id:u_password'.</msg>
<status status="PASS" starttime="20230228 23:21:25.319" endtime="20230228 23:21:25.387"/>
</kw>
<kw name="Click to Login">
<kw name="Sleep" library="BuiltIn">
<arg>2s</arg>
<doc>Pauses the test executed for the given time.</doc>
<msg timestamp="20230228 23:21:27.396" level="INFO">Slept 2 seconds</msg>
<status status="PASS" starttime="20230228 23:21:25.388" endtime="20230228 23:21:27.396"/>
</kw>
<kw name="Click Element" library="SeleniumLibrary">
<arg>//*[@id="loginBtn"]</arg>
<doc>Click the element identified by ``locator``.</doc>
<msg timestamp="20230228 23:21:27.396" level="INFO">Clicking element '//*[@id="loginBtn"]'.</msg>
<status status="PASS" starttime="20230228 23:21:27.396" endtime="20230228 23:21:27.427"/>
</kw>
<status status="PASS" starttime="20230228 23:21:25.388" endtime="20230228 23:21:27.427"/>
</kw>
<kw name="Click Sidebar Resiponse Project">
<kw name="Sleep" library="BuiltIn">
<arg>2s</arg>
<doc>Pauses the test executed for the given time.</doc>
<msg timestamp="20230228 23:21:29.431" level="INFO">Slept 2 seconds</msg>
<status status="PASS" starttime="20230228 23:21:27.429" endtime="20230228 23:21:29.431"/>
</kw>
<kw name="Click Element" library="SeleniumLibrary">
<arg>//*[@id="sidebarnav"]/li[4]/a/i</arg>
<doc>Click the element identified by ``locator``.</doc>
<msg timestamp="20230228 23:21:29.432" level="INFO">Clicking element '//*[@id="sidebarnav"]/li[4]/a/i'.</msg>
<status status="PASS" starttime="20230228 23:21:29.431" endtime="20230228 23:21:29.469"/>
</kw>
<kw name="Click Element" library="SeleniumLibrary">
<arg>//*[@id="sidebarnav"]/li[4]/ul/li[3]/a</arg>
<doc>Click the element identified by ``locator``.</doc>
<msg timestamp="20230228 23:21:29.469" level="INFO">Clicking element '//*[@id="sidebarnav"]/li[4]/ul/li[3]/a'.</msg>
<status status="PASS" starttime="20230228 23:21:29.469" endtime="20230228 23:21:29.819"/>
</kw>
<status status="PASS" starttime="20230228 23:21:27.429" endtime="20230228 23:21:29.820"/>
</kw>
<kw name="Serch Cause of Prjoect Fail">
<kw name="Sleep" library="BuiltIn">
<arg>2s</arg>
<doc>Pauses the test executed for the given time.</doc>
<msg timestamp="20230228 23:21:31.827" level="INFO">Slept 2 seconds</msg>
<status status="PASS" starttime="20230228 23:21:29.823" endtime="20230228 23:21:31.827"/>
</kw>
<kw name="Input Text" library="SeleniumLibrary">
<arg>//*[@id="DataTables_Table_0_filter"]/label/input</arg>
<arg>ไม่สามารถติดต่อลูกค้าได้</arg>
<doc>Types the given ``text`` into the text field identified by ``locator``.</doc>
<msg timestamp="20230228 23:21:31.828" level="INFO">Typing text 'ไม่สามารถติดต่อลูกค้าได้' into text field '//*[@id="DataTables_Table_0_filter"]/label/input'.</msg>
<status status="PASS" starttime="20230228 23:21:31.827" endtime="20230228 23:21:31.976"/>
</kw>
<status status="PASS" starttime="20230228 23:21:29.822" endtime="20230228 23:21:31.977"/>
</kw>
<kw name="Close Browser Page">
<kw name="Sleep" library="BuiltIn">
<arg>3s</arg>
<doc>Pauses the test executed for the given time.</doc>
<msg timestamp="20230228 23:21:34.991" level="INFO">Slept 3 seconds</msg>
<status status="PASS" starttime="20230228 23:21:31.977" endtime="20230228 23:21:34.991"/>
</kw>
<kw name="Close Browser" library="SeleniumLibrary">
<doc>Closes the current browser.</doc>
<status status="PASS" starttime="20230228 23:21:34.992" endtime="20230228 23:21:37.130"/>
</kw>
<status status="PASS" starttime="20230228 23:21:31.977" endtime="20230228 23:21:37.130"/>
</kw>
<status status="PASS" starttime="20230228 23:21:16.976" endtime="20230228 23:21:37.131"/>
</test>
<status status="PASS" starttime="20230228 23:21:16.539" endtime="20230228 23:21:37.133"/>
</suite>
<statistics>
<total>
<stat pass="1" fail="0" skip="0">All Tests</stat>
</total>
<tag>
</tag>
<suite>
<stat pass="1" fail="0" skip="0" id="s1" name="Exportemployeeinreport">Exportemployeeinreport</stat>
</suite>
</statistics>
<errors>
</errors>
</robot>
