<?xml version="1.0" encoding="UTF-8"?>
<robot generator="Robot 5.0.1 (Python 3.10.5 on win32)" generated="20221124 14:58:43.025" rpa="false" schemaversion="3">
<suite id="s1" name="View Task" source="C:\Automate Test\Test_PMS\automateTestTeam0\Employee\test_view_task\view_task.robot">
<test id="s1-t1" name="View Task in Project Success" line="41">
<kw name="Open file Excel">
<kw name="Open Excel" library="ExcelRobot">
<arg>C:\\Automate Test\\Test_PMS\\automateTestTeam0\\Employee\\test_view_task\\test_data.xlsx</arg>
<doc>Opens the Excel file to read from the path provided in the file path parameter.</doc>
<msg timestamp="20221124 14:58:43.766" level="INFO">Opening file at C:\Automate Test\Test_PMS\automateTestTeam0\Employee\test_view_task\test_data.xlsx</msg>
<status status="PASS" starttime="20221124 14:58:43.766" endtime="20221124 14:58:43.770"/>
</kw>
<status status="PASS" starttime="20221124 14:58:43.766" endtime="20221124 14:58:43.770"/>
</kw>
<kw name="Read Cell Data" library="ExcelRobot">
<var>${Username}</var>
<arg>Employee</arg>
<arg>0</arg>
<arg>1</arg>
<doc>Uses the column and row to return the data from that cell.</doc>
<msg timestamp="20221124 14:58:43.772" level="INFO">${Username} = suchada1512@gmail.com</msg>
<status status="PASS" starttime="20221124 14:58:43.772" endtime="20221124 14:58:43.772"/>
</kw>
<kw name="Read Cell Data" library="ExcelRobot">
<var>${Password}</var>
<arg>Employee</arg>
<arg>1</arg>
<arg>1</arg>
<doc>Uses the column and row to return the data from that cell.</doc>
<msg timestamp="20221124 14:58:43.774" level="INFO">${Password} = suchada</msg>
<status status="PASS" starttime="20221124 14:58:43.773" endtime="20221124 14:58:43.774"/>
</kw>
<kw name="Open Project Monitoring System">
<kw name="Open Browser" library="SeleniumLibrary">
<arg>${URL}</arg>
<arg>${BROWSER}</arg>
<doc>Opens a new browser instance to the optional ``url``.</doc>
<msg timestamp="20221124 14:58:43.775" level="INFO">Opening browser 'Google Chrome' to base url 'http://dekdee2.informatics.buu.ac.th:9080/team0/'.</msg>
<status status="PASS" starttime="20221124 14:58:43.774" endtime="20221124 14:58:46.445"/>
</kw>
<kw name="Maximize Browser Window" library="SeleniumLibrary">
<doc>Maximizes current browser window.</doc>
<status status="PASS" starttime="20221124 14:58:46.445" endtime="20221124 14:58:46.583"/>
</kw>
<status status="PASS" starttime="20221124 14:58:43.774" endtime="20221124 14:58:46.583"/>
</kw>
<kw name="Click Menu Login">
<kw name="Sleep" library="BuiltIn">
<arg>2s</arg>
<doc>Pauses the test executed for the given time.</doc>
<msg timestamp="20221124 14:58:48.594" level="INFO">Slept 2 seconds</msg>
<status status="PASS" starttime="20221124 14:58:46.584" endtime="20221124 14:58:48.594"/>
</kw>
<kw name="Click Element" library="SeleniumLibrary">
<arg>//*[@id="main-wrapper"]/header/nav/div[2]/ul[2]/li/a</arg>
<doc>Click the element identified by ``locator``.</doc>
<msg timestamp="20221124 14:58:48.595" level="INFO">Clicking element '//*[@id="main-wrapper"]/header/nav/div[2]/ul[2]/li/a'.</msg>
<status status="PASS" starttime="20221124 14:58:48.594" endtime="20221124 14:58:49.716"/>
</kw>
<status status="PASS" starttime="20221124 14:58:46.583" endtime="20221124 14:58:49.716"/>
</kw>
<kw name="Sleep" library="BuiltIn">
<arg>1s</arg>
<doc>Pauses the test executed for the given time.</doc>
<msg timestamp="20221124 14:58:50.718" level="INFO">Slept 1 second</msg>
<status status="PASS" starttime="20221124 14:58:49.717" endtime="20221124 14:58:50.718"/>
</kw>
<kw name="Input Text" library="SeleniumLibrary">
<arg>id:u_email</arg>
<arg>${Username}</arg>
<doc>Types the given ``text`` into the text field identified by ``locator``.</doc>
<msg timestamp="20221124 14:58:50.720" level="INFO">Typing text 'suchada1512@gmail.com' into text field 'id:u_email'.</msg>
<status status="PASS" starttime="20221124 14:58:50.719" endtime="20221124 14:58:50.893"/>
</kw>
<kw name="Sleep" library="BuiltIn">
<arg>1s</arg>
<doc>Pauses the test executed for the given time.</doc>
<msg timestamp="20221124 14:58:51.897" level="INFO">Slept 1 second</msg>
<status status="PASS" starttime="20221124 14:58:50.894" endtime="20221124 14:58:51.897"/>
</kw>
<kw name="Input Text" library="SeleniumLibrary">
<arg>id:u_password</arg>
<arg>${Password}</arg>
<doc>Types the given ``text`` into the text field identified by ``locator``.</doc>
<msg timestamp="20221124 14:58:51.899" level="INFO">Typing text 'suchada' into text field 'id:u_password'.</msg>
<status status="PASS" starttime="20221124 14:58:51.898" endtime="20221124 14:58:52.037"/>
</kw>
<kw name="Click to Login">
<kw name="Sleep" library="BuiltIn">
<arg>2s</arg>
<doc>Pauses the test executed for the given time.</doc>
<msg timestamp="20221124 14:58:54.043" level="INFO">Slept 2 seconds</msg>
<status status="PASS" starttime="20221124 14:58:52.038" endtime="20221124 14:58:54.043"/>
</kw>
<kw name="Click Element" library="SeleniumLibrary">
<arg>//*[@id="loginBtn"]</arg>
<doc>Click the element identified by ``locator``.</doc>
<msg timestamp="20221124 14:58:54.044" level="INFO">Clicking element '//*[@id="loginBtn"]'.</msg>
<status status="PASS" starttime="20221124 14:58:54.043" endtime="20221124 14:58:54.102"/>
</kw>
<status status="PASS" starttime="20221124 14:58:52.038" endtime="20221124 14:58:54.102"/>
</kw>
<kw name="Click Sidebar Resiponse Project">
<kw name="Sleep" library="BuiltIn">
<arg>2s</arg>
<doc>Pauses the test executed for the given time.</doc>
<msg timestamp="20221124 14:58:56.118" level="INFO">Slept 2 seconds</msg>
<status status="PASS" starttime="20221124 14:58:54.104" endtime="20221124 14:58:56.118"/>
</kw>
<kw name="Click Element" library="SeleniumLibrary">
<arg>//*[@id="sidebarnav"]/li[2]/a/i</arg>
<doc>Click the element identified by ``locator``.</doc>
<msg timestamp="20221124 14:58:56.119" level="INFO">Clicking element '//*[@id="sidebarnav"]/li[2]/a/i'.</msg>
<status status="PASS" starttime="20221124 14:58:56.118" endtime="20221124 14:58:56.648"/>
</kw>
<status status="PASS" starttime="20221124 14:58:54.103" endtime="20221124 14:58:56.649"/>
</kw>
<kw name="Search Project">
<kw name="Sleep" library="BuiltIn">
<arg>2s</arg>
<doc>Pauses the test executed for the given time.</doc>
<msg timestamp="20221124 14:58:58.652" level="INFO">Slept 2 seconds</msg>
<status status="PASS" starttime="20221124 14:58:56.650" endtime="20221124 14:58:58.652"/>
</kw>
<kw name="Input Text" library="SeleniumLibrary">
<arg>//*[@id="table_filter"]/label/input</arg>
<arg>ระบบจัดการเอกสารอัตโนมัติ</arg>
<doc>Types the given ``text`` into the text field identified by ``locator``.</doc>
<msg timestamp="20221124 14:58:58.652" level="INFO">Typing text 'ระบบจัดการเอกสารอัตโนมัติ' into text field '//*[@id="table_filter"]/label/input'.</msg>
<status status="PASS" starttime="20221124 14:58:58.652" endtime="20221124 14:58:58.926"/>
</kw>
<status status="PASS" starttime="20221124 14:58:56.649" endtime="20221124 14:58:58.927"/>
</kw>
<kw name="Click Project Task">
<kw name="Sleep" library="BuiltIn">
<arg>2s</arg>
<doc>Pauses the test executed for the given time.</doc>
<msg timestamp="20221124 14:59:00.935" level="INFO">Slept 2 seconds</msg>
<status status="PASS" starttime="20221124 14:58:58.928" endtime="20221124 14:59:00.935"/>
</kw>
<kw name="Click Element" library="SeleniumLibrary">
<arg>//*[@class="btn btn-tertiary btn-sm"]</arg>
<doc>Click the element identified by ``locator``.</doc>
<msg timestamp="20221124 14:59:00.936" level="INFO">Clicking element '//*[@class="btn btn-tertiary btn-sm"]'.</msg>
<status status="PASS" starttime="20221124 14:59:00.935" endtime="20221124 14:59:01.366"/>
</kw>
<status status="PASS" starttime="20221124 14:58:58.927" endtime="20221124 14:59:01.367"/>
</kw>
<kw name="Click View Information Task">
<kw name="Sleep" library="BuiltIn">
<arg>2s</arg>
<doc>Pauses the test executed for the given time.</doc>
<msg timestamp="20221124 14:59:03.377" level="INFO">Slept 2 seconds</msg>
<status status="PASS" starttime="20221124 14:59:01.368" endtime="20221124 14:59:03.377"/>
</kw>
<kw name="Click Element" library="SeleniumLibrary">
<arg>//*[@id="view"]</arg>
<doc>Click the element identified by ``locator``.</doc>
<msg timestamp="20221124 14:59:03.377" level="INFO">Clicking element '//*[@id="view"]'.</msg>
<status status="PASS" starttime="20221124 14:59:03.377" endtime="20221124 14:59:03.434"/>
</kw>
<status status="PASS" starttime="20221124 14:59:01.367" endtime="20221124 14:59:03.435"/>
</kw>
<kw name="Close Browser Page">
<kw name="Sleep" library="BuiltIn">
<arg>3s</arg>
<doc>Pauses the test executed for the given time.</doc>
<msg timestamp="20221124 14:59:06.447" level="INFO">Slept 3 seconds</msg>
<status status="PASS" starttime="20221124 14:59:03.436" endtime="20221124 14:59:06.447"/>
</kw>
<kw name="Close Browser" library="SeleniumLibrary">
<doc>Closes the current browser.</doc>
<status status="PASS" starttime="20221124 14:59:06.447" endtime="20221124 14:59:08.720"/>
</kw>
<status status="PASS" starttime="20221124 14:59:03.435" endtime="20221124 14:59:08.721"/>
</kw>
<status status="PASS" starttime="20221124 14:58:43.765" endtime="20221124 14:59:08.721"/>
</test>
<test id="s1-t2" name="View View Task in Project Failed with Click Wrong Button" line="57">
<kw name="Open file Excel">
<kw name="Open Excel" library="ExcelRobot">
<arg>C:\\Automate Test\\Test_PMS\\automateTestTeam0\\Employee\\test_view_task\\test_data.xlsx</arg>
<doc>Opens the Excel file to read from the path provided in the file path parameter.</doc>
<msg timestamp="20221124 14:59:08.726" level="INFO">Opening file at C:\Automate Test\Test_PMS\automateTestTeam0\Employee\test_view_task\test_data.xlsx</msg>
<status status="PASS" starttime="20221124 14:59:08.726" endtime="20221124 14:59:08.732"/>
</kw>
<status status="PASS" starttime="20221124 14:59:08.725" endtime="20221124 14:59:08.733"/>
</kw>
<kw name="Read Cell Data" library="ExcelRobot">
<var>${Username}</var>
<arg>Employee</arg>
<arg>0</arg>
<arg>1</arg>
<doc>Uses the column and row to return the data from that cell.</doc>
<msg timestamp="20221124 14:59:08.738" level="INFO">${Username} = suchada1512@gmail.com</msg>
<status status="PASS" starttime="20221124 14:59:08.737" endtime="20221124 14:59:08.738"/>
</kw>
<kw name="Read Cell Data" library="ExcelRobot">
<var>${Password}</var>
<arg>Employee</arg>
<arg>1</arg>
<arg>1</arg>
<doc>Uses the column and row to return the data from that cell.</doc>
<msg timestamp="20221124 14:59:08.739" level="INFO">${Password} = suchada</msg>
<status status="PASS" starttime="20221124 14:59:08.738" endtime="20221124 14:59:08.739"/>
</kw>
<kw name="Open Project Monitoring System">
<kw name="Open Browser" library="SeleniumLibrary">
<arg>${URL}</arg>
<arg>${BROWSER}</arg>
<doc>Opens a new browser instance to the optional ``url``.</doc>
<msg timestamp="20221124 14:59:08.740" level="INFO">Opening browser 'Google Chrome' to base url 'http://dekdee2.informatics.buu.ac.th:9080/team0/'.</msg>
<status status="PASS" starttime="20221124 14:59:08.740" endtime="20221124 14:59:11.419"/>
</kw>
<kw name="Maximize Browser Window" library="SeleniumLibrary">
<doc>Maximizes current browser window.</doc>
<status status="PASS" starttime="20221124 14:59:11.419" endtime="20221124 14:59:11.627"/>
</kw>
<status status="PASS" starttime="20221124 14:59:08.739" endtime="20221124 14:59:11.627"/>
</kw>
<kw name="Click Menu Login">
<kw name="Sleep" library="BuiltIn">
<arg>2s</arg>
<doc>Pauses the test executed for the given time.</doc>
<msg timestamp="20221124 14:59:13.639" level="INFO">Slept 2 seconds</msg>
<status status="PASS" starttime="20221124 14:59:11.628" endtime="20221124 14:59:13.639"/>
</kw>
<kw name="Click Element" library="SeleniumLibrary">
<arg>//*[@id="main-wrapper"]/header/nav/div[2]/ul[2]/li/a</arg>
<doc>Click the element identified by ``locator``.</doc>
<msg timestamp="20221124 14:59:13.640" level="INFO">Clicking element '//*[@id="main-wrapper"]/header/nav/div[2]/ul[2]/li/a'.</msg>
<status status="PASS" starttime="20221124 14:59:13.639" endtime="20221124 14:59:14.078"/>
</kw>
<status status="PASS" starttime="20221124 14:59:11.628" endtime="20221124 14:59:14.079"/>
</kw>
<kw name="Sleep" library="BuiltIn">
<arg>1s</arg>
<doc>Pauses the test executed for the given time.</doc>
<msg timestamp="20221124 14:59:15.094" level="INFO">Slept 1 second</msg>
<status status="PASS" starttime="20221124 14:59:14.079" endtime="20221124 14:59:15.094"/>
</kw>
<kw name="Input Text" library="SeleniumLibrary">
<arg>id:u_email</arg>
<arg>${Username}</arg>
<doc>Types the given ``text`` into the text field identified by ``locator``.</doc>
<msg timestamp="20221124 14:59:15.095" level="INFO">Typing text 'suchada1512@gmail.com' into text field 'id:u_email'.</msg>
<status status="PASS" starttime="20221124 14:59:15.095" endtime="20221124 14:59:15.293"/>
</kw>
<kw name="Sleep" library="BuiltIn">
<arg>1s</arg>
<doc>Pauses the test executed for the given time.</doc>
<msg timestamp="20221124 14:59:16.296" level="INFO">Slept 1 second</msg>
<status status="PASS" starttime="20221124 14:59:15.294" endtime="20221124 14:59:16.296"/>
</kw>
<kw name="Input Text" library="SeleniumLibrary">
<arg>id:u_password</arg>
<arg>${Password}</arg>
<doc>Types the given ``text`` into the text field identified by ``locator``.</doc>
<msg timestamp="20221124 14:59:16.297" level="INFO">Typing text 'suchada' into text field 'id:u_password'.</msg>
<status status="PASS" starttime="20221124 14:59:16.297" endtime="20221124 14:59:16.434"/>
</kw>
<kw name="Click to Login">
<kw name="Sleep" library="BuiltIn">
<arg>2s</arg>
<doc>Pauses the test executed for the given time.</doc>
<msg timestamp="20221124 14:59:18.438" level="INFO">Slept 2 seconds</msg>
<status status="PASS" starttime="20221124 14:59:16.435" endtime="20221124 14:59:18.438"/>
</kw>
<kw name="Click Element" library="SeleniumLibrary">
<arg>//*[@id="loginBtn"]</arg>
<doc>Click the element identified by ``locator``.</doc>
<msg timestamp="20221124 14:59:18.438" level="INFO">Clicking element '//*[@id="loginBtn"]'.</msg>
<status status="PASS" starttime="20221124 14:59:18.438" endtime="20221124 14:59:18.494"/>
</kw>
<status status="PASS" starttime="20221124 14:59:16.435" endtime="20221124 14:59:18.494"/>
</kw>
<kw name="Click Sidebar Resiponse Project">
<kw name="Sleep" library="BuiltIn">
<arg>2s</arg>
<doc>Pauses the test executed for the given time.</doc>
<msg timestamp="20221124 14:59:20.507" level="INFO">Slept 2 seconds</msg>
<status status="PASS" starttime="20221124 14:59:18.496" endtime="20221124 14:59:20.507"/>
</kw>
<kw name="Click Element" library="SeleniumLibrary">
<arg>//*[@id="sidebarnav"]/li[2]/a/i</arg>
<doc>Click the element identified by ``locator``.</doc>
<msg timestamp="20221124 14:59:20.508" level="INFO">Clicking element '//*[@id="sidebarnav"]/li[2]/a/i'.</msg>
<status status="PASS" starttime="20221124 14:59:20.507" endtime="20221124 14:59:20.858"/>
</kw>
<status status="PASS" starttime="20221124 14:59:18.495" endtime="20221124 14:59:20.859"/>
</kw>
<kw name="Search Project">
<kw name="Sleep" library="BuiltIn">
<arg>2s</arg>
<doc>Pauses the test executed for the given time.</doc>
<msg timestamp="20221124 14:59:22.863" level="INFO">Slept 2 seconds</msg>
<status status="PASS" starttime="20221124 14:59:20.860" endtime="20221124 14:59:22.863"/>
</kw>
<kw name="Input Text" library="SeleniumLibrary">
<arg>//*[@id="table_filter"]/label/input</arg>
<arg>ระบบจัดการเอกสารอัตโนมัติ</arg>
<doc>Types the given ``text`` into the text field identified by ``locator``.</doc>
<msg timestamp="20221124 14:59:22.864" level="INFO">Typing text 'ระบบจัดการเอกสารอัตโนมัติ' into text field '//*[@id="table_filter"]/label/input'.</msg>
<status status="PASS" starttime="20221124 14:59:22.864" endtime="20221124 14:59:23.143"/>
</kw>
<status status="PASS" starttime="20221124 14:59:20.859" endtime="20221124 14:59:23.143"/>
</kw>
<kw name="Click Project Task">
<kw name="Sleep" library="BuiltIn">
<arg>2s</arg>
<doc>Pauses the test executed for the given time.</doc>
<msg timestamp="20221124 14:59:25.162" level="INFO">Slept 2 seconds</msg>
<status status="PASS" starttime="20221124 14:59:23.145" endtime="20221124 14:59:25.162"/>
</kw>
<kw name="Click Element" library="SeleniumLibrary">
<arg>//*[@class="btn btn-tertiary btn-sm"]</arg>
<doc>Click the element identified by ``locator``.</doc>
<msg timestamp="20221124 14:59:25.163" level="INFO">Clicking element '//*[@class="btn btn-tertiary btn-sm"]'.</msg>
<status status="PASS" starttime="20221124 14:59:25.162" endtime="20221124 14:59:25.640"/>
</kw>
<status status="PASS" starttime="20221124 14:59:23.144" endtime="20221124 14:59:25.640"/>
</kw>
<kw name="Click Wrong Button">
<kw name="Sleep" library="BuiltIn">
<arg>2s</arg>
<doc>Pauses the test executed for the given time.</doc>
<msg timestamp="20221124 14:59:27.649" level="INFO">Slept 2 seconds</msg>
<status status="PASS" starttime="20221124 14:59:25.642" endtime="20221124 14:59:27.649"/>
</kw>
<kw name="Click Element" library="SeleniumLibrary">
<arg>//*[@id="edit"]</arg>
<doc>Click the element identified by ``locator``.</doc>
<msg timestamp="20221124 14:59:27.650" level="INFO">Clicking element '//*[@id="edit"]'.</msg>
<status status="PASS" starttime="20221124 14:59:27.649" endtime="20221124 14:59:27.723"/>
</kw>
<status status="PASS" starttime="20221124 14:59:25.640" endtime="20221124 14:59:27.723"/>
</kw>
<kw name="Close Browser Page">
<kw name="Sleep" library="BuiltIn">
<arg>3s</arg>
<doc>Pauses the test executed for the given time.</doc>
<msg timestamp="20221124 14:59:30.730" level="INFO">Slept 3 seconds</msg>
<status status="PASS" starttime="20221124 14:59:27.725" endtime="20221124 14:59:30.730"/>
</kw>
<kw name="Close Browser" library="SeleniumLibrary">
<doc>Closes the current browser.</doc>
<status status="PASS" starttime="20221124 14:59:30.730" endtime="20221124 14:59:32.954"/>
</kw>
<status status="PASS" starttime="20221124 14:59:27.725" endtime="20221124 14:59:32.955"/>
</kw>
<status status="PASS" starttime="20221124 14:59:08.724" endtime="20221124 14:59:32.955"/>
</test>
<status status="PASS" starttime="20221124 14:58:43.027" endtime="20221124 14:59:32.959"/>
</suite>
<statistics>
<total>
<stat pass="2" fail="0" skip="0">All Tests</stat>
</total>
<tag>
</tag>
<suite>
<stat pass="2" fail="0" skip="0" id="s1" name="View Task">View Task</stat>
</suite>
</statistics>
<errors>
</errors>
</robot>
