<?xml version="1.0" encoding="UTF-8"?>
<robot generator="Robot 5.0.1 (Python 3.10.5 on win32)" generated="20230220 23:19:45.730" rpa="false" schemaversion="3">
<suite id="s1" name="View Task" source="C:\xampp\htdocs\automateTestTeam0\employee1\test_view_task\view_task.robot">
<test id="s1-t1" name="View Task in Project Success" line="43">
<kw name="Open file Excel">
<kw name="Open Excel" library="ExcelRobot">
<arg>C:\\xampp\\htdocs\\automateTestTeam0\\employee1\\test_view_task\\test_data.xlsx</arg>
<doc>Opens the Excel file to read from the path provided in the file path parameter.</doc>
<msg timestamp="20230220 23:19:46.136" level="INFO">Opening file at C:\xampp\htdocs\automateTestTeam0\employee1\test_view_task\test_data.xlsx</msg>
<status status="PASS" starttime="20230220 23:19:46.136" endtime="20230220 23:19:46.139"/>
</kw>
<status status="PASS" starttime="20230220 23:19:46.135" endtime="20230220 23:19:46.140"/>
</kw>
<kw name="Read Cell Data" library="ExcelRobot">
<var>${Username}</var>
<arg>Employee</arg>
<arg>0</arg>
<arg>1</arg>
<doc>Uses the column and row to return the data from that cell.</doc>
<msg timestamp="20230220 23:19:46.140" level="INFO">${Username} = suchada1512@gmail.com</msg>
<status status="PASS" starttime="20230220 23:19:46.140" endtime="20230220 23:19:46.140"/>
</kw>
<kw name="Read Cell Data" library="ExcelRobot">
<var>${Password}</var>
<arg>Employee</arg>
<arg>1</arg>
<arg>1</arg>
<doc>Uses the column and row to return the data from that cell.</doc>
<msg timestamp="20230220 23:19:46.140" level="INFO">${Password} = suchada</msg>
<status status="PASS" starttime="20230220 23:19:46.140" endtime="20230220 23:19:46.140"/>
</kw>
<kw name="Open Project Monitoring System">
<kw name="Open Browser" library="SeleniumLibrary">
<arg>${URL}</arg>
<arg>${BROWSER}</arg>
<doc>Opens a new browser instance to the optional ``url``.</doc>
<msg timestamp="20230220 23:19:46.141" level="INFO">Opening browser 'Google Chrome' to base url 'http://dekdee2.informatics.buu.ac.th:9080/team0/'.</msg>
<status status="PASS" starttime="20230220 23:19:46.141" endtime="20230220 23:19:47.965"/>
</kw>
<kw name="Maximize Browser Window" library="SeleniumLibrary">
<doc>Maximizes current browser window.</doc>
<status status="PASS" starttime="20230220 23:19:47.965" endtime="20230220 23:19:48.170"/>
</kw>
<status status="PASS" starttime="20230220 23:19:46.141" endtime="20230220 23:19:48.171"/>
</kw>
<kw name="Click Menu Login">
<kw name="Sleep" library="BuiltIn">
<arg>2s</arg>
<doc>Pauses the test executed for the given time.</doc>
<msg timestamp="20230220 23:19:50.180" level="INFO">Slept 2 seconds</msg>
<status status="PASS" starttime="20230220 23:19:48.172" endtime="20230220 23:19:50.180"/>
</kw>
<kw name="Click Element" library="SeleniumLibrary">
<arg>//*[@class="nav-link waves-effect waves-dark profile-pic fs-5"]</arg>
<doc>Click the element identified by ``locator``.</doc>
<msg timestamp="20230220 23:19:50.180" level="INFO">Clicking element '//*[@class="nav-link waves-effect waves-dark profile-pic fs-5"]'.</msg>
<status status="PASS" starttime="20230220 23:19:50.180" endtime="20230220 23:19:50.212"/>
</kw>
<status status="PASS" starttime="20230220 23:19:48.172" endtime="20230220 23:19:50.213"/>
</kw>
<kw name="Sleep" library="BuiltIn">
<arg>1s</arg>
<doc>Pauses the test executed for the given time.</doc>
<msg timestamp="20230220 23:19:51.222" level="INFO">Slept 1 second</msg>
<status status="PASS" starttime="20230220 23:19:50.214" endtime="20230220 23:19:51.222"/>
</kw>
<kw name="Input Text" library="SeleniumLibrary">
<arg>id:u_email</arg>
<arg>${Username}</arg>
<doc>Types the given ``text`` into the text field identified by ``locator``.</doc>
<msg timestamp="20230220 23:19:51.222" level="INFO">Typing text 'suchada1512@gmail.com' into text field 'id:u_email'.</msg>
<status status="PASS" starttime="20230220 23:19:51.222" endtime="20230220 23:19:51.289"/>
</kw>
<kw name="Sleep" library="BuiltIn">
<arg>1s</arg>
<doc>Pauses the test executed for the given time.</doc>
<msg timestamp="20230220 23:19:52.292" level="INFO">Slept 1 second</msg>
<status status="PASS" starttime="20230220 23:19:51.290" endtime="20230220 23:19:52.292"/>
</kw>
<kw name="Input Text" library="SeleniumLibrary">
<arg>id:u_password</arg>
<arg>${Password}</arg>
<doc>Types the given ``text`` into the text field identified by ``locator``.</doc>
<msg timestamp="20230220 23:19:52.293" level="INFO">Typing text 'suchada' into text field 'id:u_password'.</msg>
<status status="PASS" starttime="20230220 23:19:52.292" endtime="20230220 23:19:52.351"/>
</kw>
<kw name="Click to Login">
<kw name="Sleep" library="BuiltIn">
<arg>2s</arg>
<doc>Pauses the test executed for the given time.</doc>
<msg timestamp="20230220 23:19:54.354" level="INFO">Slept 2 seconds</msg>
<status status="PASS" starttime="20230220 23:19:52.352" endtime="20230220 23:19:54.354"/>
</kw>
<kw name="Click Element" library="SeleniumLibrary">
<arg>//*[@id="loginBtn"]</arg>
<doc>Click the element identified by ``locator``.</doc>
<msg timestamp="20230220 23:19:54.354" level="INFO">Clicking element '//*[@id="loginBtn"]'.</msg>
<status status="PASS" starttime="20230220 23:19:54.354" endtime="20230220 23:19:54.387"/>
</kw>
<status status="PASS" starttime="20230220 23:19:52.352" endtime="20230220 23:19:54.387"/>
</kw>
<kw name="Click Sidebar Resiponse Project">
<kw name="Sleep" library="BuiltIn">
<arg>2s</arg>
<doc>Pauses the test executed for the given time.</doc>
<msg timestamp="20230220 23:19:56.389" level="INFO">Slept 2 seconds</msg>
<status status="PASS" starttime="20230220 23:19:54.388" endtime="20230220 23:19:56.389"/>
</kw>
<kw name="Click Element" library="SeleniumLibrary">
<arg>//*[@id="sidebarnav"]/li[2]/a/i</arg>
<doc>Click the element identified by ``locator``.</doc>
<msg timestamp="20230220 23:19:56.389" level="INFO">Clicking element '//*[@id="sidebarnav"]/li[2]/a/i'.</msg>
<status status="PASS" starttime="20230220 23:19:56.389" endtime="20230220 23:19:56.425"/>
</kw>
<kw name="Sleep" library="BuiltIn">
<arg>1s</arg>
<doc>Pauses the test executed for the given time.</doc>
<msg timestamp="20230220 23:19:57.432" level="INFO">Slept 1 second</msg>
<status status="PASS" starttime="20230220 23:19:56.425" endtime="20230220 23:19:57.432"/>
</kw>
<kw name="Click Element" library="SeleniumLibrary">
<arg>//*[@id="sidebarnav"]/li[2]/ul/li/a</arg>
<doc>Click the element identified by ``locator``.</doc>
<msg timestamp="20230220 23:19:57.432" level="INFO">Clicking element '//*[@id="sidebarnav"]/li[2]/ul/li/a'.</msg>
<status status="PASS" starttime="20230220 23:19:57.432" endtime="20230220 23:19:57.739"/>
</kw>
<status status="PASS" starttime="20230220 23:19:54.388" endtime="20230220 23:19:57.739"/>
</kw>
<kw name="Search Project">
<kw name="Sleep" library="BuiltIn">
<arg>2s</arg>
<doc>Pauses the test executed for the given time.</doc>
<msg timestamp="20230220 23:19:59.752" level="INFO">Slept 2 seconds</msg>
<status status="PASS" starttime="20230220 23:19:57.740" endtime="20230220 23:19:59.752"/>
</kw>
<kw name="Input Text" library="SeleniumLibrary">
<arg>//*[@id="table_filter"]/label/input</arg>
<arg>ระบบจัดการทรัพย์สิน</arg>
<doc>Types the given ``text`` into the text field identified by ``locator``.</doc>
<msg timestamp="20230220 23:19:59.752" level="INFO">Typing text 'ระบบจัดการทรัพย์สิน' into text field '//*[@id="table_filter"]/label/input'.</msg>
<status status="PASS" starttime="20230220 23:19:59.752" endtime="20230220 23:19:59.843"/>
</kw>
<status status="PASS" starttime="20230220 23:19:57.739" endtime="20230220 23:19:59.843"/>
</kw>
<kw name="Click Project Task">
<kw name="Sleep" library="BuiltIn">
<arg>2s</arg>
<doc>Pauses the test executed for the given time.</doc>
<msg timestamp="20230220 23:20:01.859" level="INFO">Slept 2 seconds</msg>
<status status="PASS" starttime="20230220 23:19:59.844" endtime="20230220 23:20:01.859"/>
</kw>
<kw name="Click Element" library="SeleniumLibrary">
<arg>//*[@class="btn btn-tertiary btn-sm"]</arg>
<doc>Click the element identified by ``locator``.</doc>
<msg timestamp="20230220 23:20:01.859" level="INFO">Clicking element '//*[@class="btn btn-tertiary btn-sm"]'.</msg>
<status status="PASS" starttime="20230220 23:20:01.859" endtime="20230220 23:20:02.086"/>
</kw>
<status status="PASS" starttime="20230220 23:19:59.844" endtime="20230220 23:20:02.086"/>
</kw>
<kw name="Click View Information Task">
<kw name="Sleep" library="BuiltIn">
<arg>2s</arg>
<doc>Pauses the test executed for the given time.</doc>
<msg timestamp="20230220 23:20:04.103" level="INFO">Slept 2 seconds</msg>
<status status="PASS" starttime="20230220 23:20:02.088" endtime="20230220 23:20:04.103"/>
</kw>
<kw name="Click Element" library="SeleniumLibrary">
<arg>//*[@id="view"]</arg>
<doc>Click the element identified by ``locator``.</doc>
<msg timestamp="20230220 23:20:04.103" level="INFO">Clicking element '//*[@id="view"]'.</msg>
<status status="PASS" starttime="20230220 23:20:04.103" endtime="20230220 23:20:04.134"/>
</kw>
<status status="PASS" starttime="20230220 23:20:02.088" endtime="20230220 23:20:04.134"/>
</kw>
<kw name="Close Browser Page">
<kw name="Sleep" library="BuiltIn">
<arg>3s</arg>
<doc>Pauses the test executed for the given time.</doc>
<msg timestamp="20230220 23:20:07.136" level="INFO">Slept 3 seconds</msg>
<status status="PASS" starttime="20230220 23:20:04.135" endtime="20230220 23:20:07.136"/>
</kw>
<kw name="Close Browser" library="SeleniumLibrary">
<doc>Closes the current browser.</doc>
<status status="PASS" starttime="20230220 23:20:07.136" endtime="20230220 23:20:09.288"/>
</kw>
<status status="PASS" starttime="20230220 23:20:04.135" endtime="20230220 23:20:09.288"/>
</kw>
<status status="PASS" starttime="20230220 23:19:46.135" endtime="20230220 23:20:09.289"/>
</test>
<test id="s1-t2" name="View View Task in Project Failed with Click Wrong Button" line="59">
<kw name="Open file Excel">
<kw name="Open Excel" library="ExcelRobot">
<arg>C:\\xampp\\htdocs\\automateTestTeam0\\employee1\\test_view_task\\test_data.xlsx</arg>
<doc>Opens the Excel file to read from the path provided in the file path parameter.</doc>
<msg timestamp="20230220 23:20:09.291" level="INFO">Opening file at C:\xampp\htdocs\automateTestTeam0\employee1\test_view_task\test_data.xlsx</msg>
<status status="PASS" starttime="20230220 23:20:09.291" endtime="20230220 23:20:09.293"/>
</kw>
<status status="PASS" starttime="20230220 23:20:09.290" endtime="20230220 23:20:09.293"/>
</kw>
<kw name="Read Cell Data" library="ExcelRobot">
<var>${Username}</var>
<arg>Employee</arg>
<arg>0</arg>
<arg>1</arg>
<doc>Uses the column and row to return the data from that cell.</doc>
<msg timestamp="20230220 23:20:09.293" level="INFO">${Username} = suchada1512@gmail.com</msg>
<status status="PASS" starttime="20230220 23:20:09.293" endtime="20230220 23:20:09.293"/>
</kw>
<kw name="Read Cell Data" library="ExcelRobot">
<var>${Password}</var>
<arg>Employee</arg>
<arg>1</arg>
<arg>1</arg>
<doc>Uses the column and row to return the data from that cell.</doc>
<msg timestamp="20230220 23:20:09.294" level="INFO">${Password} = suchada</msg>
<status status="PASS" starttime="20230220 23:20:09.294" endtime="20230220 23:20:09.294"/>
</kw>
<kw name="Open Project Monitoring System">
<kw name="Open Browser" library="SeleniumLibrary">
<arg>${URL}</arg>
<arg>${BROWSER}</arg>
<doc>Opens a new browser instance to the optional ``url``.</doc>
<msg timestamp="20230220 23:20:09.294" level="INFO">Opening browser 'Google Chrome' to base url 'http://dekdee2.informatics.buu.ac.th:9080/team0/'.</msg>
<status status="PASS" starttime="20230220 23:20:09.294" endtime="20230220 23:20:11.248"/>
</kw>
<kw name="Maximize Browser Window" library="SeleniumLibrary">
<doc>Maximizes current browser window.</doc>
<status status="PASS" starttime="20230220 23:20:11.248" endtime="20230220 23:20:11.392"/>
</kw>
<status status="PASS" starttime="20230220 23:20:09.294" endtime="20230220 23:20:11.393"/>
</kw>
<kw name="Click Menu Login">
<kw name="Sleep" library="BuiltIn">
<arg>2s</arg>
<doc>Pauses the test executed for the given time.</doc>
<msg timestamp="20230220 23:20:13.402" level="INFO">Slept 2 seconds</msg>
<status status="PASS" starttime="20230220 23:20:11.394" endtime="20230220 23:20:13.402"/>
</kw>
<kw name="Click Element" library="SeleniumLibrary">
<arg>//*[@class="nav-link waves-effect waves-dark profile-pic fs-5"]</arg>
<doc>Click the element identified by ``locator``.</doc>
<msg timestamp="20230220 23:20:13.403" level="INFO">Clicking element '//*[@class="nav-link waves-effect waves-dark profile-pic fs-5"]'.</msg>
<status status="PASS" starttime="20230220 23:20:13.402" endtime="20230220 23:20:13.435"/>
</kw>
<status status="PASS" starttime="20230220 23:20:11.394" endtime="20230220 23:20:13.435"/>
</kw>
<kw name="Sleep" library="BuiltIn">
<arg>1s</arg>
<doc>Pauses the test executed for the given time.</doc>
<msg timestamp="20230220 23:20:14.449" level="INFO">Slept 1 second</msg>
<status status="PASS" starttime="20230220 23:20:13.436" endtime="20230220 23:20:14.449"/>
</kw>
<kw name="Input Text" library="SeleniumLibrary">
<arg>id:u_email</arg>
<arg>${Username}</arg>
<doc>Types the given ``text`` into the text field identified by ``locator``.</doc>
<msg timestamp="20230220 23:20:14.449" level="INFO">Typing text 'suchada1512@gmail.com' into text field 'id:u_email'.</msg>
<status status="PASS" starttime="20230220 23:20:14.449" endtime="20230220 23:20:14.521"/>
</kw>
<kw name="Sleep" library="BuiltIn">
<arg>1s</arg>
<doc>Pauses the test executed for the given time.</doc>
<msg timestamp="20230220 23:20:15.534" level="INFO">Slept 1 second</msg>
<status status="PASS" starttime="20230220 23:20:14.522" endtime="20230220 23:20:15.534"/>
</kw>
<kw name="Input Text" library="SeleniumLibrary">
<arg>id:u_password</arg>
<arg>${Password}</arg>
<doc>Types the given ``text`` into the text field identified by ``locator``.</doc>
<msg timestamp="20230220 23:20:15.535" level="INFO">Typing text 'suchada' into text field 'id:u_password'.</msg>
<status status="PASS" starttime="20230220 23:20:15.534" endtime="20230220 23:20:15.593"/>
</kw>
<kw name="Click to Login">
<kw name="Sleep" library="BuiltIn">
<arg>2s</arg>
<doc>Pauses the test executed for the given time.</doc>
<msg timestamp="20230220 23:20:17.608" level="INFO">Slept 2 seconds</msg>
<status status="PASS" starttime="20230220 23:20:15.594" endtime="20230220 23:20:17.608"/>
</kw>
<kw name="Click Element" library="SeleniumLibrary">
<arg>//*[@id="loginBtn"]</arg>
<doc>Click the element identified by ``locator``.</doc>
<msg timestamp="20230220 23:20:17.608" level="INFO">Clicking element '//*[@id="loginBtn"]'.</msg>
<status status="PASS" starttime="20230220 23:20:17.608" endtime="20230220 23:20:17.640"/>
</kw>
<status status="PASS" starttime="20230220 23:20:15.594" endtime="20230220 23:20:17.640"/>
</kw>
<kw name="Click Sidebar Resiponse Project">
<kw name="Sleep" library="BuiltIn">
<arg>2s</arg>
<doc>Pauses the test executed for the given time.</doc>
<msg timestamp="20230220 23:20:19.646" level="INFO">Slept 2 seconds</msg>
<status status="PASS" starttime="20230220 23:20:17.641" endtime="20230220 23:20:19.646"/>
</kw>
<kw name="Click Element" library="SeleniumLibrary">
<arg>//*[@id="sidebarnav"]/li[2]/a/i</arg>
<doc>Click the element identified by ``locator``.</doc>
<msg timestamp="20230220 23:20:19.646" level="INFO">Clicking element '//*[@id="sidebarnav"]/li[2]/a/i'.</msg>
<status status="PASS" starttime="20230220 23:20:19.646" endtime="20230220 23:20:19.682"/>
</kw>
<kw name="Sleep" library="BuiltIn">
<arg>1s</arg>
<doc>Pauses the test executed for the given time.</doc>
<msg timestamp="20230220 23:20:20.688" level="INFO">Slept 1 second</msg>
<status status="PASS" starttime="20230220 23:20:19.682" endtime="20230220 23:20:20.688"/>
</kw>
<kw name="Click Element" library="SeleniumLibrary">
<arg>//*[@id="sidebarnav"]/li[2]/ul/li/a</arg>
<doc>Click the element identified by ``locator``.</doc>
<msg timestamp="20230220 23:20:20.688" level="INFO">Clicking element '//*[@id="sidebarnav"]/li[2]/ul/li/a'.</msg>
<status status="PASS" starttime="20230220 23:20:20.688" endtime="20230220 23:20:20.925"/>
</kw>
<status status="PASS" starttime="20230220 23:20:17.641" endtime="20230220 23:20:20.926"/>
</kw>
<kw name="Search Project">
<kw name="Sleep" library="BuiltIn">
<arg>2s</arg>
<doc>Pauses the test executed for the given time.</doc>
<msg timestamp="20230220 23:20:22.939" level="INFO">Slept 2 seconds</msg>
<status status="PASS" starttime="20230220 23:20:20.927" endtime="20230220 23:20:22.939"/>
</kw>
<kw name="Input Text" library="SeleniumLibrary">
<arg>//*[@id="table_filter"]/label/input</arg>
<arg>ระบบจัดการทรัพย์สิน</arg>
<doc>Types the given ``text`` into the text field identified by ``locator``.</doc>
<msg timestamp="20230220 23:20:22.939" level="INFO">Typing text 'ระบบจัดการทรัพย์สิน' into text field '//*[@id="table_filter"]/label/input'.</msg>
<status status="PASS" starttime="20230220 23:20:22.939" endtime="20230220 23:20:23.033"/>
</kw>
<status status="PASS" starttime="20230220 23:20:20.926" endtime="20230220 23:20:23.034"/>
</kw>
<kw name="Click Project Task">
<kw name="Sleep" library="BuiltIn">
<arg>2s</arg>
<doc>Pauses the test executed for the given time.</doc>
<msg timestamp="20230220 23:20:25.048" level="INFO">Slept 2 seconds</msg>
<status status="PASS" starttime="20230220 23:20:23.034" endtime="20230220 23:20:25.048"/>
</kw>
<kw name="Click Element" library="SeleniumLibrary">
<arg>//*[@class="btn btn-tertiary btn-sm"]</arg>
<doc>Click the element identified by ``locator``.</doc>
<msg timestamp="20230220 23:20:25.048" level="INFO">Clicking element '//*[@class="btn btn-tertiary btn-sm"]'.</msg>
<status status="PASS" starttime="20230220 23:20:25.048" endtime="20230220 23:20:25.494"/>
</kw>
<status status="PASS" starttime="20230220 23:20:23.034" endtime="20230220 23:20:25.494"/>
</kw>
<kw name="Click Wrong Button">
<kw name="Sleep" library="BuiltIn">
<arg>2s</arg>
<doc>Pauses the test executed for the given time.</doc>
<msg timestamp="20230220 23:20:27.504" level="INFO">Slept 2 seconds</msg>
<status status="PASS" starttime="20230220 23:20:25.496" endtime="20230220 23:20:27.504"/>
</kw>
<kw name="Click Element" library="SeleniumLibrary">
<arg>//*[@id="edit"]</arg>
<doc>Click the element identified by ``locator``.</doc>
<msg timestamp="20230220 23:20:27.504" level="INFO">Clicking element '//*[@id="edit"]'.</msg>
<status status="PASS" starttime="20230220 23:20:27.504" endtime="20230220 23:20:27.536"/>
</kw>
<status status="PASS" starttime="20230220 23:20:25.496" endtime="20230220 23:20:27.536"/>
</kw>
<kw name="Close Browser Page">
<kw name="Sleep" library="BuiltIn">
<arg>3s</arg>
<doc>Pauses the test executed for the given time.</doc>
<msg timestamp="20230220 23:20:30.545" level="INFO">Slept 3 seconds</msg>
<status status="PASS" starttime="20230220 23:20:27.536" endtime="20230220 23:20:30.545"/>
</kw>
<kw name="Close Browser" library="SeleniumLibrary">
<doc>Closes the current browser.</doc>
<status status="PASS" starttime="20230220 23:20:30.545" endtime="20230220 23:20:32.679"/>
</kw>
<status status="PASS" starttime="20230220 23:20:27.536" endtime="20230220 23:20:32.679"/>
</kw>
<status status="PASS" starttime="20230220 23:20:09.290" endtime="20230220 23:20:32.679"/>
</test>
<status status="PASS" starttime="20230220 23:19:45.731" endtime="20230220 23:20:32.681"/>
</suite>
<statistics>
<total>
<stat pass="2" fail="0" skip="0">All Tests</stat>
</total>
<tag>
</tag>
<suite>
<stat pass="2" fail="0" skip="0" id="s1" name="View Task">View Task</stat>
</suite>
</statistics>
<errors>
</errors>
</robot>
