<?xml version="1.0" encoding="UTF-8"?>
<robot generator="Robot 5.0.1 (Python 3.10.5 on win32)" generated="20230228 22:51:18.959" rpa="false" schemaversion="3">
<suite id="s1" name="Searchprojectinreport" source="C:\xampp\htdocs\automateTestTeam0\Admin\test_report_searchproject\Searchprojectinreport.robot">
<test id="s1-t1" name="Report Project Success" line="36">
<kw name="Open file Excel">
<kw name="Open Excel" library="ExcelRobot">
<arg>C:\\xampp\\htdocs\\automateTestTeam0\\Admin\\test_report_searchproject\\test_data.xlsx</arg>
<doc>Opens the Excel file to read from the path provided in the file path parameter.</doc>
<msg timestamp="20230228 22:51:19.426" level="INFO">Opening file at C:\xampp\htdocs\automateTestTeam0\Admin\test_report_searchproject\test_data.xlsx</msg>
<status status="PASS" starttime="20230228 22:51:19.426" endtime="20230228 22:51:19.429"/>
</kw>
<status status="PASS" starttime="20230228 22:51:19.425" endtime="20230228 22:51:19.429"/>
</kw>
<kw name="Read Cell Data" library="ExcelRobot">
<var>${Username}</var>
<arg>Admin</arg>
<arg>0</arg>
<arg>1</arg>
<doc>Uses the column and row to return the data from that cell.</doc>
<msg timestamp="20230228 22:51:19.429" level="INFO">${Username} = test@gmail.com</msg>
<status status="PASS" starttime="20230228 22:51:19.429" endtime="20230228 22:51:19.429"/>
</kw>
<kw name="Read Cell Data" library="ExcelRobot">
<var>${Password}</var>
<arg>Admin</arg>
<arg>1</arg>
<arg>1</arg>
<doc>Uses the column and row to return the data from that cell.</doc>
<msg timestamp="20230228 22:51:19.430" level="INFO">${Password} = kajorn.n</msg>
<status status="PASS" starttime="20230228 22:51:19.430" endtime="20230228 22:51:19.430"/>
</kw>
<kw name="Open Project Monitoring System">
<kw name="Open Browser" library="SeleniumLibrary">
<arg>${URL}</arg>
<arg>${BROWSER}</arg>
<doc>Opens a new browser instance to the optional ``url``.</doc>
<msg timestamp="20230228 22:51:19.431" level="INFO">Opening browser 'Google Chrome' to base url 'http://dekdee2.informatics.buu.ac.th:9080/team0/'.</msg>
<status status="PASS" starttime="20230228 22:51:19.431" endtime="20230228 22:51:21.338"/>
</kw>
<kw name="Maximize Browser Window" library="SeleniumLibrary">
<doc>Maximizes current browser window.</doc>
<status status="PASS" starttime="20230228 22:51:21.338" endtime="20230228 22:51:21.514"/>
</kw>
<status status="PASS" starttime="20230228 22:51:19.430" endtime="20230228 22:51:21.515"/>
</kw>
<kw name="Click Menu Login">
<kw name="Sleep" library="BuiltIn">
<arg>2s</arg>
<doc>Pauses the test executed for the given time.</doc>
<msg timestamp="20230228 22:51:23.522" level="INFO">Slept 2 seconds</msg>
<status status="PASS" starttime="20230228 22:51:21.519" endtime="20230228 22:51:23.522"/>
</kw>
<kw name="Click Element" library="SeleniumLibrary">
<arg>//*[@class="nav-link waves-effect waves-dark profile-pic fs-5"]</arg>
<doc>Click the element identified by ``locator``.</doc>
<msg timestamp="20230228 22:51:23.524" level="INFO">Clicking element '//*[@class="nav-link waves-effect waves-dark profile-pic fs-5"]'.</msg>
<status status="PASS" starttime="20230228 22:51:23.522" endtime="20230228 22:51:23.558"/>
</kw>
<status status="PASS" starttime="20230228 22:51:21.517" endtime="20230228 22:51:23.558"/>
</kw>
<kw name="Sleep" library="BuiltIn">
<arg>2s</arg>
<doc>Pauses the test executed for the given time.</doc>
<msg timestamp="20230228 22:51:25.571" level="INFO">Slept 2 seconds</msg>
<status status="PASS" starttime="20230228 22:51:23.559" endtime="20230228 22:51:25.571"/>
</kw>
<kw name="Input Text" library="SeleniumLibrary">
<arg>id:u_email</arg>
<arg>${Username}</arg>
<doc>Types the given ``text`` into the text field identified by ``locator``.</doc>
<msg timestamp="20230228 22:51:25.571" level="INFO">Typing text 'test@gmail.com' into text field 'id:u_email'.</msg>
<status status="PASS" starttime="20230228 22:51:25.571" endtime="20230228 22:51:25.642"/>
</kw>
<kw name="Sleep" library="BuiltIn">
<arg>2s</arg>
<doc>Pauses the test executed for the given time.</doc>
<msg timestamp="20230228 22:51:27.646" level="INFO">Slept 2 seconds</msg>
<status status="PASS" starttime="20230228 22:51:25.642" endtime="20230228 22:51:27.646"/>
</kw>
<kw name="Input Text" library="SeleniumLibrary">
<arg>id:u_password</arg>
<arg>${Password}</arg>
<doc>Types the given ``text`` into the text field identified by ``locator``.</doc>
<msg timestamp="20230228 22:51:27.647" level="INFO">Typing text 'kajorn.n' into text field 'id:u_password'.</msg>
<status status="PASS" starttime="20230228 22:51:27.646" endtime="20230228 22:51:27.718"/>
</kw>
<kw name="Click to Login">
<kw name="Sleep" library="BuiltIn">
<arg>2s</arg>
<doc>Pauses the test executed for the given time.</doc>
<msg timestamp="20230228 22:51:29.731" level="INFO">Slept 2 seconds</msg>
<status status="PASS" starttime="20230228 22:51:27.718" endtime="20230228 22:51:29.731"/>
</kw>
<kw name="Click Element" library="SeleniumLibrary">
<arg>//*[@id="loginBtn"]</arg>
<doc>Click the element identified by ``locator``.</doc>
<msg timestamp="20230228 22:51:29.732" level="INFO">Clicking element '//*[@id="loginBtn"]'.</msg>
<status status="PASS" starttime="20230228 22:51:29.731" endtime="20230228 22:51:29.765"/>
</kw>
<status status="PASS" starttime="20230228 22:51:27.718" endtime="20230228 22:51:29.765"/>
</kw>
<kw name="Click Sidebar Resiponse Project">
<kw name="Sleep" library="BuiltIn">
<arg>2s</arg>
<doc>Pauses the test executed for the given time.</doc>
<msg timestamp="20230228 22:51:31.778" level="INFO">Slept 2 seconds</msg>
<status status="PASS" starttime="20230228 22:51:29.766" endtime="20230228 22:51:31.778"/>
</kw>
<kw name="Click Element" library="SeleniumLibrary">
<arg>//*[@id="sidebarnav"]/li[3]/a/i</arg>
<doc>Click the element identified by ``locator``.</doc>
<msg timestamp="20230228 22:51:31.778" level="INFO">Clicking element '//*[@id="sidebarnav"]/li[3]/a/i'.</msg>
<status status="PASS" starttime="20230228 22:51:31.778" endtime="20230228 22:51:31.815"/>
</kw>
<kw name="Click Element" library="SeleniumLibrary">
<arg>//*[@id="sidebarnav"]/li[3]/ul/li[1]/a</arg>
<doc>Click the element identified by ``locator``.</doc>
<msg timestamp="20230228 22:51:31.815" level="INFO">Clicking element '//*[@id="sidebarnav"]/li[3]/ul/li[1]/a'.</msg>
<status status="PASS" starttime="20230228 22:51:31.815" endtime="20230228 22:51:32.264"/>
</kw>
<status status="PASS" starttime="20230228 22:51:29.766" endtime="20230228 22:51:32.266"/>
</kw>
<kw name="View Project">
<kw name="Sleep" library="BuiltIn">
<arg>1s</arg>
<doc>Pauses the test executed for the given time.</doc>
<msg timestamp="20230228 22:51:33.273" level="INFO">Slept 1 second</msg>
<status status="PASS" starttime="20230228 22:51:32.270" endtime="20230228 22:51:33.273"/>
</kw>
<kw name="Execute Javascript" library="SeleniumLibrary">
<arg>window.scrollTo(0, window.scrollY+750)</arg>
<doc>Executes the given JavaScript code with possible arguments.</doc>
<msg timestamp="20230228 22:51:33.274" level="INFO">Executing JavaScript:
window.scrollTo(0, window.scrollY+750)
Without any arguments.</msg>
<status status="PASS" starttime="20230228 22:51:33.274" endtime="20230228 22:51:33.280"/>
</kw>
<status status="PASS" starttime="20230228 22:51:32.268" endtime="20230228 22:51:33.281"/>
</kw>
<kw name="Serch Project">
<kw name="Sleep" library="BuiltIn">
<arg>2s</arg>
<doc>Pauses the test executed for the given time.</doc>
<msg timestamp="20230228 22:51:35.284" level="INFO">Slept 2 seconds</msg>
<status status="PASS" starttime="20230228 22:51:33.281" endtime="20230228 22:51:35.284"/>
</kw>
<kw name="Input Text" library="SeleniumLibrary">
<arg>//*[@id="table_filter"]/label/input</arg>
<arg>บุญเติม</arg>
<doc>Types the given ``text`` into the text field identified by ``locator``.</doc>
<msg timestamp="20230228 22:51:35.285" level="INFO">Typing text 'บุญเติม' into text field '//*[@id="table_filter"]/label/input'.</msg>
<status status="PASS" starttime="20230228 22:51:35.284" endtime="20230228 22:51:35.384"/>
</kw>
<status status="PASS" starttime="20230228 22:51:33.281" endtime="20230228 22:51:35.384"/>
</kw>
<kw name="Close Browser Page">
<kw name="Sleep" library="BuiltIn">
<arg>3s</arg>
<doc>Pauses the test executed for the given time.</doc>
<msg timestamp="20230228 22:51:38.395" level="INFO">Slept 3 seconds</msg>
<status status="PASS" starttime="20230228 22:51:35.385" endtime="20230228 22:51:38.395"/>
</kw>
<kw name="Close Browser" library="SeleniumLibrary">
<doc>Closes the current browser.</doc>
<status status="PASS" starttime="20230228 22:51:38.395" endtime="20230228 22:51:40.542"/>
</kw>
<status status="PASS" starttime="20230228 22:51:35.385" endtime="20230228 22:51:40.542"/>
</kw>
<status status="PASS" starttime="20230228 22:51:19.425" endtime="20230228 22:51:40.543"/>
</test>
<status status="PASS" starttime="20230228 22:51:18.960" endtime="20230228 22:51:40.544"/>
</suite>
<statistics>
<total>
<stat pass="1" fail="0" skip="0">All Tests</stat>
</total>
<tag>
</tag>
<suite>
<stat pass="1" fail="0" skip="0" id="s1" name="Searchprojectinreport">Searchprojectinreport</stat>
</suite>
</statistics>
<errors>
</errors>
</robot>
