<?xml version="1.0" encoding="UTF-8"?>
<robot generator="Robot 5.0.1 (Python 3.10.5 on win32)" generated="20230220 22:42:19.156" rpa="false" schemaversion="3">
<suite id="s1" name="TestSuspendedEmployee" source="C:\xampp\htdocs\automateTestTeam0\admin\test_suspended_employee\TestSuspendedEmployee.robot">
<test id="s1-t1" name="Suspended Success" line="80">
<kw name="Open file Excel">
<kw name="Open Excel" library="ExcelRobot">
<arg>C:\\xampp\\htdocs\\automateTestTeam0\\admin\\test_suspended_employee\\test_data.xlsx</arg>
<doc>Opens the Excel file to read from the path provided in the file path parameter.</doc>
<msg timestamp="20230220 22:42:19.566" level="INFO">Opening file at C:\xampp\htdocs\automateTestTeam0\admin\test_suspended_employee\test_data.xlsx</msg>
<status status="PASS" starttime="20230220 22:42:19.566" endtime="20230220 22:42:19.569"/>
</kw>
<status status="PASS" starttime="20230220 22:42:19.566" endtime="20230220 22:42:19.569"/>
</kw>
<kw name="Read Cell Data" library="ExcelRobot">
<var>${Username}</var>
<arg>Admin</arg>
<arg>0</arg>
<arg>1</arg>
<doc>Uses the column and row to return the data from that cell.</doc>
<msg timestamp="20230220 22:42:19.570" level="INFO">${Username} = test@gmail.com</msg>
<status status="PASS" starttime="20230220 22:42:19.570" endtime="20230220 22:42:19.570"/>
</kw>
<kw name="Read Cell Data" library="ExcelRobot">
<var>${Password}</var>
<arg>Admin</arg>
<arg>1</arg>
<arg>1</arg>
<doc>Uses the column and row to return the data from that cell.</doc>
<msg timestamp="20230220 22:42:19.571" level="INFO">${Password} = kajorn.n</msg>
<status status="PASS" starttime="20230220 22:42:19.570" endtime="20230220 22:42:19.571"/>
</kw>
<kw name="Open Project Monitoring System">
<kw name="Open Browser" library="SeleniumLibrary">
<arg>${URL}</arg>
<arg>${BROWSER}</arg>
<doc>Opens a new browser instance to the optional ``url``.</doc>
<msg timestamp="20230220 22:42:19.571" level="INFO">Opening browser 'Google Chrome' to base url 'http://dekdee2.informatics.buu.ac.th:9080/team0/'.</msg>
<status status="PASS" starttime="20230220 22:42:19.571" endtime="20230220 22:42:21.365"/>
</kw>
<kw name="Maximize Browser Window" library="SeleniumLibrary">
<doc>Maximizes current browser window.</doc>
<status status="PASS" starttime="20230220 22:42:21.365" endtime="20230220 22:42:21.507"/>
</kw>
<status status="PASS" starttime="20230220 22:42:19.571" endtime="20230220 22:42:21.508"/>
</kw>
<kw name="Click Menu Login">
<kw name="Sleep" library="BuiltIn">
<arg>2s</arg>
<doc>Pauses the test executed for the given time.</doc>
<msg timestamp="20230220 22:42:23.520" level="INFO">Slept 2 seconds</msg>
<status status="PASS" starttime="20230220 22:42:21.510" endtime="20230220 22:42:23.520"/>
</kw>
<kw name="Click Element" library="SeleniumLibrary">
<arg>//*[@class="nav-link waves-effect waves-dark profile-pic fs-5"]</arg>
<doc>Click the element identified by ``locator``.</doc>
<msg timestamp="20230220 22:42:23.520" level="INFO">Clicking element '//*[@class="nav-link waves-effect waves-dark profile-pic fs-5"]'.</msg>
<status status="PASS" starttime="20230220 22:42:23.520" endtime="20230220 22:42:23.552"/>
</kw>
<status status="PASS" starttime="20230220 22:42:21.509" endtime="20230220 22:42:23.552"/>
</kw>
<kw name="Sleep" library="BuiltIn">
<arg>1s</arg>
<doc>Pauses the test executed for the given time.</doc>
<msg timestamp="20230220 22:42:24.566" level="INFO">Slept 1 second</msg>
<status status="PASS" starttime="20230220 22:42:23.553" endtime="20230220 22:42:24.566"/>
</kw>
<kw name="Input Text" library="SeleniumLibrary">
<arg>id:u_email</arg>
<arg>${Username}</arg>
<doc>Types the given ``text`` into the text field identified by ``locator``.</doc>
<msg timestamp="20230220 22:42:24.567" level="INFO">Typing text 'test@gmail.com' into text field 'id:u_email'.</msg>
<status status="PASS" starttime="20230220 22:42:24.566" endtime="20230220 22:42:24.635"/>
</kw>
<kw name="Input Text" library="SeleniumLibrary">
<arg>id:u_password</arg>
<arg>${Password}</arg>
<doc>Types the given ``text`` into the text field identified by ``locator``.</doc>
<msg timestamp="20230220 22:42:24.636" level="INFO">Typing text 'kajorn.n' into text field 'id:u_password'.</msg>
<status status="PASS" starttime="20230220 22:42:24.636" endtime="20230220 22:42:24.696"/>
</kw>
<kw name="Click to Login">
<kw name="Sleep" library="BuiltIn">
<arg>2s</arg>
<doc>Pauses the test executed for the given time.</doc>
<msg timestamp="20230220 22:42:26.711" level="INFO">Slept 2 seconds</msg>
<status status="PASS" starttime="20230220 22:42:24.696" endtime="20230220 22:42:26.711"/>
</kw>
<kw name="Click Element" library="SeleniumLibrary">
<arg>//*[@id="loginBtn"]</arg>
<doc>Click the element identified by ``locator``.</doc>
<msg timestamp="20230220 22:42:26.711" level="INFO">Clicking element '//*[@id="loginBtn"]'.</msg>
<status status="PASS" starttime="20230220 22:42:26.711" endtime="20230220 22:42:26.742"/>
</kw>
<status status="PASS" starttime="20230220 22:42:24.696" endtime="20230220 22:42:26.742"/>
</kw>
<kw name="Click Sidebar Resiponse Project">
<kw name="Sleep" library="BuiltIn">
<arg>2s</arg>
<doc>Pauses the test executed for the given time.</doc>
<msg timestamp="20230220 22:42:28.753" level="INFO">Slept 2 seconds</msg>
<status status="PASS" starttime="20230220 22:42:26.743" endtime="20230220 22:42:28.753"/>
</kw>
<kw name="Click Element" library="SeleniumLibrary">
<arg>//*[@id="main-wrapper"]/header/nav/div[2]/ul[1]/li[2]/a</arg>
<doc>Click the element identified by ``locator``.</doc>
<msg timestamp="20230220 22:42:28.753" level="INFO">Clicking element '//*[@id="main-wrapper"]/header/nav/div[2]/ul[1]/li[2]/a'.</msg>
<status status="PASS" starttime="20230220 22:42:28.753" endtime="20230220 22:42:28.791"/>
</kw>
<kw name="Click Element" library="SeleniumLibrary">
<arg>//*[@id="sidebarnav"]/li[4]/a</arg>
<doc>Click the element identified by ``locator``.</doc>
<msg timestamp="20230220 22:42:28.792" level="INFO">Clicking element '//*[@id="sidebarnav"]/li[4]/a'.</msg>
<status status="PASS" starttime="20230220 22:42:28.792" endtime="20230220 22:42:28.827"/>
</kw>
<kw name="Click Element" library="SeleniumLibrary">
<arg>//*[@id="sidebarnav"]/li[4]/ul/li[1]</arg>
<doc>Click the element identified by ``locator``.</doc>
<msg timestamp="20230220 22:42:28.827" level="INFO">Clicking element '//*[@id="sidebarnav"]/li[4]/ul/li[1]'.</msg>
<status status="PASS" starttime="20230220 22:42:28.827" endtime="20230220 22:42:29.175"/>
</kw>
<status status="PASS" starttime="20230220 22:42:26.743" endtime="20230220 22:42:29.176"/>
</kw>
<kw name="Click Suspended Employee">
<kw name="Get WebElement" library="SeleniumLibrary">
<var>${BG}</var>
<arg>//*[@id="status31"]</arg>
<doc>Returns the first WebElement matching the given ``locator``.</doc>
<msg timestamp="20230220 22:42:29.228" level="INFO">${BG} = &lt;selenium.webdriver.remote.webelement.WebElement (session="a22727efc3cb301894342dba4e66dc35", element="2295dc3b-6fff-4147-9a7f-7a9f7b73e1e2")&gt;</msg>
<status status="PASS" starttime="20230220 22:42:29.177" endtime="20230220 22:42:29.228"/>
</kw>
<kw name="Call Method" library="BuiltIn">
<var>${bg color}</var>
<arg>${BG}</arg>
<arg>value_of_css_property</arg>
<arg>background-color</arg>
<doc>Calls the named method of the given object with the provided arguments.</doc>
<msg timestamp="20230220 22:42:29.288" level="INFO">${bg color} = rgba(3, 169, 243, 1)</msg>
<status status="PASS" starttime="20230220 22:42:29.230" endtime="20230220 22:42:29.288"/>
</kw>
<kw name="Run Keyword If" library="BuiltIn">
<arg>'${bg color}' == 'rgba(3, 169, 243, 1)'</arg>
<arg>Click Element</arg>
<arg>//*[@id="status31"]</arg>
<doc>Runs the given keyword with the given arguments, if ``condition`` is true.</doc>
<kw name="Click Element" library="SeleniumLibrary">
<arg>//*[@id="status31"]</arg>
<doc>Click the element identified by ``locator``.</doc>
<msg timestamp="20230220 22:42:29.288" level="INFO">Clicking element '//*[@id="status31"]'.</msg>
<status status="PASS" starttime="20230220 22:42:29.288" endtime="20230220 22:42:29.493"/>
</kw>
<status status="PASS" starttime="20230220 22:42:29.288" endtime="20230220 22:42:29.493"/>
</kw>
<status status="PASS" starttime="20230220 22:42:29.176" endtime="20230220 22:42:29.493"/>
</kw>
<kw name="Close Browser Page">
<kw name="Sleep" library="BuiltIn">
<arg>3s</arg>
<doc>Pauses the test executed for the given time.</doc>
<msg timestamp="20230220 22:42:32.497" level="INFO">Slept 3 seconds</msg>
<status status="PASS" starttime="20230220 22:42:29.493" endtime="20230220 22:42:32.497"/>
</kw>
<kw name="Close Browser" library="SeleniumLibrary">
<doc>Closes the current browser.</doc>
<status status="PASS" starttime="20230220 22:42:32.497" endtime="20230220 22:42:34.634"/>
</kw>
<status status="PASS" starttime="20230220 22:42:29.493" endtime="20230220 22:42:34.634"/>
</kw>
<status status="PASS" starttime="20230220 22:42:19.565" endtime="20230220 22:42:34.635"/>
</test>
<test id="s1-t2" name="Suspended Wrong Because Don't Click Suspended" line="93">
<kw name="Open file Excel">
<kw name="Open Excel" library="ExcelRobot">
<arg>C:\\xampp\\htdocs\\automateTestTeam0\\admin\\test_suspended_employee\\test_data.xlsx</arg>
<doc>Opens the Excel file to read from the path provided in the file path parameter.</doc>
<msg timestamp="20230220 22:42:34.637" level="INFO">Opening file at C:\xampp\htdocs\automateTestTeam0\admin\test_suspended_employee\test_data.xlsx</msg>
<status status="PASS" starttime="20230220 22:42:34.637" endtime="20230220 22:42:34.639"/>
</kw>
<status status="PASS" starttime="20230220 22:42:34.635" endtime="20230220 22:42:34.639"/>
</kw>
<kw name="Read Cell Data" library="ExcelRobot">
<var>${Username}</var>
<arg>Admin</arg>
<arg>0</arg>
<arg>1</arg>
<doc>Uses the column and row to return the data from that cell.</doc>
<msg timestamp="20230220 22:42:34.640" level="INFO">${Username} = test@gmail.com</msg>
<status status="PASS" starttime="20230220 22:42:34.640" endtime="20230220 22:42:34.640"/>
</kw>
<kw name="Read Cell Data" library="ExcelRobot">
<var>${Password}</var>
<arg>Admin</arg>
<arg>1</arg>
<arg>1</arg>
<doc>Uses the column and row to return the data from that cell.</doc>
<msg timestamp="20230220 22:42:34.640" level="INFO">${Password} = kajorn.n</msg>
<status status="PASS" starttime="20230220 22:42:34.640" endtime="20230220 22:42:34.640"/>
</kw>
<kw name="Open Project Monitoring System">
<kw name="Open Browser" library="SeleniumLibrary">
<arg>${URL}</arg>
<arg>${BROWSER}</arg>
<doc>Opens a new browser instance to the optional ``url``.</doc>
<msg timestamp="20230220 22:42:34.642" level="INFO">Opening browser 'Google Chrome' to base url 'http://dekdee2.informatics.buu.ac.th:9080/team0/'.</msg>
<status status="PASS" starttime="20230220 22:42:34.642" endtime="20230220 22:42:36.652"/>
</kw>
<kw name="Maximize Browser Window" library="SeleniumLibrary">
<doc>Maximizes current browser window.</doc>
<status status="PASS" starttime="20230220 22:42:36.652" endtime="20230220 22:42:36.808"/>
</kw>
<status status="PASS" starttime="20230220 22:42:34.640" endtime="20230220 22:42:36.808"/>
</kw>
<kw name="Click Menu Login">
<kw name="Sleep" library="BuiltIn">
<arg>2s</arg>
<doc>Pauses the test executed for the given time.</doc>
<msg timestamp="20230220 22:42:38.816" level="INFO">Slept 2 seconds</msg>
<status status="PASS" starttime="20230220 22:42:36.811" endtime="20230220 22:42:38.816"/>
</kw>
<kw name="Click Element" library="SeleniumLibrary">
<arg>//*[@class="nav-link waves-effect waves-dark profile-pic fs-5"]</arg>
<doc>Click the element identified by ``locator``.</doc>
<msg timestamp="20230220 22:42:38.816" level="INFO">Clicking element '//*[@class="nav-link waves-effect waves-dark profile-pic fs-5"]'.</msg>
<status status="PASS" starttime="20230220 22:42:38.816" endtime="20230220 22:42:38.846"/>
</kw>
<status status="PASS" starttime="20230220 22:42:36.810" endtime="20230220 22:42:38.846"/>
</kw>
<kw name="Sleep" library="BuiltIn">
<arg>1s</arg>
<doc>Pauses the test executed for the given time.</doc>
<msg timestamp="20230220 22:42:39.861" level="INFO">Slept 1 second</msg>
<status status="PASS" starttime="20230220 22:42:38.848" endtime="20230220 22:42:39.861"/>
</kw>
<kw name="Input Text" library="SeleniumLibrary">
<arg>id:u_email</arg>
<arg>${Username}</arg>
<doc>Types the given ``text`` into the text field identified by ``locator``.</doc>
<msg timestamp="20230220 22:42:39.862" level="INFO">Typing text 'test@gmail.com' into text field 'id:u_email'.</msg>
<status status="PASS" starttime="20230220 22:42:39.861" endtime="20230220 22:42:39.930"/>
</kw>
<kw name="Input Text" library="SeleniumLibrary">
<arg>id:u_password</arg>
<arg>${Password}</arg>
<doc>Types the given ``text`` into the text field identified by ``locator``.</doc>
<msg timestamp="20230220 22:42:39.931" level="INFO">Typing text 'kajorn.n' into text field 'id:u_password'.</msg>
<status status="PASS" starttime="20230220 22:42:39.931" endtime="20230220 22:42:40.000"/>
</kw>
<kw name="Click to Login">
<kw name="Sleep" library="BuiltIn">
<arg>2s</arg>
<doc>Pauses the test executed for the given time.</doc>
<msg timestamp="20230220 22:42:42.004" level="INFO">Slept 2 seconds</msg>
<status status="PASS" starttime="20230220 22:42:40.002" endtime="20230220 22:42:42.004"/>
</kw>
<kw name="Click Element" library="SeleniumLibrary">
<arg>//*[@id="loginBtn"]</arg>
<doc>Click the element identified by ``locator``.</doc>
<msg timestamp="20230220 22:42:42.004" level="INFO">Clicking element '//*[@id="loginBtn"]'.</msg>
<status status="PASS" starttime="20230220 22:42:42.004" endtime="20230220 22:42:42.036"/>
</kw>
<status status="PASS" starttime="20230220 22:42:40.001" endtime="20230220 22:42:42.036"/>
</kw>
<kw name="Click Sidebar Resiponse Project">
<kw name="Sleep" library="BuiltIn">
<arg>2s</arg>
<doc>Pauses the test executed for the given time.</doc>
<msg timestamp="20230220 22:42:44.047" level="INFO">Slept 2 seconds</msg>
<status status="PASS" starttime="20230220 22:42:42.037" endtime="20230220 22:42:44.047"/>
</kw>
<kw name="Click Element" library="SeleniumLibrary">
<arg>//*[@id="main-wrapper"]/header/nav/div[2]/ul[1]/li[2]/a</arg>
<doc>Click the element identified by ``locator``.</doc>
<msg timestamp="20230220 22:42:44.047" level="INFO">Clicking element '//*[@id="main-wrapper"]/header/nav/div[2]/ul[1]/li[2]/a'.</msg>
<status status="PASS" starttime="20230220 22:42:44.047" endtime="20230220 22:42:44.084"/>
</kw>
<kw name="Click Element" library="SeleniumLibrary">
<arg>//*[@id="sidebarnav"]/li[4]/a</arg>
<doc>Click the element identified by ``locator``.</doc>
<msg timestamp="20230220 22:42:44.087" level="INFO">Clicking element '//*[@id="sidebarnav"]/li[4]/a'.</msg>
<status status="PASS" starttime="20230220 22:42:44.085" endtime="20230220 22:42:44.146"/>
</kw>
<kw name="Click Element" library="SeleniumLibrary">
<arg>//*[@id="sidebarnav"]/li[4]/ul/li[1]</arg>
<doc>Click the element identified by ``locator``.</doc>
<msg timestamp="20230220 22:42:44.146" level="INFO">Clicking element '//*[@id="sidebarnav"]/li[4]/ul/li[1]'.</msg>
<status status="PASS" starttime="20230220 22:42:44.146" endtime="20230220 22:42:44.555"/>
</kw>
<status status="PASS" starttime="20230220 22:42:42.037" endtime="20230220 22:42:44.555"/>
</kw>
<kw name="Close Browser Page">
<kw name="Sleep" library="BuiltIn">
<arg>3s</arg>
<doc>Pauses the test executed for the given time.</doc>
<msg timestamp="20230220 22:42:47.570" level="INFO">Slept 3 seconds</msg>
<status status="PASS" starttime="20230220 22:42:44.556" endtime="20230220 22:42:47.570"/>
</kw>
<kw name="Close Browser" library="SeleniumLibrary">
<doc>Closes the current browser.</doc>
<status status="PASS" starttime="20230220 22:42:47.570" endtime="20230220 22:42:49.706"/>
</kw>
<status status="PASS" starttime="20230220 22:42:44.556" endtime="20230220 22:42:49.706"/>
</kw>
<status status="PASS" starttime="20230220 22:42:34.635" endtime="20230220 22:42:49.707"/>
</test>
<status status="PASS" starttime="20230220 22:42:19.158" endtime="20230220 22:42:49.707"/>
</suite>
<statistics>
<total>
<stat pass="2" fail="0" skip="0">All Tests</stat>
</total>
<tag>
</tag>
<suite>
<stat pass="2" fail="0" skip="0" id="s1" name="TestSuspendedEmployee">TestSuspendedEmployee</stat>
</suite>
</statistics>
<errors>
</errors>
</robot>
