<?xml version="1.0" encoding="UTF-8"?>
<robot generator="Robot 5.0.1 (Python 3.10.5 on win32)" generated="20230216 22:57:32.228" rpa="false" schemaversion="3">
<suite id="s1" name="TestSuspendedEmployee" source="C:\xampp\htdocs\automateTestTeam0\Admin\test_suspended_employee\TestSuspendedEmployee.robot">
<test id="s1-t1" name="Suspended Success" line="80">
<kw name="Open file Excel">
<kw name="Open Excel" library="ExcelRobot">
<arg>C:\\xampp\\htdocs\\automateTestTeam0\\Admin\\test_suspended_employee\\test_data.xlsx</arg>
<doc>Opens the Excel file to read from the path provided in the file path parameter.</doc>
<msg timestamp="20230216 22:57:32.679" level="INFO">Opening file at C:\xampp\htdocs\automateTestTeam0\Admin\test_suspended_employee\test_data.xlsx</msg>
<status status="PASS" starttime="20230216 22:57:32.679" endtime="20230216 22:57:32.683"/>
</kw>
<status status="PASS" starttime="20230216 22:57:32.679" endtime="20230216 22:57:32.683"/>
</kw>
<kw name="Read Cell Data" library="ExcelRobot">
<var>${Username}</var>
<arg>Admin</arg>
<arg>0</arg>
<arg>1</arg>
<doc>Uses the column and row to return the data from that cell.</doc>
<msg timestamp="20230216 22:57:32.683" level="INFO">${Username} = test@gmail.com</msg>
<status status="PASS" starttime="20230216 22:57:32.683" endtime="20230216 22:57:32.683"/>
</kw>
<kw name="Read Cell Data" library="ExcelRobot">
<var>${Password}</var>
<arg>Admin</arg>
<arg>1</arg>
<arg>1</arg>
<doc>Uses the column and row to return the data from that cell.</doc>
<msg timestamp="20230216 22:57:32.684" level="INFO">${Password} = kajorn.n</msg>
<status status="PASS" starttime="20230216 22:57:32.684" endtime="20230216 22:57:32.684"/>
</kw>
<kw name="Open Project Monitoring System">
<kw name="Open Browser" library="SeleniumLibrary">
<arg>${URL}</arg>
<arg>${BROWSER}</arg>
<doc>Opens a new browser instance to the optional ``url``.</doc>
<msg timestamp="20230216 22:57:32.685" level="INFO">Opening browser 'Google Chrome' to base url 'http://dekdee2.informatics.buu.ac.th:9080/team0/'.</msg>
<status status="PASS" starttime="20230216 22:57:32.684" endtime="20230216 22:57:34.699"/>
</kw>
<kw name="Maximize Browser Window" library="SeleniumLibrary">
<doc>Maximizes current browser window.</doc>
<status status="PASS" starttime="20230216 22:57:34.699" endtime="20230216 22:57:34.882"/>
</kw>
<status status="PASS" starttime="20230216 22:57:32.684" endtime="20230216 22:57:34.883"/>
</kw>
<kw name="Click Menu Login">
<kw name="Sleep" library="BuiltIn">
<arg>2s</arg>
<doc>Pauses the test executed for the given time.</doc>
<msg timestamp="20230216 22:57:36.887" level="INFO">Slept 2 seconds</msg>
<status status="PASS" starttime="20230216 22:57:34.884" endtime="20230216 22:57:36.887"/>
</kw>
<kw name="Click Element" library="SeleniumLibrary">
<arg>//*[@class="nav-link waves-effect waves-dark profile-pic fs-5"]</arg>
<doc>Click the element identified by ``locator``.</doc>
<msg timestamp="20230216 22:57:36.888" level="INFO">Clicking element '//*[@class="nav-link waves-effect waves-dark profile-pic fs-5"]'.</msg>
<status status="PASS" starttime="20230216 22:57:36.888" endtime="20230216 22:57:36.921"/>
</kw>
<status status="PASS" starttime="20230216 22:57:34.883" endtime="20230216 22:57:36.921"/>
</kw>
<kw name="Input Text" library="SeleniumLibrary">
<arg>id:u_email</arg>
<arg>${Username}</arg>
<doc>Types the given ``text`` into the text field identified by ``locator``.</doc>
<msg timestamp="20230216 22:57:36.922" level="INFO">Typing text 'test@gmail.com' into text field 'id:u_email'.</msg>
<status status="PASS" starttime="20230216 22:57:36.922" endtime="20230216 22:57:37.042"/>
</kw>
<kw name="Input Text" library="SeleniumLibrary">
<arg>id:u_password</arg>
<arg>${Password}</arg>
<doc>Types the given ``text`` into the text field identified by ``locator``.</doc>
<msg timestamp="20230216 22:57:37.043" level="INFO">Typing text 'kajorn.n' into text field 'id:u_password'.</msg>
<status status="PASS" starttime="20230216 22:57:37.042" endtime="20230216 22:57:37.110"/>
</kw>
<kw name="Click to Login">
<kw name="Sleep" library="BuiltIn">
<arg>2s</arg>
<doc>Pauses the test executed for the given time.</doc>
<msg timestamp="20230216 22:57:39.113" level="INFO">Slept 2 seconds</msg>
<status status="PASS" starttime="20230216 22:57:37.111" endtime="20230216 22:57:39.113"/>
</kw>
<kw name="Click Element" library="SeleniumLibrary">
<arg>//*[@id="loginBtn"]</arg>
<doc>Click the element identified by ``locator``.</doc>
<msg timestamp="20230216 22:57:39.114" level="INFO">Clicking element '//*[@id="loginBtn"]'.</msg>
<status status="PASS" starttime="20230216 22:57:39.113" endtime="20230216 22:57:39.144"/>
</kw>
<status status="PASS" starttime="20230216 22:57:37.110" endtime="20230216 22:57:39.146"/>
</kw>
<kw name="Click Sidebar Resiponse Project">
<kw name="Sleep" library="BuiltIn">
<arg>2s</arg>
<doc>Pauses the test executed for the given time.</doc>
<msg timestamp="20230216 22:57:41.146" level="INFO">Slept 2 seconds</msg>
<status status="PASS" starttime="20230216 22:57:39.146" endtime="20230216 22:57:41.146"/>
</kw>
<kw name="Click Element" library="SeleniumLibrary">
<arg>//*[@id="main-wrapper"]/header/nav/div[2]/ul[1]/li[2]/a</arg>
<doc>Click the element identified by ``locator``.</doc>
<msg timestamp="20230216 22:57:41.146" level="INFO">Clicking element '//*[@id="main-wrapper"]/header/nav/div[2]/ul[1]/li[2]/a'.</msg>
<status status="PASS" starttime="20230216 22:57:41.146" endtime="20230216 22:57:41.192"/>
</kw>
<kw name="Click Element" library="SeleniumLibrary">
<arg>//*[@id="sidebarnav"]/li[4]/a</arg>
<doc>Click the element identified by ``locator``.</doc>
<msg timestamp="20230216 22:57:41.195" level="INFO">Clicking element '//*[@id="sidebarnav"]/li[4]/a'.</msg>
<status status="PASS" starttime="20230216 22:57:41.193" endtime="20230216 22:57:41.277"/>
</kw>
<kw name="Click Element" library="SeleniumLibrary">
<arg>//*[@id="sidebarnav"]/li[4]/ul/li[1]</arg>
<doc>Click the element identified by ``locator``.</doc>
<msg timestamp="20230216 22:57:41.278" level="INFO">Clicking element '//*[@id="sidebarnav"]/li[4]/ul/li[1]'.</msg>
<status status="PASS" starttime="20230216 22:57:41.277" endtime="20230216 22:57:41.805"/>
</kw>
<status status="PASS" starttime="20230216 22:57:39.146" endtime="20230216 22:57:41.805"/>
</kw>
<kw name="Click Suspended Employee">
<kw name="Get WebElement" library="SeleniumLibrary">
<var>${BG}</var>
<arg>//*[@id="status31"]</arg>
<doc>Returns the first WebElement matching the given ``locator``.</doc>
<msg timestamp="20230216 22:57:41.840" level="INFO">${BG} = &lt;selenium.webdriver.remote.webelement.WebElement (session="78f9ec8342dd759e7e5f6aca6de1a603", element="b110fa54-5b7f-4c9f-af86-096e89ce7be6")&gt;</msg>
<status status="PASS" starttime="20230216 22:57:41.806" endtime="20230216 22:57:41.840"/>
</kw>
<kw name="Call Method" library="BuiltIn">
<var>${bg color}</var>
<arg>${BG}</arg>
<arg>value_of_css_property</arg>
<arg>background-color</arg>
<doc>Calls the named method of the given object with the provided arguments.</doc>
<msg timestamp="20230216 22:57:41.862" level="INFO">${bg color} = rgba(3, 169, 243, 1)</msg>
<status status="PASS" starttime="20230216 22:57:41.840" endtime="20230216 22:57:41.862"/>
</kw>
<kw name="Run Keyword If" library="BuiltIn">
<arg>'${bg color}' == 'rgba(3, 169, 243, 1)'</arg>
<arg>Click Element</arg>
<arg>//*[@id="status31"]</arg>
<doc>Runs the given keyword with the given arguments, if ``condition`` is true.</doc>
<kw name="Click Element" library="SeleniumLibrary">
<arg>//*[@id="status31"]</arg>
<doc>Click the element identified by ``locator``.</doc>
<msg timestamp="20230216 22:57:41.863" level="INFO">Clicking element '//*[@id="status31"]'.</msg>
<status status="PASS" starttime="20230216 22:57:41.862" endtime="20230216 22:57:42.228"/>
</kw>
<status status="PASS" starttime="20230216 22:57:41.862" endtime="20230216 22:57:42.228"/>
</kw>
<status status="PASS" starttime="20230216 22:57:41.805" endtime="20230216 22:57:42.228"/>
</kw>
<kw name="Close Browser Page">
<kw name="Sleep" library="BuiltIn">
<arg>3s</arg>
<doc>Pauses the test executed for the given time.</doc>
<msg timestamp="20230216 22:57:45.231" level="INFO">Slept 3 seconds</msg>
<status status="PASS" starttime="20230216 22:57:42.229" endtime="20230216 22:57:45.231"/>
</kw>
<kw name="Close Browser" library="SeleniumLibrary">
<doc>Closes the current browser.</doc>
<status status="PASS" starttime="20230216 22:57:45.231" endtime="20230216 22:57:47.374"/>
</kw>
<status status="PASS" starttime="20230216 22:57:42.228" endtime="20230216 22:57:47.374"/>
</kw>
<status status="PASS" starttime="20230216 22:57:32.678" endtime="20230216 22:57:47.375"/>
</test>
<test id="s1-t2" name="Suspended Wrong Because Don't Click Suspended" line="92">
<kw name="Open file Excel">
<kw name="Open Excel" library="ExcelRobot">
<arg>C:\\xampp\\htdocs\\automateTestTeam0\\Admin\\test_suspended_employee\\test_data.xlsx</arg>
<doc>Opens the Excel file to read from the path provided in the file path parameter.</doc>
<msg timestamp="20230216 22:57:47.377" level="INFO">Opening file at C:\xampp\htdocs\automateTestTeam0\Admin\test_suspended_employee\test_data.xlsx</msg>
<status status="PASS" starttime="20230216 22:57:47.377" endtime="20230216 22:57:47.380"/>
</kw>
<status status="PASS" starttime="20230216 22:57:47.377" endtime="20230216 22:57:47.380"/>
</kw>
<kw name="Read Cell Data" library="ExcelRobot">
<var>${Username}</var>
<arg>Admin</arg>
<arg>0</arg>
<arg>1</arg>
<doc>Uses the column and row to return the data from that cell.</doc>
<msg timestamp="20230216 22:57:47.380" level="INFO">${Username} = test@gmail.com</msg>
<status status="PASS" starttime="20230216 22:57:47.380" endtime="20230216 22:57:47.380"/>
</kw>
<kw name="Read Cell Data" library="ExcelRobot">
<var>${Password}</var>
<arg>Admin</arg>
<arg>1</arg>
<arg>1</arg>
<doc>Uses the column and row to return the data from that cell.</doc>
<msg timestamp="20230216 22:57:47.381" level="INFO">${Password} = kajorn.n</msg>
<status status="PASS" starttime="20230216 22:57:47.380" endtime="20230216 22:57:47.381"/>
</kw>
<kw name="Open Project Monitoring System">
<kw name="Open Browser" library="SeleniumLibrary">
<arg>${URL}</arg>
<arg>${BROWSER}</arg>
<doc>Opens a new browser instance to the optional ``url``.</doc>
<msg timestamp="20230216 22:57:47.381" level="INFO">Opening browser 'Google Chrome' to base url 'http://dekdee2.informatics.buu.ac.th:9080/team0/'.</msg>
<status status="PASS" starttime="20230216 22:57:47.381" endtime="20230216 22:57:49.514"/>
</kw>
<kw name="Maximize Browser Window" library="SeleniumLibrary">
<doc>Maximizes current browser window.</doc>
<status status="PASS" starttime="20230216 22:57:49.514" endtime="20230216 22:57:49.664"/>
</kw>
<status status="PASS" starttime="20230216 22:57:47.381" endtime="20230216 22:57:49.664"/>
</kw>
<kw name="Click Menu Login">
<kw name="Sleep" library="BuiltIn">
<arg>2s</arg>
<doc>Pauses the test executed for the given time.</doc>
<msg timestamp="20230216 22:57:51.678" level="INFO">Slept 2 seconds</msg>
<status status="PASS" starttime="20230216 22:57:49.665" endtime="20230216 22:57:51.678"/>
</kw>
<kw name="Click Element" library="SeleniumLibrary">
<arg>//*[@class="nav-link waves-effect waves-dark profile-pic fs-5"]</arg>
<doc>Click the element identified by ``locator``.</doc>
<msg timestamp="20230216 22:57:51.678" level="INFO">Clicking element '//*[@class="nav-link waves-effect waves-dark profile-pic fs-5"]'.</msg>
<status status="PASS" starttime="20230216 22:57:51.678" endtime="20230216 22:57:51.710"/>
</kw>
<status status="PASS" starttime="20230216 22:57:49.664" endtime="20230216 22:57:51.711"/>
</kw>
<kw name="Input Text" library="SeleniumLibrary">
<arg>id:u_email</arg>
<arg>${Username}</arg>
<doc>Types the given ``text`` into the text field identified by ``locator``.</doc>
<msg timestamp="20230216 22:57:51.712" level="INFO">Typing text 'test@gmail.com' into text field 'id:u_email'.</msg>
<msg timestamp="20230216 22:57:51.949" level="INFO" html="true">&lt;/td&gt;&lt;/tr&gt;&lt;tr&gt;&lt;td colspan="3"&gt;&lt;a href="selenium-screenshot-2.png"&gt;&lt;img src="selenium-screenshot-2.png" width="800px"&gt;&lt;/a&gt;</msg>
<msg timestamp="20230216 22:57:51.949" level="FAIL">Element with locator 'id:u_email' not found.</msg>
<status status="FAIL" starttime="20230216 22:57:51.711" endtime="20230216 22:57:51.951"/>
</kw>
<kw name="Input Text" library="SeleniumLibrary">
<arg>id:u_password</arg>
<arg>${Password}</arg>
<doc>Types the given ``text`` into the text field identified by ``locator``.</doc>
<status status="NOT RUN" starttime="20230216 22:57:51.951" endtime="20230216 22:57:51.951"/>
</kw>
<kw name="Click to Login">
<status status="NOT RUN" starttime="20230216 22:57:51.952" endtime="20230216 22:57:51.952"/>
</kw>
<kw name="Click Sidebar Resiponse Project">
<status status="NOT RUN" starttime="20230216 22:57:51.952" endtime="20230216 22:57:51.952"/>
</kw>
<kw name="Close Browser Page">
<status status="NOT RUN" starttime="20230216 22:57:51.952" endtime="20230216 22:57:51.952"/>
</kw>
<status status="FAIL" starttime="20230216 22:57:47.376" endtime="20230216 22:57:51.953">Element with locator 'id:u_email' not found.</status>
</test>
<status status="FAIL" starttime="20230216 22:57:32.229" endtime="20230216 22:57:51.954"/>
</suite>
<statistics>
<total>
<stat pass="1" fail="1" skip="0">All Tests</stat>
</total>
<tag>
</tag>
<suite>
<stat pass="1" fail="1" skip="0" id="s1" name="TestSuspendedEmployee">TestSuspendedEmployee</stat>
</suite>
</statistics>
<errors>
</errors>
</robot>
