<?xml version="1.0" encoding="UTF-8"?>
<robot generator="Robot 5.0.1 (Python 3.10.5 on win32)" generated="20230314 16:29:33.456" rpa="false" schemaversion="3">
<suite id="s1" name="TestSuspendedEmployee" source="C:\Automate Test\Test_PMS\automateTestTeam0\admin\test_suspended_employee\TestSuspendedEmployee.robot">
<test id="s1-t1" name="Suspended Success" line="80">
<kw name="Open file Excel">
<kw name="Open Excel" library="ExcelRobot">
<arg>C:\\Automate Test\\Test_PMS\\automateTestTeam0\\admin\\test_suspended_employee\\test_data.xlsx</arg>
<doc>Opens the Excel file to read from the path provided in the file path parameter.</doc>
<msg timestamp="20230314 16:29:33.992" level="INFO">Opening file at C:\Automate Test\Test_PMS\automateTestTeam0\admin\test_suspended_employee\test_data.xlsx</msg>
<status status="PASS" starttime="20230314 16:29:33.992" endtime="20230314 16:29:34.001"/>
</kw>
<status status="PASS" starttime="20230314 16:29:33.991" endtime="20230314 16:29:34.001"/>
</kw>
<kw name="Read Cell Data" library="ExcelRobot">
<var>${Username}</var>
<arg>Admin</arg>
<arg>0</arg>
<arg>1</arg>
<doc>Uses the column and row to return the data from that cell.</doc>
<msg timestamp="20230314 16:29:34.002" level="INFO">${Username} = test@gmail.com</msg>
<status status="PASS" starttime="20230314 16:29:34.002" endtime="20230314 16:29:34.002"/>
</kw>
<kw name="Read Cell Data" library="ExcelRobot">
<var>${Password}</var>
<arg>Admin</arg>
<arg>1</arg>
<arg>1</arg>
<doc>Uses the column and row to return the data from that cell.</doc>
<msg timestamp="20230314 16:29:34.003" level="INFO">${Password} = kajorn.n</msg>
<status status="PASS" starttime="20230314 16:29:34.003" endtime="20230314 16:29:34.003"/>
</kw>
<kw name="Open Project Monitoring System">
<kw name="Open Browser" library="SeleniumLibrary">
<arg>${URL}</arg>
<arg>${BROWSER}</arg>
<doc>Opens a new browser instance to the optional ``url``.</doc>
<msg timestamp="20230314 16:29:34.004" level="INFO">Opening browser 'Google Chrome' to base url 'http://dekdee2.informatics.buu.ac.th:9080/team0/'.</msg>
<status status="PASS" starttime="20230314 16:29:34.004" endtime="20230314 16:29:36.318"/>
</kw>
<kw name="Maximize Browser Window" library="SeleniumLibrary">
<doc>Maximizes current browser window.</doc>
<status status="PASS" starttime="20230314 16:29:36.319" endtime="20230314 16:29:36.475"/>
</kw>
<status status="PASS" starttime="20230314 16:29:34.004" endtime="20230314 16:29:36.475"/>
</kw>
<kw name="Click Menu Login">
<kw name="Sleep" library="BuiltIn">
<arg>2s</arg>
<doc>Pauses the test executed for the given time.</doc>
<msg timestamp="20230314 16:29:38.481" level="INFO">Slept 2 seconds</msg>
<status status="PASS" starttime="20230314 16:29:36.476" endtime="20230314 16:29:38.481"/>
</kw>
<kw name="Click Element" library="SeleniumLibrary">
<arg>//*[@class="nav-link waves-effect waves-dark profile-pic fs-5"]</arg>
<doc>Click the element identified by ``locator``.</doc>
<msg timestamp="20230314 16:29:38.482" level="INFO">Clicking element '//*[@class="nav-link waves-effect waves-dark profile-pic fs-5"]'.</msg>
<status status="PASS" starttime="20230314 16:29:38.482" endtime="20230314 16:29:38.525"/>
</kw>
<status status="PASS" starttime="20230314 16:29:36.476" endtime="20230314 16:29:38.525"/>
</kw>
<kw name="Sleep" library="BuiltIn">
<arg>1s</arg>
<doc>Pauses the test executed for the given time.</doc>
<msg timestamp="20230314 16:29:39.538" level="INFO">Slept 1 second</msg>
<status status="PASS" starttime="20230314 16:29:38.526" endtime="20230314 16:29:39.538"/>
</kw>
<kw name="Input Text" library="SeleniumLibrary">
<arg>id:u_email</arg>
<arg>${Username}</arg>
<doc>Types the given ``text`` into the text field identified by ``locator``.</doc>
<msg timestamp="20230314 16:29:39.538" level="INFO">Typing text 'test@gmail.com' into text field 'id:u_email'.</msg>
<status status="PASS" starttime="20230314 16:29:39.538" endtime="20230314 16:29:39.631"/>
</kw>
<kw name="Input Text" library="SeleniumLibrary">
<arg>id:u_password</arg>
<arg>${Password}</arg>
<doc>Types the given ``text`` into the text field identified by ``locator``.</doc>
<msg timestamp="20230314 16:29:39.632" level="INFO">Typing text 'kajorn.n' into text field 'id:u_password'.</msg>
<status status="PASS" starttime="20230314 16:29:39.632" endtime="20230314 16:29:39.714"/>
</kw>
<kw name="Click to Login">
<kw name="Sleep" library="BuiltIn">
<arg>2s</arg>
<doc>Pauses the test executed for the given time.</doc>
<msg timestamp="20230314 16:29:41.728" level="INFO">Slept 2 seconds</msg>
<status status="PASS" starttime="20230314 16:29:39.715" endtime="20230314 16:29:41.728"/>
</kw>
<kw name="Click Element" library="SeleniumLibrary">
<arg>//*[@id="loginBtn"]</arg>
<doc>Click the element identified by ``locator``.</doc>
<msg timestamp="20230314 16:29:41.729" level="INFO">Clicking element '//*[@id="loginBtn"]'.</msg>
<status status="PASS" starttime="20230314 16:29:41.728" endtime="20230314 16:29:41.772"/>
</kw>
<status status="PASS" starttime="20230314 16:29:39.715" endtime="20230314 16:29:41.772"/>
</kw>
<kw name="Click Sidebar Resiponse Project">
<kw name="Sleep" library="BuiltIn">
<arg>2s</arg>
<doc>Pauses the test executed for the given time.</doc>
<msg timestamp="20230314 16:29:43.784" level="INFO">Slept 2 seconds</msg>
<status status="PASS" starttime="20230314 16:29:41.773" endtime="20230314 16:29:43.784"/>
</kw>
<kw name="Click Element" library="SeleniumLibrary">
<arg>//*[@id="main-wrapper"]/header/nav/div[2]/ul[1]/li[2]/a</arg>
<doc>Click the element identified by ``locator``.</doc>
<msg timestamp="20230314 16:29:43.784" level="INFO">Clicking element '//*[@id="main-wrapper"]/header/nav/div[2]/ul[1]/li[2]/a'.</msg>
<status status="PASS" starttime="20230314 16:29:43.784" endtime="20230314 16:29:43.838"/>
</kw>
<kw name="Click Element" library="SeleniumLibrary">
<arg>//*[@id="sidebarnav"]/li[4]/a</arg>
<doc>Click the element identified by ``locator``.</doc>
<msg timestamp="20230314 16:29:43.839" level="INFO">Clicking element '//*[@id="sidebarnav"]/li[4]/a'.</msg>
<status status="PASS" starttime="20230314 16:29:43.838" endtime="20230314 16:29:43.895"/>
</kw>
<kw name="Click Element" library="SeleniumLibrary">
<arg>//*[@id="sidebarnav"]/li[4]/ul/li[1]</arg>
<doc>Click the element identified by ``locator``.</doc>
<msg timestamp="20230314 16:29:43.896" level="INFO">Clicking element '//*[@id="sidebarnav"]/li[4]/ul/li[1]'.</msg>
<status status="PASS" starttime="20230314 16:29:43.895" endtime="20230314 16:29:44.225"/>
</kw>
<status status="PASS" starttime="20230314 16:29:41.773" endtime="20230314 16:29:44.225"/>
</kw>
<kw name="Click Suspended Employee">
<kw name="Get WebElement" library="SeleniumLibrary">
<var>${BG}</var>
<arg>//*[@id="status31"]</arg>
<doc>Returns the first WebElement matching the given ``locator``.</doc>
<msg timestamp="20230314 16:29:44.248" level="INFO">${BG} = &lt;selenium.webdriver.remote.webelement.WebElement (session="56606208e1e432a8485fe39252dfd1c4", element="5a68ecce-4fb5-4c0d-9059-7ceedb0f4655")&gt;</msg>
<status status="PASS" starttime="20230314 16:29:44.226" endtime="20230314 16:29:44.248"/>
</kw>
<kw name="Call Method" library="BuiltIn">
<var>${bg color}</var>
<arg>${BG}</arg>
<arg>value_of_css_property</arg>
<arg>background-color</arg>
<doc>Calls the named method of the given object with the provided arguments.</doc>
<msg timestamp="20230314 16:29:44.259" level="INFO">${bg color} = rgba(255, 255, 255, 1)</msg>
<status status="PASS" starttime="20230314 16:29:44.248" endtime="20230314 16:29:44.259"/>
</kw>
<kw name="Run Keyword If" library="BuiltIn">
<arg>'${bg color}' == 'rgba(3, 169, 243, 1)'</arg>
<arg>Click Element</arg>
<arg>//*[@id="status31"]</arg>
<doc>Runs the given keyword with the given arguments, if ``condition`` is true.</doc>
<status status="PASS" starttime="20230314 16:29:44.259" endtime="20230314 16:29:44.259"/>
</kw>
<status status="PASS" starttime="20230314 16:29:44.226" endtime="20230314 16:29:44.259"/>
</kw>
<kw name="Close Browser Page">
<kw name="Sleep" library="BuiltIn">
<arg>3s</arg>
<doc>Pauses the test executed for the given time.</doc>
<msg timestamp="20230314 16:29:47.273" level="INFO">Slept 3 seconds</msg>
<status status="PASS" starttime="20230314 16:29:44.260" endtime="20230314 16:29:47.273"/>
</kw>
<kw name="Close Browser" library="SeleniumLibrary">
<doc>Closes the current browser.</doc>
<status status="PASS" starttime="20230314 16:29:47.273" endtime="20230314 16:29:49.402"/>
</kw>
<status status="PASS" starttime="20230314 16:29:44.259" endtime="20230314 16:29:49.402"/>
</kw>
<status status="PASS" starttime="20230314 16:29:33.990" endtime="20230314 16:29:49.403"/>
</test>
<test id="s1-t2" name="Suspended Wrong Because Don't Click Suspended" line="93">
<kw name="Open file Excel">
<kw name="Open Excel" library="ExcelRobot">
<arg>C:\\Automate Test\\Test_PMS\\automateTestTeam0\\admin\\test_suspended_employee\\test_data.xlsx</arg>
<doc>Opens the Excel file to read from the path provided in the file path parameter.</doc>
<msg timestamp="20230314 16:29:49.405" level="INFO">Opening file at C:\Automate Test\Test_PMS\automateTestTeam0\admin\test_suspended_employee\test_data.xlsx</msg>
<status status="PASS" starttime="20230314 16:29:49.405" endtime="20230314 16:29:49.408"/>
</kw>
<status status="PASS" starttime="20230314 16:29:49.405" endtime="20230314 16:29:49.408"/>
</kw>
<kw name="Read Cell Data" library="ExcelRobot">
<var>${Username}</var>
<arg>Admin</arg>
<arg>0</arg>
<arg>1</arg>
<doc>Uses the column and row to return the data from that cell.</doc>
<msg timestamp="20230314 16:29:49.409" level="INFO">${Username} = test@gmail.com</msg>
<status status="PASS" starttime="20230314 16:29:49.408" endtime="20230314 16:29:49.409"/>
</kw>
<kw name="Read Cell Data" library="ExcelRobot">
<var>${Password}</var>
<arg>Admin</arg>
<arg>1</arg>
<arg>1</arg>
<doc>Uses the column and row to return the data from that cell.</doc>
<msg timestamp="20230314 16:29:49.409" level="INFO">${Password} = kajorn.n</msg>
<status status="PASS" starttime="20230314 16:29:49.409" endtime="20230314 16:29:49.409"/>
</kw>
<kw name="Open Project Monitoring System">
<kw name="Open Browser" library="SeleniumLibrary">
<arg>${URL}</arg>
<arg>${BROWSER}</arg>
<doc>Opens a new browser instance to the optional ``url``.</doc>
<msg timestamp="20230314 16:29:49.410" level="INFO">Opening browser 'Google Chrome' to base url 'http://dekdee2.informatics.buu.ac.th:9080/team0/'.</msg>
<status status="PASS" starttime="20230314 16:29:49.410" endtime="20230314 16:29:51.617"/>
</kw>
<kw name="Maximize Browser Window" library="SeleniumLibrary">
<doc>Maximizes current browser window.</doc>
<status status="PASS" starttime="20230314 16:29:51.617" endtime="20230314 16:29:51.793"/>
</kw>
<status status="PASS" starttime="20230314 16:29:49.409" endtime="20230314 16:29:51.793"/>
</kw>
<kw name="Click Menu Login">
<kw name="Sleep" library="BuiltIn">
<arg>2s</arg>
<doc>Pauses the test executed for the given time.</doc>
<msg timestamp="20230314 16:29:53.805" level="INFO">Slept 2 seconds</msg>
<status status="PASS" starttime="20230314 16:29:51.794" endtime="20230314 16:29:53.805"/>
</kw>
<kw name="Click Element" library="SeleniumLibrary">
<arg>//*[@class="nav-link waves-effect waves-dark profile-pic fs-5"]</arg>
<doc>Click the element identified by ``locator``.</doc>
<msg timestamp="20230314 16:29:53.806" level="INFO">Clicking element '//*[@class="nav-link waves-effect waves-dark profile-pic fs-5"]'.</msg>
<status status="PASS" starttime="20230314 16:29:53.805" endtime="20230314 16:29:53.848"/>
</kw>
<status status="PASS" starttime="20230314 16:29:51.793" endtime="20230314 16:29:53.848"/>
</kw>
<kw name="Sleep" library="BuiltIn">
<arg>1s</arg>
<doc>Pauses the test executed for the given time.</doc>
<msg timestamp="20230314 16:29:54.856" level="INFO">Slept 1 second</msg>
<status status="PASS" starttime="20230314 16:29:53.849" endtime="20230314 16:29:54.856"/>
</kw>
<kw name="Input Text" library="SeleniumLibrary">
<arg>id:u_email</arg>
<arg>${Username}</arg>
<doc>Types the given ``text`` into the text field identified by ``locator``.</doc>
<msg timestamp="20230314 16:29:54.857" level="INFO">Typing text 'test@gmail.com' into text field 'id:u_email'.</msg>
<status status="PASS" starttime="20230314 16:29:54.856" endtime="20230314 16:29:54.957"/>
</kw>
<kw name="Input Text" library="SeleniumLibrary">
<arg>id:u_password</arg>
<arg>${Password}</arg>
<doc>Types the given ``text`` into the text field identified by ``locator``.</doc>
<msg timestamp="20230314 16:29:54.958" level="INFO">Typing text 'kajorn.n' into text field 'id:u_password'.</msg>
<status status="PASS" starttime="20230314 16:29:54.957" endtime="20230314 16:29:55.055"/>
</kw>
<kw name="Click to Login">
<kw name="Sleep" library="BuiltIn">
<arg>2s</arg>
<doc>Pauses the test executed for the given time.</doc>
<msg timestamp="20230314 16:29:57.057" level="INFO">Slept 2 seconds</msg>
<status status="PASS" starttime="20230314 16:29:55.056" endtime="20230314 16:29:57.057"/>
</kw>
<kw name="Click Element" library="SeleniumLibrary">
<arg>//*[@id="loginBtn"]</arg>
<doc>Click the element identified by ``locator``.</doc>
<msg timestamp="20230314 16:29:57.058" level="INFO">Clicking element '//*[@id="loginBtn"]'.</msg>
<status status="PASS" starttime="20230314 16:29:57.057" endtime="20230314 16:29:57.102"/>
</kw>
<status status="PASS" starttime="20230314 16:29:55.055" endtime="20230314 16:29:57.102"/>
</kw>
<kw name="Click Sidebar Resiponse Project">
<kw name="Sleep" library="BuiltIn">
<arg>2s</arg>
<doc>Pauses the test executed for the given time.</doc>
<msg timestamp="20230314 16:29:59.108" level="INFO">Slept 2 seconds</msg>
<status status="PASS" starttime="20230314 16:29:57.103" endtime="20230314 16:29:59.108"/>
</kw>
<kw name="Click Element" library="SeleniumLibrary">
<arg>//*[@id="main-wrapper"]/header/nav/div[2]/ul[1]/li[2]/a</arg>
<doc>Click the element identified by ``locator``.</doc>
<msg timestamp="20230314 16:29:59.110" level="INFO">Clicking element '//*[@id="main-wrapper"]/header/nav/div[2]/ul[1]/li[2]/a'.</msg>
<status status="PASS" starttime="20230314 16:29:59.108" endtime="20230314 16:29:59.161"/>
</kw>
<kw name="Click Element" library="SeleniumLibrary">
<arg>//*[@id="sidebarnav"]/li[4]/a</arg>
<doc>Click the element identified by ``locator``.</doc>
<msg timestamp="20230314 16:29:59.162" level="INFO">Clicking element '//*[@id="sidebarnav"]/li[4]/a'.</msg>
<status status="PASS" starttime="20230314 16:29:59.161" endtime="20230314 16:29:59.217"/>
</kw>
<kw name="Click Element" library="SeleniumLibrary">
<arg>//*[@id="sidebarnav"]/li[4]/ul/li[1]</arg>
<doc>Click the element identified by ``locator``.</doc>
<msg timestamp="20230314 16:29:59.218" level="INFO">Clicking element '//*[@id="sidebarnav"]/li[4]/ul/li[1]'.</msg>
<status status="PASS" starttime="20230314 16:29:59.217" endtime="20230314 16:29:59.506"/>
</kw>
<status status="PASS" starttime="20230314 16:29:57.103" endtime="20230314 16:29:59.506"/>
</kw>
<kw name="Close Browser Page">
<kw name="Sleep" library="BuiltIn">
<arg>3s</arg>
<doc>Pauses the test executed for the given time.</doc>
<msg timestamp="20230314 16:30:02.515" level="INFO">Slept 3 seconds</msg>
<status status="PASS" starttime="20230314 16:29:59.506" endtime="20230314 16:30:02.515"/>
</kw>
<kw name="Close Browser" library="SeleniumLibrary">
<doc>Closes the current browser.</doc>
<status status="PASS" starttime="20230314 16:30:02.516" endtime="20230314 16:30:04.660"/>
</kw>
<status status="PASS" starttime="20230314 16:29:59.506" endtime="20230314 16:30:04.661"/>
</kw>
<status status="PASS" starttime="20230314 16:29:49.404" endtime="20230314 16:30:04.661"/>
</test>
<status status="PASS" starttime="20230314 16:29:33.457" endtime="20230314 16:30:04.662"/>
</suite>
<statistics>
<total>
<stat pass="2" fail="0" skip="0">All Tests</stat>
</total>
<tag>
</tag>
<suite>
<stat pass="2" fail="0" skip="0" id="s1" name="TestSuspendedEmployee">TestSuspendedEmployee</stat>
</suite>
</statistics>
<errors>
</errors>
</robot>
