<?xml version="1.0" encoding="UTF-8"?>
<robot generator="Robot 5.0.1 (Python 3.10.5 on win32)" generated="20230228 21:57:56.181" rpa="false" schemaversion="3">
<suite id="s1" name="testAnnouceHide" source="C:\Automate Test\Test_PMS\automateTestTeam0\admin\test_announce_hide_message\testAnnouceHide.robot">
<test id="s1-t1" name="Hide Announce Success" line="42">
<kw name="Open Excel" library="ExcelRobot">
<arg>C:\\Automate Test\\Test_PMS\\automateTestTeam0\\admin\\test_announce_hide_message//test_data.xlsx</arg>
<doc>Opens the Excel file to read from the path provided in the file path parameter.</doc>
<msg timestamp="20230228 21:57:56.689" level="INFO">Opening file at C:\Automate Test\Test_PMS\automateTestTeam0\admin\test_announce_hide_message//test_data.xlsx</msg>
<status status="PASS" starttime="20230228 21:57:56.689" endtime="20230228 21:57:56.693"/>
</kw>
<kw name="Read Cell Data" library="ExcelRobot">
<var>${Username}</var>
<arg>Admin</arg>
<arg>0</arg>
<arg>1</arg>
<doc>Uses the column and row to return the data from that cell.</doc>
<msg timestamp="20230228 21:57:56.694" level="INFO">${Username} = test@gmail.com</msg>
<status status="PASS" starttime="20230228 21:57:56.694" endtime="20230228 21:57:56.694"/>
</kw>
<kw name="Read Cell Data" library="ExcelRobot">
<var>${Password}</var>
<arg>Admin</arg>
<arg>1</arg>
<arg>1</arg>
<doc>Uses the column and row to return the data from that cell.</doc>
<msg timestamp="20230228 21:57:56.695" level="INFO">${Password} = kajorn.n</msg>
<status status="PASS" starttime="20230228 21:57:56.695" endtime="20230228 21:57:56.695"/>
</kw>
<kw name="Open Project Monitoring System">
<kw name="Open Browser" library="SeleniumLibrary">
<arg>${URL}</arg>
<arg>${BROWSER}</arg>
<doc>Opens a new browser instance to the optional ``url``.</doc>
<msg timestamp="20230228 21:57:56.696" level="INFO">Opening browser 'Google Chrome' to base url 'http://dekdee2.informatics.buu.ac.th:9080/team0/'.</msg>
<status status="PASS" starttime="20230228 21:57:56.696" endtime="20230228 21:57:58.771"/>
</kw>
<kw name="Maximize Browser Window" library="SeleniumLibrary">
<doc>Maximizes current browser window.</doc>
<status status="PASS" starttime="20230228 21:57:58.772" endtime="20230228 21:57:58.904"/>
</kw>
<status status="PASS" starttime="20230228 21:57:56.696" endtime="20230228 21:57:58.904"/>
</kw>
<kw name="Click Menu Login">
<kw name="Sleep" library="BuiltIn">
<arg>2s</arg>
<doc>Pauses the test executed for the given time.</doc>
<msg timestamp="20230228 21:58:00.918" level="INFO">Slept 2 seconds</msg>
<status status="PASS" starttime="20230228 21:57:58.905" endtime="20230228 21:58:00.918"/>
</kw>
<kw name="Click Element" library="SeleniumLibrary">
<arg>//*[@class="nav-link waves-effect waves-dark profile-pic fs-5"]</arg>
<doc>Click the element identified by ``locator``.</doc>
<msg timestamp="20230228 21:58:00.919" level="INFO">Clicking element '//*[@class="nav-link waves-effect waves-dark profile-pic fs-5"]'.</msg>
<status status="PASS" starttime="20230228 21:58:00.918" endtime="20230228 21:58:00.962"/>
</kw>
<status status="PASS" starttime="20230228 21:57:58.904" endtime="20230228 21:58:00.963"/>
</kw>
<kw name="Sleep" library="BuiltIn">
<arg>2s</arg>
<doc>Pauses the test executed for the given time.</doc>
<msg timestamp="20230228 21:58:02.972" level="INFO">Slept 2 seconds</msg>
<status status="PASS" starttime="20230228 21:58:00.963" endtime="20230228 21:58:02.972"/>
</kw>
<kw name="Input Text" library="SeleniumLibrary">
<arg>//*[@id="u_email"]</arg>
<arg>${Username}</arg>
<doc>Types the given ``text`` into the text field identified by ``locator``.</doc>
<msg timestamp="20230228 21:58:02.973" level="INFO">Typing text 'test@gmail.com' into text field '//*[@id="u_email"]'.</msg>
<status status="PASS" starttime="20230228 21:58:02.973" endtime="20230228 21:58:03.067"/>
</kw>
<kw name="Sleep" library="BuiltIn">
<arg>2s</arg>
<doc>Pauses the test executed for the given time.</doc>
<msg timestamp="20230228 21:58:05.079" level="INFO">Slept 2 seconds</msg>
<status status="PASS" starttime="20230228 21:58:03.068" endtime="20230228 21:58:05.079"/>
</kw>
<kw name="Input Text" library="SeleniumLibrary">
<arg>//*[@id="u_password"]</arg>
<arg>${Password}</arg>
<doc>Types the given ``text`` into the text field identified by ``locator``.</doc>
<msg timestamp="20230228 21:58:05.080" level="INFO">Typing text 'kajorn.n' into text field '//*[@id="u_password"]'.</msg>
<status status="PASS" starttime="20230228 21:58:05.080" endtime="20230228 21:58:05.161"/>
</kw>
<kw name="Click to Login">
<kw name="Sleep" library="BuiltIn">
<arg>2s</arg>
<doc>Pauses the test executed for the given time.</doc>
<msg timestamp="20230228 21:58:07.173" level="INFO">Slept 2 seconds</msg>
<status status="PASS" starttime="20230228 21:58:05.162" endtime="20230228 21:58:07.173"/>
</kw>
<kw name="Click Element" library="SeleniumLibrary">
<arg>//*[@id="loginBtn"]</arg>
<doc>Click the element identified by ``locator``.</doc>
<msg timestamp="20230228 21:58:07.174" level="INFO">Clicking element '//*[@id="loginBtn"]'.</msg>
<status status="PASS" starttime="20230228 21:58:07.173" endtime="20230228 21:58:07.216"/>
</kw>
<status status="PASS" starttime="20230228 21:58:05.162" endtime="20230228 21:58:07.216"/>
</kw>
<kw name="Click Sidebar Settings">
<kw name="Sleep" library="BuiltIn">
<arg>2s</arg>
<doc>Pauses the test executed for the given time.</doc>
<msg timestamp="20230228 21:58:09.232" level="INFO">Slept 2 seconds</msg>
<status status="PASS" starttime="20230228 21:58:07.217" endtime="20230228 21:58:09.232"/>
</kw>
<kw name="Click Element" library="SeleniumLibrary">
<arg>xpath=/html/body/div[2]/aside/div/nav/ul/li[4]/a</arg>
<doc>Click the element identified by ``locator``.</doc>
<msg timestamp="20230228 21:58:09.232" level="INFO">Clicking element 'xpath=/html/body/div[2]/aside/div/nav/ul/li[4]/a'.</msg>
<status status="PASS" starttime="20230228 21:58:09.232" endtime="20230228 21:58:09.282"/>
</kw>
<status status="PASS" starttime="20230228 21:58:07.217" endtime="20230228 21:58:09.282"/>
</kw>
<kw name="Click Announce system">
<kw name="Sleep" library="BuiltIn">
<arg>2s</arg>
<doc>Pauses the test executed for the given time.</doc>
<msg timestamp="20230228 21:58:11.285" level="INFO">Slept 2 seconds</msg>
<status status="PASS" starttime="20230228 21:58:09.283" endtime="20230228 21:58:11.285"/>
</kw>
<kw name="Click Element" library="SeleniumLibrary">
<arg>xpath=/html/body/div[2]/aside/div/nav/ul/li[4]/ul/li[4]/a</arg>
<doc>Click the element identified by ``locator``.</doc>
<msg timestamp="20230228 21:58:11.286" level="INFO">Clicking element 'xpath=/html/body/div[2]/aside/div/nav/ul/li[4]/ul/li[4]/a'.</msg>
<status status="PASS" starttime="20230228 21:58:11.285" endtime="20230228 21:58:11.526"/>
</kw>
<status status="PASS" starttime="20230228 21:58:09.282" endtime="20230228 21:58:11.526"/>
</kw>
<kw name="Click hide toggle">
<kw name="Sleep" library="BuiltIn">
<arg>2s</arg>
<doc>Pauses the test executed for the given time.</doc>
<msg timestamp="20230228 21:58:13.528" level="INFO">Slept 2 seconds</msg>
<status status="PASS" starttime="20230228 21:58:11.527" endtime="20230228 21:58:13.528"/>
</kw>
<kw name="Click Element" library="SeleniumLibrary">
<arg>//*[@class="form-check-input"]</arg>
<doc>Click the element identified by ``locator``.</doc>
<msg timestamp="20230228 21:58:13.528" level="INFO">Clicking element '//*[@class="form-check-input"]'.</msg>
<status status="PASS" starttime="20230228 21:58:13.528" endtime="20230228 21:58:13.576"/>
</kw>
<status status="PASS" starttime="20230228 21:58:11.527" endtime="20230228 21:58:13.577"/>
</kw>
<kw name="Close Browser Page">
<kw name="Sleep" library="BuiltIn">
<arg>3s</arg>
<doc>Pauses the test executed for the given time.</doc>
<msg timestamp="20230228 21:58:16.587" level="INFO">Slept 3 seconds</msg>
<status status="PASS" starttime="20230228 21:58:13.577" endtime="20230228 21:58:16.587"/>
</kw>
<kw name="Close Browser" library="SeleniumLibrary">
<doc>Closes the current browser.</doc>
<status status="PASS" starttime="20230228 21:58:16.587" endtime="20230228 21:58:18.716"/>
</kw>
<status status="PASS" starttime="20230228 21:58:13.577" endtime="20230228 21:58:18.716"/>
</kw>
<status status="PASS" starttime="20230228 21:57:56.688" endtime="20230228 21:58:18.717"/>
</test>
<test id="s1-t2" name="Hide Announce failed with double click toggle" line="57">
<kw name="Open Excel" library="ExcelRobot">
<arg>C:\\Automate Test\\Test_PMS\\automateTestTeam0\\admin\\test_announce_hide_message//test_data.xlsx</arg>
<doc>Opens the Excel file to read from the path provided in the file path parameter.</doc>
<msg timestamp="20230228 21:58:18.719" level="INFO">Opening file at C:\Automate Test\Test_PMS\automateTestTeam0\admin\test_announce_hide_message//test_data.xlsx</msg>
<status status="PASS" starttime="20230228 21:58:18.719" endtime="20230228 21:58:18.722"/>
</kw>
<kw name="Read Cell Data" library="ExcelRobot">
<var>${Username}</var>
<arg>Admin</arg>
<arg>0</arg>
<arg>1</arg>
<doc>Uses the column and row to return the data from that cell.</doc>
<msg timestamp="20230228 21:58:18.723" level="INFO">${Username} = test@gmail.com</msg>
<status status="PASS" starttime="20230228 21:58:18.722" endtime="20230228 21:58:18.723"/>
</kw>
<kw name="Read Cell Data" library="ExcelRobot">
<var>${Password}</var>
<arg>Admin</arg>
<arg>1</arg>
<arg>1</arg>
<doc>Uses the column and row to return the data from that cell.</doc>
<msg timestamp="20230228 21:58:18.723" level="INFO">${Password} = kajorn.n</msg>
<status status="PASS" starttime="20230228 21:58:18.723" endtime="20230228 21:58:18.723"/>
</kw>
<kw name="Open Project Monitoring System">
<kw name="Open Browser" library="SeleniumLibrary">
<arg>${URL}</arg>
<arg>${BROWSER}</arg>
<doc>Opens a new browser instance to the optional ``url``.</doc>
<msg timestamp="20230228 21:58:18.725" level="INFO">Opening browser 'Google Chrome' to base url 'http://dekdee2.informatics.buu.ac.th:9080/team0/'.</msg>
<status status="PASS" starttime="20230228 21:58:18.725" endtime="20230228 21:58:20.695"/>
</kw>
<kw name="Maximize Browser Window" library="SeleniumLibrary">
<doc>Maximizes current browser window.</doc>
<status status="PASS" starttime="20230228 21:58:20.696" endtime="20230228 21:58:20.867"/>
</kw>
<status status="PASS" starttime="20230228 21:58:18.723" endtime="20230228 21:58:20.867"/>
</kw>
<kw name="Click Menu Login">
<kw name="Sleep" library="BuiltIn">
<arg>2s</arg>
<doc>Pauses the test executed for the given time.</doc>
<msg timestamp="20230228 21:58:22.875" level="INFO">Slept 2 seconds</msg>
<status status="PASS" starttime="20230228 21:58:20.868" endtime="20230228 21:58:22.875"/>
</kw>
<kw name="Click Element" library="SeleniumLibrary">
<arg>//*[@class="nav-link waves-effect waves-dark profile-pic fs-5"]</arg>
<doc>Click the element identified by ``locator``.</doc>
<msg timestamp="20230228 21:58:22.875" level="INFO">Clicking element '//*[@class="nav-link waves-effect waves-dark profile-pic fs-5"]'.</msg>
<status status="PASS" starttime="20230228 21:58:22.875" endtime="20230228 21:58:22.920"/>
</kw>
<status status="PASS" starttime="20230228 21:58:20.868" endtime="20230228 21:58:22.920"/>
</kw>
<kw name="Sleep" library="BuiltIn">
<arg>2s</arg>
<doc>Pauses the test executed for the given time.</doc>
<msg timestamp="20230228 21:58:24.925" level="INFO">Slept 2 seconds</msg>
<status status="PASS" starttime="20230228 21:58:22.921" endtime="20230228 21:58:24.925"/>
</kw>
<kw name="Input Text" library="SeleniumLibrary">
<arg>//*[@id="u_email"]</arg>
<arg>${Username}</arg>
<doc>Types the given ``text`` into the text field identified by ``locator``.</doc>
<msg timestamp="20230228 21:58:24.926" level="INFO">Typing text 'test@gmail.com' into text field '//*[@id="u_email"]'.</msg>
<status status="PASS" starttime="20230228 21:58:24.926" endtime="20230228 21:58:25.021"/>
</kw>
<kw name="Sleep" library="BuiltIn">
<arg>2s</arg>
<doc>Pauses the test executed for the given time.</doc>
<msg timestamp="20230228 21:58:27.035" level="INFO">Slept 2 seconds</msg>
<status status="PASS" starttime="20230228 21:58:25.022" endtime="20230228 21:58:27.035"/>
</kw>
<kw name="Input Text" library="SeleniumLibrary">
<arg>//*[@id="u_password"]</arg>
<arg>${Password}</arg>
<doc>Types the given ``text`` into the text field identified by ``locator``.</doc>
<msg timestamp="20230228 21:58:27.036" level="INFO">Typing text 'kajorn.n' into text field '//*[@id="u_password"]'.</msg>
<status status="PASS" starttime="20230228 21:58:27.036" endtime="20230228 21:58:27.117"/>
</kw>
<kw name="Click to Login">
<kw name="Sleep" library="BuiltIn">
<arg>2s</arg>
<doc>Pauses the test executed for the given time.</doc>
<msg timestamp="20230228 21:58:29.130" level="INFO">Slept 2 seconds</msg>
<status status="PASS" starttime="20230228 21:58:27.117" endtime="20230228 21:58:29.130"/>
</kw>
<kw name="Click Element" library="SeleniumLibrary">
<arg>//*[@id="loginBtn"]</arg>
<doc>Click the element identified by ``locator``.</doc>
<msg timestamp="20230228 21:58:29.131" level="INFO">Clicking element '//*[@id="loginBtn"]'.</msg>
<status status="PASS" starttime="20230228 21:58:29.130" endtime="20230228 21:58:29.174"/>
</kw>
<status status="PASS" starttime="20230228 21:58:27.117" endtime="20230228 21:58:29.174"/>
</kw>
<kw name="Click Sidebar Settings">
<kw name="Sleep" library="BuiltIn">
<arg>2s</arg>
<doc>Pauses the test executed for the given time.</doc>
<msg timestamp="20230228 21:58:31.176" level="INFO">Slept 2 seconds</msg>
<status status="PASS" starttime="20230228 21:58:29.175" endtime="20230228 21:58:31.176"/>
</kw>
<kw name="Click Element" library="SeleniumLibrary">
<arg>xpath=/html/body/div[2]/aside/div/nav/ul/li[4]/a</arg>
<doc>Click the element identified by ``locator``.</doc>
<msg timestamp="20230228 21:58:31.176" level="INFO">Clicking element 'xpath=/html/body/div[2]/aside/div/nav/ul/li[4]/a'.</msg>
<status status="PASS" starttime="20230228 21:58:31.176" endtime="20230228 21:58:31.228"/>
</kw>
<status status="PASS" starttime="20230228 21:58:29.175" endtime="20230228 21:58:31.228"/>
</kw>
<kw name="Click Announce system">
<kw name="Sleep" library="BuiltIn">
<arg>2s</arg>
<doc>Pauses the test executed for the given time.</doc>
<msg timestamp="20230228 21:58:33.233" level="INFO">Slept 2 seconds</msg>
<status status="PASS" starttime="20230228 21:58:31.229" endtime="20230228 21:58:33.233"/>
</kw>
<kw name="Click Element" library="SeleniumLibrary">
<arg>xpath=/html/body/div[2]/aside/div/nav/ul/li[4]/ul/li[4]/a</arg>
<doc>Click the element identified by ``locator``.</doc>
<msg timestamp="20230228 21:58:33.233" level="INFO">Clicking element 'xpath=/html/body/div[2]/aside/div/nav/ul/li[4]/ul/li[4]/a'.</msg>
<status status="PASS" starttime="20230228 21:58:33.233" endtime="20230228 21:58:33.511"/>
</kw>
<status status="PASS" starttime="20230228 21:58:31.229" endtime="20230228 21:58:33.511"/>
</kw>
<kw name="Click hide toggle double click">
<kw name="Sleep" library="BuiltIn">
<arg>2s</arg>
<doc>Pauses the test executed for the given time.</doc>
<msg timestamp="20230228 21:58:35.527" level="INFO">Slept 2 seconds</msg>
<status status="PASS" starttime="20230228 21:58:33.512" endtime="20230228 21:58:35.527"/>
</kw>
<kw name="Click Element" library="SeleniumLibrary">
<arg>//*[@class="form-check-input"]</arg>
<doc>Click the element identified by ``locator``.</doc>
<msg timestamp="20230228 21:58:35.527" level="INFO">Clicking element '//*[@class="form-check-input"]'.</msg>
<status status="PASS" starttime="20230228 21:58:35.527" endtime="20230228 21:58:35.582"/>
</kw>
<kw name="Sleep" library="BuiltIn">
<arg>2s</arg>
<doc>Pauses the test executed for the given time.</doc>
<msg timestamp="20230228 21:58:37.583" level="INFO">Slept 2 seconds</msg>
<status status="PASS" starttime="20230228 21:58:35.582" endtime="20230228 21:58:37.583"/>
</kw>
<kw name="Click Element" library="SeleniumLibrary">
<arg>//*[@class="form-check-input"]</arg>
<doc>Click the element identified by ``locator``.</doc>
<msg timestamp="20230228 21:58:37.583" level="INFO">Clicking element '//*[@class="form-check-input"]'.</msg>
<status status="PASS" starttime="20230228 21:58:37.583" endtime="20230228 21:58:37.634"/>
</kw>
<status status="PASS" starttime="20230228 21:58:33.512" endtime="20230228 21:58:37.634"/>
</kw>
<kw name="Close Browser Page">
<kw name="Sleep" library="BuiltIn">
<arg>3s</arg>
<doc>Pauses the test executed for the given time.</doc>
<msg timestamp="20230228 21:58:40.639" level="INFO">Slept 3 seconds</msg>
<status status="PASS" starttime="20230228 21:58:37.635" endtime="20230228 21:58:40.639"/>
</kw>
<kw name="Close Browser" library="SeleniumLibrary">
<doc>Closes the current browser.</doc>
<status status="PASS" starttime="20230228 21:58:40.639" endtime="20230228 21:58:42.798"/>
</kw>
<status status="PASS" starttime="20230228 21:58:37.635" endtime="20230228 21:58:42.799"/>
</kw>
<status status="PASS" starttime="20230228 21:58:18.718" endtime="20230228 21:58:42.799"/>
</test>
<status status="PASS" starttime="20230228 21:57:56.182" endtime="20230228 21:58:42.801"/>
</suite>
<statistics>
<total>
<stat pass="2" fail="0" skip="0">All Tests</stat>
</total>
<tag>
</tag>
<suite>
<stat pass="2" fail="0" skip="0" id="s1" name="testAnnouceHide">testAnnouceHide</stat>
</suite>
</statistics>
<errors>
</errors>
</robot>
