<?xml version="1.0" encoding="UTF-8"?>
<robot generator="Robot 5.0.1 (Python 3.10.5 on win32)" generated="20230314 15:27:47.844" rpa="false" schemaversion="3">
<suite id="s1" name="testAnnouceHide" source="C:\Automate Test\Test_PMS\automateTestTeam0\admin\test_announce_hide_message\testAnnouceHide.robot">
<test id="s1-t1" name="Hide Announce Success" line="42">
<kw name="Open Excel" library="ExcelRobot">
<arg>C:\\Automate Test\\Test_PMS\\automateTestTeam0\\admin\\test_announce_hide_message//test_data.xlsx</arg>
<doc>Opens the Excel file to read from the path provided in the file path parameter.</doc>
<msg timestamp="20230314 15:27:48.297" level="INFO">Opening file at C:\Automate Test\Test_PMS\automateTestTeam0\admin\test_announce_hide_message//test_data.xlsx</msg>
<status status="PASS" starttime="20230314 15:27:48.297" endtime="20230314 15:27:48.305"/>
</kw>
<kw name="Read Cell Data" library="ExcelRobot">
<var>${Username}</var>
<arg>Admin</arg>
<arg>0</arg>
<arg>1</arg>
<doc>Uses the column and row to return the data from that cell.</doc>
<msg timestamp="20230314 15:27:48.306" level="INFO">${Username} = test@gmail.com</msg>
<status status="PASS" starttime="20230314 15:27:48.305" endtime="20230314 15:27:48.306"/>
</kw>
<kw name="Read Cell Data" library="ExcelRobot">
<var>${Password}</var>
<arg>Admin</arg>
<arg>1</arg>
<arg>1</arg>
<doc>Uses the column and row to return the data from that cell.</doc>
<msg timestamp="20230314 15:27:48.306" level="INFO">${Password} = kajorn.n</msg>
<status status="PASS" starttime="20230314 15:27:48.306" endtime="20230314 15:27:48.306"/>
</kw>
<kw name="Open Project Monitoring System">
<kw name="Open Browser" library="SeleniumLibrary">
<arg>${URL}</arg>
<arg>${BROWSER}</arg>
<doc>Opens a new browser instance to the optional ``url``.</doc>
<msg timestamp="20230314 15:27:48.307" level="INFO">Opening browser 'Google Chrome' to base url 'http://dekdee2.informatics.buu.ac.th:9080/team0/'.</msg>
<status status="PASS" starttime="20230314 15:27:48.307" endtime="20230314 15:27:50.626"/>
</kw>
<kw name="Maximize Browser Window" library="SeleniumLibrary">
<doc>Maximizes current browser window.</doc>
<status status="PASS" starttime="20230314 15:27:50.626" endtime="20230314 15:27:50.797"/>
</kw>
<status status="PASS" starttime="20230314 15:27:48.306" endtime="20230314 15:27:50.798"/>
</kw>
<kw name="Click Menu Login">
<kw name="Sleep" library="BuiltIn">
<arg>2s</arg>
<doc>Pauses the test executed for the given time.</doc>
<msg timestamp="20230314 15:27:52.808" level="INFO">Slept 2 seconds</msg>
<status status="PASS" starttime="20230314 15:27:50.799" endtime="20230314 15:27:52.808"/>
</kw>
<kw name="Click Element" library="SeleniumLibrary">
<arg>//*[@class="nav-link waves-effect waves-dark profile-pic fs-5"]</arg>
<doc>Click the element identified by ``locator``.</doc>
<msg timestamp="20230314 15:27:52.809" level="INFO">Clicking element '//*[@class="nav-link waves-effect waves-dark profile-pic fs-5"]'.</msg>
<status status="PASS" starttime="20230314 15:27:52.808" endtime="20230314 15:27:52.854"/>
</kw>
<status status="PASS" starttime="20230314 15:27:50.798" endtime="20230314 15:27:52.855"/>
</kw>
<kw name="Sleep" library="BuiltIn">
<arg>2s</arg>
<doc>Pauses the test executed for the given time.</doc>
<msg timestamp="20230314 15:27:54.870" level="INFO">Slept 2 seconds</msg>
<status status="PASS" starttime="20230314 15:27:52.855" endtime="20230314 15:27:54.870"/>
</kw>
<kw name="Input Text" library="SeleniumLibrary">
<arg>//*[@id="u_email"]</arg>
<arg>${Username}</arg>
<doc>Types the given ``text`` into the text field identified by ``locator``.</doc>
<msg timestamp="20230314 15:27:54.871" level="INFO">Typing text 'test@gmail.com' into text field '//*[@id="u_email"]'.</msg>
<status status="PASS" starttime="20230314 15:27:54.871" endtime="20230314 15:27:54.961"/>
</kw>
<kw name="Sleep" library="BuiltIn">
<arg>2s</arg>
<doc>Pauses the test executed for the given time.</doc>
<msg timestamp="20230314 15:27:56.965" level="INFO">Slept 2 seconds</msg>
<status status="PASS" starttime="20230314 15:27:54.962" endtime="20230314 15:27:56.965"/>
</kw>
<kw name="Input Text" library="SeleniumLibrary">
<arg>//*[@id="u_password"]</arg>
<arg>${Password}</arg>
<doc>Types the given ``text`` into the text field identified by ``locator``.</doc>
<msg timestamp="20230314 15:27:56.966" level="INFO">Typing text 'kajorn.n' into text field '//*[@id="u_password"]'.</msg>
<status status="PASS" starttime="20230314 15:27:56.966" endtime="20230314 15:27:57.052"/>
</kw>
<kw name="Click to Login">
<kw name="Sleep" library="BuiltIn">
<arg>2s</arg>
<doc>Pauses the test executed for the given time.</doc>
<msg timestamp="20230314 15:27:59.054" level="INFO">Slept 2 seconds</msg>
<status status="PASS" starttime="20230314 15:27:57.053" endtime="20230314 15:27:59.055"/>
</kw>
<kw name="Click Element" library="SeleniumLibrary">
<arg>//*[@id="loginBtn"]</arg>
<doc>Click the element identified by ``locator``.</doc>
<msg timestamp="20230314 15:27:59.056" level="INFO">Clicking element '//*[@id="loginBtn"]'.</msg>
<status status="PASS" starttime="20230314 15:27:59.055" endtime="20230314 15:27:59.099"/>
</kw>
<status status="PASS" starttime="20230314 15:27:57.053" endtime="20230314 15:27:59.100"/>
</kw>
<kw name="Click Sidebar Settings">
<kw name="Sleep" library="BuiltIn">
<arg>2s</arg>
<doc>Pauses the test executed for the given time.</doc>
<msg timestamp="20230314 15:28:01.114" level="INFO">Slept 2 seconds</msg>
<status status="PASS" starttime="20230314 15:27:59.100" endtime="20230314 15:28:01.115"/>
</kw>
<kw name="Click Element" library="SeleniumLibrary">
<arg>xpath=/html/body/div[2]/aside/div/nav/ul/li[4]/a</arg>
<doc>Click the element identified by ``locator``.</doc>
<msg timestamp="20230314 15:28:01.115" level="INFO">Clicking element 'xpath=/html/body/div[2]/aside/div/nav/ul/li[4]/a'.</msg>
<status status="PASS" starttime="20230314 15:28:01.115" endtime="20230314 15:28:01.161"/>
</kw>
<status status="PASS" starttime="20230314 15:27:59.100" endtime="20230314 15:28:01.161"/>
</kw>
<kw name="Click Announce system">
<kw name="Sleep" library="BuiltIn">
<arg>2s</arg>
<doc>Pauses the test executed for the given time.</doc>
<msg timestamp="20230314 15:28:03.169" level="INFO">Slept 2 seconds</msg>
<status status="PASS" starttime="20230314 15:28:01.162" endtime="20230314 15:28:03.169"/>
</kw>
<kw name="Click Element" library="SeleniumLibrary">
<arg>xpath=/html/body/div[2]/aside/div/nav/ul/li[4]/ul/li[4]/a</arg>
<doc>Click the element identified by ``locator``.</doc>
<msg timestamp="20230314 15:28:03.170" level="INFO">Clicking element 'xpath=/html/body/div[2]/aside/div/nav/ul/li[4]/ul/li[4]/a'.</msg>
<status status="PASS" starttime="20230314 15:28:03.169" endtime="20230314 15:28:03.373"/>
</kw>
<status status="PASS" starttime="20230314 15:28:01.162" endtime="20230314 15:28:03.375"/>
</kw>
<kw name="Click hide toggle">
<kw name="Sleep" library="BuiltIn">
<arg>2s</arg>
<doc>Pauses the test executed for the given time.</doc>
<msg timestamp="20230314 15:28:05.390" level="INFO">Slept 2 seconds</msg>
<status status="PASS" starttime="20230314 15:28:03.376" endtime="20230314 15:28:05.390"/>
</kw>
<kw name="Click Element" library="SeleniumLibrary">
<arg>//*[@class="form-check-input"]</arg>
<doc>Click the element identified by ``locator``.</doc>
<msg timestamp="20230314 15:28:05.391" level="INFO">Clicking element '//*[@class="form-check-input"]'.</msg>
<status status="PASS" starttime="20230314 15:28:05.390" endtime="20230314 15:28:05.442"/>
</kw>
<status status="PASS" starttime="20230314 15:28:03.375" endtime="20230314 15:28:05.443"/>
</kw>
<kw name="Close Browser Page">
<kw name="Sleep" library="BuiltIn">
<arg>3s</arg>
<doc>Pauses the test executed for the given time.</doc>
<msg timestamp="20230314 15:28:08.450" level="INFO">Slept 3 seconds</msg>
<status status="PASS" starttime="20230314 15:28:05.443" endtime="20230314 15:28:08.450"/>
</kw>
<kw name="Close Browser" library="SeleniumLibrary">
<doc>Closes the current browser.</doc>
<status status="PASS" starttime="20230314 15:28:08.450" endtime="20230314 15:28:10.571"/>
</kw>
<status status="PASS" starttime="20230314 15:28:05.443" endtime="20230314 15:28:10.572"/>
</kw>
<status status="PASS" starttime="20230314 15:27:48.296" endtime="20230314 15:28:10.572"/>
</test>
<test id="s1-t2" name="Hide Announce failed with double click toggle" line="57">
<kw name="Open Excel" library="ExcelRobot">
<arg>C:\\Automate Test\\Test_PMS\\automateTestTeam0\\admin\\test_announce_hide_message//test_data.xlsx</arg>
<doc>Opens the Excel file to read from the path provided in the file path parameter.</doc>
<msg timestamp="20230314 15:28:10.574" level="INFO">Opening file at C:\Automate Test\Test_PMS\automateTestTeam0\admin\test_announce_hide_message//test_data.xlsx</msg>
<status status="PASS" starttime="20230314 15:28:10.574" endtime="20230314 15:28:10.576"/>
</kw>
<kw name="Read Cell Data" library="ExcelRobot">
<var>${Username}</var>
<arg>Admin</arg>
<arg>0</arg>
<arg>1</arg>
<doc>Uses the column and row to return the data from that cell.</doc>
<msg timestamp="20230314 15:28:10.577" level="INFO">${Username} = test@gmail.com</msg>
<status status="PASS" starttime="20230314 15:28:10.577" endtime="20230314 15:28:10.577"/>
</kw>
<kw name="Read Cell Data" library="ExcelRobot">
<var>${Password}</var>
<arg>Admin</arg>
<arg>1</arg>
<arg>1</arg>
<doc>Uses the column and row to return the data from that cell.</doc>
<msg timestamp="20230314 15:28:10.578" level="INFO">${Password} = kajorn.n</msg>
<status status="PASS" starttime="20230314 15:28:10.578" endtime="20230314 15:28:10.578"/>
</kw>
<kw name="Open Project Monitoring System">
<kw name="Open Browser" library="SeleniumLibrary">
<arg>${URL}</arg>
<arg>${BROWSER}</arg>
<doc>Opens a new browser instance to the optional ``url``.</doc>
<msg timestamp="20230314 15:28:10.579" level="INFO">Opening browser 'Google Chrome' to base url 'http://dekdee2.informatics.buu.ac.th:9080/team0/'.</msg>
<status status="PASS" starttime="20230314 15:28:10.578" endtime="20230314 15:28:13.153"/>
</kw>
<kw name="Maximize Browser Window" library="SeleniumLibrary">
<doc>Maximizes current browser window.</doc>
<status status="PASS" starttime="20230314 15:28:13.153" endtime="20230314 15:28:13.326"/>
</kw>
<status status="PASS" starttime="20230314 15:28:10.578" endtime="20230314 15:28:13.327"/>
</kw>
<kw name="Click Menu Login">
<kw name="Sleep" library="BuiltIn">
<arg>2s</arg>
<doc>Pauses the test executed for the given time.</doc>
<msg timestamp="20230314 15:28:15.341" level="INFO">Slept 2 seconds</msg>
<status status="PASS" starttime="20230314 15:28:13.328" endtime="20230314 15:28:15.341"/>
</kw>
<kw name="Click Element" library="SeleniumLibrary">
<arg>//*[@class="nav-link waves-effect waves-dark profile-pic fs-5"]</arg>
<doc>Click the element identified by ``locator``.</doc>
<msg timestamp="20230314 15:28:15.342" level="INFO">Clicking element '//*[@class="nav-link waves-effect waves-dark profile-pic fs-5"]'.</msg>
<status status="PASS" starttime="20230314 15:28:15.341" endtime="20230314 15:28:15.386"/>
</kw>
<status status="PASS" starttime="20230314 15:28:13.327" endtime="20230314 15:28:15.386"/>
</kw>
<kw name="Sleep" library="BuiltIn">
<arg>2s</arg>
<doc>Pauses the test executed for the given time.</doc>
<msg timestamp="20230314 15:28:17.401" level="INFO">Slept 2 seconds</msg>
<status status="PASS" starttime="20230314 15:28:15.386" endtime="20230314 15:28:17.401"/>
</kw>
<kw name="Input Text" library="SeleniumLibrary">
<arg>//*[@id="u_email"]</arg>
<arg>${Username}</arg>
<doc>Types the given ``text`` into the text field identified by ``locator``.</doc>
<msg timestamp="20230314 15:28:17.402" level="INFO">Typing text 'test@gmail.com' into text field '//*[@id="u_email"]'.</msg>
<status status="PASS" starttime="20230314 15:28:17.402" endtime="20230314 15:28:17.495"/>
</kw>
<kw name="Sleep" library="BuiltIn">
<arg>2s</arg>
<doc>Pauses the test executed for the given time.</doc>
<msg timestamp="20230314 15:28:19.509" level="INFO">Slept 2 seconds</msg>
<status status="PASS" starttime="20230314 15:28:17.495" endtime="20230314 15:28:19.509"/>
</kw>
<kw name="Input Text" library="SeleniumLibrary">
<arg>//*[@id="u_password"]</arg>
<arg>${Password}</arg>
<doc>Types the given ``text`` into the text field identified by ``locator``.</doc>
<msg timestamp="20230314 15:28:19.510" level="INFO">Typing text 'kajorn.n' into text field '//*[@id="u_password"]'.</msg>
<status status="PASS" starttime="20230314 15:28:19.510" endtime="20230314 15:28:19.591"/>
</kw>
<kw name="Click to Login">
<kw name="Sleep" library="BuiltIn">
<arg>2s</arg>
<doc>Pauses the test executed for the given time.</doc>
<msg timestamp="20230314 15:28:21.600" level="INFO">Slept 2 seconds</msg>
<status status="PASS" starttime="20230314 15:28:19.592" endtime="20230314 15:28:21.600"/>
</kw>
<kw name="Click Element" library="SeleniumLibrary">
<arg>//*[@id="loginBtn"]</arg>
<doc>Click the element identified by ``locator``.</doc>
<msg timestamp="20230314 15:28:21.600" level="INFO">Clicking element '//*[@id="loginBtn"]'.</msg>
<status status="PASS" starttime="20230314 15:28:21.600" endtime="20230314 15:28:21.644"/>
</kw>
<status status="PASS" starttime="20230314 15:28:19.592" endtime="20230314 15:28:21.644"/>
</kw>
<kw name="Click Sidebar Settings">
<kw name="Sleep" library="BuiltIn">
<arg>2s</arg>
<doc>Pauses the test executed for the given time.</doc>
<msg timestamp="20230314 15:28:23.649" level="INFO">Slept 2 seconds</msg>
<status status="PASS" starttime="20230314 15:28:21.645" endtime="20230314 15:28:23.649"/>
</kw>
<kw name="Click Element" library="SeleniumLibrary">
<arg>xpath=/html/body/div[2]/aside/div/nav/ul/li[4]/a</arg>
<doc>Click the element identified by ``locator``.</doc>
<msg timestamp="20230314 15:28:23.650" level="INFO">Clicking element 'xpath=/html/body/div[2]/aside/div/nav/ul/li[4]/a'.</msg>
<status status="PASS" starttime="20230314 15:28:23.650" endtime="20230314 15:28:23.697"/>
</kw>
<status status="PASS" starttime="20230314 15:28:21.644" endtime="20230314 15:28:23.697"/>
</kw>
<kw name="Click Announce system">
<kw name="Sleep" library="BuiltIn">
<arg>2s</arg>
<doc>Pauses the test executed for the given time.</doc>
<msg timestamp="20230314 15:28:25.705" level="INFO">Slept 2 seconds</msg>
<status status="PASS" starttime="20230314 15:28:23.698" endtime="20230314 15:28:25.705"/>
</kw>
<kw name="Click Element" library="SeleniumLibrary">
<arg>xpath=/html/body/div[2]/aside/div/nav/ul/li[4]/ul/li[4]/a</arg>
<doc>Click the element identified by ``locator``.</doc>
<msg timestamp="20230314 15:28:25.705" level="INFO">Clicking element 'xpath=/html/body/div[2]/aside/div/nav/ul/li[4]/ul/li[4]/a'.</msg>
<status status="PASS" starttime="20230314 15:28:25.705" endtime="20230314 15:28:25.903"/>
</kw>
<status status="PASS" starttime="20230314 15:28:23.698" endtime="20230314 15:28:25.904"/>
</kw>
<kw name="Click hide toggle double click">
<kw name="Sleep" library="BuiltIn">
<arg>2s</arg>
<doc>Pauses the test executed for the given time.</doc>
<msg timestamp="20230314 15:28:27.912" level="INFO">Slept 2 seconds</msg>
<status status="PASS" starttime="20230314 15:28:25.905" endtime="20230314 15:28:27.912"/>
</kw>
<kw name="Click Element" library="SeleniumLibrary">
<arg>//*[@class="form-check-input"]</arg>
<doc>Click the element identified by ``locator``.</doc>
<msg timestamp="20230314 15:28:27.913" level="INFO">Clicking element '//*[@class="form-check-input"]'.</msg>
<status status="PASS" starttime="20230314 15:28:27.913" endtime="20230314 15:28:27.963"/>
</kw>
<kw name="Sleep" library="BuiltIn">
<arg>2s</arg>
<doc>Pauses the test executed for the given time.</doc>
<msg timestamp="20230314 15:28:29.966" level="INFO">Slept 2 seconds</msg>
<status status="PASS" starttime="20230314 15:28:27.963" endtime="20230314 15:28:29.966"/>
</kw>
<kw name="Click Element" library="SeleniumLibrary">
<arg>//*[@class="form-check-input"]</arg>
<doc>Click the element identified by ``locator``.</doc>
<msg timestamp="20230314 15:28:29.967" level="INFO">Clicking element '//*[@class="form-check-input"]'.</msg>
<status status="PASS" starttime="20230314 15:28:29.966" endtime="20230314 15:28:30.011"/>
</kw>
<status status="PASS" starttime="20230314 15:28:25.904" endtime="20230314 15:28:30.012"/>
</kw>
<kw name="Close Browser Page">
<kw name="Sleep" library="BuiltIn">
<arg>3s</arg>
<doc>Pauses the test executed for the given time.</doc>
<msg timestamp="20230314 15:28:33.021" level="INFO">Slept 3 seconds</msg>
<status status="PASS" starttime="20230314 15:28:30.012" endtime="20230314 15:28:33.021"/>
</kw>
<kw name="Close Browser" library="SeleniumLibrary">
<doc>Closes the current browser.</doc>
<status status="PASS" starttime="20230314 15:28:33.021" endtime="20230314 15:28:35.146"/>
</kw>
<status status="PASS" starttime="20230314 15:28:30.012" endtime="20230314 15:28:35.146"/>
</kw>
<status status="PASS" starttime="20230314 15:28:10.574" endtime="20230314 15:28:35.147"/>
</test>
<status status="PASS" starttime="20230314 15:27:47.845" endtime="20230314 15:28:35.149"/>
</suite>
<statistics>
<total>
<stat pass="2" fail="0" skip="0">All Tests</stat>
</total>
<tag>
</tag>
<suite>
<stat pass="2" fail="0" skip="0" id="s1" name="testAnnouceHide">testAnnouceHide</stat>
</suite>
</statistics>
<errors>
</errors>
</robot>
