<?xml version="1.0" encoding="UTF-8"?>
<robot generator="Robot 5.0.1 (Python 3.10.5 on win32)" generated="20221207 22:42:48.187" rpa="false" schemaversion="3">
<suite id="s1" name="TestViewEmployee" source="C:\xampp\htdocs\automateTestTeam0\Admin\test_view_employee\TestViewEmployee.robot">
<test id="s1-t1" name="View Success" line="90">
<kw name="Open file Excel">
<kw name="Open Excel" library="ExcelRobot">
<arg>C:\\xampp\\htdocs\\automateTestTeam0\\Admin\\test_view_employee\\test_data.xlsx</arg>
<doc>Opens the Excel file to read from the path provided in the file path parameter.</doc>
<msg timestamp="20221207 22:42:49.035" level="INFO">Opening file at C:\xampp\htdocs\automateTestTeam0\Admin\test_view_employee\test_data.xlsx</msg>
<status status="PASS" starttime="20221207 22:42:49.035" endtime="20221207 22:42:49.039"/>
</kw>
<status status="PASS" starttime="20221207 22:42:49.035" endtime="20221207 22:42:49.039"/>
</kw>
<kw name="Read Cell Data" library="ExcelRobot">
<var>${Username}</var>
<arg>Admin</arg>
<arg>0</arg>
<arg>1</arg>
<doc>Uses the column and row to return the data from that cell.</doc>
<msg timestamp="20221207 22:42:49.039" level="INFO">${Username} = test@gmail.com</msg>
<status status="PASS" starttime="20221207 22:42:49.039" endtime="20221207 22:42:49.048"/>
</kw>
<kw name="Read Cell Data" library="ExcelRobot">
<var>${Password}</var>
<arg>Admin</arg>
<arg>1</arg>
<arg>1</arg>
<doc>Uses the column and row to return the data from that cell.</doc>
<msg timestamp="20221207 22:42:49.048" level="INFO">${Password} = kajorn.n</msg>
<status status="PASS" starttime="20221207 22:42:49.048" endtime="20221207 22:42:49.048"/>
</kw>
<kw name="Open Project Monitoring System">
<kw name="Open Browser" library="SeleniumLibrary">
<arg>${URL}</arg>
<arg>${BROWSER}</arg>
<doc>Opens a new browser instance to the optional ``url``.</doc>
<msg timestamp="20221207 22:42:49.048" level="INFO">Opening browser 'Google Chrome' to base url 'http://dekdee2.informatics.buu.ac.th:9080/team0/'.</msg>
<status status="PASS" starttime="20221207 22:42:49.048" endtime="20221207 22:42:52.676"/>
</kw>
<kw name="Maximize Browser Window" library="SeleniumLibrary">
<doc>Maximizes current browser window.</doc>
<status status="PASS" starttime="20221207 22:42:52.676" endtime="20221207 22:42:52.884"/>
</kw>
<status status="PASS" starttime="20221207 22:42:49.048" endtime="20221207 22:42:52.884"/>
</kw>
<kw name="Click Menu Login">
<kw name="Sleep" library="BuiltIn">
<arg>2s</arg>
<doc>Pauses the test executed for the given time.</doc>
<msg timestamp="20221207 22:42:54.900" level="INFO">Slept 2 seconds</msg>
<status status="PASS" starttime="20221207 22:42:52.884" endtime="20221207 22:42:54.900"/>
</kw>
<kw name="Click Element" library="SeleniumLibrary">
<arg>//*[@id="main-wrapper"]/header/nav/div[2]/ul[2]/li/a</arg>
<doc>Click the element identified by ``locator``.</doc>
<msg timestamp="20221207 22:42:54.900" level="INFO">Clicking element '//*[@id="main-wrapper"]/header/nav/div[2]/ul[2]/li/a'.</msg>
<status status="PASS" starttime="20221207 22:42:54.900" endtime="20221207 22:42:55.444"/>
</kw>
<status status="PASS" starttime="20221207 22:42:52.884" endtime="20221207 22:42:55.444"/>
</kw>
<kw name="Input Text" library="SeleniumLibrary">
<arg>id:u_email</arg>
<arg>${Username}</arg>
<doc>Types the given ``text`` into the text field identified by ``locator``.</doc>
<msg timestamp="20221207 22:42:55.444" level="INFO">Typing text 'test@gmail.com' into text field 'id:u_email'.</msg>
<status status="PASS" starttime="20221207 22:42:55.444" endtime="20221207 22:42:55.636"/>
</kw>
<kw name="Input Text" library="SeleniumLibrary">
<arg>id:u_password</arg>
<arg>${Password}</arg>
<doc>Types the given ``text`` into the text field identified by ``locator``.</doc>
<msg timestamp="20221207 22:42:55.636" level="INFO">Typing text 'kajorn.n' into text field 'id:u_password'.</msg>
<status status="PASS" starttime="20221207 22:42:55.636" endtime="20221207 22:42:55.787"/>
</kw>
<kw name="Click to Login">
<kw name="Sleep" library="BuiltIn">
<arg>2s</arg>
<doc>Pauses the test executed for the given time.</doc>
<msg timestamp="20221207 22:42:57.788" level="INFO">Slept 2 seconds</msg>
<status status="PASS" starttime="20221207 22:42:55.787" endtime="20221207 22:42:57.788"/>
</kw>
<kw name="Click Element" library="SeleniumLibrary">
<arg>//*[@id="loginBtn"]</arg>
<doc>Click the element identified by ``locator``.</doc>
<msg timestamp="20221207 22:42:57.788" level="INFO">Clicking element '//*[@id="loginBtn"]'.</msg>
<status status="PASS" starttime="20221207 22:42:57.788" endtime="20221207 22:42:57.869"/>
</kw>
<status status="PASS" starttime="20221207 22:42:55.787" endtime="20221207 22:42:57.869"/>
</kw>
<kw name="Click Sidebar Resiponse Project">
<kw name="Sleep" library="BuiltIn">
<arg>2s</arg>
<doc>Pauses the test executed for the given time.</doc>
<msg timestamp="20221207 22:42:59.882" level="INFO">Slept 2 seconds</msg>
<status status="PASS" starttime="20221207 22:42:57.870" endtime="20221207 22:42:59.882"/>
</kw>
<kw name="Click Element" library="SeleniumLibrary">
<arg>//*[@id="main-wrapper"]/header/nav/div[2]/ul[1]/li[2]/a</arg>
<doc>Click the element identified by ``locator``.</doc>
<msg timestamp="20221207 22:42:59.883" level="INFO">Clicking element '//*[@id="main-wrapper"]/header/nav/div[2]/ul[1]/li[2]/a'.</msg>
<status status="PASS" starttime="20221207 22:42:59.882" endtime="20221207 22:42:59.970"/>
</kw>
<kw name="Click Element" library="SeleniumLibrary">
<arg>//*[@id="sidebarnav"]/li[3]/a/i</arg>
<doc>Click the element identified by ``locator``.</doc>
<msg timestamp="20221207 22:42:59.970" level="INFO">Clicking element '//*[@id="sidebarnav"]/li[3]/a/i'.</msg>
<status status="PASS" starttime="20221207 22:42:59.970" endtime="20221207 22:43:00.154"/>
</kw>
<kw name="Click Element" library="SeleniumLibrary">
<arg>//*[@id="sidebarnav"]/li[3]/ul/li[1]/a/i</arg>
<doc>Click the element identified by ``locator``.</doc>
<msg timestamp="20221207 22:43:00.154" level="INFO">Clicking element '//*[@id="sidebarnav"]/li[3]/ul/li[1]/a/i'.</msg>
<status status="PASS" starttime="20221207 22:43:00.154" endtime="20221207 22:43:00.738"/>
</kw>
<status status="PASS" starttime="20221207 22:42:57.870" endtime="20221207 22:43:00.738"/>
</kw>
<kw name="Click button View">
<kw name="Click Element" library="SeleniumLibrary">
<arg>//*[@id="view"]</arg>
<doc>Click the element identified by ``locator``.</doc>
<msg timestamp="20221207 22:43:00.746" level="INFO">Clicking element '//*[@id="view"]'.</msg>
<status status="PASS" starttime="20221207 22:43:00.746" endtime="20221207 22:43:01.177"/>
</kw>
<status status="PASS" starttime="20221207 22:43:00.746" endtime="20221207 22:43:01.177"/>
</kw>
<kw name="Close Browser Page">
<kw name="Sleep" library="BuiltIn">
<arg>3s</arg>
<doc>Pauses the test executed for the given time.</doc>
<msg timestamp="20221207 22:43:04.189" level="INFO">Slept 3 seconds</msg>
<status status="PASS" starttime="20221207 22:43:01.177" endtime="20221207 22:43:04.189"/>
</kw>
<kw name="Close Browser" library="SeleniumLibrary">
<doc>Closes the current browser.</doc>
<status status="PASS" starttime="20221207 22:43:04.189" endtime="20221207 22:43:06.425"/>
</kw>
<status status="PASS" starttime="20221207 22:43:01.177" endtime="20221207 22:43:06.425"/>
</kw>
<status status="PASS" starttime="20221207 22:42:49.031" endtime="20221207 22:43:06.425"/>
</test>
<test id="s1-t2" name="View Wrong Because Don't CLick Button View" line="102">
<kw name="Open file Excel">
<kw name="Open Excel" library="ExcelRobot">
<arg>C:\\xampp\\htdocs\\automateTestTeam0\\Admin\\test_view_employee\\test_data.xlsx</arg>
<doc>Opens the Excel file to read from the path provided in the file path parameter.</doc>
<msg timestamp="20221207 22:43:06.425" level="INFO">Opening file at C:\xampp\htdocs\automateTestTeam0\Admin\test_view_employee\test_data.xlsx</msg>
<status status="PASS" starttime="20221207 22:43:06.425" endtime="20221207 22:43:06.425"/>
</kw>
<status status="PASS" starttime="20221207 22:43:06.425" endtime="20221207 22:43:06.425"/>
</kw>
<kw name="Read Cell Data" library="ExcelRobot">
<var>${Username}</var>
<arg>Admin</arg>
<arg>0</arg>
<arg>1</arg>
<doc>Uses the column and row to return the data from that cell.</doc>
<msg timestamp="20221207 22:43:06.440" level="INFO">${Username} = test@gmail.com</msg>
<status status="PASS" starttime="20221207 22:43:06.440" endtime="20221207 22:43:06.440"/>
</kw>
<kw name="Read Cell Data" library="ExcelRobot">
<var>${Password}</var>
<arg>Admin</arg>
<arg>1</arg>
<arg>1</arg>
<doc>Uses the column and row to return the data from that cell.</doc>
<msg timestamp="20221207 22:43:06.440" level="INFO">${Password} = kajorn.n</msg>
<status status="PASS" starttime="20221207 22:43:06.440" endtime="20221207 22:43:06.440"/>
</kw>
<kw name="Open Project Monitoring System">
<kw name="Open Browser" library="SeleniumLibrary">
<arg>${URL}</arg>
<arg>${BROWSER}</arg>
<doc>Opens a new browser instance to the optional ``url``.</doc>
<msg timestamp="20221207 22:43:06.440" level="INFO">Opening browser 'Google Chrome' to base url 'http://dekdee2.informatics.buu.ac.th:9080/team0/'.</msg>
<status status="PASS" starttime="20221207 22:43:06.440" endtime="20221207 22:43:09.109"/>
</kw>
<kw name="Maximize Browser Window" library="SeleniumLibrary">
<doc>Maximizes current browser window.</doc>
<status status="PASS" starttime="20221207 22:43:09.109" endtime="20221207 22:43:09.310"/>
</kw>
<status status="PASS" starttime="20221207 22:43:06.440" endtime="20221207 22:43:09.310"/>
</kw>
<kw name="Click Menu Login">
<kw name="Sleep" library="BuiltIn">
<arg>2s</arg>
<doc>Pauses the test executed for the given time.</doc>
<msg timestamp="20221207 22:43:11.316" level="INFO">Slept 2 seconds</msg>
<status status="PASS" starttime="20221207 22:43:09.310" endtime="20221207 22:43:11.316"/>
</kw>
<kw name="Click Element" library="SeleniumLibrary">
<arg>//*[@id="main-wrapper"]/header/nav/div[2]/ul[2]/li/a</arg>
<doc>Click the element identified by ``locator``.</doc>
<msg timestamp="20221207 22:43:11.316" level="INFO">Clicking element '//*[@id="main-wrapper"]/header/nav/div[2]/ul[2]/li/a'.</msg>
<status status="PASS" starttime="20221207 22:43:11.316" endtime="20221207 22:43:11.812"/>
</kw>
<status status="PASS" starttime="20221207 22:43:09.310" endtime="20221207 22:43:11.812"/>
</kw>
<kw name="Input Text" library="SeleniumLibrary">
<arg>id:u_email</arg>
<arg>${Username}</arg>
<doc>Types the given ``text`` into the text field identified by ``locator``.</doc>
<msg timestamp="20221207 22:43:11.812" level="INFO">Typing text 'test@gmail.com' into text field 'id:u_email'.</msg>
<status status="PASS" starttime="20221207 22:43:11.812" endtime="20221207 22:43:12.004"/>
</kw>
<kw name="Input Text" library="SeleniumLibrary">
<arg>id:u_password</arg>
<arg>${Password}</arg>
<doc>Types the given ``text`` into the text field identified by ``locator``.</doc>
<msg timestamp="20221207 22:43:12.004" level="INFO">Typing text 'kajorn.n' into text field 'id:u_password'.</msg>
<status status="PASS" starttime="20221207 22:43:12.004" endtime="20221207 22:43:12.148"/>
</kw>
<kw name="Click to Login">
<kw name="Sleep" library="BuiltIn">
<arg>2s</arg>
<doc>Pauses the test executed for the given time.</doc>
<msg timestamp="20221207 22:43:14.169" level="INFO">Slept 2 seconds</msg>
<status status="PASS" starttime="20221207 22:43:12.148" endtime="20221207 22:43:14.169"/>
</kw>
<kw name="Click Element" library="SeleniumLibrary">
<arg>//*[@id="loginBtn"]</arg>
<doc>Click the element identified by ``locator``.</doc>
<msg timestamp="20221207 22:43:14.169" level="INFO">Clicking element '//*[@id="loginBtn"]'.</msg>
<status status="PASS" starttime="20221207 22:43:14.169" endtime="20221207 22:43:14.243"/>
</kw>
<status status="PASS" starttime="20221207 22:43:12.148" endtime="20221207 22:43:14.244"/>
</kw>
<kw name="Click Sidebar Resiponse Project">
<kw name="Sleep" library="BuiltIn">
<arg>2s</arg>
<doc>Pauses the test executed for the given time.</doc>
<msg timestamp="20221207 22:43:16.261" level="INFO">Slept 2 seconds</msg>
<status status="PASS" starttime="20221207 22:43:14.244" endtime="20221207 22:43:16.261"/>
</kw>
<kw name="Click Element" library="SeleniumLibrary">
<arg>//*[@id="main-wrapper"]/header/nav/div[2]/ul[1]/li[2]/a</arg>
<doc>Click the element identified by ``locator``.</doc>
<msg timestamp="20221207 22:43:16.261" level="INFO">Clicking element '//*[@id="main-wrapper"]/header/nav/div[2]/ul[1]/li[2]/a'.</msg>
<status status="PASS" starttime="20221207 22:43:16.261" endtime="20221207 22:43:16.340"/>
</kw>
<kw name="Click Element" library="SeleniumLibrary">
<arg>//*[@id="sidebarnav"]/li[3]/a/i</arg>
<doc>Click the element identified by ``locator``.</doc>
<msg timestamp="20221207 22:43:16.340" level="INFO">Clicking element '//*[@id="sidebarnav"]/li[3]/a/i'.</msg>
<status status="PASS" starttime="20221207 22:43:16.340" endtime="20221207 22:43:16.524"/>
</kw>
<kw name="Click Element" library="SeleniumLibrary">
<arg>//*[@id="sidebarnav"]/li[3]/ul/li[1]/a/i</arg>
<doc>Click the element identified by ``locator``.</doc>
<msg timestamp="20221207 22:43:16.524" level="INFO">Clicking element '//*[@id="sidebarnav"]/li[3]/ul/li[1]/a/i'.</msg>
<status status="PASS" starttime="20221207 22:43:16.524" endtime="20221207 22:43:17.029"/>
</kw>
<status status="PASS" starttime="20221207 22:43:14.244" endtime="20221207 22:43:17.029"/>
</kw>
<kw name="Close Browser Page">
<kw name="Sleep" library="BuiltIn">
<arg>3s</arg>
<doc>Pauses the test executed for the given time.</doc>
<msg timestamp="20221207 22:43:20.034" level="INFO">Slept 3 seconds</msg>
<status status="PASS" starttime="20221207 22:43:17.029" endtime="20221207 22:43:20.034"/>
</kw>
<kw name="Close Browser" library="SeleniumLibrary">
<doc>Closes the current browser.</doc>
<status status="PASS" starttime="20221207 22:43:20.034" endtime="20221207 22:43:22.223"/>
</kw>
<status status="PASS" starttime="20221207 22:43:17.029" endtime="20221207 22:43:22.223"/>
</kw>
<status status="PASS" starttime="20221207 22:43:06.425" endtime="20221207 22:43:22.223"/>
</test>
<status status="PASS" starttime="20221207 22:42:48.187" endtime="20221207 22:43:22.223"/>
</suite>
<statistics>
<total>
<stat pass="2" fail="0" skip="0">All Tests</stat>
</total>
<tag>
</tag>
<suite>
<stat pass="2" fail="0" skip="0" id="s1" name="TestViewEmployee">TestViewEmployee</stat>
</suite>
</statistics>
<errors>
</errors>
</robot>
