<?xml version="1.0" encoding="UTF-8"?>
<robot generator="Robot 5.0.1 (Python 3.10.5 on win32)" generated="20230214 22:39:46.059" rpa="false" schemaversion="3">
<suite id="s1" name="delete taskInProject" source="C:\xampp\htdocs\automateTestTeam0\employee1\test_delete_taskInProject\delete_taskInProject.robot">
<test id="s1-t1" name="Delete Task in Project Success" line="46">
<kw name="Open file Excel">
<kw name="Open Excel" library="ExcelRobot">
<arg>C:\\xampp\\htdocs\\automateTestTeam0\\employee1\\test_delete_taskInProject\\test_data.xlsx</arg>
<doc>Opens the Excel file to read from the path provided in the file path parameter.</doc>
<msg timestamp="20230214 22:39:46.466" level="INFO">Opening file at C:\xampp\htdocs\automateTestTeam0\employee1\test_delete_taskInProject\test_data.xlsx</msg>
<status status="PASS" starttime="20230214 22:39:46.466" endtime="20230214 22:39:46.470"/>
</kw>
<status status="PASS" starttime="20230214 22:39:46.466" endtime="20230214 22:39:46.470"/>
</kw>
<kw name="Read Cell Data" library="ExcelRobot">
<var>${Username}</var>
<arg>Employee</arg>
<arg>0</arg>
<arg>1</arg>
<doc>Uses the column and row to return the data from that cell.</doc>
<msg timestamp="20230214 22:39:46.471" level="INFO">${Username} = suchada1512@gmail.com</msg>
<status status="PASS" starttime="20230214 22:39:46.471" endtime="20230214 22:39:46.471"/>
</kw>
<kw name="Read Cell Data" library="ExcelRobot">
<var>${Password}</var>
<arg>Employee</arg>
<arg>1</arg>
<arg>1</arg>
<doc>Uses the column and row to return the data from that cell.</doc>
<msg timestamp="20230214 22:39:46.471" level="INFO">${Password} = suchada</msg>
<status status="PASS" starttime="20230214 22:39:46.471" endtime="20230214 22:39:46.471"/>
</kw>
<kw name="Open Project Monitoring System">
<kw name="Open Browser" library="SeleniumLibrary">
<arg>${URL}</arg>
<arg>${BROWSER}</arg>
<doc>Opens a new browser instance to the optional ``url``.</doc>
<msg timestamp="20230214 22:39:46.472" level="INFO">Opening browser 'Google Chrome' to base url 'http://dekdee2.informatics.buu.ac.th:9080/team0/'.</msg>
<status status="PASS" starttime="20230214 22:39:46.472" endtime="20230214 22:39:48.562"/>
</kw>
<kw name="Maximize Browser Window" library="SeleniumLibrary">
<doc>Maximizes current browser window.</doc>
<status status="PASS" starttime="20230214 22:39:48.562" endtime="20230214 22:39:48.741"/>
</kw>
<status status="PASS" starttime="20230214 22:39:46.471" endtime="20230214 22:39:48.741"/>
</kw>
<kw name="Click Menu Login">
<kw name="Sleep" library="BuiltIn">
<arg>2s</arg>
<doc>Pauses the test executed for the given time.</doc>
<msg timestamp="20230214 22:39:50.754" level="INFO">Slept 2 seconds</msg>
<status status="PASS" starttime="20230214 22:39:48.743" endtime="20230214 22:39:50.754"/>
</kw>
<kw name="Click Element" library="SeleniumLibrary">
<arg>//*[@class="nav-link waves-effect waves-dark profile-pic fs-5"]</arg>
<doc>Click the element identified by ``locator``.</doc>
<msg timestamp="20230214 22:39:50.755" level="INFO">Clicking element '//*[@class="nav-link waves-effect waves-dark profile-pic fs-5"]'.</msg>
<status status="PASS" starttime="20230214 22:39:50.754" endtime="20230214 22:39:50.788"/>
</kw>
<status status="PASS" starttime="20230214 22:39:48.742" endtime="20230214 22:39:50.788"/>
</kw>
<kw name="Sleep" library="BuiltIn">
<arg>1s</arg>
<doc>Pauses the test executed for the given time.</doc>
<msg timestamp="20230214 22:39:51.793" level="INFO">Slept 1 second</msg>
<status status="PASS" starttime="20230214 22:39:50.789" endtime="20230214 22:39:51.793"/>
</kw>
<kw name="Input Text" library="SeleniumLibrary">
<arg>id:u_email</arg>
<arg>${Username}</arg>
<doc>Types the given ``text`` into the text field identified by ``locator``.</doc>
<msg timestamp="20230214 22:39:51.794" level="INFO">Typing text 'suchada1512@gmail.com' into text field 'id:u_email'.</msg>
<status status="PASS" starttime="20230214 22:39:51.794" endtime="20230214 22:39:51.862"/>
</kw>
<kw name="Sleep" library="BuiltIn">
<arg>1s</arg>
<doc>Pauses the test executed for the given time.</doc>
<msg timestamp="20230214 22:39:52.865" level="INFO">Slept 1 second</msg>
<status status="PASS" starttime="20230214 22:39:51.863" endtime="20230214 22:39:52.865"/>
</kw>
<kw name="Input Text" library="SeleniumLibrary">
<arg>id:u_password</arg>
<arg>${Password}</arg>
<doc>Types the given ``text`` into the text field identified by ``locator``.</doc>
<msg timestamp="20230214 22:39:52.866" level="INFO">Typing text 'suchada' into text field 'id:u_password'.</msg>
<status status="PASS" starttime="20230214 22:39:52.865" endtime="20230214 22:39:52.927"/>
</kw>
<kw name="Click to Login">
<kw name="Sleep" library="BuiltIn">
<arg>2s</arg>
<doc>Pauses the test executed for the given time.</doc>
<msg timestamp="20230214 22:39:54.937" level="INFO">Slept 2 seconds</msg>
<status status="PASS" starttime="20230214 22:39:52.928" endtime="20230214 22:39:54.937"/>
</kw>
<kw name="Click Element" library="SeleniumLibrary">
<arg>//*[@id="loginBtn"]</arg>
<doc>Click the element identified by ``locator``.</doc>
<msg timestamp="20230214 22:39:54.937" level="INFO">Clicking element '//*[@id="loginBtn"]'.</msg>
<status status="PASS" starttime="20230214 22:39:54.937" endtime="20230214 22:39:54.969"/>
</kw>
<status status="PASS" starttime="20230214 22:39:52.927" endtime="20230214 22:39:54.970"/>
</kw>
<kw name="Click Sidebar Resiponse Project">
<kw name="Sleep" library="BuiltIn">
<arg>2s</arg>
<doc>Pauses the test executed for the given time.</doc>
<msg timestamp="20230214 22:39:56.975" level="INFO">Slept 2 seconds</msg>
<status status="PASS" starttime="20230214 22:39:54.970" endtime="20230214 22:39:56.975"/>
</kw>
<kw name="Click Element" library="SeleniumLibrary">
<arg>//*[@class="has-arrow waves-effect waves-dark"]</arg>
<doc>Click the element identified by ``locator``.</doc>
<msg timestamp="20230214 22:39:56.975" level="INFO">Clicking element '//*[@class="has-arrow waves-effect waves-dark"]'.</msg>
<status status="PASS" starttime="20230214 22:39:56.975" endtime="20230214 22:39:59.189"/>
</kw>
<status status="PASS" starttime="20230214 22:39:54.970" endtime="20230214 22:39:59.190"/>
</kw>
<kw name="Click Project Responsibility">
<kw name="Sleep" library="BuiltIn">
<arg>2s</arg>
<doc>Pauses the test executed for the given time.</doc>
<msg timestamp="20230214 22:40:01.200" level="INFO">Slept 2 seconds</msg>
<status status="PASS" starttime="20230214 22:39:59.190" endtime="20230214 22:40:01.200"/>
</kw>
<kw name="Click Element" library="SeleniumLibrary">
<arg>//*[@id="sidebarnav"]/li[2]/ul/li/a</arg>
<doc>Click the element identified by ``locator``.</doc>
<msg timestamp="20230214 22:40:01.200" level="INFO">Clicking element '//*[@id="sidebarnav"]/li[2]/ul/li/a'.</msg>
<status status="PASS" starttime="20230214 22:40:01.200" endtime="20230214 22:40:01.489"/>
</kw>
<status status="PASS" starttime="20230214 22:39:59.190" endtime="20230214 22:40:01.489"/>
</kw>
<kw name="Click Project Task">
<kw name="Sleep" library="BuiltIn">
<arg>2s</arg>
<doc>Pauses the test executed for the given time.</doc>
<msg timestamp="20230214 22:40:03.505" level="INFO">Slept 2 seconds</msg>
<status status="PASS" starttime="20230214 22:40:01.491" endtime="20230214 22:40:03.505"/>
</kw>
<kw name="Click Element" library="SeleniumLibrary">
<arg>//*[@class="btn btn-tertiary btn-sm"]</arg>
<doc>Click the element identified by ``locator``.</doc>
<msg timestamp="20230214 22:40:03.505" level="INFO">Clicking element '//*[@class="btn btn-tertiary btn-sm"]'.</msg>
<status status="PASS" starttime="20230214 22:40:03.505" endtime="20230214 22:40:03.890"/>
</kw>
<status status="PASS" starttime="20230214 22:40:01.491" endtime="20230214 22:40:03.891"/>
</kw>
<kw name="Click Delete Project Task">
<kw name="Sleep" library="BuiltIn">
<arg>2s</arg>
<doc>Pauses the test executed for the given time.</doc>
<msg timestamp="20230214 22:40:05.899" level="INFO">Slept 2 seconds</msg>
<status status="PASS" starttime="20230214 22:40:03.891" endtime="20230214 22:40:05.899"/>
</kw>
<kw name="Click Element" library="SeleniumLibrary">
<arg>//*[@id="del"]</arg>
<doc>Click the element identified by ``locator``.</doc>
<msg timestamp="20230214 22:40:05.899" level="INFO">Clicking element '//*[@id="del"]'.</msg>
<status status="PASS" starttime="20230214 22:40:05.899" endtime="20230214 22:40:05.944"/>
</kw>
<status status="PASS" starttime="20230214 22:40:03.891" endtime="20230214 22:40:05.945"/>
</kw>
<kw name="Click Confirm Delete Project Task">
<kw name="Sleep" library="BuiltIn">
<arg>2s</arg>
<doc>Pauses the test executed for the given time.</doc>
<msg timestamp="20230214 22:40:07.956" level="INFO">Slept 2 seconds</msg>
<status status="PASS" starttime="20230214 22:40:05.945" endtime="20230214 22:40:07.956"/>
</kw>
<kw name="Click Element" library="SeleniumLibrary">
<arg>//*[@class="swal2-confirm swal2-styled"]</arg>
<doc>Click the element identified by ``locator``.</doc>
<msg timestamp="20230214 22:40:07.957" level="INFO">Clicking element '//*[@class="swal2-confirm swal2-styled"]'.</msg>
<status status="PASS" starttime="20230214 22:40:07.956" endtime="20230214 22:40:07.986"/>
</kw>
<status status="PASS" starttime="20230214 22:40:05.945" endtime="20230214 22:40:07.986"/>
</kw>
<kw name="Close Browser Page">
<kw name="Sleep" library="BuiltIn">
<arg>3s</arg>
<doc>Pauses the test executed for the given time.</doc>
<msg timestamp="20230214 22:40:10.996" level="INFO">Slept 3 seconds</msg>
<status status="PASS" starttime="20230214 22:40:07.986" endtime="20230214 22:40:10.996"/>
</kw>
<kw name="Close Browser" library="SeleniumLibrary">
<doc>Closes the current browser.</doc>
<status status="PASS" starttime="20230214 22:40:10.996" endtime="20230214 22:40:13.115"/>
</kw>
<status status="PASS" starttime="20230214 22:40:07.986" endtime="20230214 22:40:13.115"/>
</kw>
<status status="PASS" starttime="20230214 22:39:46.466" endtime="20230214 22:40:13.116"/>
</test>
<test id="s1-t2" name="Delete Task in Project Fail with are not owner this activity" line="63">
<kw name="Open file Excel">
<kw name="Open Excel" library="ExcelRobot">
<arg>C:\\xampp\\htdocs\\automateTestTeam0\\employee1\\test_delete_taskInProject\\test_data.xlsx</arg>
<doc>Opens the Excel file to read from the path provided in the file path parameter.</doc>
<msg timestamp="20230214 22:40:13.118" level="INFO">Opening file at C:\xampp\htdocs\automateTestTeam0\employee1\test_delete_taskInProject\test_data.xlsx</msg>
<status status="PASS" starttime="20230214 22:40:13.118" endtime="20230214 22:40:13.120"/>
</kw>
<status status="PASS" starttime="20230214 22:40:13.118" endtime="20230214 22:40:13.120"/>
</kw>
<kw name="Read Cell Data" library="ExcelRobot">
<var>${Username}</var>
<arg>Employee</arg>
<arg>0</arg>
<arg>1</arg>
<doc>Uses the column and row to return the data from that cell.</doc>
<msg timestamp="20230214 22:40:13.120" level="INFO">${Username} = suchada1512@gmail.com</msg>
<status status="PASS" starttime="20230214 22:40:13.120" endtime="20230214 22:40:13.120"/>
</kw>
<kw name="Read Cell Data" library="ExcelRobot">
<var>${Password}</var>
<arg>Employee</arg>
<arg>1</arg>
<arg>1</arg>
<doc>Uses the column and row to return the data from that cell.</doc>
<msg timestamp="20230214 22:40:13.120" level="INFO">${Password} = suchada</msg>
<status status="PASS" starttime="20230214 22:40:13.120" endtime="20230214 22:40:13.120"/>
</kw>
<kw name="Open Project Monitoring System">
<kw name="Open Browser" library="SeleniumLibrary">
<arg>${URL}</arg>
<arg>${BROWSER}</arg>
<doc>Opens a new browser instance to the optional ``url``.</doc>
<msg timestamp="20230214 22:40:13.121" level="INFO">Opening browser 'Google Chrome' to base url 'http://dekdee2.informatics.buu.ac.th:9080/team0/'.</msg>
<status status="PASS" starttime="20230214 22:40:13.121" endtime="20230214 22:40:15.383"/>
</kw>
<kw name="Maximize Browser Window" library="SeleniumLibrary">
<doc>Maximizes current browser window.</doc>
<status status="PASS" starttime="20230214 22:40:15.383" endtime="20230214 22:40:15.521"/>
</kw>
<status status="PASS" starttime="20230214 22:40:13.120" endtime="20230214 22:40:15.521"/>
</kw>
<kw name="Click Menu Login">
<kw name="Sleep" library="BuiltIn">
<arg>2s</arg>
<doc>Pauses the test executed for the given time.</doc>
<msg timestamp="20230214 22:40:17.540" level="INFO">Slept 2 seconds</msg>
<status status="PASS" starttime="20230214 22:40:15.525" endtime="20230214 22:40:17.540"/>
</kw>
<kw name="Click Element" library="SeleniumLibrary">
<arg>//*[@class="nav-link waves-effect waves-dark profile-pic fs-5"]</arg>
<doc>Click the element identified by ``locator``.</doc>
<msg timestamp="20230214 22:40:17.540" level="INFO">Clicking element '//*[@class="nav-link waves-effect waves-dark profile-pic fs-5"]'.</msg>
<status status="PASS" starttime="20230214 22:40:17.540" endtime="20230214 22:40:17.572"/>
</kw>
<status status="PASS" starttime="20230214 22:40:15.523" endtime="20230214 22:40:17.572"/>
</kw>
<kw name="Sleep" library="BuiltIn">
<arg>1s</arg>
<doc>Pauses the test executed for the given time.</doc>
<msg timestamp="20230214 22:40:18.585" level="INFO">Slept 1 second</msg>
<status status="PASS" starttime="20230214 22:40:17.572" endtime="20230214 22:40:18.585"/>
</kw>
<kw name="Input Text" library="SeleniumLibrary">
<arg>id:u_email</arg>
<arg>${Username}</arg>
<doc>Types the given ``text`` into the text field identified by ``locator``.</doc>
<msg timestamp="20230214 22:40:18.585" level="INFO">Typing text 'suchada1512@gmail.com' into text field 'id:u_email'.</msg>
<status status="PASS" starttime="20230214 22:40:18.585" endtime="20230214 22:40:18.660"/>
</kw>
<kw name="Sleep" library="BuiltIn">
<arg>1s</arg>
<doc>Pauses the test executed for the given time.</doc>
<msg timestamp="20230214 22:40:19.671" level="INFO">Slept 1 second</msg>
<status status="PASS" starttime="20230214 22:40:18.661" endtime="20230214 22:40:19.671"/>
</kw>
<kw name="Input Text" library="SeleniumLibrary">
<arg>id:u_password</arg>
<arg>${Password}</arg>
<doc>Types the given ``text`` into the text field identified by ``locator``.</doc>
<msg timestamp="20230214 22:40:19.672" level="INFO">Typing text 'suchada' into text field 'id:u_password'.</msg>
<status status="PASS" starttime="20230214 22:40:19.671" endtime="20230214 22:40:19.734"/>
</kw>
<kw name="Click to Login">
<kw name="Sleep" library="BuiltIn">
<arg>2s</arg>
<doc>Pauses the test executed for the given time.</doc>
<msg timestamp="20230214 22:40:21.740" level="INFO">Slept 2 seconds</msg>
<status status="PASS" starttime="20230214 22:40:19.735" endtime="20230214 22:40:21.740"/>
</kw>
<kw name="Click Element" library="SeleniumLibrary">
<arg>//*[@id="loginBtn"]</arg>
<doc>Click the element identified by ``locator``.</doc>
<msg timestamp="20230214 22:40:21.740" level="INFO">Clicking element '//*[@id="loginBtn"]'.</msg>
<status status="PASS" starttime="20230214 22:40:21.740" endtime="20230214 22:40:21.775"/>
</kw>
<status status="PASS" starttime="20230214 22:40:19.735" endtime="20230214 22:40:21.775"/>
</kw>
<kw name="Click Sidebar Resiponse Project">
<kw name="Sleep" library="BuiltIn">
<arg>2s</arg>
<doc>Pauses the test executed for the given time.</doc>
<msg timestamp="20230214 22:40:23.785" level="INFO">Slept 2 seconds</msg>
<status status="PASS" starttime="20230214 22:40:21.775" endtime="20230214 22:40:23.785"/>
</kw>
<kw name="Click Element" library="SeleniumLibrary">
<arg>//*[@class="has-arrow waves-effect waves-dark"]</arg>
<doc>Click the element identified by ``locator``.</doc>
<msg timestamp="20230214 22:40:23.785" level="INFO">Clicking element '//*[@class="has-arrow waves-effect waves-dark"]'.</msg>
<status status="PASS" starttime="20230214 22:40:23.785" endtime="20230214 22:40:23.818"/>
</kw>
<status status="PASS" starttime="20230214 22:40:21.775" endtime="20230214 22:40:23.819"/>
</kw>
<kw name="Click Project Responsibility">
<kw name="Sleep" library="BuiltIn">
<arg>2s</arg>
<doc>Pauses the test executed for the given time.</doc>
<msg timestamp="20230214 22:40:25.830" level="INFO">Slept 2 seconds</msg>
<status status="PASS" starttime="20230214 22:40:23.820" endtime="20230214 22:40:25.830"/>
</kw>
<kw name="Click Element" library="SeleniumLibrary">
<arg>//*[@id="sidebarnav"]/li[2]/ul/li/a</arg>
<doc>Click the element identified by ``locator``.</doc>
<msg timestamp="20230214 22:40:25.830" level="INFO">Clicking element '//*[@id="sidebarnav"]/li[2]/ul/li/a'.</msg>
<status status="PASS" starttime="20230214 22:40:25.830" endtime="20230214 22:40:26.105"/>
</kw>
<status status="PASS" starttime="20230214 22:40:23.819" endtime="20230214 22:40:26.105"/>
</kw>
<kw name="Click Project Task">
<kw name="Sleep" library="BuiltIn">
<arg>2s</arg>
<doc>Pauses the test executed for the given time.</doc>
<msg timestamp="20230214 22:40:28.119" level="INFO">Slept 2 seconds</msg>
<status status="PASS" starttime="20230214 22:40:26.107" endtime="20230214 22:40:28.119"/>
</kw>
<kw name="Click Element" library="SeleniumLibrary">
<arg>//*[@class="btn btn-tertiary btn-sm"]</arg>
<doc>Click the element identified by ``locator``.</doc>
<msg timestamp="20230214 22:40:28.119" level="INFO">Clicking element '//*[@class="btn btn-tertiary btn-sm"]'.</msg>
<status status="PASS" starttime="20230214 22:40:28.119" endtime="20230214 22:40:28.532"/>
</kw>
<status status="PASS" starttime="20230214 22:40:26.106" endtime="20230214 22:40:28.532"/>
</kw>
<kw name="Close Browser Page">
<kw name="Sleep" library="BuiltIn">
<arg>3s</arg>
<doc>Pauses the test executed for the given time.</doc>
<msg timestamp="20230214 22:40:31.547" level="INFO">Slept 3 seconds</msg>
<status status="PASS" starttime="20230214 22:40:28.534" endtime="20230214 22:40:31.547"/>
</kw>
<kw name="Close Browser" library="SeleniumLibrary">
<doc>Closes the current browser.</doc>
<status status="PASS" starttime="20230214 22:40:31.547" endtime="20230214 22:40:33.666"/>
</kw>
<status status="PASS" starttime="20230214 22:40:28.534" endtime="20230214 22:40:33.666"/>
</kw>
<status status="PASS" starttime="20230214 22:40:13.117" endtime="20230214 22:40:33.668"/>
</test>
<status status="PASS" starttime="20230214 22:39:46.060" endtime="20230214 22:40:33.668"/>
</suite>
<statistics>
<total>
<stat pass="2" fail="0" skip="0">All Tests</stat>
</total>
<tag>
</tag>
<suite>
<stat pass="2" fail="0" skip="0" id="s1" name="delete taskInProject">delete taskInProject</stat>
</suite>
</statistics>
<errors>
</errors>
</robot>
