<?xml version="1.0" encoding="UTF-8"?>
<robot generator="Robot 5.0.1 (Python 3.10.5 on win32)" generated="20230213 23:28:02.907" rpa="false" schemaversion="3">
<suite id="s1" name="delete taskInProject" source="C:\Automate Test\Test_PMS\automateTestTeam0\employee1\test_delete_taskInProject\delete_taskInProject.robot">
<test id="s1-t1" name="Delete Task in Project Success" line="46">
<kw name="Open file Excel">
<kw name="Open Excel" library="ExcelRobot">
<arg>C:\\Automate Test\\Test_PMS\\automateTestTeam0\\employee1\\test_delete_taskInProject\\test_data.xlsx</arg>
<doc>Opens the Excel file to read from the path provided in the file path parameter.</doc>
<msg timestamp="20230213 23:28:04.404" level="INFO">Opening file at C:\Automate Test\Test_PMS\automateTestTeam0\employee1\test_delete_taskInProject\test_data.xlsx</msg>
<status status="PASS" starttime="20230213 23:28:04.404" endtime="20230213 23:28:04.413"/>
</kw>
<status status="PASS" starttime="20230213 23:28:04.403" endtime="20230213 23:28:04.414"/>
</kw>
<kw name="Read Cell Data" library="ExcelRobot">
<var>${Username}</var>
<arg>Employee</arg>
<arg>0</arg>
<arg>1</arg>
<doc>Uses the column and row to return the data from that cell.</doc>
<msg timestamp="20230213 23:28:04.415" level="INFO">${Username} = suchada1512@gmail.com</msg>
<status status="PASS" starttime="20230213 23:28:04.415" endtime="20230213 23:28:04.415"/>
</kw>
<kw name="Read Cell Data" library="ExcelRobot">
<var>${Password}</var>
<arg>Employee</arg>
<arg>1</arg>
<arg>1</arg>
<doc>Uses the column and row to return the data from that cell.</doc>
<msg timestamp="20230213 23:28:04.417" level="INFO">${Password} = suchada</msg>
<status status="PASS" starttime="20230213 23:28:04.415" endtime="20230213 23:28:04.417"/>
</kw>
<kw name="Open Project Monitoring System">
<kw name="Open Browser" library="SeleniumLibrary">
<arg>${URL}</arg>
<arg>${BROWSER}</arg>
<doc>Opens a new browser instance to the optional ``url``.</doc>
<msg timestamp="20230213 23:28:04.418" level="INFO">Opening browser 'Google Chrome' to base url 'http://dekdee2.informatics.buu.ac.th:9080/team0/'.</msg>
<status status="PASS" starttime="20230213 23:28:04.418" endtime="20230213 23:28:09.243"/>
</kw>
<kw name="Maximize Browser Window" library="SeleniumLibrary">
<doc>Maximizes current browser window.</doc>
<status status="PASS" starttime="20230213 23:28:09.244" endtime="20230213 23:28:09.499"/>
</kw>
<status status="PASS" starttime="20230213 23:28:04.417" endtime="20230213 23:28:09.500"/>
</kw>
<kw name="Click Menu Login">
<kw name="Sleep" library="BuiltIn">
<arg>2s</arg>
<doc>Pauses the test executed for the given time.</doc>
<msg timestamp="20230213 23:28:11.517" level="INFO">Slept 2 seconds</msg>
<status status="PASS" starttime="20230213 23:28:09.501" endtime="20230213 23:28:11.517"/>
</kw>
<kw name="Click Element" library="SeleniumLibrary">
<arg>//*[@class="nav-link waves-effect waves-dark profile-pic fs-5"]</arg>
<doc>Click the element identified by ``locator``.</doc>
<msg timestamp="20230213 23:28:11.518" level="INFO">Clicking element '//*[@class="nav-link waves-effect waves-dark profile-pic fs-5"]'.</msg>
<status status="PASS" starttime="20230213 23:28:11.518" endtime="20230213 23:28:11.611"/>
</kw>
<status status="PASS" starttime="20230213 23:28:09.500" endtime="20230213 23:28:11.611"/>
</kw>
<kw name="Sleep" library="BuiltIn">
<arg>1s</arg>
<doc>Pauses the test executed for the given time.</doc>
<msg timestamp="20230213 23:28:12.614" level="INFO">Slept 1 second</msg>
<status status="PASS" starttime="20230213 23:28:11.612" endtime="20230213 23:28:12.614"/>
</kw>
<kw name="Input Text" library="SeleniumLibrary">
<arg>id:u_email</arg>
<arg>${Username}</arg>
<doc>Types the given ``text`` into the text field identified by ``locator``.</doc>
<msg timestamp="20230213 23:28:12.616" level="INFO">Typing text 'suchada1512@gmail.com' into text field 'id:u_email'.</msg>
<status status="PASS" starttime="20230213 23:28:12.615" endtime="20230213 23:28:12.825"/>
</kw>
<kw name="Sleep" library="BuiltIn">
<arg>1s</arg>
<doc>Pauses the test executed for the given time.</doc>
<msg timestamp="20230213 23:28:13.829" level="INFO">Slept 1 second</msg>
<status status="PASS" starttime="20230213 23:28:12.826" endtime="20230213 23:28:13.829"/>
</kw>
<kw name="Input Text" library="SeleniumLibrary">
<arg>id:u_password</arg>
<arg>${Password}</arg>
<doc>Types the given ``text`` into the text field identified by ``locator``.</doc>
<msg timestamp="20230213 23:28:13.831" level="INFO">Typing text 'suchada' into text field 'id:u_password'.</msg>
<status status="PASS" starttime="20230213 23:28:13.831" endtime="20230213 23:28:14.107"/>
</kw>
<kw name="Click to Login">
<kw name="Sleep" library="BuiltIn">
<arg>2s</arg>
<doc>Pauses the test executed for the given time.</doc>
<msg timestamp="20230213 23:28:16.123" level="INFO">Slept 2 seconds</msg>
<status status="PASS" starttime="20230213 23:28:14.109" endtime="20230213 23:28:16.123"/>
</kw>
<kw name="Click Element" library="SeleniumLibrary">
<arg>//*[@id="loginBtn"]</arg>
<doc>Click the element identified by ``locator``.</doc>
<msg timestamp="20230213 23:28:16.124" level="INFO">Clicking element '//*[@id="loginBtn"]'.</msg>
<status status="PASS" starttime="20230213 23:28:16.123" endtime="20230213 23:28:16.229"/>
</kw>
<status status="PASS" starttime="20230213 23:28:14.108" endtime="20230213 23:28:16.229"/>
</kw>
<kw name="Click Sidebar Resiponse Project">
<kw name="Sleep" library="BuiltIn">
<arg>2s</arg>
<doc>Pauses the test executed for the given time.</doc>
<msg timestamp="20230213 23:28:18.247" level="INFO">Slept 2 seconds</msg>
<status status="PASS" starttime="20230213 23:28:16.233" endtime="20230213 23:28:18.247"/>
</kw>
<kw name="Click Element" library="SeleniumLibrary">
<arg>//*[@class="has-arrow waves-effect waves-dark"]</arg>
<doc>Click the element identified by ``locator``.</doc>
<msg timestamp="20230213 23:28:18.247" level="INFO">Clicking element '//*[@class="has-arrow waves-effect waves-dark"]'.</msg>
<status status="PASS" starttime="20230213 23:28:18.247" endtime="20230213 23:28:18.349"/>
</kw>
<status status="PASS" starttime="20230213 23:28:16.232" endtime="20230213 23:28:18.349"/>
</kw>
<kw name="Click Project Responsibility">
<kw name="Sleep" library="BuiltIn">
<arg>2s</arg>
<doc>Pauses the test executed for the given time.</doc>
<msg timestamp="20230213 23:28:20.360" level="INFO">Slept 2 seconds</msg>
<status status="PASS" starttime="20230213 23:28:18.352" endtime="20230213 23:28:20.360"/>
</kw>
<kw name="Click Element" library="SeleniumLibrary">
<arg>//*[@id="sidebarnav"]/li[2]/ul/li/a</arg>
<doc>Click the element identified by ``locator``.</doc>
<msg timestamp="20230213 23:28:20.361" level="INFO">Clicking element '//*[@id="sidebarnav"]/li[2]/ul/li/a'.</msg>
<status status="PASS" starttime="20230213 23:28:20.360" endtime="20230213 23:28:21.029"/>
</kw>
<status status="PASS" starttime="20230213 23:28:18.351" endtime="20230213 23:28:21.029"/>
</kw>
<kw name="Click Project Task">
<kw name="Sleep" library="BuiltIn">
<arg>2s</arg>
<doc>Pauses the test executed for the given time.</doc>
<msg timestamp="20230213 23:28:23.038" level="INFO">Slept 2 seconds</msg>
<status status="PASS" starttime="20230213 23:28:21.031" endtime="20230213 23:28:23.038"/>
</kw>
<kw name="Click Element" library="SeleniumLibrary">
<arg>//*[@class="btn btn-tertiary btn-sm"]</arg>
<doc>Click the element identified by ``locator``.</doc>
<msg timestamp="20230213 23:28:23.039" level="INFO">Clicking element '//*[@class="btn btn-tertiary btn-sm"]'.</msg>
<status status="PASS" starttime="20230213 23:28:23.038" endtime="20230213 23:28:24.359"/>
</kw>
<status status="PASS" starttime="20230213 23:28:21.030" endtime="20230213 23:28:24.359"/>
</kw>
<kw name="Click Delete Project Task">
<kw name="Sleep" library="BuiltIn">
<arg>2s</arg>
<doc>Pauses the test executed for the given time.</doc>
<msg timestamp="20230213 23:28:26.367" level="INFO">Slept 2 seconds</msg>
<status status="PASS" starttime="20230213 23:28:24.361" endtime="20230213 23:28:26.367"/>
</kw>
<kw name="Click Element" library="SeleniumLibrary">
<arg>//*[@id="del"]</arg>
<doc>Click the element identified by ``locator``.</doc>
<msg timestamp="20230213 23:28:26.370" level="INFO">Clicking element '//*[@id="del"]'.</msg>
<status status="PASS" starttime="20230213 23:28:26.368" endtime="20230213 23:28:26.523"/>
</kw>
<status status="PASS" starttime="20230213 23:28:24.360" endtime="20230213 23:28:26.524"/>
</kw>
<kw name="Click Confirm Delete Project Task">
<kw name="Sleep" library="BuiltIn">
<arg>2s</arg>
<doc>Pauses the test executed for the given time.</doc>
<msg timestamp="20230213 23:28:28.541" level="INFO">Slept 2 seconds</msg>
<status status="PASS" starttime="20230213 23:28:26.527" endtime="20230213 23:28:28.541"/>
</kw>
<kw name="Click Element" library="SeleniumLibrary">
<arg>//*[@class="swal2-confirm swal2-styled"]</arg>
<doc>Click the element identified by ``locator``.</doc>
<msg timestamp="20230213 23:28:28.544" level="INFO">Clicking element '//*[@class="swal2-confirm swal2-styled"]'.</msg>
<status status="PASS" starttime="20230213 23:28:28.541" endtime="20230213 23:28:28.650"/>
</kw>
<status status="PASS" starttime="20230213 23:28:26.526" endtime="20230213 23:28:28.651"/>
</kw>
<kw name="Close Browser Page">
<kw name="Sleep" library="BuiltIn">
<arg>3s</arg>
<doc>Pauses the test executed for the given time.</doc>
<msg timestamp="20230213 23:28:31.668" level="INFO">Slept 3 seconds</msg>
<status status="PASS" starttime="20230213 23:28:28.653" endtime="20230213 23:28:31.668"/>
</kw>
<kw name="Close Browser" library="SeleniumLibrary">
<doc>Closes the current browser.</doc>
<status status="PASS" starttime="20230213 23:28:31.669" endtime="20230213 23:28:34.196"/>
</kw>
<status status="PASS" starttime="20230213 23:28:28.653" endtime="20230213 23:28:34.197"/>
</kw>
<status status="PASS" starttime="20230213 23:28:04.401" endtime="20230213 23:28:34.197"/>
</test>
<test id="s1-t2" name="Delete Task in Project Fail with are not owner this activity" line="63">
<kw name="Open file Excel">
<kw name="Open Excel" library="ExcelRobot">
<arg>C:\\Automate Test\\Test_PMS\\automateTestTeam0\\employee1\\test_delete_taskInProject\\test_data.xlsx</arg>
<doc>Opens the Excel file to read from the path provided in the file path parameter.</doc>
<msg timestamp="20230213 23:28:34.225" level="INFO">Opening file at C:\Automate Test\Test_PMS\automateTestTeam0\employee1\test_delete_taskInProject\test_data.xlsx</msg>
<status status="PASS" starttime="20230213 23:28:34.225" endtime="20230213 23:28:34.234"/>
</kw>
<status status="PASS" starttime="20230213 23:28:34.224" endtime="20230213 23:28:34.234"/>
</kw>
<kw name="Read Cell Data" library="ExcelRobot">
<var>${Username}</var>
<arg>Employee</arg>
<arg>0</arg>
<arg>1</arg>
<doc>Uses the column and row to return the data from that cell.</doc>
<msg timestamp="20230213 23:28:34.247" level="INFO">${Username} = suchada1512@gmail.com</msg>
<status status="PASS" starttime="20230213 23:28:34.246" endtime="20230213 23:28:34.247"/>
</kw>
<kw name="Read Cell Data" library="ExcelRobot">
<var>${Password}</var>
<arg>Employee</arg>
<arg>1</arg>
<arg>1</arg>
<doc>Uses the column and row to return the data from that cell.</doc>
<msg timestamp="20230213 23:28:34.253" level="INFO">${Password} = suchada</msg>
<status status="PASS" starttime="20230213 23:28:34.251" endtime="20230213 23:28:34.253"/>
</kw>
<kw name="Open Project Monitoring System">
<kw name="Open Browser" library="SeleniumLibrary">
<arg>${URL}</arg>
<arg>${BROWSER}</arg>
<doc>Opens a new browser instance to the optional ``url``.</doc>
<msg timestamp="20230213 23:28:34.254" level="INFO">Opening browser 'Google Chrome' to base url 'http://dekdee2.informatics.buu.ac.th:9080/team0/'.</msg>
<status status="PASS" starttime="20230213 23:28:34.254" endtime="20230213 23:28:37.975"/>
</kw>
<kw name="Maximize Browser Window" library="SeleniumLibrary">
<doc>Maximizes current browser window.</doc>
<status status="PASS" starttime="20230213 23:28:37.975" endtime="20230213 23:28:38.251"/>
</kw>
<status status="PASS" starttime="20230213 23:28:34.253" endtime="20230213 23:28:38.251"/>
</kw>
<kw name="Click Menu Login">
<kw name="Sleep" library="BuiltIn">
<arg>2s</arg>
<doc>Pauses the test executed for the given time.</doc>
<msg timestamp="20230213 23:28:40.254" level="INFO">Slept 2 seconds</msg>
<status status="PASS" starttime="20230213 23:28:38.252" endtime="20230213 23:28:40.254"/>
</kw>
<kw name="Click Element" library="SeleniumLibrary">
<arg>//*[@class="nav-link waves-effect waves-dark profile-pic fs-5"]</arg>
<doc>Click the element identified by ``locator``.</doc>
<msg timestamp="20230213 23:28:40.255" level="INFO">Clicking element '//*[@class="nav-link waves-effect waves-dark profile-pic fs-5"]'.</msg>
<status status="PASS" starttime="20230213 23:28:40.254" endtime="20230213 23:28:40.369"/>
</kw>
<status status="PASS" starttime="20230213 23:28:38.252" endtime="20230213 23:28:40.369"/>
</kw>
<kw name="Sleep" library="BuiltIn">
<arg>1s</arg>
<doc>Pauses the test executed for the given time.</doc>
<msg timestamp="20230213 23:28:41.377" level="INFO">Slept 1 second</msg>
<status status="PASS" starttime="20230213 23:28:40.370" endtime="20230213 23:28:41.377"/>
</kw>
<kw name="Input Text" library="SeleniumLibrary">
<arg>id:u_email</arg>
<arg>${Username}</arg>
<doc>Types the given ``text`` into the text field identified by ``locator``.</doc>
<msg timestamp="20230213 23:28:41.379" level="INFO">Typing text 'suchada1512@gmail.com' into text field 'id:u_email'.</msg>
<status status="PASS" starttime="20230213 23:28:41.378" endtime="20230213 23:28:41.667"/>
</kw>
<kw name="Sleep" library="BuiltIn">
<arg>1s</arg>
<doc>Pauses the test executed for the given time.</doc>
<msg timestamp="20230213 23:28:42.680" level="INFO">Slept 1 second</msg>
<status status="PASS" starttime="20230213 23:28:41.668" endtime="20230213 23:28:42.680"/>
</kw>
<kw name="Input Text" library="SeleniumLibrary">
<arg>id:u_password</arg>
<arg>${Password}</arg>
<doc>Types the given ``text`` into the text field identified by ``locator``.</doc>
<msg timestamp="20230213 23:28:42.713" level="INFO">Typing text 'suchada' into text field 'id:u_password'.</msg>
<status status="PASS" starttime="20230213 23:28:42.712" endtime="20230213 23:28:43.086"/>
</kw>
<kw name="Click to Login">
<kw name="Sleep" library="BuiltIn">
<arg>2s</arg>
<doc>Pauses the test executed for the given time.</doc>
<msg timestamp="20230213 23:28:45.103" level="INFO">Slept 2 seconds</msg>
<status status="PASS" starttime="20230213 23:28:43.090" endtime="20230213 23:28:45.103"/>
</kw>
<kw name="Click Element" library="SeleniumLibrary">
<arg>//*[@id="loginBtn"]</arg>
<doc>Click the element identified by ``locator``.</doc>
<msg timestamp="20230213 23:28:45.104" level="INFO">Clicking element '//*[@id="loginBtn"]'.</msg>
<status status="PASS" starttime="20230213 23:28:45.103" endtime="20230213 23:28:45.205"/>
</kw>
<status status="PASS" starttime="20230213 23:28:43.089" endtime="20230213 23:28:45.206"/>
</kw>
<kw name="Click Sidebar Resiponse Project">
<kw name="Sleep" library="BuiltIn">
<arg>2s</arg>
<doc>Pauses the test executed for the given time.</doc>
<msg timestamp="20230213 23:28:47.211" level="INFO">Slept 2 seconds</msg>
<status status="PASS" starttime="20230213 23:28:45.209" endtime="20230213 23:28:47.211"/>
</kw>
<kw name="Click Element" library="SeleniumLibrary">
<arg>//*[@class="has-arrow waves-effect waves-dark"]</arg>
<doc>Click the element identified by ``locator``.</doc>
<msg timestamp="20230213 23:28:47.212" level="INFO">Clicking element '//*[@class="has-arrow waves-effect waves-dark"]'.</msg>
<status status="PASS" starttime="20230213 23:28:47.211" endtime="20230213 23:28:47.319"/>
</kw>
<status status="PASS" starttime="20230213 23:28:45.207" endtime="20230213 23:28:47.319"/>
</kw>
<kw name="Click Project Responsibility">
<kw name="Sleep" library="BuiltIn">
<arg>2s</arg>
<doc>Pauses the test executed for the given time.</doc>
<msg timestamp="20230213 23:28:49.334" level="INFO">Slept 2 seconds</msg>
<status status="PASS" starttime="20230213 23:28:47.322" endtime="20230213 23:28:49.334"/>
</kw>
<kw name="Click Element" library="SeleniumLibrary">
<arg>//*[@id="sidebarnav"]/li[2]/ul/li/a</arg>
<doc>Click the element identified by ``locator``.</doc>
<msg timestamp="20230213 23:28:49.335" level="INFO">Clicking element '//*[@id="sidebarnav"]/li[2]/ul/li/a'.</msg>
<status status="PASS" starttime="20230213 23:28:49.335" endtime="20230213 23:28:50.042"/>
</kw>
<status status="PASS" starttime="20230213 23:28:47.321" endtime="20230213 23:28:50.043"/>
</kw>
<kw name="Click Project Task">
<kw name="Sleep" library="BuiltIn">
<arg>2s</arg>
<doc>Pauses the test executed for the given time.</doc>
<msg timestamp="20230213 23:28:52.051" level="INFO">Slept 2 seconds</msg>
<status status="PASS" starttime="20230213 23:28:50.044" endtime="20230213 23:28:52.051"/>
</kw>
<kw name="Click Element" library="SeleniumLibrary">
<arg>//*[@class="btn btn-tertiary btn-sm"]</arg>
<doc>Click the element identified by ``locator``.</doc>
<msg timestamp="20230213 23:28:52.053" level="INFO">Clicking element '//*[@class="btn btn-tertiary btn-sm"]'.</msg>
<status status="PASS" starttime="20230213 23:28:52.052" endtime="20230213 23:28:53.076"/>
</kw>
<status status="PASS" starttime="20230213 23:28:50.044" endtime="20230213 23:28:53.076"/>
</kw>
<kw name="Close Browser Page">
<kw name="Sleep" library="BuiltIn">
<arg>3s</arg>
<doc>Pauses the test executed for the given time.</doc>
<msg timestamp="20230213 23:28:56.083" level="INFO">Slept 3 seconds</msg>
<status status="PASS" starttime="20230213 23:28:53.079" endtime="20230213 23:28:56.083"/>
</kw>
<kw name="Close Browser" library="SeleniumLibrary">
<doc>Closes the current browser.</doc>
<status status="PASS" starttime="20230213 23:28:56.083" endtime="20230213 23:28:58.507"/>
</kw>
<status status="PASS" starttime="20230213 23:28:53.077" endtime="20230213 23:28:58.507"/>
</kw>
<status status="PASS" starttime="20230213 23:28:34.222" endtime="20230213 23:28:58.508"/>
</test>
<status status="PASS" starttime="20230213 23:28:02.911" endtime="20230213 23:28:58.512"/>
</suite>
<statistics>
<total>
<stat pass="2" fail="0" skip="0">All Tests</stat>
</total>
<tag>
</tag>
<suite>
<stat pass="2" fail="0" skip="0" id="s1" name="delete taskInProject">delete taskInProject</stat>
</suite>
</statistics>
<errors>
</errors>
</robot>
