<?xml version="1.0" encoding="UTF-8"?>
<robot generator="Robot 5.0.1 (Python 3.10.5 on win32)" generated="20221207 22:09:43.818" rpa="false" schemaversion="3">
<suite id="s1" name="TestExportExcelEmployee" source="C:\Automate Test\Test_PMS\automateTestTeam0\ProjectManager\test_export_excell\TestExportExcelEmployee.robot">
<test id="s1-t1" name="Export All are Project Success" line="32">
<kw name="Open file Excel">
<kw name="Open Excel" library="ExcelRobot">
<arg>C:\\Automate Test\\Test_PMS\\automateTestTeam0\\ProjectManager\\test_export_excell\\test_data.xlsx</arg>
<doc>Opens the Excel file to read from the path provided in the file path parameter.</doc>
<msg timestamp="20221207 22:09:45.371" level="INFO">Opening file at C:\Automate Test\Test_PMS\automateTestTeam0\ProjectManager\test_export_excell\test_data.xlsx</msg>
<status status="PASS" starttime="20221207 22:09:45.371" endtime="20221207 22:09:45.380"/>
</kw>
<status status="PASS" starttime="20221207 22:09:45.370" endtime="20221207 22:09:45.380"/>
</kw>
<kw name="Read Cell Data" library="ExcelRobot">
<var>${Username}</var>
<arg>Project Manager</arg>
<arg>0</arg>
<arg>1</arg>
<doc>Uses the column and row to return the data from that cell.</doc>
<msg timestamp="20221207 22:09:45.382" level="INFO">${Username} = sunisa.su@gmail.com	</msg>
<status status="PASS" starttime="20221207 22:09:45.381" endtime="20221207 22:09:45.382"/>
</kw>
<kw name="Read Cell Data" library="ExcelRobot">
<var>${Password}</var>
<arg>Project Manager</arg>
<arg>1</arg>
<arg>1</arg>
<doc>Uses the column and row to return the data from that cell.</doc>
<msg timestamp="20221207 22:09:45.383" level="INFO">${Password} = sunisa.s</msg>
<status status="PASS" starttime="20221207 22:09:45.383" endtime="20221207 22:09:45.384"/>
</kw>
<kw name="Open Project Monitoring System">
<kw name="Open Browser" library="SeleniumLibrary">
<arg>${URL}</arg>
<arg>${BROWSER}</arg>
<doc>Opens a new browser instance to the optional ``url``.</doc>
<msg timestamp="20221207 22:09:45.386" level="INFO">Opening browser 'Google Chrome' to base url 'http://dekdee2.informatics.buu.ac.th:9080/team0/'.</msg>
<status status="PASS" starttime="20221207 22:09:45.385" endtime="20221207 22:09:48.979"/>
</kw>
<kw name="Maximize Browser Window" library="SeleniumLibrary">
<doc>Maximizes current browser window.</doc>
<status status="PASS" starttime="20221207 22:09:48.979" endtime="20221207 22:09:49.201"/>
</kw>
<status status="PASS" starttime="20221207 22:09:45.384" endtime="20221207 22:09:49.201"/>
</kw>
<kw name="Click Menu Login">
<kw name="Sleep" library="BuiltIn">
<arg>2s</arg>
<doc>Pauses the test executed for the given time.</doc>
<msg timestamp="20221207 22:09:51.211" level="INFO">Slept 2 seconds</msg>
<status status="PASS" starttime="20221207 22:09:49.202" endtime="20221207 22:09:51.211"/>
</kw>
<kw name="Click Element" library="SeleniumLibrary">
<arg>//*[@id="main-wrapper"]/header/nav/div[2]/ul[2]/li/a</arg>
<doc>Click the element identified by ``locator``.</doc>
<msg timestamp="20221207 22:09:51.212" level="INFO">Clicking element '//*[@id="main-wrapper"]/header/nav/div[2]/ul[2]/li/a'.</msg>
<status status="PASS" starttime="20221207 22:09:51.211" endtime="20221207 22:09:51.897"/>
</kw>
<status status="PASS" starttime="20221207 22:09:49.201" endtime="20221207 22:09:51.897"/>
</kw>
<kw name="Input Text" library="SeleniumLibrary">
<arg>id:u_email</arg>
<arg>${Username}</arg>
<doc>Types the given ``text`` into the text field identified by ``locator``.</doc>
<msg timestamp="20221207 22:09:51.898" level="INFO">Typing text 'sunisa.su@gmail.com	' into text field 'id:u_email'.</msg>
<status status="PASS" starttime="20221207 22:09:51.898" endtime="20221207 22:09:52.168"/>
</kw>
<kw name="Input Text" library="SeleniumLibrary">
<arg>id:u_password</arg>
<arg>${Password}</arg>
<doc>Types the given ``text`` into the text field identified by ``locator``.</doc>
<msg timestamp="20221207 22:09:52.170" level="INFO">Typing text 'sunisa.s' into text field 'id:u_password'.</msg>
<status status="PASS" starttime="20221207 22:09:52.169" endtime="20221207 22:09:52.324"/>
</kw>
<kw name="Click to Login">
<kw name="Sleep" library="BuiltIn">
<arg>2s</arg>
<doc>Pauses the test executed for the given time.</doc>
<msg timestamp="20221207 22:09:54.333" level="INFO">Slept 2 seconds</msg>
<status status="PASS" starttime="20221207 22:09:52.326" endtime="20221207 22:09:54.333"/>
</kw>
<kw name="Click Element" library="SeleniumLibrary">
<arg>//*[@id="loginBtn"]</arg>
<doc>Click the element identified by ``locator``.</doc>
<msg timestamp="20221207 22:09:54.334" level="INFO">Clicking element '//*[@id="loginBtn"]'.</msg>
<status status="PASS" starttime="20221207 22:09:54.334" endtime="20221207 22:09:54.455"/>
</kw>
<status status="PASS" starttime="20221207 22:09:52.325" endtime="20221207 22:09:54.455"/>
</kw>
<kw name="Click Sidebar Resiponse Project">
<kw name="Sleep" library="BuiltIn">
<arg>2s</arg>
<doc>Pauses the test executed for the given time.</doc>
<msg timestamp="20221207 22:09:56.487" level="INFO">Slept 2 seconds</msg>
<status status="PASS" starttime="20221207 22:09:54.480" endtime="20221207 22:09:56.487"/>
</kw>
<kw name="Click Element" library="SeleniumLibrary">
<arg>//*[@id="sidebarnav"]/li[2]/a</arg>
<doc>Click the element identified by ``locator``.</doc>
<msg timestamp="20221207 22:09:56.488" level="INFO">Clicking element '//*[@id="sidebarnav"]/li[2]/a'.</msg>
<status status="PASS" starttime="20221207 22:09:56.488" endtime="20221207 22:09:57.289"/>
</kw>
<status status="PASS" starttime="20221207 22:09:54.478" endtime="20221207 22:09:57.289"/>
</kw>
<kw name="Click Export Excel">
<kw name="Sleep" library="BuiltIn">
<arg>2s</arg>
<doc>Pauses the test executed for the given time.</doc>
<msg timestamp="20221207 22:09:59.293" level="INFO">Slept 2 seconds</msg>
<status status="PASS" starttime="20221207 22:09:57.292" endtime="20221207 22:09:59.293"/>
</kw>
<kw name="Click Element" library="SeleniumLibrary">
<arg>//*[@id="table_wrapper"]/div[1]/button[1]</arg>
<doc>Click the element identified by ``locator``.</doc>
<msg timestamp="20221207 22:09:59.294" level="INFO">Clicking element '//*[@id="table_wrapper"]/div[1]/button[1]'.</msg>
<status status="PASS" starttime="20221207 22:09:59.293" endtime="20221207 22:09:59.434"/>
</kw>
<status status="PASS" starttime="20221207 22:09:57.291" endtime="20221207 22:09:59.434"/>
</kw>
<kw name="Close Browser Page">
<kw name="Sleep" library="BuiltIn">
<arg>3s</arg>
<doc>Pauses the test executed for the given time.</doc>
<msg timestamp="20221207 22:10:02.440" level="INFO">Slept 3 seconds</msg>
<status status="PASS" starttime="20221207 22:09:59.436" endtime="20221207 22:10:02.440"/>
</kw>
<kw name="Close Browser" library="SeleniumLibrary">
<doc>Closes the current browser.</doc>
<status status="PASS" starttime="20221207 22:10:02.440" endtime="20221207 22:10:04.758"/>
</kw>
<status status="PASS" starttime="20221207 22:09:59.435" endtime="20221207 22:10:04.759"/>
</kw>
<status status="PASS" starttime="20221207 22:09:45.368" endtime="20221207 22:10:04.759"/>
</test>
<status status="PASS" starttime="20221207 22:09:43.822" endtime="20221207 22:10:04.763"/>
</suite>
<statistics>
<total>
<stat pass="1" fail="0" skip="0">All Tests</stat>
</total>
<tag>
</tag>
<suite>
<stat pass="1" fail="0" skip="0" id="s1" name="TestExportExcelEmployee">TestExportExcelEmployee</stat>
</suite>
</statistics>
<errors>
</errors>
</robot>
