<?xml version="1.0" encoding="UTF-8"?>
<robot generator="Robot 5.0.1 (Python 3.10.5 on win32)" generated="20230228 21:41:23.137" rpa="false" schemaversion="3">
<suite id="s1" name="TestExportExcelEmployee" source="C:\xampp\htdocs\automateTestTeam0\employee2\test_export_excell\TestExportExcelEmployee.robot">
<test id="s1-t1" name="Export All are Project Success" line="34">
<kw name="Open file Excel">
<kw name="Open Excel" library="ExcelRobot">
<arg>C:\\xampp\\htdocs\\automateTestTeam0\\employee2\\test_export_excell\\test_data.xlsx</arg>
<doc>Opens the Excel file to read from the path provided in the file path parameter.</doc>
<msg timestamp="20230228 21:41:23.606" level="INFO">Opening file at C:\xampp\htdocs\automateTestTeam0\employee2\test_export_excell\test_data.xlsx</msg>
<status status="PASS" starttime="20230228 21:41:23.605" endtime="20230228 21:41:23.609"/>
</kw>
<status status="PASS" starttime="20230228 21:41:23.605" endtime="20230228 21:41:23.609"/>
</kw>
<kw name="Read Cell Data" library="ExcelRobot">
<var>${Username}</var>
<arg>Project Manager</arg>
<arg>0</arg>
<arg>1</arg>
<doc>Uses the column and row to return the data from that cell.</doc>
<msg timestamp="20230228 21:41:23.610" level="INFO">${Username} = sunisa.su@gmail.com	</msg>
<status status="PASS" starttime="20230228 21:41:23.609" endtime="20230228 21:41:23.610"/>
</kw>
<kw name="Read Cell Data" library="ExcelRobot">
<var>${Password}</var>
<arg>Project Manager</arg>
<arg>1</arg>
<arg>1</arg>
<doc>Uses the column and row to return the data from that cell.</doc>
<msg timestamp="20230228 21:41:23.610" level="INFO">${Password} = sunisa.s</msg>
<status status="PASS" starttime="20230228 21:41:23.610" endtime="20230228 21:41:23.610"/>
</kw>
<kw name="Open Project Monitoring System">
<kw name="Open Browser" library="SeleniumLibrary">
<arg>${URL}</arg>
<arg>${BROWSER}</arg>
<doc>Opens a new browser instance to the optional ``url``.</doc>
<msg timestamp="20230228 21:41:23.611" level="INFO">Opening browser 'Google Chrome' to base url 'http://dekdee2.informatics.buu.ac.th:9080/team0/'.</msg>
<status status="PASS" starttime="20230228 21:41:23.610" endtime="20230228 21:41:25.702"/>
</kw>
<kw name="Maximize Browser Window" library="SeleniumLibrary">
<doc>Maximizes current browser window.</doc>
<status status="PASS" starttime="20230228 21:41:25.702" endtime="20230228 21:41:25.878"/>
</kw>
<status status="PASS" starttime="20230228 21:41:23.610" endtime="20230228 21:41:25.878"/>
</kw>
<kw name="Click Menu Login">
<kw name="Sleep" library="BuiltIn">
<arg>2s</arg>
<doc>Pauses the test executed for the given time.</doc>
<msg timestamp="20230228 21:41:27.896" level="INFO">Slept 2 seconds</msg>
<status status="PASS" starttime="20230228 21:41:25.881" endtime="20230228 21:41:27.896"/>
</kw>
<kw name="Click Element" library="SeleniumLibrary">
<arg>//*[@class="nav-link waves-effect waves-dark profile-pic fs-5"]</arg>
<doc>Click the element identified by ``locator``.</doc>
<msg timestamp="20230228 21:41:27.896" level="INFO">Clicking element '//*[@class="nav-link waves-effect waves-dark profile-pic fs-5"]'.</msg>
<status status="PASS" starttime="20230228 21:41:27.896" endtime="20230228 21:41:27.926"/>
</kw>
<status status="PASS" starttime="20230228 21:41:25.879" endtime="20230228 21:41:27.927"/>
</kw>
<kw name="Input Text" library="SeleniumLibrary">
<arg>id:u_email</arg>
<arg>${Username}</arg>
<doc>Types the given ``text`` into the text field identified by ``locator``.</doc>
<msg timestamp="20230228 21:41:27.928" level="INFO">Typing text 'sunisa.su@gmail.com	' into text field 'id:u_email'.</msg>
<status status="PASS" starttime="20230228 21:41:27.927" endtime="20230228 21:41:28.052"/>
</kw>
<kw name="Input Text" library="SeleniumLibrary">
<arg>id:u_password</arg>
<arg>${Password}</arg>
<doc>Types the given ``text`` into the text field identified by ``locator``.</doc>
<msg timestamp="20230228 21:41:28.053" level="INFO">Typing text 'sunisa.s' into text field 'id:u_password'.</msg>
<status status="PASS" starttime="20230228 21:41:28.053" endtime="20230228 21:41:28.113"/>
</kw>
<kw name="Click to Login">
<kw name="Sleep" library="BuiltIn">
<arg>2s</arg>
<doc>Pauses the test executed for the given time.</doc>
<msg timestamp="20230228 21:41:30.123" level="INFO">Slept 2 seconds</msg>
<status status="PASS" starttime="20230228 21:41:28.113" endtime="20230228 21:41:30.123"/>
</kw>
<kw name="Click Element" library="SeleniumLibrary">
<arg>//*[@id="loginBtn"]</arg>
<doc>Click the element identified by ``locator``.</doc>
<msg timestamp="20230228 21:41:30.123" level="INFO">Clicking element '//*[@id="loginBtn"]'.</msg>
<status status="PASS" starttime="20230228 21:41:30.123" endtime="20230228 21:41:30.160"/>
</kw>
<status status="PASS" starttime="20230228 21:41:28.113" endtime="20230228 21:41:30.160"/>
</kw>
<kw name="Click Sidebar Resiponse Project">
<kw name="Sleep" library="BuiltIn">
<arg>1s</arg>
<doc>Pauses the test executed for the given time.</doc>
<msg timestamp="20230228 21:41:31.166" level="INFO">Slept 1 second</msg>
<status status="PASS" starttime="20230228 21:41:30.161" endtime="20230228 21:41:31.166"/>
</kw>
<kw name="Click Element" library="SeleniumLibrary">
<arg>//*[@id="sidebarnav"]/li[2]/a/i</arg>
<doc>Click the element identified by ``locator``.</doc>
<msg timestamp="20230228 21:41:31.166" level="INFO">Clicking element '//*[@id="sidebarnav"]/li[2]/a/i'.</msg>
<status status="PASS" starttime="20230228 21:41:31.166" endtime="20230228 21:41:31.216"/>
</kw>
<kw name="Sleep" library="BuiltIn">
<arg>1s</arg>
<doc>Pauses the test executed for the given time.</doc>
<msg timestamp="20230228 21:41:32.223" level="INFO">Slept 1 second</msg>
<status status="PASS" starttime="20230228 21:41:31.216" endtime="20230228 21:41:32.223"/>
</kw>
<kw name="Click Element" library="SeleniumLibrary">
<arg>//*[@id="sidebarnav"]/li[2]/ul/li[2]/a</arg>
<doc>Click the element identified by ``locator``.</doc>
<msg timestamp="20230228 21:41:32.223" level="INFO">Clicking element '//*[@id="sidebarnav"]/li[2]/ul/li[2]/a'.</msg>
<status status="PASS" starttime="20230228 21:41:32.223" endtime="20230228 21:41:32.540"/>
</kw>
<status status="PASS" starttime="20230228 21:41:30.160" endtime="20230228 21:41:32.540"/>
</kw>
<kw name="Click Export Excel">
<kw name="Sleep" library="BuiltIn">
<arg>2s</arg>
<doc>Pauses the test executed for the given time.</doc>
<msg timestamp="20230228 21:41:34.550" level="INFO">Slept 2 seconds</msg>
<status status="PASS" starttime="20230228 21:41:32.541" endtime="20230228 21:41:34.550"/>
</kw>
<kw name="Click Element" library="SeleniumLibrary">
<arg>//*[@id="table_wrapper"]/div[1]/button[1]</arg>
<doc>Click the element identified by ``locator``.</doc>
<msg timestamp="20230228 21:41:34.551" level="INFO">Clicking element '//*[@id="table_wrapper"]/div[1]/button[1]'.</msg>
<status status="PASS" starttime="20230228 21:41:34.550" endtime="20230228 21:41:34.591"/>
</kw>
<status status="PASS" starttime="20230228 21:41:32.540" endtime="20230228 21:41:34.592"/>
</kw>
<kw name="Close Browser Page">
<kw name="Sleep" library="BuiltIn">
<arg>3s</arg>
<doc>Pauses the test executed for the given time.</doc>
<msg timestamp="20230228 21:41:37.605" level="INFO">Slept 3 seconds</msg>
<status status="PASS" starttime="20230228 21:41:34.593" endtime="20230228 21:41:37.605"/>
</kw>
<kw name="Close Browser" library="SeleniumLibrary">
<doc>Closes the current browser.</doc>
<status status="PASS" starttime="20230228 21:41:37.605" endtime="20230228 21:41:39.731"/>
</kw>
<status status="PASS" starttime="20230228 21:41:34.592" endtime="20230228 21:41:39.731"/>
</kw>
<status status="PASS" starttime="20230228 21:41:23.605" endtime="20230228 21:41:39.731"/>
</test>
<status status="PASS" starttime="20230228 21:41:23.138" endtime="20230228 21:41:39.732"/>
</suite>
<statistics>
<total>
<stat pass="1" fail="0" skip="0">All Tests</stat>
</total>
<tag>
</tag>
<suite>
<stat pass="1" fail="0" skip="0" id="s1" name="TestExportExcelEmployee">TestExportExcelEmployee</stat>
</suite>
</statistics>
<errors>
</errors>
</robot>
