<?xml version="1.0" encoding="UTF-8"?>
<robot generator="Robot 5.0.1 (Python 3.10.5 on win32)" generated="20230210 23:37:32.705" rpa="false" schemaversion="3">
<suite id="s1" name="TestLoginEmployee" source="C:\Automate Test\Test_PMS\automateTestTeam0\employee1\test_login\TestLoginEmployee.robot">
<test id="s1-t1" name="Login Employee Success" line="26">
<kw name="Open file Excel">
<kw name="Open Excel" library="ExcelRobot">
<arg>C:\\Automate Test\\Test_PMS\\automateTestTeam0\\employee1\\test_login\\test_data.xlsx</arg>
<doc>Opens the Excel file to read from the path provided in the file path parameter.</doc>
<msg timestamp="20230210 23:37:33.130" level="INFO">Opening file at C:\Automate Test\Test_PMS\automateTestTeam0\employee1\test_login\test_data.xlsx</msg>
<status status="PASS" starttime="20230210 23:37:33.130" endtime="20230210 23:37:33.133"/>
</kw>
<status status="PASS" starttime="20230210 23:37:33.130" endtime="20230210 23:37:33.134"/>
</kw>
<kw name="Read Cell Data" library="ExcelRobot">
<var>${Username}</var>
<arg>Employee</arg>
<arg>0</arg>
<arg>1</arg>
<doc>Uses the column and row to return the data from that cell.</doc>
<msg timestamp="20230210 23:37:33.134" level="INFO">${Username} = suchada1512@gmail.com</msg>
<status status="PASS" starttime="20230210 23:37:33.134" endtime="20230210 23:37:33.134"/>
</kw>
<kw name="Read Cell Data" library="ExcelRobot">
<var>${Password}</var>
<arg>Employee</arg>
<arg>1</arg>
<arg>1</arg>
<doc>Uses the column and row to return the data from that cell.</doc>
<msg timestamp="20230210 23:37:33.135" level="INFO">${Password} = suchada</msg>
<status status="PASS" starttime="20230210 23:37:33.134" endtime="20230210 23:37:33.135"/>
</kw>
<kw name="Open Project Monitoring System">
<kw name="Open Browser" library="SeleniumLibrary">
<arg>${URL}</arg>
<arg>${BROWSER}</arg>
<doc>Opens a new browser instance to the optional ``url``.</doc>
<msg timestamp="20230210 23:37:33.135" level="INFO">Opening browser 'Google Chrome' to base url 'http://dekdee2.informatics.buu.ac.th:9080/team0/'.</msg>
<status status="PASS" starttime="20230210 23:37:33.135" endtime="20230210 23:37:35.546"/>
</kw>
<kw name="Maximize Browser Window" library="SeleniumLibrary">
<doc>Maximizes current browser window.</doc>
<status status="PASS" starttime="20230210 23:37:35.547" endtime="20230210 23:37:35.722"/>
</kw>
<status status="PASS" starttime="20230210 23:37:33.135" endtime="20230210 23:37:35.723"/>
</kw>
<kw name="Click Menu Login">
<kw name="Sleep" library="BuiltIn">
<arg>2s</arg>
<doc>Pauses the test executed for the given time.</doc>
<msg timestamp="20230210 23:37:37.733" level="INFO">Slept 2 seconds</msg>
<status status="PASS" starttime="20230210 23:37:35.724" endtime="20230210 23:37:37.733"/>
</kw>
<kw name="Click Element" library="SeleniumLibrary">
<arg>//*[@class="nav-link waves-effect waves-dark profile-pic fs-5"]</arg>
<doc>Click the element identified by ``locator``.</doc>
<msg timestamp="20230210 23:37:37.734" level="INFO">Clicking element '//*[@class="nav-link waves-effect waves-dark profile-pic fs-5"]'.</msg>
<status status="PASS" starttime="20230210 23:37:37.734" endtime="20230210 23:37:37.776"/>
</kw>
<status status="PASS" starttime="20230210 23:37:35.723" endtime="20230210 23:37:37.776"/>
</kw>
<kw name="Sleep" library="BuiltIn">
<arg>1s</arg>
<doc>Pauses the test executed for the given time.</doc>
<msg timestamp="20230210 23:37:38.785" level="INFO">Slept 1 second</msg>
<status status="PASS" starttime="20230210 23:37:37.776" endtime="20230210 23:37:38.785"/>
</kw>
<kw name="Input Text" library="SeleniumLibrary">
<arg>id:u_email</arg>
<arg>${Username}</arg>
<doc>Types the given ``text`` into the text field identified by ``locator``.</doc>
<msg timestamp="20230210 23:37:38.786" level="INFO">Typing text 'suchada1512@gmail.com' into text field 'id:u_email'.</msg>
<status status="PASS" starttime="20230210 23:37:38.786" endtime="20230210 23:37:38.886"/>
</kw>
<kw name="Sleep" library="BuiltIn">
<arg>1s</arg>
<doc>Pauses the test executed for the given time.</doc>
<msg timestamp="20230210 23:37:39.889" level="INFO">Slept 1 second</msg>
<status status="PASS" starttime="20230210 23:37:38.886" endtime="20230210 23:37:39.889"/>
</kw>
<kw name="Input Text" library="SeleniumLibrary">
<arg>id:u_password</arg>
<arg>${Password}</arg>
<doc>Types the given ``text`` into the text field identified by ``locator``.</doc>
<msg timestamp="20230210 23:37:39.890" level="INFO">Typing text 'suchada' into text field 'id:u_password'.</msg>
<status status="PASS" starttime="20230210 23:37:39.889" endtime="20230210 23:37:39.970"/>
</kw>
<kw name="Click to Login">
<kw name="Sleep" library="BuiltIn">
<arg>2s</arg>
<doc>Pauses the test executed for the given time.</doc>
<msg timestamp="20230210 23:37:41.986" level="INFO">Slept 2 seconds</msg>
<status status="PASS" starttime="20230210 23:37:39.971" endtime="20230210 23:37:41.986"/>
</kw>
<kw name="Click Element" library="SeleniumLibrary">
<arg>//*[@id="loginBtn"]</arg>
<doc>Click the element identified by ``locator``.</doc>
<msg timestamp="20230210 23:37:41.987" level="INFO">Clicking element '//*[@id="loginBtn"]'.</msg>
<status status="PASS" starttime="20230210 23:37:41.987" endtime="20230210 23:37:42.028"/>
</kw>
<status status="PASS" starttime="20230210 23:37:39.971" endtime="20230210 23:37:42.028"/>
</kw>
<kw name="Close Browser Page">
<kw name="Sleep" library="BuiltIn">
<arg>3s</arg>
<doc>Pauses the test executed for the given time.</doc>
<msg timestamp="20230210 23:37:45.031" level="INFO">Slept 3 seconds</msg>
<status status="PASS" starttime="20230210 23:37:42.029" endtime="20230210 23:37:45.031"/>
</kw>
<kw name="Close Browser" library="SeleniumLibrary">
<doc>Closes the current browser.</doc>
<status status="PASS" starttime="20230210 23:37:45.031" endtime="20230210 23:37:47.126"/>
</kw>
<status status="PASS" starttime="20230210 23:37:42.029" endtime="20230210 23:37:47.127"/>
</kw>
<status status="PASS" starttime="20230210 23:37:33.129" endtime="20230210 23:37:47.127"/>
</test>
<test id="s1-t2" name="Login Employee Fail Without Username" line="38">
<kw name="Open file Excel">
<kw name="Open Excel" library="ExcelRobot">
<arg>C:\\Automate Test\\Test_PMS\\automateTestTeam0\\employee1\\test_login\\test_data.xlsx</arg>
<doc>Opens the Excel file to read from the path provided in the file path parameter.</doc>
<msg timestamp="20230210 23:37:47.129" level="INFO">Opening file at C:\Automate Test\Test_PMS\automateTestTeam0\employee1\test_login\test_data.xlsx</msg>
<status status="PASS" starttime="20230210 23:37:47.129" endtime="20230210 23:37:47.132"/>
</kw>
<status status="PASS" starttime="20230210 23:37:47.129" endtime="20230210 23:37:47.132"/>
</kw>
<kw name="Read Cell Data" library="ExcelRobot">
<var>${Username}</var>
<arg>Employee</arg>
<arg>0</arg>
<arg>2</arg>
<doc>Uses the column and row to return the data from that cell.</doc>
<msg timestamp="20230210 23:37:47.132" level="INFO">${Username} = </msg>
<status status="PASS" starttime="20230210 23:37:47.132" endtime="20230210 23:37:47.132"/>
</kw>
<kw name="Read Cell Data" library="ExcelRobot">
<var>${Password}</var>
<arg>Employee</arg>
<arg>1</arg>
<arg>2</arg>
<doc>Uses the column and row to return the data from that cell.</doc>
<msg timestamp="20230210 23:37:47.134" level="INFO">${Password} = suchada</msg>
<status status="PASS" starttime="20230210 23:37:47.132" endtime="20230210 23:37:47.134"/>
</kw>
<kw name="Open Project Monitoring System">
<kw name="Open Browser" library="SeleniumLibrary">
<arg>${URL}</arg>
<arg>${BROWSER}</arg>
<doc>Opens a new browser instance to the optional ``url``.</doc>
<msg timestamp="20230210 23:37:47.135" level="INFO">Opening browser 'Google Chrome' to base url 'http://dekdee2.informatics.buu.ac.th:9080/team0/'.</msg>
<status status="PASS" starttime="20230210 23:37:47.134" endtime="20230210 23:37:49.743"/>
</kw>
<kw name="Maximize Browser Window" library="SeleniumLibrary">
<doc>Maximizes current browser window.</doc>
<status status="PASS" starttime="20230210 23:37:49.743" endtime="20230210 23:37:49.898"/>
</kw>
<status status="PASS" starttime="20230210 23:37:47.134" endtime="20230210 23:37:49.898"/>
</kw>
<kw name="Click Menu Login">
<kw name="Sleep" library="BuiltIn">
<arg>2s</arg>
<doc>Pauses the test executed for the given time.</doc>
<msg timestamp="20230210 23:37:51.904" level="INFO">Slept 2 seconds</msg>
<status status="PASS" starttime="20230210 23:37:49.899" endtime="20230210 23:37:51.904"/>
</kw>
<kw name="Click Element" library="SeleniumLibrary">
<arg>//*[@class="nav-link waves-effect waves-dark profile-pic fs-5"]</arg>
<doc>Click the element identified by ``locator``.</doc>
<msg timestamp="20230210 23:37:51.904" level="INFO">Clicking element '//*[@class="nav-link waves-effect waves-dark profile-pic fs-5"]'.</msg>
<status status="PASS" starttime="20230210 23:37:51.904" endtime="20230210 23:37:51.948"/>
</kw>
<status status="PASS" starttime="20230210 23:37:49.899" endtime="20230210 23:37:51.948"/>
</kw>
<kw name="Sleep" library="BuiltIn">
<arg>1s</arg>
<doc>Pauses the test executed for the given time.</doc>
<msg timestamp="20230210 23:37:52.949" level="INFO">Slept 1 second</msg>
<status status="PASS" starttime="20230210 23:37:51.948" endtime="20230210 23:37:52.949"/>
</kw>
<kw name="Input Text" library="SeleniumLibrary">
<arg>id:u_email</arg>
<arg>${Username}</arg>
<doc>Types the given ``text`` into the text field identified by ``locator``.</doc>
<msg timestamp="20230210 23:37:52.950" level="INFO">Typing text '' into text field 'id:u_email'.</msg>
<status status="PASS" starttime="20230210 23:37:52.950" endtime="20230210 23:37:53.022"/>
</kw>
<kw name="Sleep" library="BuiltIn">
<arg>1s</arg>
<doc>Pauses the test executed for the given time.</doc>
<msg timestamp="20230210 23:37:54.025" level="INFO">Slept 1 second</msg>
<status status="PASS" starttime="20230210 23:37:53.023" endtime="20230210 23:37:54.025"/>
</kw>
<kw name="Input Text" library="SeleniumLibrary">
<arg>id:u_password</arg>
<arg>${Password}</arg>
<doc>Types the given ``text`` into the text field identified by ``locator``.</doc>
<msg timestamp="20230210 23:37:54.026" level="INFO">Typing text 'suchada' into text field 'id:u_password'.</msg>
<status status="PASS" starttime="20230210 23:37:54.025" endtime="20230210 23:37:54.106"/>
</kw>
<kw name="Click to Login">
<kw name="Sleep" library="BuiltIn">
<arg>2s</arg>
<doc>Pauses the test executed for the given time.</doc>
<msg timestamp="20230210 23:37:56.113" level="INFO">Slept 2 seconds</msg>
<status status="PASS" starttime="20230210 23:37:54.107" endtime="20230210 23:37:56.113"/>
</kw>
<kw name="Click Element" library="SeleniumLibrary">
<arg>//*[@id="loginBtn"]</arg>
<doc>Click the element identified by ``locator``.</doc>
<msg timestamp="20230210 23:37:56.114" level="INFO">Clicking element '//*[@id="loginBtn"]'.</msg>
<status status="PASS" starttime="20230210 23:37:56.113" endtime="20230210 23:37:56.156"/>
</kw>
<status status="PASS" starttime="20230210 23:37:54.106" endtime="20230210 23:37:56.157"/>
</kw>
<kw name="Close Browser Page">
<kw name="Sleep" library="BuiltIn">
<arg>3s</arg>
<doc>Pauses the test executed for the given time.</doc>
<msg timestamp="20230210 23:37:59.158" level="INFO">Slept 3 seconds</msg>
<status status="PASS" starttime="20230210 23:37:56.157" endtime="20230210 23:37:59.158"/>
</kw>
<kw name="Close Browser" library="SeleniumLibrary">
<doc>Closes the current browser.</doc>
<status status="PASS" starttime="20230210 23:37:59.158" endtime="20230210 23:38:01.281"/>
</kw>
<status status="PASS" starttime="20230210 23:37:56.157" endtime="20230210 23:38:01.281"/>
</kw>
<status status="PASS" starttime="20230210 23:37:47.128" endtime="20230210 23:38:01.281"/>
</test>
<test id="s1-t3" name="Login Employee Fail Without Password" line="50">
<kw name="Open file Excel">
<kw name="Open Excel" library="ExcelRobot">
<arg>C:\\Automate Test\\Test_PMS\\automateTestTeam0\\employee1\\test_login\\test_data.xlsx</arg>
<doc>Opens the Excel file to read from the path provided in the file path parameter.</doc>
<msg timestamp="20230210 23:38:01.284" level="INFO">Opening file at C:\Automate Test\Test_PMS\automateTestTeam0\employee1\test_login\test_data.xlsx</msg>
<status status="PASS" starttime="20230210 23:38:01.284" endtime="20230210 23:38:01.286"/>
</kw>
<status status="PASS" starttime="20230210 23:38:01.284" endtime="20230210 23:38:01.287"/>
</kw>
<kw name="Read Cell Data" library="ExcelRobot">
<var>${Username}</var>
<arg>Employee</arg>
<arg>0</arg>
<arg>3</arg>
<doc>Uses the column and row to return the data from that cell.</doc>
<msg timestamp="20230210 23:38:01.287" level="INFO">${Username} = suchada1512@gmail.com</msg>
<status status="PASS" starttime="20230210 23:38:01.287" endtime="20230210 23:38:01.287"/>
</kw>
<kw name="Read Cell Data" library="ExcelRobot">
<var>${Password}</var>
<arg>Employee</arg>
<arg>1</arg>
<arg>3</arg>
<doc>Uses the column and row to return the data from that cell.</doc>
<msg timestamp="20230210 23:38:01.288" level="INFO">${Password} = </msg>
<status status="PASS" starttime="20230210 23:38:01.288" endtime="20230210 23:38:01.288"/>
</kw>
<kw name="Open Project Monitoring System">
<kw name="Open Browser" library="SeleniumLibrary">
<arg>${URL}</arg>
<arg>${BROWSER}</arg>
<doc>Opens a new browser instance to the optional ``url``.</doc>
<msg timestamp="20230210 23:38:01.289" level="INFO">Opening browser 'Google Chrome' to base url 'http://dekdee2.informatics.buu.ac.th:9080/team0/'.</msg>
<status status="PASS" starttime="20230210 23:38:01.288" endtime="20230210 23:38:03.586"/>
</kw>
<kw name="Maximize Browser Window" library="SeleniumLibrary">
<doc>Maximizes current browser window.</doc>
<status status="PASS" starttime="20230210 23:38:03.586" endtime="20230210 23:38:03.743"/>
</kw>
<status status="PASS" starttime="20230210 23:38:01.288" endtime="20230210 23:38:03.743"/>
</kw>
<kw name="Click Menu Login">
<kw name="Sleep" library="BuiltIn">
<arg>2s</arg>
<doc>Pauses the test executed for the given time.</doc>
<msg timestamp="20230210 23:38:05.747" level="INFO">Slept 2 seconds</msg>
<status status="PASS" starttime="20230210 23:38:03.743" endtime="20230210 23:38:05.747"/>
</kw>
<kw name="Click Element" library="SeleniumLibrary">
<arg>//*[@class="nav-link waves-effect waves-dark profile-pic fs-5"]</arg>
<doc>Click the element identified by ``locator``.</doc>
<msg timestamp="20230210 23:38:05.747" level="INFO">Clicking element '//*[@class="nav-link waves-effect waves-dark profile-pic fs-5"]'.</msg>
<status status="PASS" starttime="20230210 23:38:05.747" endtime="20230210 23:38:05.791"/>
</kw>
<status status="PASS" starttime="20230210 23:38:03.743" endtime="20230210 23:38:05.791"/>
</kw>
<kw name="Sleep" library="BuiltIn">
<arg>1s</arg>
<doc>Pauses the test executed for the given time.</doc>
<msg timestamp="20230210 23:38:06.807" level="INFO">Slept 1 second</msg>
<status status="PASS" starttime="20230210 23:38:05.792" endtime="20230210 23:38:06.807"/>
</kw>
<kw name="Input Text" library="SeleniumLibrary">
<arg>id:u_email</arg>
<arg>${Username}</arg>
<doc>Types the given ``text`` into the text field identified by ``locator``.</doc>
<msg timestamp="20230210 23:38:06.808" level="INFO">Typing text 'suchada1512@gmail.com' into text field 'id:u_email'.</msg>
<status status="PASS" starttime="20230210 23:38:06.808" endtime="20230210 23:38:06.914"/>
</kw>
<kw name="Sleep" library="BuiltIn">
<arg>1s</arg>
<doc>Pauses the test executed for the given time.</doc>
<msg timestamp="20230210 23:38:07.916" level="INFO">Slept 1 second</msg>
<status status="PASS" starttime="20230210 23:38:06.914" endtime="20230210 23:38:07.916"/>
</kw>
<kw name="Input Text" library="SeleniumLibrary">
<arg>id:u_password</arg>
<arg>${Password}</arg>
<doc>Types the given ``text`` into the text field identified by ``locator``.</doc>
<msg timestamp="20230210 23:38:07.917" level="INFO">Typing text '' into text field 'id:u_password'.</msg>
<status status="PASS" starttime="20230210 23:38:07.916" endtime="20230210 23:38:08.003"/>
</kw>
<kw name="Click to Login">
<kw name="Sleep" library="BuiltIn">
<arg>2s</arg>
<doc>Pauses the test executed for the given time.</doc>
<msg timestamp="20230210 23:38:10.018" level="INFO">Slept 2 seconds</msg>
<status status="PASS" starttime="20230210 23:38:08.004" endtime="20230210 23:38:10.018"/>
</kw>
<kw name="Click Element" library="SeleniumLibrary">
<arg>//*[@id="loginBtn"]</arg>
<doc>Click the element identified by ``locator``.</doc>
<msg timestamp="20230210 23:38:10.018" level="INFO">Clicking element '//*[@id="loginBtn"]'.</msg>
<status status="PASS" starttime="20230210 23:38:10.018" endtime="20230210 23:38:10.063"/>
</kw>
<status status="PASS" starttime="20230210 23:38:08.004" endtime="20230210 23:38:10.064"/>
</kw>
<kw name="Close Browser Page">
<kw name="Sleep" library="BuiltIn">
<arg>3s</arg>
<doc>Pauses the test executed for the given time.</doc>
<msg timestamp="20230210 23:38:13.070" level="INFO">Slept 3 seconds</msg>
<status status="PASS" starttime="20230210 23:38:10.064" endtime="20230210 23:38:13.070"/>
</kw>
<kw name="Close Browser" library="SeleniumLibrary">
<doc>Closes the current browser.</doc>
<status status="PASS" starttime="20230210 23:38:13.070" endtime="20230210 23:38:15.181"/>
</kw>
<status status="PASS" starttime="20230210 23:38:10.064" endtime="20230210 23:38:15.181"/>
</kw>
<status status="PASS" starttime="20230210 23:38:01.283" endtime="20230210 23:38:15.182"/>
</test>
<test id="s1-t4" name="Login Employee Fail Forget Change Languge" line="62">
<kw name="Open file Excel">
<kw name="Open Excel" library="ExcelRobot">
<arg>C:\\Automate Test\\Test_PMS\\automateTestTeam0\\employee1\\test_login\\test_data.xlsx</arg>
<doc>Opens the Excel file to read from the path provided in the file path parameter.</doc>
<msg timestamp="20230210 23:38:15.184" level="INFO">Opening file at C:\Automate Test\Test_PMS\automateTestTeam0\employee1\test_login\test_data.xlsx</msg>
<status status="PASS" starttime="20230210 23:38:15.184" endtime="20230210 23:38:15.186"/>
</kw>
<status status="PASS" starttime="20230210 23:38:15.184" endtime="20230210 23:38:15.186"/>
</kw>
<kw name="Read Cell Data" library="ExcelRobot">
<var>${Username}</var>
<arg>Employee</arg>
<arg>0</arg>
<arg>4</arg>
<doc>Uses the column and row to return the data from that cell.</doc>
<msg timestamp="20230210 23:38:15.187" level="INFO">${Username} = suchada1512@gmail.com</msg>
<status status="PASS" starttime="20230210 23:38:15.187" endtime="20230210 23:38:15.187"/>
</kw>
<kw name="Read Cell Data" library="ExcelRobot">
<var>${Password}</var>
<arg>Employee</arg>
<arg>1</arg>
<arg>4</arg>
<doc>Uses the column and row to return the data from that cell.</doc>
<msg timestamp="20230210 23:38:15.194" level="INFO">${Password} = ห๊แฟกฟ</msg>
<status status="PASS" starttime="20230210 23:38:15.187" endtime="20230210 23:38:15.194"/>
</kw>
<kw name="Open Project Monitoring System">
<kw name="Open Browser" library="SeleniumLibrary">
<arg>${URL}</arg>
<arg>${BROWSER}</arg>
<doc>Opens a new browser instance to the optional ``url``.</doc>
<msg timestamp="20230210 23:38:15.195" level="INFO">Opening browser 'Google Chrome' to base url 'http://dekdee2.informatics.buu.ac.th:9080/team0/'.</msg>
<status status="PASS" starttime="20230210 23:38:15.195" endtime="20230210 23:38:17.350"/>
</kw>
<kw name="Maximize Browser Window" library="SeleniumLibrary">
<doc>Maximizes current browser window.</doc>
<status status="PASS" starttime="20230210 23:38:17.351" endtime="20230210 23:38:17.532"/>
</kw>
<status status="PASS" starttime="20230210 23:38:15.195" endtime="20230210 23:38:17.532"/>
</kw>
<kw name="Click Menu Login">
<kw name="Sleep" library="BuiltIn">
<arg>2s</arg>
<doc>Pauses the test executed for the given time.</doc>
<msg timestamp="20230210 23:38:19.534" level="INFO">Slept 2 seconds</msg>
<status status="PASS" starttime="20230210 23:38:17.532" endtime="20230210 23:38:19.534"/>
</kw>
<kw name="Click Element" library="SeleniumLibrary">
<arg>//*[@class="nav-link waves-effect waves-dark profile-pic fs-5"]</arg>
<doc>Click the element identified by ``locator``.</doc>
<msg timestamp="20230210 23:38:19.534" level="INFO">Clicking element '//*[@class="nav-link waves-effect waves-dark profile-pic fs-5"]'.</msg>
<status status="PASS" starttime="20230210 23:38:19.534" endtime="20230210 23:38:19.579"/>
</kw>
<status status="PASS" starttime="20230210 23:38:17.532" endtime="20230210 23:38:19.579"/>
</kw>
<kw name="Sleep" library="BuiltIn">
<arg>1s</arg>
<doc>Pauses the test executed for the given time.</doc>
<msg timestamp="20230210 23:38:20.594" level="INFO">Slept 1 second</msg>
<status status="PASS" starttime="20230210 23:38:19.579" endtime="20230210 23:38:20.594"/>
</kw>
<kw name="Input Text" library="SeleniumLibrary">
<arg>id:u_email</arg>
<arg>${Username}</arg>
<doc>Types the given ``text`` into the text field identified by ``locator``.</doc>
<msg timestamp="20230210 23:38:20.595" level="INFO">Typing text 'suchada1512@gmail.com' into text field 'id:u_email'.</msg>
<status status="PASS" starttime="20230210 23:38:20.595" endtime="20230210 23:38:20.697"/>
</kw>
<kw name="Sleep" library="BuiltIn">
<arg>1s</arg>
<doc>Pauses the test executed for the given time.</doc>
<msg timestamp="20230210 23:38:21.704" level="INFO">Slept 1 second</msg>
<status status="PASS" starttime="20230210 23:38:20.697" endtime="20230210 23:38:21.704"/>
</kw>
<kw name="Input Text" library="SeleniumLibrary">
<arg>id:u_password</arg>
<arg>${Password}</arg>
<doc>Types the given ``text`` into the text field identified by ``locator``.</doc>
<msg timestamp="20230210 23:38:21.705" level="INFO">Typing text 'ห๊แฟกฟ' into text field 'id:u_password'.</msg>
<status status="PASS" starttime="20230210 23:38:21.704" endtime="20230210 23:38:21.782"/>
</kw>
<kw name="Click to Login">
<kw name="Sleep" library="BuiltIn">
<arg>2s</arg>
<doc>Pauses the test executed for the given time.</doc>
<msg timestamp="20230210 23:38:23.787" level="INFO">Slept 2 seconds</msg>
<status status="PASS" starttime="20230210 23:38:21.783" endtime="20230210 23:38:23.787"/>
</kw>
<kw name="Click Element" library="SeleniumLibrary">
<arg>//*[@id="loginBtn"]</arg>
<doc>Click the element identified by ``locator``.</doc>
<msg timestamp="20230210 23:38:23.788" level="INFO">Clicking element '//*[@id="loginBtn"]'.</msg>
<status status="PASS" starttime="20230210 23:38:23.787" endtime="20230210 23:38:23.832"/>
</kw>
<status status="PASS" starttime="20230210 23:38:21.783" endtime="20230210 23:38:23.832"/>
</kw>
<kw name="Close Browser Page">
<kw name="Sleep" library="BuiltIn">
<arg>3s</arg>
<doc>Pauses the test executed for the given time.</doc>
<msg timestamp="20230210 23:38:26.833" level="INFO">Slept 3 seconds</msg>
<status status="PASS" starttime="20230210 23:38:23.833" endtime="20230210 23:38:26.833"/>
</kw>
<kw name="Close Browser" library="SeleniumLibrary">
<doc>Closes the current browser.</doc>
<status status="PASS" starttime="20230210 23:38:26.833" endtime="20230210 23:38:28.960"/>
</kw>
<status status="PASS" starttime="20230210 23:38:23.832" endtime="20230210 23:38:28.960"/>
</kw>
<status status="PASS" starttime="20230210 23:38:15.183" endtime="20230210 23:38:28.960"/>
</test>
<test id="s1-t5" name="Login Employee Fail Username Incorrect" line="74">
<kw name="Open file Excel">
<kw name="Open Excel" library="ExcelRobot">
<arg>C:\\Automate Test\\Test_PMS\\automateTestTeam0\\employee1\\test_login\\test_data.xlsx</arg>
<doc>Opens the Excel file to read from the path provided in the file path parameter.</doc>
<msg timestamp="20230210 23:38:28.964" level="INFO">Opening file at C:\Automate Test\Test_PMS\automateTestTeam0\employee1\test_login\test_data.xlsx</msg>
<status status="PASS" starttime="20230210 23:38:28.963" endtime="20230210 23:38:28.966"/>
</kw>
<status status="PASS" starttime="20230210 23:38:28.963" endtime="20230210 23:38:28.966"/>
</kw>
<kw name="Read Cell Data" library="ExcelRobot">
<var>${Username}</var>
<arg>Employee</arg>
<arg>0</arg>
<arg>5</arg>
<doc>Uses the column and row to return the data from that cell.</doc>
<msg timestamp="20230210 23:38:28.967" level="INFO">${Username} = suchada151@gmail.com</msg>
<status status="PASS" starttime="20230210 23:38:28.966" endtime="20230210 23:38:28.967"/>
</kw>
<kw name="Read Cell Data" library="ExcelRobot">
<var>${Password}</var>
<arg>Employee</arg>
<arg>1</arg>
<arg>5</arg>
<doc>Uses the column and row to return the data from that cell.</doc>
<msg timestamp="20230210 23:38:28.967" level="INFO">${Password} = suchada</msg>
<status status="PASS" starttime="20230210 23:38:28.967" endtime="20230210 23:38:28.967"/>
</kw>
<kw name="Open Project Monitoring System">
<kw name="Open Browser" library="SeleniumLibrary">
<arg>${URL}</arg>
<arg>${BROWSER}</arg>
<doc>Opens a new browser instance to the optional ``url``.</doc>
<msg timestamp="20230210 23:38:28.968" level="INFO">Opening browser 'Google Chrome' to base url 'http://dekdee2.informatics.buu.ac.th:9080/team0/'.</msg>
<status status="PASS" starttime="20230210 23:38:28.968" endtime="20230210 23:38:31.141"/>
</kw>
<kw name="Maximize Browser Window" library="SeleniumLibrary">
<doc>Maximizes current browser window.</doc>
<status status="PASS" starttime="20230210 23:38:31.143" endtime="20230210 23:38:31.323"/>
</kw>
<status status="PASS" starttime="20230210 23:38:28.968" endtime="20230210 23:38:31.324"/>
</kw>
<kw name="Click Menu Login">
<kw name="Sleep" library="BuiltIn">
<arg>2s</arg>
<doc>Pauses the test executed for the given time.</doc>
<msg timestamp="20230210 23:38:33.329" level="INFO">Slept 2 seconds</msg>
<status status="PASS" starttime="20230210 23:38:31.324" endtime="20230210 23:38:33.329"/>
</kw>
<kw name="Click Element" library="SeleniumLibrary">
<arg>//*[@class="nav-link waves-effect waves-dark profile-pic fs-5"]</arg>
<doc>Click the element identified by ``locator``.</doc>
<msg timestamp="20230210 23:38:33.330" level="INFO">Clicking element '//*[@class="nav-link waves-effect waves-dark profile-pic fs-5"]'.</msg>
<status status="PASS" starttime="20230210 23:38:33.329" endtime="20230210 23:38:33.374"/>
</kw>
<status status="PASS" starttime="20230210 23:38:31.324" endtime="20230210 23:38:33.374"/>
</kw>
<kw name="Sleep" library="BuiltIn">
<arg>1s</arg>
<doc>Pauses the test executed for the given time.</doc>
<msg timestamp="20230210 23:38:34.389" level="INFO">Slept 1 second</msg>
<status status="PASS" starttime="20230210 23:38:33.375" endtime="20230210 23:38:34.389"/>
</kw>
<kw name="Input Text" library="SeleniumLibrary">
<arg>id:u_email</arg>
<arg>${Username}</arg>
<doc>Types the given ``text`` into the text field identified by ``locator``.</doc>
<msg timestamp="20230210 23:38:34.390" level="INFO">Typing text 'suchada151@gmail.com' into text field 'id:u_email'.</msg>
<status status="PASS" starttime="20230210 23:38:34.390" endtime="20230210 23:38:34.493"/>
</kw>
<kw name="Sleep" library="BuiltIn">
<arg>1s</arg>
<doc>Pauses the test executed for the given time.</doc>
<msg timestamp="20230210 23:38:35.503" level="INFO">Slept 1 second</msg>
<status status="PASS" starttime="20230210 23:38:34.493" endtime="20230210 23:38:35.503"/>
</kw>
<kw name="Input Text" library="SeleniumLibrary">
<arg>id:u_password</arg>
<arg>${Password}</arg>
<doc>Types the given ``text`` into the text field identified by ``locator``.</doc>
<msg timestamp="20230210 23:38:35.504" level="INFO">Typing text 'suchada' into text field 'id:u_password'.</msg>
<status status="PASS" starttime="20230210 23:38:35.503" endtime="20230210 23:38:35.587"/>
</kw>
<kw name="Click to Login">
<kw name="Sleep" library="BuiltIn">
<arg>2s</arg>
<doc>Pauses the test executed for the given time.</doc>
<msg timestamp="20230210 23:38:37.601" level="INFO">Slept 2 seconds</msg>
<status status="PASS" starttime="20230210 23:38:35.588" endtime="20230210 23:38:37.601"/>
</kw>
<kw name="Click Element" library="SeleniumLibrary">
<arg>//*[@id="loginBtn"]</arg>
<doc>Click the element identified by ``locator``.</doc>
<msg timestamp="20230210 23:38:37.602" level="INFO">Clicking element '//*[@id="loginBtn"]'.</msg>
<status status="PASS" starttime="20230210 23:38:37.602" endtime="20230210 23:38:37.649"/>
</kw>
<status status="PASS" starttime="20230210 23:38:35.587" endtime="20230210 23:38:37.649"/>
</kw>
<kw name="Close Browser Page">
<kw name="Sleep" library="BuiltIn">
<arg>3s</arg>
<doc>Pauses the test executed for the given time.</doc>
<msg timestamp="20230210 23:38:40.662" level="INFO">Slept 3 seconds</msg>
<status status="PASS" starttime="20230210 23:38:37.650" endtime="20230210 23:38:40.662"/>
</kw>
<kw name="Close Browser" library="SeleniumLibrary">
<doc>Closes the current browser.</doc>
<status status="PASS" starttime="20230210 23:38:40.662" endtime="20230210 23:38:42.784"/>
</kw>
<status status="PASS" starttime="20230210 23:38:37.650" endtime="20230210 23:38:42.784"/>
</kw>
<status status="PASS" starttime="20230210 23:38:28.962" endtime="20230210 23:38:42.785"/>
</test>
<test id="s1-t6" name="Login Employee Fail Password Incorrect" line="86">
<kw name="Open file Excel">
<kw name="Open Excel" library="ExcelRobot">
<arg>C:\\Automate Test\\Test_PMS\\automateTestTeam0\\employee1\\test_login\\test_data.xlsx</arg>
<doc>Opens the Excel file to read from the path provided in the file path parameter.</doc>
<msg timestamp="20230210 23:38:42.787" level="INFO">Opening file at C:\Automate Test\Test_PMS\automateTestTeam0\employee1\test_login\test_data.xlsx</msg>
<status status="PASS" starttime="20230210 23:38:42.787" endtime="20230210 23:38:42.789"/>
</kw>
<status status="PASS" starttime="20230210 23:38:42.787" endtime="20230210 23:38:42.790"/>
</kw>
<kw name="Read Cell Data" library="ExcelRobot">
<var>${Username}</var>
<arg>Employee</arg>
<arg>0</arg>
<arg>6</arg>
<doc>Uses the column and row to return the data from that cell.</doc>
<msg timestamp="20230210 23:38:42.790" level="INFO">${Username} = suchada1512@gmail.com</msg>
<status status="PASS" starttime="20230210 23:38:42.790" endtime="20230210 23:38:42.790"/>
</kw>
<kw name="Read Cell Data" library="ExcelRobot">
<var>${Password}</var>
<arg>Employee</arg>
<arg>1</arg>
<arg>6</arg>
<doc>Uses the column and row to return the data from that cell.</doc>
<msg timestamp="20230210 23:38:42.791" level="INFO">${Password} = chuda</msg>
<status status="PASS" starttime="20230210 23:38:42.790" endtime="20230210 23:38:42.791"/>
</kw>
<kw name="Open Project Monitoring System">
<kw name="Open Browser" library="SeleniumLibrary">
<arg>${URL}</arg>
<arg>${BROWSER}</arg>
<doc>Opens a new browser instance to the optional ``url``.</doc>
<msg timestamp="20230210 23:38:42.791" level="INFO">Opening browser 'Google Chrome' to base url 'http://dekdee2.informatics.buu.ac.th:9080/team0/'.</msg>
<status status="PASS" starttime="20230210 23:38:42.791" endtime="20230210 23:38:45.179"/>
</kw>
<kw name="Maximize Browser Window" library="SeleniumLibrary">
<doc>Maximizes current browser window.</doc>
<status status="PASS" starttime="20230210 23:38:45.180" endtime="20230210 23:38:45.345"/>
</kw>
<status status="PASS" starttime="20230210 23:38:42.791" endtime="20230210 23:38:45.346"/>
</kw>
<kw name="Click Menu Login">
<kw name="Sleep" library="BuiltIn">
<arg>2s</arg>
<doc>Pauses the test executed for the given time.</doc>
<msg timestamp="20230210 23:38:47.360" level="INFO">Slept 2 seconds</msg>
<status status="PASS" starttime="20230210 23:38:45.346" endtime="20230210 23:38:47.360"/>
</kw>
<kw name="Click Element" library="SeleniumLibrary">
<arg>//*[@class="nav-link waves-effect waves-dark profile-pic fs-5"]</arg>
<doc>Click the element identified by ``locator``.</doc>
<msg timestamp="20230210 23:38:47.361" level="INFO">Clicking element '//*[@class="nav-link waves-effect waves-dark profile-pic fs-5"]'.</msg>
<status status="PASS" starttime="20230210 23:38:47.360" endtime="20230210 23:38:47.403"/>
</kw>
<status status="PASS" starttime="20230210 23:38:45.346" endtime="20230210 23:38:47.404"/>
</kw>
<kw name="Sleep" library="BuiltIn">
<arg>1s</arg>
<doc>Pauses the test executed for the given time.</doc>
<msg timestamp="20230210 23:38:48.414" level="INFO">Slept 1 second</msg>
<status status="PASS" starttime="20230210 23:38:47.404" endtime="20230210 23:38:48.414"/>
</kw>
<kw name="Input Text" library="SeleniumLibrary">
<arg>id:u_email</arg>
<arg>${Username}</arg>
<doc>Types the given ``text`` into the text field identified by ``locator``.</doc>
<msg timestamp="20230210 23:38:48.415" level="INFO">Typing text 'suchada1512@gmail.com' into text field 'id:u_email'.</msg>
<status status="PASS" starttime="20230210 23:38:48.414" endtime="20230210 23:38:48.514"/>
</kw>
<kw name="Sleep" library="BuiltIn">
<arg>1s</arg>
<doc>Pauses the test executed for the given time.</doc>
<msg timestamp="20230210 23:38:49.521" level="INFO">Slept 1 second</msg>
<status status="PASS" starttime="20230210 23:38:48.515" endtime="20230210 23:38:49.521"/>
</kw>
<kw name="Input Text" library="SeleniumLibrary">
<arg>id:u_password</arg>
<arg>${Password}</arg>
<doc>Types the given ``text`` into the text field identified by ``locator``.</doc>
<msg timestamp="20230210 23:38:49.523" level="INFO">Typing text 'chuda' into text field 'id:u_password'.</msg>
<status status="PASS" starttime="20230210 23:38:49.522" endtime="20230210 23:38:49.600"/>
</kw>
<kw name="Click to Login">
<kw name="Sleep" library="BuiltIn">
<arg>2s</arg>
<doc>Pauses the test executed for the given time.</doc>
<msg timestamp="20230210 23:38:51.604" level="INFO">Slept 2 seconds</msg>
<status status="PASS" starttime="20230210 23:38:49.600" endtime="20230210 23:38:51.604"/>
</kw>
<kw name="Click Element" library="SeleniumLibrary">
<arg>//*[@id="loginBtn"]</arg>
<doc>Click the element identified by ``locator``.</doc>
<msg timestamp="20230210 23:38:51.604" level="INFO">Clicking element '//*[@id="loginBtn"]'.</msg>
<status status="PASS" starttime="20230210 23:38:51.604" endtime="20230210 23:38:51.647"/>
</kw>
<status status="PASS" starttime="20230210 23:38:49.600" endtime="20230210 23:38:51.647"/>
</kw>
<kw name="Close Browser Page">
<kw name="Sleep" library="BuiltIn">
<arg>3s</arg>
<doc>Pauses the test executed for the given time.</doc>
<msg timestamp="20230210 23:38:54.662" level="INFO">Slept 3 seconds</msg>
<status status="PASS" starttime="20230210 23:38:51.648" endtime="20230210 23:38:54.662"/>
</kw>
<kw name="Close Browser" library="SeleniumLibrary">
<doc>Closes the current browser.</doc>
<status status="PASS" starttime="20230210 23:38:54.662" endtime="20230210 23:38:56.786"/>
</kw>
<status status="PASS" starttime="20230210 23:38:51.648" endtime="20230210 23:38:56.786"/>
</kw>
<status status="PASS" starttime="20230210 23:38:42.785" endtime="20230210 23:38:56.787"/>
</test>
<test id="s1-t7" name="Login Employee Fail Single Quote Without Password" line="98">
<kw name="Open file Excel">
<kw name="Open Excel" library="ExcelRobot">
<arg>C:\\Automate Test\\Test_PMS\\automateTestTeam0\\employee1\\test_login\\test_data.xlsx</arg>
<doc>Opens the Excel file to read from the path provided in the file path parameter.</doc>
<msg timestamp="20230210 23:38:56.788" level="INFO">Opening file at C:\Automate Test\Test_PMS\automateTestTeam0\employee1\test_login\test_data.xlsx</msg>
<status status="PASS" starttime="20230210 23:38:56.788" endtime="20230210 23:38:56.790"/>
</kw>
<status status="PASS" starttime="20230210 23:38:56.788" endtime="20230210 23:38:56.790"/>
</kw>
<kw name="Read Cell Data" library="ExcelRobot">
<var>${Username}</var>
<arg>Employee</arg>
<arg>0</arg>
<arg>7</arg>
<doc>Uses the column and row to return the data from that cell.</doc>
<msg timestamp="20230210 23:38:56.792" level="INFO">${Username} = '</msg>
<status status="PASS" starttime="20230210 23:38:56.792" endtime="20230210 23:38:56.792"/>
</kw>
<kw name="Read Cell Data" library="ExcelRobot">
<var>${Password}</var>
<arg>Employee</arg>
<arg>1</arg>
<arg>7</arg>
<doc>Uses the column and row to return the data from that cell.</doc>
<msg timestamp="20230210 23:38:56.793" level="INFO">${Password} = </msg>
<status status="PASS" starttime="20230210 23:38:56.792" endtime="20230210 23:38:56.793"/>
</kw>
<kw name="Open Project Monitoring System">
<kw name="Open Browser" library="SeleniumLibrary">
<arg>${URL}</arg>
<arg>${BROWSER}</arg>
<doc>Opens a new browser instance to the optional ``url``.</doc>
<msg timestamp="20230210 23:38:56.793" level="INFO">Opening browser 'Google Chrome' to base url 'http://dekdee2.informatics.buu.ac.th:9080/team0/'.</msg>
<status status="PASS" starttime="20230210 23:38:56.793" endtime="20230210 23:38:59.163"/>
</kw>
<kw name="Maximize Browser Window" library="SeleniumLibrary">
<doc>Maximizes current browser window.</doc>
<status status="PASS" starttime="20230210 23:38:59.163" endtime="20230210 23:38:59.324"/>
</kw>
<status status="PASS" starttime="20230210 23:38:56.793" endtime="20230210 23:38:59.324"/>
</kw>
<kw name="Click Menu Login">
<kw name="Sleep" library="BuiltIn">
<arg>2s</arg>
<doc>Pauses the test executed for the given time.</doc>
<msg timestamp="20230210 23:39:01.327" level="INFO">Slept 2 seconds</msg>
<status status="PASS" starttime="20230210 23:38:59.324" endtime="20230210 23:39:01.327"/>
</kw>
<kw name="Click Element" library="SeleniumLibrary">
<arg>//*[@class="nav-link waves-effect waves-dark profile-pic fs-5"]</arg>
<doc>Click the element identified by ``locator``.</doc>
<msg timestamp="20230210 23:39:01.328" level="INFO">Clicking element '//*[@class="nav-link waves-effect waves-dark profile-pic fs-5"]'.</msg>
<status status="PASS" starttime="20230210 23:39:01.327" endtime="20230210 23:39:01.370"/>
</kw>
<status status="PASS" starttime="20230210 23:38:59.324" endtime="20230210 23:39:01.370"/>
</kw>
<kw name="Sleep" library="BuiltIn">
<arg>1s</arg>
<doc>Pauses the test executed for the given time.</doc>
<msg timestamp="20230210 23:39:02.373" level="INFO">Slept 1 second</msg>
<status status="PASS" starttime="20230210 23:39:01.370" endtime="20230210 23:39:02.373"/>
</kw>
<kw name="Input Text" library="SeleniumLibrary">
<arg>id:u_email</arg>
<arg>${Username}</arg>
<doc>Types the given ``text`` into the text field identified by ``locator``.</doc>
<msg timestamp="20230210 23:39:02.374" level="INFO">Typing text ''' into text field 'id:u_email'.</msg>
<status status="PASS" starttime="20230210 23:39:02.373" endtime="20230210 23:39:02.452"/>
</kw>
<kw name="Sleep" library="BuiltIn">
<arg>1s</arg>
<doc>Pauses the test executed for the given time.</doc>
<msg timestamp="20230210 23:39:03.466" level="INFO">Slept 1 second</msg>
<status status="PASS" starttime="20230210 23:39:02.452" endtime="20230210 23:39:03.466"/>
</kw>
<kw name="Input Text" library="SeleniumLibrary">
<arg>id:u_password</arg>
<arg>${Password}</arg>
<doc>Types the given ``text`` into the text field identified by ``locator``.</doc>
<msg timestamp="20230210 23:39:03.467" level="INFO">Typing text '' into text field 'id:u_password'.</msg>
<status status="PASS" starttime="20230210 23:39:03.467" endtime="20230210 23:39:03.540"/>
</kw>
<kw name="Click to Login">
<kw name="Sleep" library="BuiltIn">
<arg>2s</arg>
<doc>Pauses the test executed for the given time.</doc>
<msg timestamp="20230210 23:39:05.557" level="INFO">Slept 2 seconds</msg>
<status status="PASS" starttime="20230210 23:39:03.541" endtime="20230210 23:39:05.557"/>
</kw>
<kw name="Click Element" library="SeleniumLibrary">
<arg>//*[@id="loginBtn"]</arg>
<doc>Click the element identified by ``locator``.</doc>
<msg timestamp="20230210 23:39:05.558" level="INFO">Clicking element '//*[@id="loginBtn"]'.</msg>
<status status="PASS" starttime="20230210 23:39:05.557" endtime="20230210 23:39:05.600"/>
</kw>
<status status="PASS" starttime="20230210 23:39:03.541" endtime="20230210 23:39:05.601"/>
</kw>
<kw name="Close Browser Page">
<kw name="Sleep" library="BuiltIn">
<arg>3s</arg>
<doc>Pauses the test executed for the given time.</doc>
<msg timestamp="20230210 23:39:08.607" level="INFO">Slept 3 seconds</msg>
<status status="PASS" starttime="20230210 23:39:05.601" endtime="20230210 23:39:08.607"/>
</kw>
<kw name="Close Browser" library="SeleniumLibrary">
<doc>Closes the current browser.</doc>
<status status="PASS" starttime="20230210 23:39:08.607" endtime="20230210 23:39:10.725"/>
</kw>
<status status="PASS" starttime="20230210 23:39:05.601" endtime="20230210 23:39:10.725"/>
</kw>
<status status="PASS" starttime="20230210 23:38:56.788" endtime="20230210 23:39:10.725"/>
</test>
<status status="PASS" starttime="20230210 23:37:32.707" endtime="20230210 23:39:10.727"/>
</suite>
<statistics>
<total>
<stat pass="7" fail="0" skip="0">All Tests</stat>
</total>
<tag>
</tag>
<suite>
<stat pass="7" fail="0" skip="0" id="s1" name="TestLoginEmployee">TestLoginEmployee</stat>
</suite>
</statistics>
<errors>
</errors>
</robot>
