<?xml version="1.0" encoding="UTF-8"?>
<robot generator="Robot 5.0.1 (Python 3.10.5 on win32)" generated="20230213 23:46:23.938" rpa="false" schemaversion="3">
<suite id="s1" name="Edit Task" source="C:\Automate Test\Test_PMS\automateTestTeam0\employee1\test_edit_task\edit_task.robot">
<test id="s1-t1" name="Edit Task in Project Success" line="53">
<kw name="Open file Excel">
<kw name="Open Excel" library="ExcelRobot">
<arg>C:\\Automate Test\\Test_PMS\\automateTestTeam0\\employee1\\test_edit_task\\test_data.xlsx</arg>
<doc>Opens the Excel file to read from the path provided in the file path parameter.</doc>
<msg timestamp="20230213 23:46:25.376" level="INFO">Opening file at C:\Automate Test\Test_PMS\automateTestTeam0\employee1\test_edit_task\test_data.xlsx</msg>
<status status="PASS" starttime="20230213 23:46:25.375" endtime="20230213 23:46:25.384"/>
</kw>
<status status="PASS" starttime="20230213 23:46:25.374" endtime="20230213 23:46:25.384"/>
</kw>
<kw name="Read Cell Data" library="ExcelRobot">
<var>${Username}</var>
<arg>Employee</arg>
<arg>0</arg>
<arg>1</arg>
<doc>Uses the column and row to return the data from that cell.</doc>
<msg timestamp="20230213 23:46:25.385" level="INFO">${Username} = suchada1512@gmail.com</msg>
<status status="PASS" starttime="20230213 23:46:25.384" endtime="20230213 23:46:25.385"/>
</kw>
<kw name="Read Cell Data" library="ExcelRobot">
<var>${Password}</var>
<arg>Employee</arg>
<arg>1</arg>
<arg>1</arg>
<doc>Uses the column and row to return the data from that cell.</doc>
<msg timestamp="20230213 23:46:25.386" level="INFO">${Password} = suchada</msg>
<status status="PASS" starttime="20230213 23:46:25.386" endtime="20230213 23:46:25.386"/>
</kw>
<kw name="Open Project Monitoring System">
<kw name="Open Browser" library="SeleniumLibrary">
<arg>${URL}</arg>
<arg>${BROWSER}</arg>
<doc>Opens a new browser instance to the optional ``url``.</doc>
<msg timestamp="20230213 23:46:25.389" level="INFO">Opening browser 'Google Chrome' to base url 'http://dekdee2.informatics.buu.ac.th:9080/team0/'.</msg>
<status status="PASS" starttime="20230213 23:46:25.389" endtime="20230213 23:46:28.980"/>
</kw>
<kw name="Maximize Browser Window" library="SeleniumLibrary">
<doc>Maximizes current browser window.</doc>
<status status="PASS" starttime="20230213 23:46:28.980" endtime="20230213 23:46:29.165"/>
</kw>
<status status="PASS" starttime="20230213 23:46:25.388" endtime="20230213 23:46:29.166"/>
</kw>
<kw name="Click Menu Login">
<kw name="Sleep" library="BuiltIn">
<arg>2s</arg>
<doc>Pauses the test executed for the given time.</doc>
<msg timestamp="20230213 23:46:31.177" level="INFO">Slept 2 seconds</msg>
<status status="PASS" starttime="20230213 23:46:29.166" endtime="20230213 23:46:31.178"/>
</kw>
<kw name="Click Element" library="SeleniumLibrary">
<arg>//*[@class="nav-link waves-effect waves-dark profile-pic fs-5"]</arg>
<doc>Click the element identified by ``locator``.</doc>
<msg timestamp="20230213 23:46:31.179" level="INFO">Clicking element '//*[@class="nav-link waves-effect waves-dark profile-pic fs-5"]'.</msg>
<status status="PASS" starttime="20230213 23:46:31.178" endtime="20230213 23:46:31.376"/>
</kw>
<status status="PASS" starttime="20230213 23:46:29.166" endtime="20230213 23:46:31.376"/>
</kw>
<kw name="Sleep" library="BuiltIn">
<arg>1s</arg>
<doc>Pauses the test executed for the given time.</doc>
<msg timestamp="20230213 23:46:32.395" level="INFO">Slept 1 second</msg>
<status status="PASS" starttime="20230213 23:46:31.382" endtime="20230213 23:46:32.395"/>
</kw>
<kw name="Input Text" library="SeleniumLibrary">
<arg>id:u_email</arg>
<arg>${Username}</arg>
<doc>Types the given ``text`` into the text field identified by ``locator``.</doc>
<msg timestamp="20230213 23:46:32.398" level="INFO">Typing text 'suchada1512@gmail.com' into text field 'id:u_email'.</msg>
<status status="PASS" starttime="20230213 23:46:32.396" endtime="20230213 23:46:32.645"/>
</kw>
<kw name="Sleep" library="BuiltIn">
<arg>1s</arg>
<doc>Pauses the test executed for the given time.</doc>
<msg timestamp="20230213 23:46:33.658" level="INFO">Slept 1 second</msg>
<status status="PASS" starttime="20230213 23:46:32.646" endtime="20230213 23:46:33.658"/>
</kw>
<kw name="Input Text" library="SeleniumLibrary">
<arg>id:u_password</arg>
<arg>${Password}</arg>
<doc>Types the given ``text`` into the text field identified by ``locator``.</doc>
<msg timestamp="20230213 23:46:33.659" level="INFO">Typing text 'suchada' into text field 'id:u_password'.</msg>
<status status="PASS" starttime="20230213 23:46:33.659" endtime="20230213 23:46:33.832"/>
</kw>
<kw name="Click to Login">
<kw name="Sleep" library="BuiltIn">
<arg>2s</arg>
<doc>Pauses the test executed for the given time.</doc>
<msg timestamp="20230213 23:46:35.843" level="INFO">Slept 2 seconds</msg>
<status status="PASS" starttime="20230213 23:46:33.834" endtime="20230213 23:46:35.843"/>
</kw>
<kw name="Click Element" library="SeleniumLibrary">
<arg>//*[@id="loginBtn"]</arg>
<doc>Click the element identified by ``locator``.</doc>
<msg timestamp="20230213 23:46:35.844" level="INFO">Clicking element '//*[@id="loginBtn"]'.</msg>
<status status="PASS" starttime="20230213 23:46:35.843" endtime="20230213 23:46:35.938"/>
</kw>
<status status="PASS" starttime="20230213 23:46:33.834" endtime="20230213 23:46:35.938"/>
</kw>
<kw name="Click Sidebar Resiponse Project">
<kw name="Sleep" library="BuiltIn">
<arg>2s</arg>
<doc>Pauses the test executed for the given time.</doc>
<msg timestamp="20230213 23:46:37.948" level="INFO">Slept 2 seconds</msg>
<status status="PASS" starttime="20230213 23:46:35.941" endtime="20230213 23:46:37.948"/>
</kw>
<kw name="Click Element" library="SeleniumLibrary">
<arg>//*[@class="has-arrow waves-effect waves-dark"]</arg>
<doc>Click the element identified by ``locator``.</doc>
<msg timestamp="20230213 23:46:37.949" level="INFO">Clicking element '//*[@class="has-arrow waves-effect waves-dark"]'.</msg>
<status status="PASS" starttime="20230213 23:46:37.948" endtime="20230213 23:46:47.678"/>
</kw>
<status status="PASS" starttime="20230213 23:46:35.939" endtime="20230213 23:46:47.679"/>
</kw>
<kw name="Click Project Responsibility">
<kw name="Sleep" library="BuiltIn">
<arg>2s</arg>
<doc>Pauses the test executed for the given time.</doc>
<msg timestamp="20230213 23:46:49.681" level="INFO">Slept 2 seconds</msg>
<status status="PASS" starttime="20230213 23:46:47.680" endtime="20230213 23:46:49.681"/>
</kw>
<kw name="Click Element" library="SeleniumLibrary">
<arg>//*[@id="sidebarnav"]/li[2]/ul/li/a</arg>
<doc>Click the element identified by ``locator``.</doc>
<msg timestamp="20230213 23:46:49.682" level="INFO">Clicking element '//*[@id="sidebarnav"]/li[2]/ul/li/a'.</msg>
<status status="PASS" starttime="20230213 23:46:49.681" endtime="20230213 23:46:50.537"/>
</kw>
<status status="PASS" starttime="20230213 23:46:47.679" endtime="20230213 23:46:50.537"/>
</kw>
<kw name="Click Project Task">
<kw name="Sleep" library="BuiltIn">
<arg>2s</arg>
<doc>Pauses the test executed for the given time.</doc>
<msg timestamp="20230213 23:46:52.549" level="INFO">Slept 2 seconds</msg>
<status status="PASS" starttime="20230213 23:46:50.538" endtime="20230213 23:46:52.549"/>
</kw>
<kw name="Click Element" library="SeleniumLibrary">
<arg>//*[@class="name"]</arg>
<doc>Click the element identified by ``locator``.</doc>
<msg timestamp="20230213 23:46:52.550" level="INFO">Clicking element '//*[@class="name"]'.</msg>
<status status="PASS" starttime="20230213 23:46:52.549" endtime="20230213 23:46:53.391"/>
</kw>
<status status="PASS" starttime="20230213 23:46:50.538" endtime="20230213 23:46:53.392"/>
</kw>
<kw name="Click edit Project Task">
<kw name="Sleep" library="BuiltIn">
<arg>2s</arg>
<doc>Pauses the test executed for the given time.</doc>
<msg timestamp="20230213 23:46:55.397" level="INFO">Slept 2 seconds</msg>
<status status="PASS" starttime="20230213 23:46:53.393" endtime="20230213 23:46:55.397"/>
</kw>
<kw name="Click Element" library="SeleniumLibrary">
<arg>xpath=/html/body/div[2]/div/div/div[2]/div[1]/div/div/div/div[2]/div/table/tbody/tr[2]/td[5]/button[2]</arg>
<doc>Click the element identified by ``locator``.</doc>
<msg timestamp="20230213 23:46:55.398" level="INFO">Clicking element 'xpath=/html/body/div[2]/div/div/div[2]/div[1]/div/div/div/div[2]/div/table/tbody/tr[2]/td[5]/button[2]'.</msg>
<status status="PASS" starttime="20230213 23:46:55.398" endtime="20230213 23:46:55.513"/>
</kw>
<status status="PASS" starttime="20230213 23:46:53.392" endtime="20230213 23:46:55.514"/>
</kw>
<kw name="Click edit detail Task">
<kw name="Sleep" library="BuiltIn">
<arg>3s</arg>
<doc>Pauses the test executed for the given time.</doc>
<msg timestamp="20230213 23:46:58.524" level="INFO">Slept 3 seconds</msg>
<status status="PASS" starttime="20230213 23:46:55.520" endtime="20230213 23:46:58.524"/>
</kw>
<kw name="Input Text" library="SeleniumLibrary">
<arg>//*[@id="t_detail"]</arg>
<arg>ลูกค้าตรวจสอบ UX&amp;UI</arg>
<doc>Types the given ``text`` into the text field identified by ``locator``.</doc>
<msg timestamp="20230213 23:46:58.535" level="INFO">Typing text 'ลูกค้าตรวจสอบ UX&amp;UI' into text field '//*[@id="t_detail"]'.</msg>
<status status="PASS" starttime="20230213 23:46:58.524" endtime="20230213 23:46:58.845"/>
</kw>
<status status="PASS" starttime="20230213 23:46:55.520" endtime="20230213 23:46:58.845"/>
</kw>
<kw name="Click edit calendar Task">
<kw name="Sleep" library="BuiltIn">
<arg>2s</arg>
<doc>Pauses the test executed for the given time.</doc>
<msg timestamp="20230213 23:47:00.858" level="INFO">Slept 2 seconds</msg>
<status status="PASS" starttime="20230213 23:46:58.847" endtime="20230213 23:47:00.859"/>
</kw>
<kw name="Input Text" library="SeleniumLibrary">
<arg>//*[@id="t_createdate"]</arg>
<arg>02-11-2022</arg>
<doc>Types the given ``text`` into the text field identified by ``locator``.</doc>
<msg timestamp="20230213 23:47:00.859" level="INFO">Typing text '02-11-2022' into text field '//*[@id="t_createdate"]'.</msg>
<status status="PASS" starttime="20230213 23:47:00.859" endtime="20230213 23:47:01.230"/>
</kw>
<status status="PASS" starttime="20230213 23:46:58.847" endtime="20230213 23:47:01.231"/>
</kw>
<kw name="Click Save">
<kw name="Sleep" library="BuiltIn">
<arg>2s</arg>
<doc>Pauses the test executed for the given time.</doc>
<msg timestamp="20230213 23:47:03.239" level="INFO">Slept 2 seconds</msg>
<status status="PASS" starttime="20230213 23:47:01.234" endtime="20230213 23:47:03.239"/>
</kw>
<kw name="Click Element" library="SeleniumLibrary">
<arg>//*[@id="mainModalFooter"]/button[1]</arg>
<doc>Click the element identified by ``locator``.</doc>
<msg timestamp="20230213 23:47:03.240" level="INFO">Clicking element '//*[@id="mainModalFooter"]/button[1]'.</msg>
<status status="PASS" starttime="20230213 23:47:03.239" endtime="20230213 23:47:03.403"/>
</kw>
<status status="PASS" starttime="20230213 23:47:01.233" endtime="20230213 23:47:03.404"/>
</kw>
<kw name="Click confirm">
<kw name="Sleep" library="BuiltIn">
<arg>2s</arg>
<doc>Pauses the test executed for the given time.</doc>
<msg timestamp="20230213 23:47:05.420" level="INFO">Slept 2 seconds</msg>
<status status="PASS" starttime="20230213 23:47:03.409" endtime="20230213 23:47:05.420"/>
</kw>
<kw name="Click Element" library="SeleniumLibrary">
<arg>//*[@class="swal2-confirm swal2-styled"]</arg>
<doc>Click the element identified by ``locator``.</doc>
<msg timestamp="20230213 23:47:05.421" level="INFO">Clicking element '//*[@class="swal2-confirm swal2-styled"]'.</msg>
<status status="PASS" starttime="20230213 23:47:05.421" endtime="20230213 23:47:05.524"/>
</kw>
<status status="PASS" starttime="20230213 23:47:03.408" endtime="20230213 23:47:05.524"/>
</kw>
<kw name="Close Browser Page">
<kw name="Sleep" library="BuiltIn">
<arg>2s</arg>
<doc>Pauses the test executed for the given time.</doc>
<msg timestamp="20230213 23:47:07.529" level="INFO">Slept 2 seconds</msg>
<status status="PASS" starttime="20230213 23:47:05.526" endtime="20230213 23:47:07.529"/>
</kw>
<kw name="Close Browser" library="SeleniumLibrary">
<doc>Closes the current browser.</doc>
<status status="PASS" starttime="20230213 23:47:07.529" endtime="20230213 23:47:10.255"/>
</kw>
<status status="PASS" starttime="20230213 23:47:05.525" endtime="20230213 23:47:10.255"/>
</kw>
<status status="PASS" starttime="20230213 23:46:25.373" endtime="20230213 23:47:10.257"/>
</test>
<test id="s1-t2" name="Edit Task In Project Fail with cancel button" line="74">
<kw name="Open file Excel">
<kw name="Open Excel" library="ExcelRobot">
<arg>C:\\Automate Test\\Test_PMS\\automateTestTeam0\\employee1\\test_edit_task\\test_data.xlsx</arg>
<doc>Opens the Excel file to read from the path provided in the file path parameter.</doc>
<msg timestamp="20230213 23:47:10.262" level="INFO">Opening file at C:\Automate Test\Test_PMS\automateTestTeam0\employee1\test_edit_task\test_data.xlsx</msg>
<status status="PASS" starttime="20230213 23:47:10.261" endtime="20230213 23:47:10.272"/>
</kw>
<status status="PASS" starttime="20230213 23:47:10.261" endtime="20230213 23:47:10.273"/>
</kw>
<kw name="Read Cell Data" library="ExcelRobot">
<var>${Username}</var>
<arg>Employee</arg>
<arg>0</arg>
<arg>1</arg>
<doc>Uses the column and row to return the data from that cell.</doc>
<msg timestamp="20230213 23:47:10.274" level="INFO">${Username} = suchada1512@gmail.com</msg>
<status status="PASS" starttime="20230213 23:47:10.273" endtime="20230213 23:47:10.274"/>
</kw>
<kw name="Read Cell Data" library="ExcelRobot">
<var>${Password}</var>
<arg>Employee</arg>
<arg>1</arg>
<arg>1</arg>
<doc>Uses the column and row to return the data from that cell.</doc>
<msg timestamp="20230213 23:47:10.276" level="INFO">${Password} = suchada</msg>
<status status="PASS" starttime="20230213 23:47:10.275" endtime="20230213 23:47:10.276"/>
</kw>
<kw name="Open Project Monitoring System">
<kw name="Open Browser" library="SeleniumLibrary">
<arg>${URL}</arg>
<arg>${BROWSER}</arg>
<doc>Opens a new browser instance to the optional ``url``.</doc>
<msg timestamp="20230213 23:47:10.278" level="INFO">Opening browser 'Google Chrome' to base url 'http://dekdee2.informatics.buu.ac.th:9080/team0/'.</msg>
<status status="PASS" starttime="20230213 23:47:10.278" endtime="20230213 23:47:13.682"/>
</kw>
<kw name="Maximize Browser Window" library="SeleniumLibrary">
<doc>Maximizes current browser window.</doc>
<status status="PASS" starttime="20230213 23:47:13.682" endtime="20230213 23:47:13.897"/>
</kw>
<status status="PASS" starttime="20230213 23:47:10.277" endtime="20230213 23:47:13.897"/>
</kw>
<kw name="Click Menu Login">
<kw name="Sleep" library="BuiltIn">
<arg>2s</arg>
<doc>Pauses the test executed for the given time.</doc>
<msg timestamp="20230213 23:47:15.904" level="INFO">Slept 2 seconds</msg>
<status status="PASS" starttime="20230213 23:47:13.898" endtime="20230213 23:47:15.904"/>
</kw>
<kw name="Click Element" library="SeleniumLibrary">
<arg>//*[@class="nav-link waves-effect waves-dark profile-pic fs-5"]</arg>
<doc>Click the element identified by ``locator``.</doc>
<msg timestamp="20230213 23:47:15.905" level="INFO">Clicking element '//*[@class="nav-link waves-effect waves-dark profile-pic fs-5"]'.</msg>
<status status="PASS" starttime="20230213 23:47:15.904" endtime="20230213 23:47:16.080"/>
</kw>
<status status="PASS" starttime="20230213 23:47:13.898" endtime="20230213 23:47:16.080"/>
</kw>
<kw name="Sleep" library="BuiltIn">
<arg>1s</arg>
<doc>Pauses the test executed for the given time.</doc>
<msg timestamp="20230213 23:47:17.101" level="INFO">Slept 1 second</msg>
<status status="PASS" starttime="20230213 23:47:16.089" endtime="20230213 23:47:17.101"/>
</kw>
<kw name="Input Text" library="SeleniumLibrary">
<arg>id:u_email</arg>
<arg>${Username}</arg>
<doc>Types the given ``text`` into the text field identified by ``locator``.</doc>
<msg timestamp="20230213 23:47:17.104" level="INFO">Typing text 'suchada1512@gmail.com' into text field 'id:u_email'.</msg>
<status status="PASS" starttime="20230213 23:47:17.102" endtime="20230213 23:47:17.411"/>
</kw>
<kw name="Sleep" library="BuiltIn">
<arg>1s</arg>
<doc>Pauses the test executed for the given time.</doc>
<msg timestamp="20230213 23:47:18.426" level="INFO">Slept 1 second</msg>
<status status="PASS" starttime="20230213 23:47:17.412" endtime="20230213 23:47:18.426"/>
</kw>
<kw name="Input Text" library="SeleniumLibrary">
<arg>id:u_password</arg>
<arg>${Password}</arg>
<doc>Types the given ``text`` into the text field identified by ``locator``.</doc>
<msg timestamp="20230213 23:47:18.428" level="INFO">Typing text 'suchada' into text field 'id:u_password'.</msg>
<status status="PASS" starttime="20230213 23:47:18.427" endtime="20230213 23:47:18.632"/>
</kw>
<kw name="Click to Login">
<kw name="Sleep" library="BuiltIn">
<arg>2s</arg>
<doc>Pauses the test executed for the given time.</doc>
<msg timestamp="20230213 23:47:20.639" level="INFO">Slept 2 seconds</msg>
<status status="PASS" starttime="20230213 23:47:18.635" endtime="20230213 23:47:20.639"/>
</kw>
<kw name="Click Element" library="SeleniumLibrary">
<arg>//*[@id="loginBtn"]</arg>
<doc>Click the element identified by ``locator``.</doc>
<msg timestamp="20230213 23:47:20.640" level="INFO">Clicking element '//*[@id="loginBtn"]'.</msg>
<status status="PASS" starttime="20230213 23:47:20.639" endtime="20230213 23:47:20.742"/>
</kw>
<status status="PASS" starttime="20230213 23:47:18.634" endtime="20230213 23:47:20.742"/>
</kw>
<kw name="Click Sidebar Resiponse Project">
<kw name="Sleep" library="BuiltIn">
<arg>2s</arg>
<doc>Pauses the test executed for the given time.</doc>
<msg timestamp="20230213 23:47:22.756" level="INFO">Slept 2 seconds</msg>
<status status="PASS" starttime="20230213 23:47:20.744" endtime="20230213 23:47:22.756"/>
</kw>
<kw name="Click Element" library="SeleniumLibrary">
<arg>//*[@class="has-arrow waves-effect waves-dark"]</arg>
<doc>Click the element identified by ``locator``.</doc>
<msg timestamp="20230213 23:47:22.757" level="INFO">Clicking element '//*[@class="has-arrow waves-effect waves-dark"]'.</msg>
<status status="PASS" starttime="20230213 23:47:22.757" endtime="20230213 23:47:22.873"/>
</kw>
<status status="PASS" starttime="20230213 23:47:20.743" endtime="20230213 23:47:22.873"/>
</kw>
<kw name="Click Project Responsibility">
<kw name="Sleep" library="BuiltIn">
<arg>2s</arg>
<doc>Pauses the test executed for the given time.</doc>
<msg timestamp="20230213 23:47:24.889" level="INFO">Slept 2 seconds</msg>
<status status="PASS" starttime="20230213 23:47:22.875" endtime="20230213 23:47:24.889"/>
</kw>
<kw name="Click Element" library="SeleniumLibrary">
<arg>//*[@id="sidebarnav"]/li[2]/ul/li/a</arg>
<doc>Click the element identified by ``locator``.</doc>
<msg timestamp="20230213 23:47:24.890" level="INFO">Clicking element '//*[@id="sidebarnav"]/li[2]/ul/li/a'.</msg>
<status status="PASS" starttime="20230213 23:47:24.889" endtime="20230213 23:47:25.634"/>
</kw>
<status status="PASS" starttime="20230213 23:47:22.874" endtime="20230213 23:47:25.634"/>
</kw>
<kw name="Click Project Task">
<kw name="Sleep" library="BuiltIn">
<arg>2s</arg>
<doc>Pauses the test executed for the given time.</doc>
<msg timestamp="20230213 23:47:27.648" level="INFO">Slept 2 seconds</msg>
<status status="PASS" starttime="20230213 23:47:25.635" endtime="20230213 23:47:27.648"/>
</kw>
<kw name="Click Element" library="SeleniumLibrary">
<arg>//*[@class="name"]</arg>
<doc>Click the element identified by ``locator``.</doc>
<msg timestamp="20230213 23:47:27.649" level="INFO">Clicking element '//*[@class="name"]'.</msg>
<status status="PASS" starttime="20230213 23:47:27.648" endtime="20230213 23:47:34.009"/>
</kw>
<status status="PASS" starttime="20230213 23:47:25.635" endtime="20230213 23:47:34.009"/>
</kw>
<kw name="Click edit Project Task">
<kw name="Sleep" library="BuiltIn">
<arg>2s</arg>
<doc>Pauses the test executed for the given time.</doc>
<msg timestamp="20230213 23:47:36.013" level="INFO">Slept 2 seconds</msg>
<status status="PASS" starttime="20230213 23:47:34.012" endtime="20230213 23:47:36.013"/>
</kw>
<kw name="Click Element" library="SeleniumLibrary">
<arg>xpath=/html/body/div[2]/div/div/div[2]/div[1]/div/div/div/div[2]/div/table/tbody/tr[2]/td[5]/button[2]</arg>
<doc>Click the element identified by ``locator``.</doc>
<msg timestamp="20230213 23:47:36.014" level="INFO">Clicking element 'xpath=/html/body/div[2]/div/div/div[2]/div[1]/div/div/div/div[2]/div/table/tbody/tr[2]/td[5]/button[2]'.</msg>
<status status="PASS" starttime="20230213 23:47:36.013" endtime="20230213 23:47:36.123"/>
</kw>
<status status="PASS" starttime="20230213 23:47:34.011" endtime="20230213 23:47:36.124"/>
</kw>
<kw name="Click edit detail Task">
<kw name="Sleep" library="BuiltIn">
<arg>3s</arg>
<doc>Pauses the test executed for the given time.</doc>
<msg timestamp="20230213 23:47:39.134" level="INFO">Slept 3 seconds</msg>
<status status="PASS" starttime="20230213 23:47:36.125" endtime="20230213 23:47:39.134"/>
</kw>
<kw name="Input Text" library="SeleniumLibrary">
<arg>//*[@id="t_detail"]</arg>
<arg>ลูกค้าตรวจสอบ UX&amp;UI</arg>
<doc>Types the given ``text`` into the text field identified by ``locator``.</doc>
<msg timestamp="20230213 23:47:39.135" level="INFO">Typing text 'ลูกค้าตรวจสอบ UX&amp;UI' into text field '//*[@id="t_detail"]'.</msg>
<status status="PASS" starttime="20230213 23:47:39.135" endtime="20230213 23:47:39.438"/>
</kw>
<status status="PASS" starttime="20230213 23:47:36.125" endtime="20230213 23:47:39.438"/>
</kw>
<kw name="Click edit calendar Task">
<kw name="Sleep" library="BuiltIn">
<arg>2s</arg>
<doc>Pauses the test executed for the given time.</doc>
<msg timestamp="20230213 23:47:41.455" level="INFO">Slept 2 seconds</msg>
<status status="PASS" starttime="20230213 23:47:39.440" endtime="20230213 23:47:41.455"/>
</kw>
<kw name="Input Text" library="SeleniumLibrary">
<arg>//*[@id="t_createdate"]</arg>
<arg>02-11-2022</arg>
<doc>Types the given ``text`` into the text field identified by ``locator``.</doc>
<msg timestamp="20230213 23:47:41.455" level="INFO">Typing text '02-11-2022' into text field '//*[@id="t_createdate"]'.</msg>
<status status="PASS" starttime="20230213 23:47:41.455" endtime="20230213 23:47:41.669"/>
</kw>
<status status="PASS" starttime="20230213 23:47:39.440" endtime="20230213 23:47:41.669"/>
</kw>
<kw name="Click Save">
<kw name="Sleep" library="BuiltIn">
<arg>2s</arg>
<doc>Pauses the test executed for the given time.</doc>
<msg timestamp="20230213 23:47:43.676" level="INFO">Slept 2 seconds</msg>
<status status="PASS" starttime="20230213 23:47:41.670" endtime="20230213 23:47:43.676"/>
</kw>
<kw name="Click Element" library="SeleniumLibrary">
<arg>//*[@id="mainModalFooter"]/button[1]</arg>
<doc>Click the element identified by ``locator``.</doc>
<msg timestamp="20230213 23:47:43.677" level="INFO">Clicking element '//*[@id="mainModalFooter"]/button[1]'.</msg>
<status status="PASS" starttime="20230213 23:47:43.676" endtime="20230213 23:47:43.808"/>
</kw>
<status status="PASS" starttime="20230213 23:47:41.669" endtime="20230213 23:47:43.809"/>
</kw>
<kw name="Click cancel">
<kw name="Sleep" library="BuiltIn">
<arg>2s</arg>
<doc>Pauses the test executed for the given time.</doc>
<msg timestamp="20230213 23:47:45.826" level="INFO">Slept 2 seconds</msg>
<status status="PASS" starttime="20230213 23:47:43.811" endtime="20230213 23:47:45.826"/>
</kw>
<kw name="Click Element" library="SeleniumLibrary">
<arg>//*[@class="swal2-cancel swal2-styled"]</arg>
<doc>Click the element identified by ``locator``.</doc>
<msg timestamp="20230213 23:47:45.827" level="INFO">Clicking element '//*[@class="swal2-cancel swal2-styled"]'.</msg>
<status status="PASS" starttime="20230213 23:47:45.826" endtime="20230213 23:47:45.924"/>
</kw>
<status status="PASS" starttime="20230213 23:47:43.810" endtime="20230213 23:47:45.924"/>
</kw>
<kw name="Close Browser Page">
<kw name="Sleep" library="BuiltIn">
<arg>2s</arg>
<doc>Pauses the test executed for the given time.</doc>
<msg timestamp="20230213 23:47:47.943" level="INFO">Slept 2 seconds</msg>
<status status="PASS" starttime="20230213 23:47:45.927" endtime="20230213 23:47:47.943"/>
</kw>
<kw name="Close Browser" library="SeleniumLibrary">
<doc>Closes the current browser.</doc>
<status status="PASS" starttime="20230213 23:47:47.944" endtime="20230213 23:47:50.442"/>
</kw>
<status status="PASS" starttime="20230213 23:47:45.925" endtime="20230213 23:47:50.442"/>
</kw>
<status status="PASS" starttime="20230213 23:47:10.259" endtime="20230213 23:47:50.443"/>
</test>
<status status="PASS" starttime="20230213 23:46:23.941" endtime="20230213 23:47:50.447"/>
</suite>
<statistics>
<total>
<stat pass="2" fail="0" skip="0">All Tests</stat>
</total>
<tag>
</tag>
<suite>
<stat pass="2" fail="0" skip="0" id="s1" name="Edit Task">Edit Task</stat>
</suite>
</statistics>
<errors>
</errors>
</robot>
