<?xml version="1.0" encoding="UTF-8"?>
<robot generator="Robot 5.0.1 (Python 3.10.5 on win32)" generated="20221121 22:04:08.550" rpa="false" schemaversion="3">
<suite id="s1" name="Edit Task" source="C:\Automate Test\Test_PMS\automateTestTeam0\Employee\test_edit_task\edit_task.robot">
<test id="s1-t1" name="Edit Task in Project Success" line="53">
<kw name="Open file Excel">
<kw name="Open Excel" library="ExcelRobot">
<arg>C:\\Automate Test\\Test_PMS\\automateTestTeam0\\Employee\\test_edit_task\\test_data.xlsx</arg>
<doc>Opens the Excel file to read from the path provided in the file path parameter.</doc>
<msg timestamp="20221121 22:04:09.099" level="INFO">Opening file at C:\Automate Test\Test_PMS\automateTestTeam0\Employee\test_edit_task\test_data.xlsx</msg>
<status status="PASS" starttime="20221121 22:04:09.099" endtime="20221121 22:04:09.102"/>
</kw>
<status status="PASS" starttime="20221121 22:04:09.098" endtime="20221121 22:04:09.103"/>
</kw>
<kw name="Read Cell Data" library="ExcelRobot">
<var>${Username}</var>
<arg>Employee</arg>
<arg>0</arg>
<arg>1</arg>
<doc>Uses the column and row to return the data from that cell.</doc>
<msg timestamp="20221121 22:04:09.103" level="INFO">${Username} = suchada1512@gmail.com</msg>
<status status="PASS" starttime="20221121 22:04:09.103" endtime="20221121 22:04:09.103"/>
</kw>
<kw name="Read Cell Data" library="ExcelRobot">
<var>${Password}</var>
<arg>Employee</arg>
<arg>1</arg>
<arg>1</arg>
<doc>Uses the column and row to return the data from that cell.</doc>
<msg timestamp="20221121 22:04:09.104" level="INFO">${Password} = suchada</msg>
<status status="PASS" starttime="20221121 22:04:09.104" endtime="20221121 22:04:09.104"/>
</kw>
<kw name="Open Project Monitoring System">
<kw name="Open Browser" library="SeleniumLibrary">
<arg>${URL}</arg>
<arg>${BROWSER}</arg>
<doc>Opens a new browser instance to the optional ``url``.</doc>
<msg timestamp="20221121 22:04:09.105" level="INFO">Opening browser 'Google Chrome' to base url 'http://dekdee2.informatics.buu.ac.th:9080/team0/'.</msg>
<status status="PASS" starttime="20221121 22:04:09.104" endtime="20221121 22:04:11.503"/>
</kw>
<kw name="Maximize Browser Window" library="SeleniumLibrary">
<doc>Maximizes current browser window.</doc>
<status status="PASS" starttime="20221121 22:04:11.504" endtime="20221121 22:04:11.680"/>
</kw>
<status status="PASS" starttime="20221121 22:04:09.104" endtime="20221121 22:04:11.680"/>
</kw>
<kw name="Click Menu Login">
<kw name="Sleep" library="BuiltIn">
<arg>2s</arg>
<doc>Pauses the test executed for the given time.</doc>
<msg timestamp="20221121 22:04:13.692" level="INFO">Slept 2 seconds</msg>
<status status="PASS" starttime="20221121 22:04:11.680" endtime="20221121 22:04:13.692"/>
</kw>
<kw name="Click Element" library="SeleniumLibrary">
<arg>//*[@id="main-wrapper"]/header/nav/div[2]/ul[2]/li/a</arg>
<doc>Click the element identified by ``locator``.</doc>
<msg timestamp="20221121 22:04:13.692" level="INFO">Clicking element '//*[@id="main-wrapper"]/header/nav/div[2]/ul[2]/li/a'.</msg>
<status status="PASS" starttime="20221121 22:04:13.692" endtime="20221121 22:04:14.024"/>
</kw>
<status status="PASS" starttime="20221121 22:04:11.680" endtime="20221121 22:04:14.024"/>
</kw>
<kw name="Sleep" library="BuiltIn">
<arg>1s</arg>
<doc>Pauses the test executed for the given time.</doc>
<msg timestamp="20221121 22:04:15.036" level="INFO">Slept 1 second</msg>
<status status="PASS" starttime="20221121 22:04:14.025" endtime="20221121 22:04:15.036"/>
</kw>
<kw name="Input Text" library="SeleniumLibrary">
<arg>id:u_email</arg>
<arg>${Username}</arg>
<doc>Types the given ``text`` into the text field identified by ``locator``.</doc>
<msg timestamp="20221121 22:04:15.037" level="INFO">Typing text 'suchada1512@gmail.com' into text field 'id:u_email'.</msg>
<status status="PASS" starttime="20221121 22:04:15.037" endtime="20221121 22:04:15.150"/>
</kw>
<kw name="Sleep" library="BuiltIn">
<arg>1s</arg>
<doc>Pauses the test executed for the given time.</doc>
<msg timestamp="20221121 22:04:16.156" level="INFO">Slept 1 second</msg>
<status status="PASS" starttime="20221121 22:04:15.151" endtime="20221121 22:04:16.156"/>
</kw>
<kw name="Input Text" library="SeleniumLibrary">
<arg>id:u_password</arg>
<arg>${Password}</arg>
<doc>Types the given ``text`` into the text field identified by ``locator``.</doc>
<msg timestamp="20221121 22:04:16.157" level="INFO">Typing text 'suchada' into text field 'id:u_password'.</msg>
<status status="PASS" starttime="20221121 22:04:16.157" endtime="20221121 22:04:16.250"/>
</kw>
<kw name="Click to Login">
<kw name="Sleep" library="BuiltIn">
<arg>2s</arg>
<doc>Pauses the test executed for the given time.</doc>
<msg timestamp="20221121 22:04:18.255" level="INFO">Slept 2 seconds</msg>
<status status="PASS" starttime="20221121 22:04:16.251" endtime="20221121 22:04:18.255"/>
</kw>
<kw name="Click Element" library="SeleniumLibrary">
<arg>//*[@id="loginBtn"]</arg>
<doc>Click the element identified by ``locator``.</doc>
<msg timestamp="20221121 22:04:18.255" level="INFO">Clicking element '//*[@id="loginBtn"]'.</msg>
<status status="PASS" starttime="20221121 22:04:18.255" endtime="20221121 22:04:18.301"/>
</kw>
<status status="PASS" starttime="20221121 22:04:16.251" endtime="20221121 22:04:18.301"/>
</kw>
<kw name="Click Sidebar Resiponse Project">
<kw name="Sleep" library="BuiltIn">
<arg>2s</arg>
<doc>Pauses the test executed for the given time.</doc>
<msg timestamp="20221121 22:04:20.304" level="INFO">Slept 2 seconds</msg>
<status status="PASS" starttime="20221121 22:04:18.302" endtime="20221121 22:04:20.304"/>
</kw>
<kw name="Click Element" library="SeleniumLibrary">
<arg>//*[@id="sidebarnav"]/li[2]/a/i</arg>
<doc>Click the element identified by ``locator``.</doc>
<msg timestamp="20221121 22:04:20.305" level="INFO">Clicking element '//*[@id="sidebarnav"]/li[2]/a/i'.</msg>
<status status="PASS" starttime="20221121 22:04:20.304" endtime="20221121 22:04:20.609"/>
</kw>
<status status="PASS" starttime="20221121 22:04:18.302" endtime="20221121 22:04:20.609"/>
</kw>
<kw name="Search Project">
<kw name="Sleep" library="BuiltIn">
<arg>2s</arg>
<doc>Pauses the test executed for the given time.</doc>
<msg timestamp="20221121 22:04:22.624" level="INFO">Slept 2 seconds</msg>
<status status="PASS" starttime="20221121 22:04:20.610" endtime="20221121 22:04:22.624"/>
</kw>
<kw name="Input Text" library="SeleniumLibrary">
<arg>//*[@id="table_filter"]/label/input</arg>
<arg>ระบบจัดการเอกสารอัตโนมัติ</arg>
<doc>Types the given ``text`` into the text field identified by ``locator``.</doc>
<msg timestamp="20221121 22:04:22.624" level="INFO">Typing text 'ระบบจัดการเอกสารอัตโนมัติ' into text field '//*[@id="table_filter"]/label/input'.</msg>
<status status="PASS" starttime="20221121 22:04:22.624" endtime="20221121 22:04:22.805"/>
</kw>
<status status="PASS" starttime="20221121 22:04:20.610" endtime="20221121 22:04:22.806"/>
</kw>
<kw name="Click Project Task">
<kw name="Sleep" library="BuiltIn">
<arg>2s</arg>
<doc>Pauses the test executed for the given time.</doc>
<msg timestamp="20221121 22:04:24.819" level="INFO">Slept 2 seconds</msg>
<status status="PASS" starttime="20221121 22:04:22.807" endtime="20221121 22:04:24.819"/>
</kw>
<kw name="Click Element" library="SeleniumLibrary">
<arg>//*[@class="btn btn-tertiary btn-sm"]</arg>
<doc>Click the element identified by ``locator``.</doc>
<msg timestamp="20221121 22:04:24.820" level="INFO">Clicking element '//*[@class="btn btn-tertiary btn-sm"]'.</msg>
<status status="PASS" starttime="20221121 22:04:24.819" endtime="20221121 22:04:25.089"/>
</kw>
<status status="PASS" starttime="20221121 22:04:22.807" endtime="20221121 22:04:25.089"/>
</kw>
<kw name="Click edit Project Task">
<kw name="Sleep" library="BuiltIn">
<arg>2s</arg>
<doc>Pauses the test executed for the given time.</doc>
<msg timestamp="20221121 22:04:27.093" level="INFO">Slept 2 seconds</msg>
<status status="PASS" starttime="20221121 22:04:25.090" endtime="20221121 22:04:27.093"/>
</kw>
<kw name="Click Element" library="SeleniumLibrary">
<arg>//*[@id="edit"]</arg>
<doc>Click the element identified by ``locator``.</doc>
<msg timestamp="20221121 22:04:27.093" level="INFO">Clicking element '//*[@id="edit"]'.</msg>
<status status="PASS" starttime="20221121 22:04:27.093" endtime="20221121 22:04:27.141"/>
</kw>
<status status="PASS" starttime="20221121 22:04:25.090" endtime="20221121 22:04:27.141"/>
</kw>
<kw name="Click edit detail Task">
<kw name="Sleep" library="BuiltIn">
<arg>2s</arg>
<doc>Pauses the test executed for the given time.</doc>
<msg timestamp="20221121 22:04:29.150" level="INFO">Slept 2 seconds</msg>
<status status="PASS" starttime="20221121 22:04:27.142" endtime="20221121 22:04:29.150"/>
</kw>
<kw name="Input Text" library="SeleniumLibrary">
<arg>//*[@id="t_detail"]</arg>
<arg>ลูกค้าตรวจสอบ UX&amp;UI</arg>
<doc>Types the given ``text`` into the text field identified by ``locator``.</doc>
<msg timestamp="20221121 22:04:29.151" level="INFO">Typing text 'ลูกค้าตรวจสอบ UX&amp;UI' into text field '//*[@id="t_detail"]'.</msg>
<status status="PASS" starttime="20221121 22:04:29.150" endtime="20221121 22:04:29.293"/>
</kw>
<status status="PASS" starttime="20221121 22:04:27.142" endtime="20221121 22:04:29.293"/>
</kw>
<kw name="Click edit calendar Task">
<kw name="Sleep" library="BuiltIn">
<arg>2s</arg>
<doc>Pauses the test executed for the given time.</doc>
<msg timestamp="20221121 22:04:31.306" level="INFO">Slept 2 seconds</msg>
<status status="PASS" starttime="20221121 22:04:29.294" endtime="20221121 22:04:31.306"/>
</kw>
<kw name="Input Text" library="SeleniumLibrary">
<arg>//*[@id="t_createdate"]</arg>
<arg>02-11-2022</arg>
<doc>Types the given ``text`` into the text field identified by ``locator``.</doc>
<msg timestamp="20221121 22:04:31.307" level="INFO">Typing text '02-11-2022' into text field '//*[@id="t_createdate"]'.</msg>
<status status="PASS" starttime="20221121 22:04:31.306" endtime="20221121 22:04:31.481"/>
</kw>
<status status="PASS" starttime="20221121 22:04:29.294" endtime="20221121 22:04:31.481"/>
</kw>
<kw name="Click Save">
<kw name="Sleep" library="BuiltIn">
<arg>2s</arg>
<doc>Pauses the test executed for the given time.</doc>
<msg timestamp="20221121 22:04:33.490" level="INFO">Slept 2 seconds</msg>
<status status="PASS" starttime="20221121 22:04:31.482" endtime="20221121 22:04:33.490"/>
</kw>
<kw name="Click Element" library="SeleniumLibrary">
<arg>//*[@id="mainModalFooter"]/button[1]</arg>
<doc>Click the element identified by ``locator``.</doc>
<msg timestamp="20221121 22:04:33.491" level="INFO">Clicking element '//*[@id="mainModalFooter"]/button[1]'.</msg>
<status status="PASS" starttime="20221121 22:04:33.491" endtime="20221121 22:04:33.556"/>
</kw>
<status status="PASS" starttime="20221121 22:04:31.482" endtime="20221121 22:04:33.556"/>
</kw>
<kw name="Click confirm">
<kw name="Sleep" library="BuiltIn">
<arg>2s</arg>
<doc>Pauses the test executed for the given time.</doc>
<msg timestamp="20221121 22:04:35.572" level="INFO">Slept 2 seconds</msg>
<status status="PASS" starttime="20221121 22:04:33.557" endtime="20221121 22:04:35.572"/>
</kw>
<kw name="Click Element" library="SeleniumLibrary">
<arg>//*[@class="swal2-confirm swal2-styled"]</arg>
<doc>Click the element identified by ``locator``.</doc>
<msg timestamp="20221121 22:04:35.573" level="INFO">Clicking element '//*[@class="swal2-confirm swal2-styled"]'.</msg>
<status status="PASS" starttime="20221121 22:04:35.572" endtime="20221121 22:04:35.618"/>
</kw>
<status status="PASS" starttime="20221121 22:04:33.557" endtime="20221121 22:04:35.618"/>
</kw>
<kw name="Close Browser Page">
<kw name="Sleep" library="BuiltIn">
<arg>2s</arg>
<doc>Pauses the test executed for the given time.</doc>
<msg timestamp="20221121 22:04:37.625" level="INFO">Slept 2 seconds</msg>
<status status="PASS" starttime="20221121 22:04:35.619" endtime="20221121 22:04:37.625"/>
</kw>
<kw name="Close Browser" library="SeleniumLibrary">
<doc>Closes the current browser.</doc>
<status status="PASS" starttime="20221121 22:04:37.625" endtime="20221121 22:04:39.816"/>
</kw>
<status status="PASS" starttime="20221121 22:04:35.619" endtime="20221121 22:04:39.816"/>
</kw>
<status status="PASS" starttime="20221121 22:04:09.098" endtime="20221121 22:04:39.817"/>
</test>
<test id="s1-t2" name="Edit Task In Project Fail with cancel button" line="73">
<kw name="Open file Excel">
<kw name="Open Excel" library="ExcelRobot">
<arg>C:\\Automate Test\\Test_PMS\\automateTestTeam0\\Employee\\test_edit_task\\test_data.xlsx</arg>
<doc>Opens the Excel file to read from the path provided in the file path parameter.</doc>
<msg timestamp="20221121 22:04:39.819" level="INFO">Opening file at C:\Automate Test\Test_PMS\automateTestTeam0\Employee\test_edit_task\test_data.xlsx</msg>
<status status="PASS" starttime="20221121 22:04:39.819" endtime="20221121 22:04:39.822"/>
</kw>
<status status="PASS" starttime="20221121 22:04:39.819" endtime="20221121 22:04:39.822"/>
</kw>
<kw name="Read Cell Data" library="ExcelRobot">
<var>${Username}</var>
<arg>Employee</arg>
<arg>0</arg>
<arg>1</arg>
<doc>Uses the column and row to return the data from that cell.</doc>
<msg timestamp="20221121 22:04:39.822" level="INFO">${Username} = suchada1512@gmail.com</msg>
<status status="PASS" starttime="20221121 22:04:39.822" endtime="20221121 22:04:39.822"/>
</kw>
<kw name="Read Cell Data" library="ExcelRobot">
<var>${Password}</var>
<arg>Employee</arg>
<arg>1</arg>
<arg>1</arg>
<doc>Uses the column and row to return the data from that cell.</doc>
<msg timestamp="20221121 22:04:39.823" level="INFO">${Password} = suchada</msg>
<status status="PASS" starttime="20221121 22:04:39.823" endtime="20221121 22:04:39.823"/>
</kw>
<kw name="Open Project Monitoring System">
<kw name="Open Browser" library="SeleniumLibrary">
<arg>${URL}</arg>
<arg>${BROWSER}</arg>
<doc>Opens a new browser instance to the optional ``url``.</doc>
<msg timestamp="20221121 22:04:39.823" level="INFO">Opening browser 'Google Chrome' to base url 'http://dekdee2.informatics.buu.ac.th:9080/team0/'.</msg>
<status status="PASS" starttime="20221121 22:04:39.823" endtime="20221121 22:04:41.978"/>
</kw>
<kw name="Maximize Browser Window" library="SeleniumLibrary">
<doc>Maximizes current browser window.</doc>
<status status="PASS" starttime="20221121 22:04:41.978" endtime="20221121 22:04:42.125"/>
</kw>
<status status="PASS" starttime="20221121 22:04:39.823" endtime="20221121 22:04:42.126"/>
</kw>
<kw name="Click Menu Login">
<kw name="Sleep" library="BuiltIn">
<arg>2s</arg>
<doc>Pauses the test executed for the given time.</doc>
<msg timestamp="20221121 22:04:44.132" level="INFO">Slept 2 seconds</msg>
<status status="PASS" starttime="20221121 22:04:42.126" endtime="20221121 22:04:44.132"/>
</kw>
<kw name="Click Element" library="SeleniumLibrary">
<arg>//*[@id="main-wrapper"]/header/nav/div[2]/ul[2]/li/a</arg>
<doc>Click the element identified by ``locator``.</doc>
<msg timestamp="20221121 22:04:44.133" level="INFO">Clicking element '//*[@id="main-wrapper"]/header/nav/div[2]/ul[2]/li/a'.</msg>
<status status="PASS" starttime="20221121 22:04:44.133" endtime="20221121 22:04:44.504"/>
</kw>
<status status="PASS" starttime="20221121 22:04:42.126" endtime="20221121 22:04:44.504"/>
</kw>
<kw name="Sleep" library="BuiltIn">
<arg>1s</arg>
<doc>Pauses the test executed for the given time.</doc>
<msg timestamp="20221121 22:04:45.509" level="INFO">Slept 1 second</msg>
<status status="PASS" starttime="20221121 22:04:44.505" endtime="20221121 22:04:45.509"/>
</kw>
<kw name="Input Text" library="SeleniumLibrary">
<arg>id:u_email</arg>
<arg>${Username}</arg>
<doc>Types the given ``text`` into the text field identified by ``locator``.</doc>
<msg timestamp="20221121 22:04:45.511" level="INFO">Typing text 'suchada1512@gmail.com' into text field 'id:u_email'.</msg>
<status status="PASS" starttime="20221121 22:04:45.510" endtime="20221121 22:04:45.627"/>
</kw>
<kw name="Sleep" library="BuiltIn">
<arg>1s</arg>
<doc>Pauses the test executed for the given time.</doc>
<msg timestamp="20221121 22:04:46.641" level="INFO">Slept 1 second</msg>
<status status="PASS" starttime="20221121 22:04:45.627" endtime="20221121 22:04:46.641"/>
</kw>
<kw name="Input Text" library="SeleniumLibrary">
<arg>id:u_password</arg>
<arg>${Password}</arg>
<doc>Types the given ``text`` into the text field identified by ``locator``.</doc>
<msg timestamp="20221121 22:04:46.642" level="INFO">Typing text 'suchada' into text field 'id:u_password'.</msg>
<status status="PASS" starttime="20221121 22:04:46.642" endtime="20221121 22:04:46.731"/>
</kw>
<kw name="Click to Login">
<kw name="Sleep" library="BuiltIn">
<arg>2s</arg>
<doc>Pauses the test executed for the given time.</doc>
<msg timestamp="20221121 22:04:48.733" level="INFO">Slept 2 seconds</msg>
<status status="PASS" starttime="20221121 22:04:46.732" endtime="20221121 22:04:48.733"/>
</kw>
<kw name="Click Element" library="SeleniumLibrary">
<arg>//*[@id="loginBtn"]</arg>
<doc>Click the element identified by ``locator``.</doc>
<msg timestamp="20221121 22:04:48.733" level="INFO">Clicking element '//*[@id="loginBtn"]'.</msg>
<status status="PASS" starttime="20221121 22:04:48.733" endtime="20221121 22:04:48.787"/>
</kw>
<status status="PASS" starttime="20221121 22:04:46.731" endtime="20221121 22:04:48.787"/>
</kw>
<kw name="Click Sidebar Resiponse Project">
<kw name="Sleep" library="BuiltIn">
<arg>2s</arg>
<doc>Pauses the test executed for the given time.</doc>
<msg timestamp="20221121 22:04:50.794" level="INFO">Slept 2 seconds</msg>
<status status="PASS" starttime="20221121 22:04:48.788" endtime="20221121 22:04:50.794"/>
</kw>
<kw name="Click Element" library="SeleniumLibrary">
<arg>//*[@id="sidebarnav"]/li[2]/a/i</arg>
<doc>Click the element identified by ``locator``.</doc>
<msg timestamp="20221121 22:04:50.795" level="INFO">Clicking element '//*[@id="sidebarnav"]/li[2]/a/i'.</msg>
<status status="PASS" starttime="20221121 22:04:50.794" endtime="20221121 22:04:51.104"/>
</kw>
<status status="PASS" starttime="20221121 22:04:48.788" endtime="20221121 22:04:51.105"/>
</kw>
<kw name="Search Project">
<kw name="Sleep" library="BuiltIn">
<arg>2s</arg>
<doc>Pauses the test executed for the given time.</doc>
<msg timestamp="20221121 22:04:53.113" level="INFO">Slept 2 seconds</msg>
<status status="PASS" starttime="20221121 22:04:51.106" endtime="20221121 22:04:53.113"/>
</kw>
<kw name="Input Text" library="SeleniumLibrary">
<arg>//*[@id="table_filter"]/label/input</arg>
<arg>ระบบจัดการเอกสารอัตโนมัติ</arg>
<doc>Types the given ``text`` into the text field identified by ``locator``.</doc>
<msg timestamp="20221121 22:04:53.113" level="INFO">Typing text 'ระบบจัดการเอกสารอัตโนมัติ' into text field '//*[@id="table_filter"]/label/input'.</msg>
<status status="PASS" starttime="20221121 22:04:53.113" endtime="20221121 22:04:53.292"/>
</kw>
<status status="PASS" starttime="20221121 22:04:51.105" endtime="20221121 22:04:53.292"/>
</kw>
<kw name="Click Project Task">
<kw name="Sleep" library="BuiltIn">
<arg>2s</arg>
<doc>Pauses the test executed for the given time.</doc>
<msg timestamp="20221121 22:04:55.298" level="INFO">Slept 2 seconds</msg>
<status status="PASS" starttime="20221121 22:04:53.293" endtime="20221121 22:04:55.298"/>
</kw>
<kw name="Click Element" library="SeleniumLibrary">
<arg>//*[@class="btn btn-tertiary btn-sm"]</arg>
<doc>Click the element identified by ``locator``.</doc>
<msg timestamp="20221121 22:04:55.299" level="INFO">Clicking element '//*[@class="btn btn-tertiary btn-sm"]'.</msg>
<status status="PASS" starttime="20221121 22:04:55.298" endtime="20221121 22:04:55.644"/>
</kw>
<status status="PASS" starttime="20221121 22:04:53.293" endtime="20221121 22:04:55.644"/>
</kw>
<kw name="Click edit Project Task">
<kw name="Sleep" library="BuiltIn">
<arg>2s</arg>
<doc>Pauses the test executed for the given time.</doc>
<msg timestamp="20221121 22:04:57.650" level="INFO">Slept 2 seconds</msg>
<status status="PASS" starttime="20221121 22:04:55.645" endtime="20221121 22:04:57.650"/>
</kw>
<kw name="Click Element" library="SeleniumLibrary">
<arg>//*[@id="edit"]</arg>
<doc>Click the element identified by ``locator``.</doc>
<msg timestamp="20221121 22:04:57.651" level="INFO">Clicking element '//*[@id="edit"]'.</msg>
<status status="PASS" starttime="20221121 22:04:57.650" endtime="20221121 22:04:57.700"/>
</kw>
<status status="PASS" starttime="20221121 22:04:55.645" endtime="20221121 22:04:57.700"/>
</kw>
<kw name="Click edit detail Task">
<kw name="Sleep" library="BuiltIn">
<arg>2s</arg>
<doc>Pauses the test executed for the given time.</doc>
<msg timestamp="20221121 22:04:59.703" level="INFO">Slept 2 seconds</msg>
<status status="PASS" starttime="20221121 22:04:57.702" endtime="20221121 22:04:59.703"/>
</kw>
<kw name="Input Text" library="SeleniumLibrary">
<arg>//*[@id="t_detail"]</arg>
<arg>ลูกค้าตรวจสอบ UX&amp;UI</arg>
<doc>Types the given ``text`` into the text field identified by ``locator``.</doc>
<msg timestamp="20221121 22:04:59.704" level="INFO">Typing text 'ลูกค้าตรวจสอบ UX&amp;UI' into text field '//*[@id="t_detail"]'.</msg>
<status status="PASS" starttime="20221121 22:04:59.703" endtime="20221121 22:04:59.831"/>
</kw>
<status status="PASS" starttime="20221121 22:04:57.701" endtime="20221121 22:04:59.832"/>
</kw>
<kw name="Click edit calendar Task">
<kw name="Sleep" library="BuiltIn">
<arg>2s</arg>
<doc>Pauses the test executed for the given time.</doc>
<msg timestamp="20221121 22:05:01.838" level="INFO">Slept 2 seconds</msg>
<status status="PASS" starttime="20221121 22:04:59.833" endtime="20221121 22:05:01.838"/>
</kw>
<kw name="Input Text" library="SeleniumLibrary">
<arg>//*[@id="t_createdate"]</arg>
<arg>02-11-2022</arg>
<doc>Types the given ``text`` into the text field identified by ``locator``.</doc>
<msg timestamp="20221121 22:05:01.839" level="INFO">Typing text '02-11-2022' into text field '//*[@id="t_createdate"]'.</msg>
<status status="PASS" starttime="20221121 22:05:01.838" endtime="20221121 22:05:02.015"/>
</kw>
<status status="PASS" starttime="20221121 22:04:59.832" endtime="20221121 22:05:02.016"/>
</kw>
<kw name="Click Save">
<kw name="Sleep" library="BuiltIn">
<arg>2s</arg>
<doc>Pauses the test executed for the given time.</doc>
<msg timestamp="20221121 22:05:04.019" level="INFO">Slept 2 seconds</msg>
<status status="PASS" starttime="20221121 22:05:02.017" endtime="20221121 22:05:04.019"/>
</kw>
<kw name="Click Element" library="SeleniumLibrary">
<arg>//*[@id="mainModalFooter"]/button[1]</arg>
<doc>Click the element identified by ``locator``.</doc>
<msg timestamp="20221121 22:05:04.021" level="INFO">Clicking element '//*[@id="mainModalFooter"]/button[1]'.</msg>
<status status="PASS" starttime="20221121 22:05:04.019" endtime="20221121 22:05:04.090"/>
</kw>
<status status="PASS" starttime="20221121 22:05:02.016" endtime="20221121 22:05:04.090"/>
</kw>
<kw name="Click cancel">
<kw name="Sleep" library="BuiltIn">
<arg>2s</arg>
<doc>Pauses the test executed for the given time.</doc>
<msg timestamp="20221121 22:05:06.101" level="INFO">Slept 2 seconds</msg>
<status status="PASS" starttime="20221121 22:05:04.091" endtime="20221121 22:05:06.101"/>
</kw>
<kw name="Click Element" library="SeleniumLibrary">
<arg>//*[@class="swal2-cancel swal2-styled"]</arg>
<doc>Click the element identified by ``locator``.</doc>
<msg timestamp="20221121 22:05:06.102" level="INFO">Clicking element '//*[@class="swal2-cancel swal2-styled"]'.</msg>
<status status="PASS" starttime="20221121 22:05:06.101" endtime="20221121 22:05:06.148"/>
</kw>
<status status="PASS" starttime="20221121 22:05:04.091" endtime="20221121 22:05:06.149"/>
</kw>
<kw name="Close Browser Page">
<kw name="Sleep" library="BuiltIn">
<arg>2s</arg>
<doc>Pauses the test executed for the given time.</doc>
<msg timestamp="20221121 22:05:08.163" level="INFO">Slept 2 seconds</msg>
<status status="PASS" starttime="20221121 22:05:06.149" endtime="20221121 22:05:08.163"/>
</kw>
<kw name="Close Browser" library="SeleniumLibrary">
<doc>Closes the current browser.</doc>
<status status="PASS" starttime="20221121 22:05:08.163" endtime="20221121 22:05:10.357"/>
</kw>
<status status="PASS" starttime="20221121 22:05:06.149" endtime="20221121 22:05:10.357"/>
</kw>
<status status="PASS" starttime="20221121 22:04:39.818" endtime="20221121 22:05:10.358"/>
</test>
<status status="PASS" starttime="20221121 22:04:08.551" endtime="20221121 22:05:10.359"/>
</suite>
<statistics>
<total>
<stat pass="2" fail="0" skip="0">All Tests</stat>
</total>
<tag>
</tag>
<suite>
<stat pass="2" fail="0" skip="0" id="s1" name="Edit Task">Edit Task</stat>
</suite>
</statistics>
<errors>
</errors>
</robot>
