<?xml version="1.0" encoding="UTF-8"?>
<robot generator="Robot 5.0.1 (Python 3.10.5 on win32)" generated="20230220 23:06:31.607" rpa="false" schemaversion="3">
<suite id="s1" name="Edit Task" source="C:\xampp\htdocs\automateTestTeam0\employee1\test_edit_task\edit_task.robot">
<test id="s1-t1" name="Edit Task in Project Success" line="55">
<kw name="Open file Excel">
<kw name="Open Excel" library="ExcelRobot">
<arg>C:\\xampp\\htdocs\\automateTestTeam0\\employee1\\test_edit_task\\test_data.xlsx</arg>
<doc>Opens the Excel file to read from the path provided in the file path parameter.</doc>
<msg timestamp="20230220 23:06:32.006" level="INFO">Opening file at C:\xampp\htdocs\automateTestTeam0\employee1\test_edit_task\test_data.xlsx</msg>
<status status="PASS" starttime="20230220 23:06:32.006" endtime="20230220 23:06:32.010"/>
</kw>
<status status="PASS" starttime="20230220 23:06:32.005" endtime="20230220 23:06:32.010"/>
</kw>
<kw name="Read Cell Data" library="ExcelRobot">
<var>${Username}</var>
<arg>Employee</arg>
<arg>0</arg>
<arg>1</arg>
<doc>Uses the column and row to return the data from that cell.</doc>
<msg timestamp="20230220 23:06:32.010" level="INFO">${Username} = suchada1512@gmail.com</msg>
<status status="PASS" starttime="20230220 23:06:32.010" endtime="20230220 23:06:32.010"/>
</kw>
<kw name="Read Cell Data" library="ExcelRobot">
<var>${Password}</var>
<arg>Employee</arg>
<arg>1</arg>
<arg>1</arg>
<doc>Uses the column and row to return the data from that cell.</doc>
<msg timestamp="20230220 23:06:32.011" level="INFO">${Password} = suchada</msg>
<status status="PASS" starttime="20230220 23:06:32.011" endtime="20230220 23:06:32.011"/>
</kw>
<kw name="Open Project Monitoring System">
<kw name="Open Browser" library="SeleniumLibrary">
<arg>${URL}</arg>
<arg>${BROWSER}</arg>
<doc>Opens a new browser instance to the optional ``url``.</doc>
<msg timestamp="20230220 23:06:32.012" level="INFO">Opening browser 'Google Chrome' to base url 'http://dekdee2.informatics.buu.ac.th:9080/team0/'.</msg>
<status status="PASS" starttime="20230220 23:06:32.012" endtime="20230220 23:06:33.905"/>
</kw>
<kw name="Maximize Browser Window" library="SeleniumLibrary">
<doc>Maximizes current browser window.</doc>
<status status="PASS" starttime="20230220 23:06:33.906" endtime="20230220 23:06:34.105"/>
</kw>
<status status="PASS" starttime="20230220 23:06:32.011" endtime="20230220 23:06:34.105"/>
</kw>
<kw name="Click Menu Login">
<kw name="Sleep" library="BuiltIn">
<arg>2s</arg>
<doc>Pauses the test executed for the given time.</doc>
<msg timestamp="20230220 23:06:36.111" level="INFO">Slept 2 seconds</msg>
<status status="PASS" starttime="20230220 23:06:34.106" endtime="20230220 23:06:36.111"/>
</kw>
<kw name="Click Element" library="SeleniumLibrary">
<arg>//*[@class="nav-link waves-effect waves-dark profile-pic fs-5"]</arg>
<doc>Click the element identified by ``locator``.</doc>
<msg timestamp="20230220 23:06:36.112" level="INFO">Clicking element '//*[@class="nav-link waves-effect waves-dark profile-pic fs-5"]'.</msg>
<status status="PASS" starttime="20230220 23:06:36.111" endtime="20230220 23:06:36.143"/>
</kw>
<status status="PASS" starttime="20230220 23:06:34.106" endtime="20230220 23:06:36.143"/>
</kw>
<kw name="Sleep" library="BuiltIn">
<arg>1s</arg>
<doc>Pauses the test executed for the given time.</doc>
<msg timestamp="20230220 23:06:37.155" level="INFO">Slept 1 second</msg>
<status status="PASS" starttime="20230220 23:06:36.144" endtime="20230220 23:06:37.155"/>
</kw>
<kw name="Input Text" library="SeleniumLibrary">
<arg>id:u_email</arg>
<arg>${Username}</arg>
<doc>Types the given ``text`` into the text field identified by ``locator``.</doc>
<msg timestamp="20230220 23:06:37.156" level="INFO">Typing text 'suchada1512@gmail.com' into text field 'id:u_email'.</msg>
<status status="PASS" starttime="20230220 23:06:37.155" endtime="20230220 23:06:37.227"/>
</kw>
<kw name="Sleep" library="BuiltIn">
<arg>1s</arg>
<doc>Pauses the test executed for the given time.</doc>
<msg timestamp="20230220 23:06:38.242" level="INFO">Slept 1 second</msg>
<status status="PASS" starttime="20230220 23:06:37.227" endtime="20230220 23:06:38.242"/>
</kw>
<kw name="Input Text" library="SeleniumLibrary">
<arg>id:u_password</arg>
<arg>${Password}</arg>
<doc>Types the given ``text`` into the text field identified by ``locator``.</doc>
<msg timestamp="20230220 23:06:38.243" level="INFO">Typing text 'suchada' into text field 'id:u_password'.</msg>
<status status="PASS" starttime="20230220 23:06:38.242" endtime="20230220 23:06:38.307"/>
</kw>
<kw name="Click to Login">
<kw name="Sleep" library="BuiltIn">
<arg>2s</arg>
<doc>Pauses the test executed for the given time.</doc>
<msg timestamp="20230220 23:06:40.316" level="INFO">Slept 2 seconds</msg>
<status status="PASS" starttime="20230220 23:06:38.308" endtime="20230220 23:06:40.316"/>
</kw>
<kw name="Click Element" library="SeleniumLibrary">
<arg>//*[@id="loginBtn"]</arg>
<doc>Click the element identified by ``locator``.</doc>
<msg timestamp="20230220 23:06:40.316" level="INFO">Clicking element '//*[@id="loginBtn"]'.</msg>
<status status="PASS" starttime="20230220 23:06:40.316" endtime="20230220 23:06:40.349"/>
</kw>
<status status="PASS" starttime="20230220 23:06:38.308" endtime="20230220 23:06:40.349"/>
</kw>
<kw name="Click Sidebar Resiponse Project">
<kw name="Sleep" library="BuiltIn">
<arg>2s</arg>
<doc>Pauses the test executed for the given time.</doc>
<msg timestamp="20230220 23:06:42.354" level="INFO">Slept 2 seconds</msg>
<status status="PASS" starttime="20230220 23:06:40.350" endtime="20230220 23:06:42.354"/>
</kw>
<kw name="Click Element" library="SeleniumLibrary">
<arg>//*[@id="main-wrapper"]/header/nav/div[2]/ul[1]/li[2]/a/i</arg>
<doc>Click the element identified by ``locator``.</doc>
<msg timestamp="20230220 23:06:42.354" level="INFO">Clicking element '//*[@id="main-wrapper"]/header/nav/div[2]/ul[1]/li[2]/a/i'.</msg>
<status status="PASS" starttime="20230220 23:06:42.354" endtime="20230220 23:06:42.392"/>
</kw>
<status status="PASS" starttime="20230220 23:06:40.350" endtime="20230220 23:06:42.393"/>
</kw>
<kw name="Click Project Responsibility">
<kw name="Sleep" library="BuiltIn">
<arg>1s</arg>
<doc>Pauses the test executed for the given time.</doc>
<msg timestamp="20230220 23:06:43.400" level="INFO">Slept 1 second</msg>
<status status="PASS" starttime="20230220 23:06:42.393" endtime="20230220 23:06:43.400"/>
</kw>
<kw name="Click Element" library="SeleniumLibrary">
<arg>//*[@id="sidebarnav"]/li[2]/a/i</arg>
<doc>Click the element identified by ``locator``.</doc>
<msg timestamp="20230220 23:06:43.400" level="INFO">Clicking element '//*[@id="sidebarnav"]/li[2]/a/i'.</msg>
<status status="PASS" starttime="20230220 23:06:43.400" endtime="20230220 23:06:43.432"/>
</kw>
<kw name="Sleep" library="BuiltIn">
<arg>1s</arg>
<doc>Pauses the test executed for the given time.</doc>
<msg timestamp="20230220 23:06:44.442" level="INFO">Slept 1 second</msg>
<status status="PASS" starttime="20230220 23:06:43.432" endtime="20230220 23:06:44.442"/>
</kw>
<kw name="Click Element" library="SeleniumLibrary">
<arg>//*[@id="sidebarnav"]/li[2]/ul/li/a</arg>
<doc>Click the element identified by ``locator``.</doc>
<msg timestamp="20230220 23:06:44.442" level="INFO">Clicking element '//*[@id="sidebarnav"]/li[2]/ul/li/a'.</msg>
<status status="PASS" starttime="20230220 23:06:44.442" endtime="20230220 23:06:44.732"/>
</kw>
<status status="PASS" starttime="20230220 23:06:42.393" endtime="20230220 23:06:44.733"/>
</kw>
<kw name="Click Project Task">
<kw name="Sleep" library="BuiltIn">
<arg>2s</arg>
<doc>Pauses the test executed for the given time.</doc>
<msg timestamp="20230220 23:06:46.735" level="INFO">Slept 2 seconds</msg>
<status status="PASS" starttime="20230220 23:06:44.734" endtime="20230220 23:06:46.735"/>
</kw>
<kw name="Click Element" library="SeleniumLibrary">
<arg>//*[@class="name"]</arg>
<doc>Click the element identified by ``locator``.</doc>
<msg timestamp="20230220 23:06:46.735" level="INFO">Clicking element '//*[@class="name"]'.</msg>
<status status="PASS" starttime="20230220 23:06:46.735" endtime="20230220 23:06:47.057"/>
</kw>
<status status="PASS" starttime="20230220 23:06:44.733" endtime="20230220 23:06:47.058"/>
</kw>
<kw name="Click edit Project Task">
<kw name="Sleep" library="BuiltIn">
<arg>2s</arg>
<doc>Pauses the test executed for the given time.</doc>
<msg timestamp="20230220 23:06:49.060" level="INFO">Slept 2 seconds</msg>
<status status="PASS" starttime="20230220 23:06:47.059" endtime="20230220 23:06:49.060"/>
</kw>
<kw name="Click Element" library="SeleniumLibrary">
<arg>xpath=/html/body/div[2]/div/div/div[2]/div/div/div[1]/div/div/div/div/div[2]/div/table/tbody/tr[3]/td[5]/button[2]</arg>
<doc>Click the element identified by ``locator``.</doc>
<msg timestamp="20230220 23:06:49.061" level="INFO">Clicking element 'xpath=/html/body/div[2]/div/div/div[2]/div/div/div[1]/div/div/div/div/div[2]/div/table/tbody/tr[3]/td[5]/button[2]'.</msg>
<status status="PASS" starttime="20230220 23:06:49.060" endtime="20230220 23:06:49.094"/>
</kw>
<status status="PASS" starttime="20230220 23:06:47.058" endtime="20230220 23:06:49.094"/>
</kw>
<kw name="Click edit detail Task">
<kw name="Sleep" library="BuiltIn">
<arg>3s</arg>
<doc>Pauses the test executed for the given time.</doc>
<msg timestamp="20230220 23:06:52.106" level="INFO">Slept 3 seconds</msg>
<status status="PASS" starttime="20230220 23:06:49.095" endtime="20230220 23:06:52.106"/>
</kw>
<kw name="Input Text" library="SeleniumLibrary">
<arg>//*[@id="t_detail"]</arg>
<arg>ลูกค้าตรวจสอบ UX&amp;UI</arg>
<doc>Types the given ``text`` into the text field identified by ``locator``.</doc>
<msg timestamp="20230220 23:06:52.106" level="INFO">Typing text 'ลูกค้าตรวจสอบ UX&amp;UI' into text field '//*[@id="t_detail"]'.</msg>
<status status="PASS" starttime="20230220 23:06:52.106" endtime="20230220 23:06:52.170"/>
</kw>
<status status="PASS" starttime="20230220 23:06:49.095" endtime="20230220 23:06:52.171"/>
</kw>
<kw name="Click edit calendar Task">
<kw name="Sleep" library="BuiltIn">
<arg>2s</arg>
<doc>Pauses the test executed for the given time.</doc>
<msg timestamp="20230220 23:06:54.186" level="INFO">Slept 2 seconds</msg>
<status status="PASS" starttime="20230220 23:06:52.171" endtime="20230220 23:06:54.186"/>
</kw>
<kw name="Input Text" library="SeleniumLibrary">
<arg>//*[@id="t_createdate"]</arg>
<arg>02-11-2022</arg>
<doc>Types the given ``text`` into the text field identified by ``locator``.</doc>
<msg timestamp="20230220 23:06:54.186" level="INFO">Typing text '02-11-2022' into text field '//*[@id="t_createdate"]'.</msg>
<status status="PASS" starttime="20230220 23:06:54.186" endtime="20230220 23:06:54.280"/>
</kw>
<status status="PASS" starttime="20230220 23:06:52.171" endtime="20230220 23:06:54.280"/>
</kw>
<kw name="Click Save">
<kw name="Sleep" library="BuiltIn">
<arg>2s</arg>
<doc>Pauses the test executed for the given time.</doc>
<msg timestamp="20230220 23:06:56.286" level="INFO">Slept 2 seconds</msg>
<status status="PASS" starttime="20230220 23:06:54.281" endtime="20230220 23:06:56.286"/>
</kw>
<kw name="Click Element" library="SeleniumLibrary">
<arg>//*[@id="mainModalFooter"]/button[1]</arg>
<doc>Click the element identified by ``locator``.</doc>
<msg timestamp="20230220 23:06:56.286" level="INFO">Clicking element '//*[@id="mainModalFooter"]/button[1]'.</msg>
<status status="PASS" starttime="20230220 23:06:56.286" endtime="20230220 23:06:56.320"/>
</kw>
<status status="PASS" starttime="20230220 23:06:54.281" endtime="20230220 23:06:56.320"/>
</kw>
<kw name="Close Browser Page">
<kw name="Sleep" library="BuiltIn">
<arg>2s</arg>
<doc>Pauses the test executed for the given time.</doc>
<msg timestamp="20230220 23:06:58.327" level="INFO">Slept 2 seconds</msg>
<status status="PASS" starttime="20230220 23:06:56.321" endtime="20230220 23:06:58.327"/>
</kw>
<kw name="Close Browser" library="SeleniumLibrary">
<doc>Closes the current browser.</doc>
<status status="PASS" starttime="20230220 23:06:58.327" endtime="20230220 23:07:00.477"/>
</kw>
<status status="PASS" starttime="20230220 23:06:56.320" endtime="20230220 23:07:00.477"/>
</kw>
<status status="PASS" starttime="20230220 23:06:32.004" endtime="20230220 23:07:00.477"/>
</test>
<test id="s1-t2" name="Edit Task In Project Fail with cancel button" line="75">
<kw name="Open file Excel">
<kw name="Open Excel" library="ExcelRobot">
<arg>C:\\xampp\\htdocs\\automateTestTeam0\\employee1\\test_edit_task\\test_data.xlsx</arg>
<doc>Opens the Excel file to read from the path provided in the file path parameter.</doc>
<msg timestamp="20230220 23:07:00.480" level="INFO">Opening file at C:\xampp\htdocs\automateTestTeam0\employee1\test_edit_task\test_data.xlsx</msg>
<status status="PASS" starttime="20230220 23:07:00.480" endtime="20230220 23:07:00.483"/>
</kw>
<status status="PASS" starttime="20230220 23:07:00.480" endtime="20230220 23:07:00.483"/>
</kw>
<kw name="Read Cell Data" library="ExcelRobot">
<var>${Username}</var>
<arg>Employee</arg>
<arg>0</arg>
<arg>1</arg>
<doc>Uses the column and row to return the data from that cell.</doc>
<msg timestamp="20230220 23:07:00.484" level="INFO">${Username} = suchada1512@gmail.com</msg>
<status status="PASS" starttime="20230220 23:07:00.484" endtime="20230220 23:07:00.484"/>
</kw>
<kw name="Read Cell Data" library="ExcelRobot">
<var>${Password}</var>
<arg>Employee</arg>
<arg>1</arg>
<arg>1</arg>
<doc>Uses the column and row to return the data from that cell.</doc>
<msg timestamp="20230220 23:07:00.485" level="INFO">${Password} = suchada</msg>
<status status="PASS" starttime="20230220 23:07:00.484" endtime="20230220 23:07:00.485"/>
</kw>
<kw name="Open Project Monitoring System">
<kw name="Open Browser" library="SeleniumLibrary">
<arg>${URL}</arg>
<arg>${BROWSER}</arg>
<doc>Opens a new browser instance to the optional ``url``.</doc>
<msg timestamp="20230220 23:07:00.485" level="INFO">Opening browser 'Google Chrome' to base url 'http://dekdee2.informatics.buu.ac.th:9080/team0/'.</msg>
<status status="PASS" starttime="20230220 23:07:00.485" endtime="20230220 23:07:02.485"/>
</kw>
<kw name="Maximize Browser Window" library="SeleniumLibrary">
<doc>Maximizes current browser window.</doc>
<status status="PASS" starttime="20230220 23:07:02.485" endtime="20230220 23:07:02.657"/>
</kw>
<status status="PASS" starttime="20230220 23:07:00.485" endtime="20230220 23:07:02.658"/>
</kw>
<kw name="Click Menu Login">
<kw name="Sleep" library="BuiltIn">
<arg>2s</arg>
<doc>Pauses the test executed for the given time.</doc>
<msg timestamp="20230220 23:07:04.663" level="INFO">Slept 2 seconds</msg>
<status status="PASS" starttime="20230220 23:07:02.661" endtime="20230220 23:07:04.663"/>
</kw>
<kw name="Click Element" library="SeleniumLibrary">
<arg>//*[@class="nav-link waves-effect waves-dark profile-pic fs-5"]</arg>
<doc>Click the element identified by ``locator``.</doc>
<msg timestamp="20230220 23:07:04.663" level="INFO">Clicking element '//*[@class="nav-link waves-effect waves-dark profile-pic fs-5"]'.</msg>
<status status="PASS" starttime="20230220 23:07:04.663" endtime="20230220 23:07:04.696"/>
</kw>
<status status="PASS" starttime="20230220 23:07:02.660" endtime="20230220 23:07:04.696"/>
</kw>
<kw name="Sleep" library="BuiltIn">
<arg>1s</arg>
<doc>Pauses the test executed for the given time.</doc>
<msg timestamp="20230220 23:07:05.704" level="INFO">Slept 1 second</msg>
<status status="PASS" starttime="20230220 23:07:04.697" endtime="20230220 23:07:05.704"/>
</kw>
<kw name="Input Text" library="SeleniumLibrary">
<arg>id:u_email</arg>
<arg>${Username}</arg>
<doc>Types the given ``text`` into the text field identified by ``locator``.</doc>
<msg timestamp="20230220 23:07:05.705" level="INFO">Typing text 'suchada1512@gmail.com' into text field 'id:u_email'.</msg>
<status status="PASS" starttime="20230220 23:07:05.704" endtime="20230220 23:07:05.783"/>
</kw>
<kw name="Sleep" library="BuiltIn">
<arg>1s</arg>
<doc>Pauses the test executed for the given time.</doc>
<msg timestamp="20230220 23:07:06.789" level="INFO">Slept 1 second</msg>
<status status="PASS" starttime="20230220 23:07:05.783" endtime="20230220 23:07:06.789"/>
</kw>
<kw name="Input Text" library="SeleniumLibrary">
<arg>id:u_password</arg>
<arg>${Password}</arg>
<doc>Types the given ``text`` into the text field identified by ``locator``.</doc>
<msg timestamp="20230220 23:07:06.789" level="INFO">Typing text 'suchada' into text field 'id:u_password'.</msg>
<status status="PASS" starttime="20230220 23:07:06.789" endtime="20230220 23:07:06.852"/>
</kw>
<kw name="Click to Login">
<kw name="Sleep" library="BuiltIn">
<arg>2s</arg>
<doc>Pauses the test executed for the given time.</doc>
<msg timestamp="20230220 23:07:08.860" level="INFO">Slept 2 seconds</msg>
<status status="PASS" starttime="20230220 23:07:06.853" endtime="20230220 23:07:08.860"/>
</kw>
<kw name="Click Element" library="SeleniumLibrary">
<arg>//*[@id="loginBtn"]</arg>
<doc>Click the element identified by ``locator``.</doc>
<msg timestamp="20230220 23:07:08.860" level="INFO">Clicking element '//*[@id="loginBtn"]'.</msg>
<status status="PASS" starttime="20230220 23:07:08.860" endtime="20230220 23:07:08.891"/>
</kw>
<status status="PASS" starttime="20230220 23:07:06.852" endtime="20230220 23:07:08.891"/>
</kw>
<kw name="Click Sidebar Resiponse Project">
<kw name="Sleep" library="BuiltIn">
<arg>2s</arg>
<doc>Pauses the test executed for the given time.</doc>
<msg timestamp="20230220 23:07:10.898" level="INFO">Slept 2 seconds</msg>
<status status="PASS" starttime="20230220 23:07:08.892" endtime="20230220 23:07:10.898"/>
</kw>
<kw name="Click Element" library="SeleniumLibrary">
<arg>//*[@id="main-wrapper"]/header/nav/div[2]/ul[1]/li[2]/a/i</arg>
<doc>Click the element identified by ``locator``.</doc>
<msg timestamp="20230220 23:07:10.899" level="INFO">Clicking element '//*[@id="main-wrapper"]/header/nav/div[2]/ul[1]/li[2]/a/i'.</msg>
<status status="PASS" starttime="20230220 23:07:10.899" endtime="20230220 23:07:10.939"/>
</kw>
<status status="PASS" starttime="20230220 23:07:08.891" endtime="20230220 23:07:10.939"/>
</kw>
<kw name="Click Project Responsibility">
<kw name="Sleep" library="BuiltIn">
<arg>1s</arg>
<doc>Pauses the test executed for the given time.</doc>
<msg timestamp="20230220 23:07:11.950" level="INFO">Slept 1 second</msg>
<status status="PASS" starttime="20230220 23:07:10.941" endtime="20230220 23:07:11.950"/>
</kw>
<kw name="Click Element" library="SeleniumLibrary">
<arg>//*[@id="sidebarnav"]/li[2]/a/i</arg>
<doc>Click the element identified by ``locator``.</doc>
<msg timestamp="20230220 23:07:11.950" level="INFO">Clicking element '//*[@id="sidebarnav"]/li[2]/a/i'.</msg>
<status status="PASS" starttime="20230220 23:07:11.950" endtime="20230220 23:07:11.981"/>
</kw>
<kw name="Sleep" library="BuiltIn">
<arg>1s</arg>
<doc>Pauses the test executed for the given time.</doc>
<msg timestamp="20230220 23:07:12.991" level="INFO">Slept 1 second</msg>
<status status="PASS" starttime="20230220 23:07:11.981" endtime="20230220 23:07:12.991"/>
</kw>
<kw name="Click Element" library="SeleniumLibrary">
<arg>//*[@id="sidebarnav"]/li[2]/ul/li/a</arg>
<doc>Click the element identified by ``locator``.</doc>
<msg timestamp="20230220 23:07:12.991" level="INFO">Clicking element '//*[@id="sidebarnav"]/li[2]/ul/li/a'.</msg>
<status status="PASS" starttime="20230220 23:07:12.991" endtime="20230220 23:07:13.273"/>
</kw>
<status status="PASS" starttime="20230220 23:07:10.941" endtime="20230220 23:07:13.273"/>
</kw>
<kw name="Click Project Task">
<kw name="Sleep" library="BuiltIn">
<arg>2s</arg>
<doc>Pauses the test executed for the given time.</doc>
<msg timestamp="20230220 23:07:15.287" level="INFO">Slept 2 seconds</msg>
<status status="PASS" starttime="20230220 23:07:13.277" endtime="20230220 23:07:15.287"/>
</kw>
<kw name="Click Element" library="SeleniumLibrary">
<arg>//*[@class="name"]</arg>
<doc>Click the element identified by ``locator``.</doc>
<msg timestamp="20230220 23:07:15.287" level="INFO">Clicking element '//*[@class="name"]'.</msg>
<status status="PASS" starttime="20230220 23:07:15.287" endtime="20230220 23:07:15.614"/>
</kw>
<status status="PASS" starttime="20230220 23:07:13.276" endtime="20230220 23:07:15.614"/>
</kw>
<kw name="Click edit Project Task">
<kw name="Sleep" library="BuiltIn">
<arg>2s</arg>
<doc>Pauses the test executed for the given time.</doc>
<msg timestamp="20230220 23:07:17.622" level="INFO">Slept 2 seconds</msg>
<status status="PASS" starttime="20230220 23:07:15.615" endtime="20230220 23:07:17.622"/>
</kw>
<kw name="Click Element" library="SeleniumLibrary">
<arg>xpath=/html/body/div[2]/div/div/div[2]/div/div/div[1]/div/div/div/div/div[2]/div/table/tbody/tr[3]/td[5]/button[2]</arg>
<doc>Click the element identified by ``locator``.</doc>
<msg timestamp="20230220 23:07:17.623" level="INFO">Clicking element 'xpath=/html/body/div[2]/div/div/div[2]/div/div/div[1]/div/div/div/div/div[2]/div/table/tbody/tr[3]/td[5]/button[2]'.</msg>
<status status="PASS" starttime="20230220 23:07:17.622" endtime="20230220 23:07:17.656"/>
</kw>
<status status="PASS" starttime="20230220 23:07:15.614" endtime="20230220 23:07:17.656"/>
</kw>
<kw name="Click edit detail Task">
<kw name="Sleep" library="BuiltIn">
<arg>3s</arg>
<doc>Pauses the test executed for the given time.</doc>
<msg timestamp="20230220 23:07:20.668" level="INFO">Slept 3 seconds</msg>
<status status="PASS" starttime="20230220 23:07:17.657" endtime="20230220 23:07:20.668"/>
</kw>
<kw name="Input Text" library="SeleniumLibrary">
<arg>//*[@id="t_detail"]</arg>
<arg>ลูกค้าตรวจสอบ UX&amp;UI</arg>
<doc>Types the given ``text`` into the text field identified by ``locator``.</doc>
<msg timestamp="20230220 23:07:20.669" level="INFO">Typing text 'ลูกค้าตรวจสอบ UX&amp;UI' into text field '//*[@id="t_detail"]'.</msg>
<status status="PASS" starttime="20230220 23:07:20.668" endtime="20230220 23:07:20.731"/>
</kw>
<status status="PASS" starttime="20230220 23:07:17.656" endtime="20230220 23:07:20.731"/>
</kw>
<kw name="Click edit calendar Task">
<kw name="Sleep" library="BuiltIn">
<arg>2s</arg>
<doc>Pauses the test executed for the given time.</doc>
<msg timestamp="20230220 23:07:22.738" level="INFO">Slept 2 seconds</msg>
<status status="PASS" starttime="20230220 23:07:20.732" endtime="20230220 23:07:22.738"/>
</kw>
<kw name="Input Text" library="SeleniumLibrary">
<arg>//*[@id="t_createdate"]</arg>
<arg>02-11-2022</arg>
<doc>Types the given ``text`` into the text field identified by ``locator``.</doc>
<msg timestamp="20230220 23:07:22.738" level="INFO">Typing text '02-11-2022' into text field '//*[@id="t_createdate"]'.</msg>
<status status="PASS" starttime="20230220 23:07:22.738" endtime="20230220 23:07:22.835"/>
</kw>
<status status="PASS" starttime="20230220 23:07:20.732" endtime="20230220 23:07:22.835"/>
</kw>
<kw name="Click cancel">
<kw name="Sleep" library="BuiltIn">
<arg>2s</arg>
<doc>Pauses the test executed for the given time.</doc>
<msg timestamp="20230220 23:07:24.842" level="INFO">Slept 2 seconds</msg>
<status status="PASS" starttime="20230220 23:07:22.835" endtime="20230220 23:07:24.842"/>
</kw>
<kw name="Click Element" library="SeleniumLibrary">
<arg>xpath=/html/body/div[3]/div/div/div[3]/button[2]</arg>
<doc>Click the element identified by ``locator``.</doc>
<msg timestamp="20230220 23:07:24.842" level="INFO">Clicking element 'xpath=/html/body/div[3]/div/div/div[3]/button[2]'.</msg>
<status status="PASS" starttime="20230220 23:07:24.842" endtime="20230220 23:07:24.879"/>
</kw>
<status status="PASS" starttime="20230220 23:07:22.835" endtime="20230220 23:07:24.879"/>
</kw>
<kw name="Close Browser Page">
<kw name="Sleep" library="BuiltIn">
<arg>2s</arg>
<doc>Pauses the test executed for the given time.</doc>
<msg timestamp="20230220 23:07:26.886" level="INFO">Slept 2 seconds</msg>
<status status="PASS" starttime="20230220 23:07:24.881" endtime="20230220 23:07:26.886"/>
</kw>
<kw name="Close Browser" library="SeleniumLibrary">
<doc>Closes the current browser.</doc>
<status status="PASS" starttime="20230220 23:07:26.887" endtime="20230220 23:07:28.998"/>
</kw>
<status status="PASS" starttime="20230220 23:07:24.880" endtime="20230220 23:07:28.998"/>
</kw>
<status status="PASS" starttime="20230220 23:07:00.479" endtime="20230220 23:07:28.999"/>
</test>
<status status="PASS" starttime="20230220 23:06:31.609" endtime="20230220 23:07:29.001"/>
</suite>
<statistics>
<total>
<stat pass="2" fail="0" skip="0">All Tests</stat>
</total>
<tag>
</tag>
<suite>
<stat pass="2" fail="0" skip="0" id="s1" name="Edit Task">Edit Task</stat>
</suite>
</statistics>
<errors>
</errors>
</robot>
