<?xml version="1.0" encoding="UTF-8"?>
<robot generator="Robot 5.0.1 (Python 3.10.5 on win32)" generated="20221104 22:26:48.017" rpa="false" schemaversion="3">
<suite id="s1" name="ChangePassword" source="C:\Automate Test\Test_PMS\automateTestTeam0\ChangePassword\ChangePassword.robot">
<test id="s1-t1" name="View Profile Employee Success" line="34">
<kw name="Open file Excel">
<kw name="Open Excel" library="ExcelRobot">
<arg>C:\\Automate Test\\Test_PMS\\automateTestTeam0\\ChangePassword\\test_data.xlsx</arg>
<doc>Opens the Excel file to read from the path provided in the file path parameter.</doc>
<msg timestamp="20221104 22:26:49.469" level="INFO">Opening file at C:\Automate Test\Test_PMS\automateTestTeam0\ChangePassword\test_data.xlsx</msg>
<status status="PASS" starttime="20221104 22:26:49.469" endtime="20221104 22:26:49.477"/>
</kw>
<status status="PASS" starttime="20221104 22:26:49.468" endtime="20221104 22:26:49.477"/>
</kw>
<kw name="Read Cell Data" library="ExcelRobot">
<var>${Username}</var>
<arg>Employee</arg>
<arg>0</arg>
<arg>1</arg>
<doc>Uses the column and row to return the data from that cell.</doc>
<msg timestamp="20221104 22:26:49.478" level="INFO">${Username} = suchada1512@gmail.com</msg>
<status status="PASS" starttime="20221104 22:26:49.478" endtime="20221104 22:26:49.478"/>
</kw>
<kw name="Read Cell Data" library="ExcelRobot">
<var>${Password}</var>
<arg>Employee</arg>
<arg>1</arg>
<arg>1</arg>
<doc>Uses the column and row to return the data from that cell.</doc>
<msg timestamp="20221104 22:26:49.480" level="INFO">${Password} = suchada</msg>
<status status="PASS" starttime="20221104 22:26:49.479" endtime="20221104 22:26:49.480"/>
</kw>
<kw name="Open Project Monitoring System">
<kw name="Open Browser" library="SeleniumLibrary">
<arg>${URL}</arg>
<arg>${BROWSER}</arg>
<doc>Opens a new browser instance to the optional ``url``.</doc>
<msg timestamp="20221104 22:26:49.482" level="INFO">Opening browser 'Google Chrome' to base url 'http://dekdee2.informatics.buu.ac.th:9080/team0/'.</msg>
<status status="PASS" starttime="20221104 22:26:49.480" endtime="20221104 22:26:53.016"/>
</kw>
<kw name="Maximize Browser Window" library="SeleniumLibrary">
<doc>Maximizes current browser window.</doc>
<status status="PASS" starttime="20221104 22:26:53.016" endtime="20221104 22:26:53.169"/>
</kw>
<status status="PASS" starttime="20221104 22:26:49.480" endtime="20221104 22:26:53.170"/>
</kw>
<kw name="Click Menu Login">
<kw name="Sleep" library="BuiltIn">
<arg>2s</arg>
<doc>Pauses the test executed for the given time.</doc>
<msg timestamp="20221104 22:26:55.183" level="INFO">Slept 2 seconds</msg>
<status status="PASS" starttime="20221104 22:26:53.171" endtime="20221104 22:26:55.184"/>
</kw>
<kw name="Click Element" library="SeleniumLibrary">
<arg>//*[@id="main-wrapper"]/header/nav/div[2]/ul[2]/li/a</arg>
<doc>Click the element identified by ``locator``.</doc>
<msg timestamp="20221104 22:26:55.185" level="INFO">Clicking element '//*[@id="main-wrapper"]/header/nav/div[2]/ul[2]/li/a'.</msg>
<status status="PASS" starttime="20221104 22:26:55.184" endtime="20221104 22:26:55.967"/>
</kw>
<status status="PASS" starttime="20221104 22:26:53.170" endtime="20221104 22:26:55.967"/>
</kw>
<kw name="Sleep" library="BuiltIn">
<arg>1s</arg>
<doc>Pauses the test executed for the given time.</doc>
<msg timestamp="20221104 22:26:56.983" level="INFO">Slept 1 second</msg>
<status status="PASS" starttime="20221104 22:26:55.968" endtime="20221104 22:26:56.983"/>
</kw>
<kw name="Input Text" library="SeleniumLibrary">
<arg>id:u_email</arg>
<arg>${Username}</arg>
<doc>Types the given ``text`` into the text field identified by ``locator``.</doc>
<msg timestamp="20221104 22:26:56.985" level="INFO">Typing text 'suchada1512@gmail.com' into text field 'id:u_email'.</msg>
<status status="PASS" starttime="20221104 22:26:56.984" endtime="20221104 22:26:57.238"/>
</kw>
<kw name="Sleep" library="BuiltIn">
<arg>1s</arg>
<doc>Pauses the test executed for the given time.</doc>
<msg timestamp="20221104 22:26:58.249" level="INFO">Slept 1 second</msg>
<status status="PASS" starttime="20221104 22:26:57.239" endtime="20221104 22:26:58.249"/>
</kw>
<kw name="Input Text" library="SeleniumLibrary">
<arg>id:u_password</arg>
<arg>${Password}</arg>
<doc>Types the given ``text`` into the text field identified by ``locator``.</doc>
<msg timestamp="20221104 22:26:58.251" level="INFO">Typing text 'suchada' into text field 'id:u_password'.</msg>
<status status="PASS" starttime="20221104 22:26:58.250" endtime="20221104 22:26:58.459"/>
</kw>
<kw name="Click to Login">
<kw name="Sleep" library="BuiltIn">
<arg>2s</arg>
<doc>Pauses the test executed for the given time.</doc>
<msg timestamp="20221104 22:27:00.480" level="INFO">Slept 2 seconds</msg>
<status status="PASS" starttime="20221104 22:26:58.462" endtime="20221104 22:27:00.480"/>
</kw>
<kw name="Click Element" library="SeleniumLibrary">
<arg>//*[@id="loginBtn"]</arg>
<doc>Click the element identified by ``locator``.</doc>
<msg timestamp="20221104 22:27:00.481" level="INFO">Clicking element '//*[@id="loginBtn"]'.</msg>
<status status="PASS" starttime="20221104 22:27:00.480" endtime="20221104 22:27:00.569"/>
</kw>
<status status="PASS" starttime="20221104 22:26:58.462" endtime="20221104 22:27:00.569"/>
</kw>
<kw name="Click Dropdown Icon">
<kw name="Sleep" library="BuiltIn">
<arg>2s</arg>
<doc>Pauses the test executed for the given time.</doc>
<msg timestamp="20221104 22:27:02.580" level="INFO">Slept 2 seconds</msg>
<status status="PASS" starttime="20221104 22:27:00.572" endtime="20221104 22:27:02.580"/>
</kw>
<kw name="Click Element" library="SeleniumLibrary">
<arg>//*[@id="main-wrapper"]/header/nav/div[2]/ul[2]/li/a</arg>
<doc>Click the element identified by ``locator``.</doc>
<msg timestamp="20221104 22:27:02.581" level="INFO">Clicking element '//*[@id="main-wrapper"]/header/nav/div[2]/ul[2]/li/a'.</msg>
<status status="PASS" starttime="20221104 22:27:02.580" endtime="20221104 22:27:02.665"/>
</kw>
<status status="PASS" starttime="20221104 22:27:00.570" endtime="20221104 22:27:02.665"/>
</kw>
<kw name="Click Change Password">
<kw name="Sleep" library="BuiltIn">
<arg>2s</arg>
<doc>Pauses the test executed for the given time.</doc>
<msg timestamp="20221104 22:27:04.676" level="INFO">Slept 2 seconds</msg>
<status status="PASS" starttime="20221104 22:27:02.666" endtime="20221104 22:27:04.676"/>
</kw>
<kw name="Click Element" library="SeleniumLibrary">
<arg>//*[@id="main-wrapper"]/header/nav/div[2]/ul[2]/li/div/a[2]</arg>
<doc>Click the element identified by ``locator``.</doc>
<msg timestamp="20221104 22:27:04.677" level="INFO">Clicking element '//*[@id="main-wrapper"]/header/nav/div[2]/ul[2]/li/div/a[2]'.</msg>
<status status="PASS" starttime="20221104 22:27:04.677" endtime="20221104 22:27:04.771"/>
</kw>
<status status="PASS" starttime="20221104 22:27:02.666" endtime="20221104 22:27:04.772"/>
</kw>
<kw name="Sleep" library="BuiltIn">
<arg>2s</arg>
<doc>Pauses the test executed for the given time.</doc>
<msg timestamp="20221104 22:27:06.778" level="INFO">Slept 2 seconds</msg>
<status status="PASS" starttime="20221104 22:27:04.772" endtime="20221104 22:27:06.778"/>
</kw>
<kw name="Input Text" library="SeleniumLibrary">
<arg>id:curPwd</arg>
<arg>${Password}</arg>
<doc>Types the given ``text`` into the text field identified by ``locator``.</doc>
<msg timestamp="20221104 22:27:06.780" level="INFO">Typing text 'suchada' into text field 'id:curPwd'.</msg>
<status status="PASS" starttime="20221104 22:27:06.779" endtime="20221104 22:27:06.999"/>
</kw>
<kw name="Sleep" library="BuiltIn">
<arg>1s</arg>
<doc>Pauses the test executed for the given time.</doc>
<msg timestamp="20221104 22:27:08.007" level="INFO">Slept 1 second</msg>
<status status="PASS" starttime="20221104 22:27:07.000" endtime="20221104 22:27:08.007"/>
</kw>
<kw name="Input Text" library="SeleniumLibrary">
<arg>id:pwd</arg>
<arg>suchada*s</arg>
<doc>Types the given ``text`` into the text field identified by ``locator``.</doc>
<msg timestamp="20221104 22:27:08.009" level="INFO">Typing text 'suchada*s' into text field 'id:pwd'.</msg>
<status status="PASS" starttime="20221104 22:27:08.008" endtime="20221104 22:27:08.252"/>
</kw>
<kw name="Sleep" library="BuiltIn">
<arg>1s</arg>
<doc>Pauses the test executed for the given time.</doc>
<msg timestamp="20221104 22:27:09.266" level="INFO">Slept 1 second</msg>
<status status="PASS" starttime="20221104 22:27:08.252" endtime="20221104 22:27:09.266"/>
</kw>
<kw name="Input Text" library="SeleniumLibrary">
<arg>id:cfPwd</arg>
<arg>suchada*s</arg>
<doc>Types the given ``text`` into the text field identified by ``locator``.</doc>
<msg timestamp="20221104 22:27:09.268" level="INFO">Typing text 'suchada*s' into text field 'id:cfPwd'.</msg>
<status status="PASS" starttime="20221104 22:27:09.267" endtime="20221104 22:27:09.466"/>
</kw>
<kw name="Sleep" library="BuiltIn">
<arg>1s</arg>
<doc>Pauses the test executed for the given time.</doc>
<msg timestamp="20221104 22:27:10.472" level="INFO">Slept 1 second</msg>
<status status="PASS" starttime="20221104 22:27:09.467" endtime="20221104 22:27:10.472"/>
</kw>
<kw name="Click Element" library="SeleniumLibrary">
<arg>//*[@id="mainModalFooter"]/button[1]</arg>
<doc>Click the element identified by ``locator``.</doc>
<msg timestamp="20221104 22:27:10.474" level="INFO">Clicking element '//*[@id="mainModalFooter"]/button[1]'.</msg>
<status status="PASS" starttime="20221104 22:27:10.473" endtime="20221104 22:27:10.614"/>
</kw>
<kw name="Sleep" library="BuiltIn">
<arg>1s</arg>
<doc>Pauses the test executed for the given time.</doc>
<msg timestamp="20221104 22:27:11.619" level="INFO">Slept 1 second</msg>
<status status="PASS" starttime="20221104 22:27:10.615" endtime="20221104 22:27:11.619"/>
</kw>
<kw name="Click Element" library="SeleniumLibrary">
<arg>//*[@class="swal2-confirm swal2-styled"]</arg>
<doc>Click the element identified by ``locator``.</doc>
<msg timestamp="20221104 22:27:11.622" level="INFO">Clicking element '//*[@class="swal2-confirm swal2-styled"]'.</msg>
<status status="PASS" starttime="20221104 22:27:11.620" endtime="20221104 22:27:11.714"/>
</kw>
<kw name="Close Browser Page">
<kw name="Sleep" library="BuiltIn">
<arg>3s</arg>
<doc>Pauses the test executed for the given time.</doc>
<msg timestamp="20221104 22:27:14.730" level="INFO">Slept 3 seconds</msg>
<status status="PASS" starttime="20221104 22:27:11.716" endtime="20221104 22:27:14.730"/>
</kw>
<kw name="Close Browser" library="SeleniumLibrary">
<doc>Closes the current browser.</doc>
<status status="PASS" starttime="20221104 22:27:14.730" endtime="20221104 22:27:17.144"/>
</kw>
<status status="PASS" starttime="20221104 22:27:11.715" endtime="20221104 22:27:17.144"/>
</kw>
<status status="PASS" starttime="20221104 22:26:49.467" endtime="20221104 22:27:17.145"/>
</test>
<status status="PASS" starttime="20221104 22:26:48.024" endtime="20221104 22:27:17.149"/>
</suite>
<statistics>
<total>
<stat pass="1" fail="0" skip="0">All Tests</stat>
</total>
<tag>
</tag>
<suite>
<stat pass="1" fail="0" skip="0" id="s1" name="ChangePassword">ChangePassword</stat>
</suite>
</statistics>
<errors>
</errors>
</robot>
