<?xml version="1.0" encoding="UTF-8"?>
<robot generator="Robot 5.0.1 (Python 3.10.5 on win32)" generated="20230215 23:45:54.170" rpa="false" schemaversion="3">
<suite id="s1" name="Export Project" source="C:\Automate Test\Test_PMS\automateTestTeam0\employee1\test_export_projectResponse\Export_Project.robot">
<test id="s1-t1" name="Serch Project Success" line="37">
<kw name="Open file Excel">
<kw name="Open Excel" library="ExcelRobot">
<arg>C:\\Automate Test\\Test_PMS\\automateTestTeam0\\employee1\\test_export_projectResponse\\test_data.xlsx</arg>
<doc>Opens the Excel file to read from the path provided in the file path parameter.</doc>
<msg timestamp="20230215 23:45:54.758" level="INFO">Opening file at C:\Automate Test\Test_PMS\automateTestTeam0\employee1\test_export_projectResponse\test_data.xlsx</msg>
<status status="PASS" starttime="20230215 23:45:54.758" endtime="20230215 23:45:54.762"/>
</kw>
<status status="PASS" starttime="20230215 23:45:54.758" endtime="20230215 23:45:54.762"/>
</kw>
<kw name="Read Cell Data" library="ExcelRobot">
<var>${Username}</var>
<arg>Employee</arg>
<arg>0</arg>
<arg>1</arg>
<doc>Uses the column and row to return the data from that cell.</doc>
<msg timestamp="20230215 23:45:54.762" level="INFO">${Username} = suchada1512@gmail.com</msg>
<status status="PASS" starttime="20230215 23:45:54.762" endtime="20230215 23:45:54.762"/>
</kw>
<kw name="Read Cell Data" library="ExcelRobot">
<var>${Password}</var>
<arg>Employee</arg>
<arg>1</arg>
<arg>1</arg>
<doc>Uses the column and row to return the data from that cell.</doc>
<msg timestamp="20230215 23:45:54.763" level="INFO">${Password} = suchada</msg>
<status status="PASS" starttime="20230215 23:45:54.763" endtime="20230215 23:45:54.763"/>
</kw>
<kw name="Open Project Monitoring System">
<kw name="Open Browser" library="SeleniumLibrary">
<arg>${URL}</arg>
<arg>${BROWSER}</arg>
<doc>Opens a new browser instance to the optional ``url``.</doc>
<msg timestamp="20230215 23:45:54.764" level="INFO">Opening browser 'Google Chrome' to base url 'http://dekdee2.informatics.buu.ac.th:9080/team0/'.</msg>
<status status="PASS" starttime="20230215 23:45:54.763" endtime="20230215 23:45:57.898"/>
</kw>
<kw name="Maximize Browser Window" library="SeleniumLibrary">
<doc>Maximizes current browser window.</doc>
<status status="PASS" starttime="20230215 23:45:57.898" endtime="20230215 23:45:58.027"/>
</kw>
<status status="PASS" starttime="20230215 23:45:54.763" endtime="20230215 23:45:58.028"/>
</kw>
<kw name="Click Menu Login">
<kw name="Sleep" library="BuiltIn">
<arg>2s</arg>
<doc>Pauses the test executed for the given time.</doc>
<msg timestamp="20230215 23:46:00.031" level="INFO">Slept 2 seconds</msg>
<status status="PASS" starttime="20230215 23:45:58.029" endtime="20230215 23:46:00.031"/>
</kw>
<kw name="Click Element" library="SeleniumLibrary">
<arg>//*[@class="nav-link waves-effect waves-dark profile-pic fs-5"]</arg>
<doc>Click the element identified by ``locator``.</doc>
<msg timestamp="20230215 23:46:00.032" level="INFO">Clicking element '//*[@class="nav-link waves-effect waves-dark profile-pic fs-5"]'.</msg>
<status status="PASS" starttime="20230215 23:46:00.031" endtime="20230215 23:46:00.081"/>
</kw>
<status status="PASS" starttime="20230215 23:45:58.028" endtime="20230215 23:46:00.081"/>
</kw>
<kw name="Sleep" library="BuiltIn">
<arg>1s</arg>
<doc>Pauses the test executed for the given time.</doc>
<msg timestamp="20230215 23:46:01.091" level="INFO">Slept 1 second</msg>
<status status="PASS" starttime="20230215 23:46:00.082" endtime="20230215 23:46:01.091"/>
</kw>
<kw name="Input Text" library="SeleniumLibrary">
<arg>//*[@id="u_email"]</arg>
<arg>${Username}</arg>
<doc>Types the given ``text`` into the text field identified by ``locator``.</doc>
<msg timestamp="20230215 23:46:01.091" level="INFO">Typing text 'suchada1512@gmail.com' into text field '//*[@id="u_email"]'.</msg>
<status status="PASS" starttime="20230215 23:46:01.091" endtime="20230215 23:46:01.194"/>
</kw>
<kw name="Sleep" library="BuiltIn">
<arg>1s</arg>
<doc>Pauses the test executed for the given time.</doc>
<msg timestamp="20230215 23:46:02.194" level="INFO">Slept 1 second</msg>
<status status="PASS" starttime="20230215 23:46:01.194" endtime="20230215 23:46:02.194"/>
</kw>
<kw name="Input Text" library="SeleniumLibrary">
<arg>//*[@id="u_password"]</arg>
<arg>${Password}</arg>
<doc>Types the given ``text`` into the text field identified by ``locator``.</doc>
<msg timestamp="20230215 23:46:02.196" level="INFO">Typing text 'suchada' into text field '//*[@id="u_password"]'.</msg>
<status status="PASS" starttime="20230215 23:46:02.195" endtime="20230215 23:46:02.303"/>
</kw>
<kw name="Click to Login">
<kw name="Sleep" library="BuiltIn">
<arg>2s</arg>
<doc>Pauses the test executed for the given time.</doc>
<msg timestamp="20230215 23:46:04.310" level="INFO">Slept 2 seconds</msg>
<status status="PASS" starttime="20230215 23:46:02.304" endtime="20230215 23:46:04.310"/>
</kw>
<kw name="Click Element" library="SeleniumLibrary">
<arg>//*[@id="loginBtn"]</arg>
<doc>Click the element identified by ``locator``.</doc>
<msg timestamp="20230215 23:46:04.311" level="INFO">Clicking element '//*[@id="loginBtn"]'.</msg>
<status status="PASS" starttime="20230215 23:46:04.310" endtime="20230215 23:46:04.354"/>
</kw>
<status status="PASS" starttime="20230215 23:46:02.303" endtime="20230215 23:46:04.354"/>
</kw>
<kw name="Click Sidebar Resiponse Project">
<kw name="Sleep" library="BuiltIn">
<arg>2s</arg>
<doc>Pauses the test executed for the given time.</doc>
<msg timestamp="20230215 23:46:06.365" level="INFO">Slept 2 seconds</msg>
<status status="PASS" starttime="20230215 23:46:04.355" endtime="20230215 23:46:06.365"/>
</kw>
<kw name="Click Element" library="SeleniumLibrary">
<arg>//*[@id="sidebarnav"]/li[2]/a/i</arg>
<doc>Click the element identified by ``locator``.</doc>
<msg timestamp="20230215 23:46:06.366" level="INFO">Clicking element '//*[@id="sidebarnav"]/li[2]/a/i'.</msg>
<status status="PASS" starttime="20230215 23:46:06.365" endtime="20230215 23:46:06.416"/>
</kw>
<status status="PASS" starttime="20230215 23:46:04.355" endtime="20230215 23:46:06.416"/>
</kw>
<kw name="Click Project Responsibility">
<kw name="Sleep" library="BuiltIn">
<arg>2s</arg>
<doc>Pauses the test executed for the given time.</doc>
<msg timestamp="20230215 23:46:08.422" level="INFO">Slept 2 seconds</msg>
<status status="PASS" starttime="20230215 23:46:06.417" endtime="20230215 23:46:08.422"/>
</kw>
<kw name="Click Element" library="SeleniumLibrary">
<arg>//*[@id="sidebarnav"]/li[2]/ul/li/a</arg>
<doc>Click the element identified by ``locator``.</doc>
<msg timestamp="20230215 23:46:08.423" level="INFO">Clicking element '//*[@id="sidebarnav"]/li[2]/ul/li/a'.</msg>
<status status="PASS" starttime="20230215 23:46:08.422" endtime="20230215 23:46:08.667"/>
</kw>
<status status="PASS" starttime="20230215 23:46:06.417" endtime="20230215 23:46:08.667"/>
</kw>
<kw name="Click Export">
<kw name="Sleep" library="BuiltIn">
<arg>2s</arg>
<doc>Pauses the test executed for the given time.</doc>
<msg timestamp="20230215 23:46:10.679" level="INFO">Slept 2 seconds</msg>
<status status="PASS" starttime="20230215 23:46:08.668" endtime="20230215 23:46:10.679"/>
</kw>
<kw name="Click Element" library="SeleniumLibrary">
<arg>//*[@id="table_wrapper"]/div[1]/button[1]</arg>
<doc>Click the element identified by ``locator``.</doc>
<msg timestamp="20230215 23:46:10.679" level="INFO">Clicking element '//*[@id="table_wrapper"]/div[1]/button[1]'.</msg>
<status status="PASS" starttime="20230215 23:46:10.679" endtime="20230215 23:46:10.732"/>
</kw>
<kw name="Sleep" library="BuiltIn">
<arg>2s</arg>
<doc>Pauses the test executed for the given time.</doc>
<msg timestamp="20230215 23:46:12.745" level="INFO">Slept 2 seconds</msg>
<status status="PASS" starttime="20230215 23:46:10.732" endtime="20230215 23:46:12.745"/>
</kw>
<kw name="Click Element" library="SeleniumLibrary">
<arg>//*[@id="table_wrapper"]/div[1]/button[2]</arg>
<doc>Click the element identified by ``locator``.</doc>
<msg timestamp="20230215 23:46:12.746" level="INFO">Clicking element '//*[@id="table_wrapper"]/div[1]/button[2]'.</msg>
<status status="PASS" starttime="20230215 23:46:12.745" endtime="20230215 23:46:12.825"/>
</kw>
<status status="PASS" starttime="20230215 23:46:08.668" endtime="20230215 23:46:12.825"/>
</kw>
<kw name="Close Browser Page">
<kw name="Sleep" library="BuiltIn">
<arg>3s</arg>
<doc>Pauses the test executed for the given time.</doc>
<msg timestamp="20230215 23:46:15.829" level="INFO">Slept 3 seconds</msg>
<status status="PASS" starttime="20230215 23:46:12.826" endtime="20230215 23:46:15.829"/>
</kw>
<kw name="Close Browser" library="SeleniumLibrary">
<doc>Closes the current browser.</doc>
<status status="PASS" starttime="20230215 23:46:15.830" endtime="20230215 23:46:17.999"/>
</kw>
<status status="PASS" starttime="20230215 23:46:12.826" endtime="20230215 23:46:17.999"/>
</kw>
<status status="PASS" starttime="20230215 23:45:54.757" endtime="20230215 23:46:18.000"/>
</test>
<status status="PASS" starttime="20230215 23:45:54.171" endtime="20230215 23:46:18.002"/>
</suite>
<statistics>
<total>
<stat pass="1" fail="0" skip="0">All Tests</stat>
</total>
<tag>
</tag>
<suite>
<stat pass="1" fail="0" skip="0" id="s1" name="Export Project">Export Project</stat>
</suite>
</statistics>
<errors>
</errors>
</robot>
