<?xml version="1.0" encoding="UTF-8"?>
<robot generator="Robot 5.0.1 (Python 3.10.5 on win32)" generated="20230220 23:10:33.053" rpa="false" schemaversion="3">
<suite id="s1" name="Export Project" source="C:\xampp\htdocs\automateTestTeam0\employee1\test_export_projectResponse\Export_Project.robot">
<test id="s1-t1" name="Click Export Success" line="37">
<kw name="Open file Excel">
<kw name="Open Excel" library="ExcelRobot">
<arg>C:\\xampp\\htdocs\\automateTestTeam0\\employee1\\test_export_projectResponse\\test_data.xlsx</arg>
<doc>Opens the Excel file to read from the path provided in the file path parameter.</doc>
<msg timestamp="20230220 23:10:33.513" level="INFO">Opening file at C:\xampp\htdocs\automateTestTeam0\employee1\test_export_projectResponse\test_data.xlsx</msg>
<status status="PASS" starttime="20230220 23:10:33.513" endtime="20230220 23:10:33.525"/>
</kw>
<status status="PASS" starttime="20230220 23:10:33.513" endtime="20230220 23:10:33.525"/>
</kw>
<kw name="Read Cell Data" library="ExcelRobot">
<var>${Username}</var>
<arg>Employee</arg>
<arg>0</arg>
<arg>1</arg>
<doc>Uses the column and row to return the data from that cell.</doc>
<msg timestamp="20230220 23:10:33.526" level="INFO">${Username} = suchada1512@gmail.com</msg>
<status status="PASS" starttime="20230220 23:10:33.525" endtime="20230220 23:10:33.526"/>
</kw>
<kw name="Read Cell Data" library="ExcelRobot">
<var>${Password}</var>
<arg>Employee</arg>
<arg>1</arg>
<arg>1</arg>
<doc>Uses the column and row to return the data from that cell.</doc>
<msg timestamp="20230220 23:10:33.526" level="INFO">${Password} = suchada</msg>
<status status="PASS" starttime="20230220 23:10:33.526" endtime="20230220 23:10:33.526"/>
</kw>
<kw name="Open Project Monitoring System">
<kw name="Open Browser" library="SeleniumLibrary">
<arg>${URL}</arg>
<arg>${BROWSER}</arg>
<doc>Opens a new browser instance to the optional ``url``.</doc>
<msg timestamp="20230220 23:10:33.528" level="INFO">Opening browser 'Google Chrome' to base url 'http://dekdee2.informatics.buu.ac.th:9080/team0/'.</msg>
<status status="PASS" starttime="20230220 23:10:33.527" endtime="20230220 23:10:35.564"/>
</kw>
<kw name="Maximize Browser Window" library="SeleniumLibrary">
<doc>Maximizes current browser window.</doc>
<status status="PASS" starttime="20230220 23:10:35.564" endtime="20230220 23:10:35.773"/>
</kw>
<status status="PASS" starttime="20230220 23:10:33.527" endtime="20230220 23:10:35.773"/>
</kw>
<kw name="Click Menu Login">
<kw name="Sleep" library="BuiltIn">
<arg>2s</arg>
<doc>Pauses the test executed for the given time.</doc>
<msg timestamp="20230220 23:10:37.777" level="INFO">Slept 2 seconds</msg>
<status status="PASS" starttime="20230220 23:10:35.774" endtime="20230220 23:10:37.777"/>
</kw>
<kw name="Click Element" library="SeleniumLibrary">
<arg>//*[@class="nav-link waves-effect waves-dark profile-pic fs-5"]</arg>
<doc>Click the element identified by ``locator``.</doc>
<msg timestamp="20230220 23:10:37.777" level="INFO">Clicking element '//*[@class="nav-link waves-effect waves-dark profile-pic fs-5"]'.</msg>
<status status="PASS" starttime="20230220 23:10:37.777" endtime="20230220 23:10:37.810"/>
</kw>
<status status="PASS" starttime="20230220 23:10:35.774" endtime="20230220 23:10:37.810"/>
</kw>
<kw name="Sleep" library="BuiltIn">
<arg>1s</arg>
<doc>Pauses the test executed for the given time.</doc>
<msg timestamp="20230220 23:10:38.820" level="INFO">Slept 1 second</msg>
<status status="PASS" starttime="20230220 23:10:37.811" endtime="20230220 23:10:38.820"/>
</kw>
<kw name="Input Text" library="SeleniumLibrary">
<arg>//*[@id="u_email"]</arg>
<arg>${Username}</arg>
<doc>Types the given ``text`` into the text field identified by ``locator``.</doc>
<msg timestamp="20230220 23:10:38.821" level="INFO">Typing text 'suchada1512@gmail.com' into text field '//*[@id="u_email"]'.</msg>
<status status="PASS" starttime="20230220 23:10:38.820" endtime="20230220 23:10:38.910"/>
</kw>
<kw name="Sleep" library="BuiltIn">
<arg>1s</arg>
<doc>Pauses the test executed for the given time.</doc>
<msg timestamp="20230220 23:10:39.912" level="INFO">Slept 1 second</msg>
<status status="PASS" starttime="20230220 23:10:38.910" endtime="20230220 23:10:39.912"/>
</kw>
<kw name="Input Text" library="SeleniumLibrary">
<arg>//*[@id="u_password"]</arg>
<arg>${Password}</arg>
<doc>Types the given ``text`` into the text field identified by ``locator``.</doc>
<msg timestamp="20230220 23:10:39.912" level="INFO">Typing text 'suchada' into text field '//*[@id="u_password"]'.</msg>
<status status="PASS" starttime="20230220 23:10:39.912" endtime="20230220 23:10:39.983"/>
</kw>
<kw name="Click to Login">
<kw name="Sleep" library="BuiltIn">
<arg>2s</arg>
<doc>Pauses the test executed for the given time.</doc>
<msg timestamp="20230220 23:10:41.987" level="INFO">Slept 2 seconds</msg>
<status status="PASS" starttime="20230220 23:10:39.984" endtime="20230220 23:10:41.987"/>
</kw>
<kw name="Click Element" library="SeleniumLibrary">
<arg>//*[@id="loginBtn"]</arg>
<doc>Click the element identified by ``locator``.</doc>
<msg timestamp="20230220 23:10:41.987" level="INFO">Clicking element '//*[@id="loginBtn"]'.</msg>
<status status="PASS" starttime="20230220 23:10:41.987" endtime="20230220 23:10:42.024"/>
</kw>
<status status="PASS" starttime="20230220 23:10:39.984" endtime="20230220 23:10:42.024"/>
</kw>
<kw name="Click Sidebar Resiponse Project">
<kw name="Sleep" library="BuiltIn">
<arg>2s</arg>
<doc>Pauses the test executed for the given time.</doc>
<msg timestamp="20230220 23:10:44.030" level="INFO">Slept 2 seconds</msg>
<status status="PASS" starttime="20230220 23:10:42.025" endtime="20230220 23:10:44.030"/>
</kw>
<kw name="Click Element" library="SeleniumLibrary">
<arg>//*[@id="sidebarnav"]/li[2]/a/i</arg>
<doc>Click the element identified by ``locator``.</doc>
<msg timestamp="20230220 23:10:44.031" level="INFO">Clicking element '//*[@id="sidebarnav"]/li[2]/a/i'.</msg>
<status status="PASS" starttime="20230220 23:10:44.030" endtime="20230220 23:10:44.072"/>
</kw>
<status status="PASS" starttime="20230220 23:10:42.025" endtime="20230220 23:10:44.072"/>
</kw>
<kw name="Click Project Responsibility">
<kw name="Sleep" library="BuiltIn">
<arg>2s</arg>
<doc>Pauses the test executed for the given time.</doc>
<msg timestamp="20230220 23:10:46.088" level="INFO">Slept 2 seconds</msg>
<status status="PASS" starttime="20230220 23:10:44.075" endtime="20230220 23:10:46.088"/>
</kw>
<kw name="Click Element" library="SeleniumLibrary">
<arg>//*[@id="sidebarnav"]/li[2]/ul/li/a</arg>
<doc>Click the element identified by ``locator``.</doc>
<msg timestamp="20230220 23:10:46.088" level="INFO">Clicking element '//*[@id="sidebarnav"]/li[2]/ul/li/a'.</msg>
<status status="PASS" starttime="20230220 23:10:46.088" endtime="20230220 23:10:46.431"/>
</kw>
<status status="PASS" starttime="20230220 23:10:44.073" endtime="20230220 23:10:46.433"/>
</kw>
<kw name="Click Export">
<kw name="Sleep" library="BuiltIn">
<arg>2s</arg>
<doc>Pauses the test executed for the given time.</doc>
<msg timestamp="20230220 23:10:48.445" level="INFO">Slept 2 seconds</msg>
<status status="PASS" starttime="20230220 23:10:46.435" endtime="20230220 23:10:48.445"/>
</kw>
<kw name="Click Element" library="SeleniumLibrary">
<arg>//*[@id="table_wrapper"]/div[1]/button[1]</arg>
<doc>Click the element identified by ``locator``.</doc>
<msg timestamp="20230220 23:10:48.445" level="INFO">Clicking element '//*[@id="table_wrapper"]/div[1]/button[1]'.</msg>
<status status="PASS" starttime="20230220 23:10:48.445" endtime="20230220 23:10:48.499"/>
</kw>
<kw name="Sleep" library="BuiltIn">
<arg>2s</arg>
<doc>Pauses the test executed for the given time.</doc>
<msg timestamp="20230220 23:10:50.510" level="INFO">Slept 2 seconds</msg>
<status status="PASS" starttime="20230220 23:10:48.499" endtime="20230220 23:10:50.510"/>
</kw>
<kw name="Click Element" library="SeleniumLibrary">
<arg>//*[@id="table_wrapper"]/div[1]/button[2]</arg>
<doc>Click the element identified by ``locator``.</doc>
<msg timestamp="20230220 23:10:50.510" level="INFO">Clicking element '//*[@id="table_wrapper"]/div[1]/button[2]'.</msg>
<status status="PASS" starttime="20230220 23:10:50.510" endtime="20230220 23:10:50.715"/>
</kw>
<status status="PASS" starttime="20230220 23:10:46.434" endtime="20230220 23:10:50.715"/>
</kw>
<kw name="Close Browser Page">
<kw name="Sleep" library="BuiltIn">
<arg>3s</arg>
<doc>Pauses the test executed for the given time.</doc>
<msg timestamp="20230220 23:10:53.724" level="INFO">Slept 3 seconds</msg>
<status status="PASS" starttime="20230220 23:10:50.717" endtime="20230220 23:10:53.724"/>
</kw>
<kw name="Close Browser" library="SeleniumLibrary">
<doc>Closes the current browser.</doc>
<status status="PASS" starttime="20230220 23:10:53.724" endtime="20230220 23:10:55.870"/>
</kw>
<status status="PASS" starttime="20230220 23:10:50.716" endtime="20230220 23:10:55.870"/>
</kw>
<status status="PASS" starttime="20230220 23:10:33.512" endtime="20230220 23:10:55.871"/>
</test>
<status status="PASS" starttime="20230220 23:10:33.054" endtime="20230220 23:10:55.872"/>
</suite>
<statistics>
<total>
<stat pass="1" fail="0" skip="0">All Tests</stat>
</total>
<tag>
</tag>
<suite>
<stat pass="1" fail="0" skip="0" id="s1" name="Export Project">Export Project</stat>
</suite>
</statistics>
<errors>
</errors>
</robot>
