<?xml version="1.0" encoding="UTF-8"?>
<robot generator="Robot 5.0.1 (Python 3.10.5 on win32)" generated="20230228 23:30:07.321" rpa="false" schemaversion="3">
<suite id="s1" name="Addcause" source="C:\xampp\htdocs\automateTestTeam0\Admin\test_add_cause_projectfail\Addcause.robot">
<test id="s1-t1" name="Report Project Success" line="36">
<kw name="Open file Excel">
<kw name="Open Excel" library="ExcelRobot">
<arg>C:\\xampp\\htdocs\\automateTestTeam0\\Admin\\test_add_cause_projectfail\\test_data.xlsx</arg>
<doc>Opens the Excel file to read from the path provided in the file path parameter.</doc>
<msg timestamp="20230228 23:30:07.776" level="INFO">Opening file at C:\xampp\htdocs\automateTestTeam0\Admin\test_add_cause_projectfail\test_data.xlsx</msg>
<status status="PASS" starttime="20230228 23:30:07.776" endtime="20230228 23:30:07.780"/>
</kw>
<status status="PASS" starttime="20230228 23:30:07.775" endtime="20230228 23:30:07.780"/>
</kw>
<kw name="Read Cell Data" library="ExcelRobot">
<var>${Username}</var>
<arg>Admin</arg>
<arg>0</arg>
<arg>1</arg>
<doc>Uses the column and row to return the data from that cell.</doc>
<msg timestamp="20230228 23:30:07.781" level="INFO">${Username} = test@gmail.com</msg>
<status status="PASS" starttime="20230228 23:30:07.780" endtime="20230228 23:30:07.781"/>
</kw>
<kw name="Read Cell Data" library="ExcelRobot">
<var>${Password}</var>
<arg>Admin</arg>
<arg>1</arg>
<arg>1</arg>
<doc>Uses the column and row to return the data from that cell.</doc>
<msg timestamp="20230228 23:30:07.781" level="INFO">${Password} = kajorn.n</msg>
<status status="PASS" starttime="20230228 23:30:07.781" endtime="20230228 23:30:07.781"/>
</kw>
<kw name="Open Project Monitoring System">
<kw name="Open Browser" library="SeleniumLibrary">
<arg>${URL}</arg>
<arg>${BROWSER}</arg>
<doc>Opens a new browser instance to the optional ``url``.</doc>
<msg timestamp="20230228 23:30:07.782" level="INFO">Opening browser 'Google Chrome' to base url 'http://dekdee2.informatics.buu.ac.th:9080/team0/'.</msg>
<status status="PASS" starttime="20230228 23:30:07.782" endtime="20230228 23:30:09.928"/>
</kw>
<kw name="Maximize Browser Window" library="SeleniumLibrary">
<doc>Maximizes current browser window.</doc>
<status status="PASS" starttime="20230228 23:30:09.928" endtime="20230228 23:30:10.198"/>
</kw>
<status status="PASS" starttime="20230228 23:30:07.781" endtime="20230228 23:30:10.200"/>
</kw>
<kw name="Click Menu Login">
<kw name="Sleep" library="BuiltIn">
<arg>2s</arg>
<doc>Pauses the test executed for the given time.</doc>
<msg timestamp="20230228 23:30:12.218" level="INFO">Slept 2 seconds</msg>
<status status="PASS" starttime="20230228 23:30:10.203" endtime="20230228 23:30:12.218"/>
</kw>
<kw name="Click Element" library="SeleniumLibrary">
<arg>//*[@class="nav-link waves-effect waves-dark profile-pic fs-5"]</arg>
<doc>Click the element identified by ``locator``.</doc>
<msg timestamp="20230228 23:30:12.218" level="INFO">Clicking element '//*[@class="nav-link waves-effect waves-dark profile-pic fs-5"]'.</msg>
<status status="PASS" starttime="20230228 23:30:12.218" endtime="20230228 23:30:12.254"/>
</kw>
<status status="PASS" starttime="20230228 23:30:10.201" endtime="20230228 23:30:12.254"/>
</kw>
<kw name="Sleep" library="BuiltIn">
<arg>2s</arg>
<doc>Pauses the test executed for the given time.</doc>
<msg timestamp="20230228 23:30:14.263" level="INFO">Slept 2 seconds</msg>
<status status="PASS" starttime="20230228 23:30:12.255" endtime="20230228 23:30:14.263"/>
</kw>
<kw name="Input Text" library="SeleniumLibrary">
<arg>id:u_email</arg>
<arg>${Username}</arg>
<doc>Types the given ``text`` into the text field identified by ``locator``.</doc>
<msg timestamp="20230228 23:30:14.264" level="INFO">Typing text 'test@gmail.com' into text field 'id:u_email'.</msg>
<status status="PASS" starttime="20230228 23:30:14.264" endtime="20230228 23:30:14.338"/>
</kw>
<kw name="Sleep" library="BuiltIn">
<arg>2s</arg>
<doc>Pauses the test executed for the given time.</doc>
<msg timestamp="20230228 23:30:16.344" level="INFO">Slept 2 seconds</msg>
<status status="PASS" starttime="20230228 23:30:14.339" endtime="20230228 23:30:16.344"/>
</kw>
<kw name="Input Text" library="SeleniumLibrary">
<arg>id:u_password</arg>
<arg>${Password}</arg>
<doc>Types the given ``text`` into the text field identified by ``locator``.</doc>
<msg timestamp="20230228 23:30:16.344" level="INFO">Typing text 'kajorn.n' into text field 'id:u_password'.</msg>
<status status="PASS" starttime="20230228 23:30:16.344" endtime="20230228 23:30:16.414"/>
</kw>
<kw name="Click to Login">
<kw name="Sleep" library="BuiltIn">
<arg>2s</arg>
<doc>Pauses the test executed for the given time.</doc>
<msg timestamp="20230228 23:30:18.416" level="INFO">Slept 2 seconds</msg>
<status status="PASS" starttime="20230228 23:30:16.415" endtime="20230228 23:30:18.417"/>
</kw>
<kw name="Click Element" library="SeleniumLibrary">
<arg>//*[@id="loginBtn"]</arg>
<doc>Click the element identified by ``locator``.</doc>
<msg timestamp="20230228 23:30:18.417" level="INFO">Clicking element '//*[@id="loginBtn"]'.</msg>
<status status="PASS" starttime="20230228 23:30:18.417" endtime="20230228 23:30:18.449"/>
</kw>
<status status="PASS" starttime="20230228 23:30:16.415" endtime="20230228 23:30:18.449"/>
</kw>
<kw name="Click Sidebar Resiponse Project">
<kw name="Sleep" library="BuiltIn">
<arg>2s</arg>
<doc>Pauses the test executed for the given time.</doc>
<msg timestamp="20230228 23:30:20.452" level="INFO">Slept 2 seconds</msg>
<status status="PASS" starttime="20230228 23:30:18.449" endtime="20230228 23:30:20.452"/>
</kw>
<kw name="Click Element" library="SeleniumLibrary">
<arg>//*[@id="sidebarnav"]/li[4]/a/i</arg>
<doc>Click the element identified by ``locator``.</doc>
<msg timestamp="20230228 23:30:20.452" level="INFO">Clicking element '//*[@id="sidebarnav"]/li[4]/a/i'.</msg>
<status status="PASS" starttime="20230228 23:30:20.452" endtime="20230228 23:30:20.489"/>
</kw>
<kw name="Click Element" library="SeleniumLibrary">
<arg>//*[@id="sidebarnav"]/li[4]/ul/li[3]/a</arg>
<doc>Click the element identified by ``locator``.</doc>
<msg timestamp="20230228 23:30:20.490" level="INFO">Clicking element '//*[@id="sidebarnav"]/li[4]/ul/li[3]/a'.</msg>
<status status="PASS" starttime="20230228 23:30:20.490" endtime="20230228 23:30:20.861"/>
</kw>
<status status="PASS" starttime="20230228 23:30:18.449" endtime="20230228 23:30:20.862"/>
</kw>
<kw name="Add Cause Of Project Fail">
<kw name="Sleep" library="BuiltIn">
<arg>1s</arg>
<doc>Pauses the test executed for the given time.</doc>
<msg timestamp="20230228 23:30:21.879" level="INFO">Slept 1 second</msg>
<status status="PASS" starttime="20230228 23:30:20.863" endtime="20230228 23:30:21.879"/>
</kw>
<kw name="Click Element" library="SeleniumLibrary">
<arg>xpath=/html/body/div[2]/div/div/div[2]/div/div/div/div/button</arg>
<doc>Click the element identified by ``locator``.</doc>
<msg timestamp="20230228 23:30:21.879" level="INFO">Clicking element 'xpath=/html/body/div[2]/div/div/div[2]/div/div/div/div/button'.</msg>
<status status="PASS" starttime="20230228 23:30:21.879" endtime="20230228 23:30:21.911"/>
</kw>
<kw name="Sleep" library="BuiltIn">
<arg>1s</arg>
<doc>Pauses the test executed for the given time.</doc>
<msg timestamp="20230228 23:30:22.914" level="INFO">Slept 1 second</msg>
<status status="PASS" starttime="20230228 23:30:21.911" endtime="20230228 23:30:22.914"/>
</kw>
<kw name="Input Text" library="SeleniumLibrary">
<arg>//*[@id="cl_name"]</arg>
<arg>ไม่สามารถหาข้อสรุปในการดำเนินการโปรเจตได้</arg>
<doc>Types the given ``text`` into the text field identified by ``locator``.</doc>
<msg timestamp="20230228 23:30:22.914" level="INFO">Typing text 'ไม่สามารถหาข้อสรุปในการดำเนินการโปรเจตได้' into text field '//*[@id="cl_name"]'.</msg>
<status status="PASS" starttime="20230228 23:30:22.914" endtime="20230228 23:30:22.991"/>
</kw>
<kw name="Click Element" library="SeleniumLibrary">
<arg>//*[@id="mainModalFooter"]/button[1]</arg>
<doc>Click the element identified by ``locator``.</doc>
<msg timestamp="20230228 23:30:22.991" level="INFO">Clicking element '//*[@id="mainModalFooter"]/button[1]'.</msg>
<status status="PASS" starttime="20230228 23:30:22.991" endtime="20230228 23:30:23.022"/>
</kw>
<status status="PASS" starttime="20230228 23:30:20.862" endtime="20230228 23:30:23.023"/>
</kw>
<kw name="Close Browser Page">
<kw name="Sleep" library="BuiltIn">
<arg>3s</arg>
<doc>Pauses the test executed for the given time.</doc>
<msg timestamp="20230228 23:30:26.024" level="INFO">Slept 3 seconds</msg>
<status status="PASS" starttime="20230228 23:30:23.023" endtime="20230228 23:30:26.024"/>
</kw>
<kw name="Close Browser" library="SeleniumLibrary">
<doc>Closes the current browser.</doc>
<status status="PASS" starttime="20230228 23:30:26.024" endtime="20230228 23:30:28.162"/>
</kw>
<status status="PASS" starttime="20230228 23:30:23.023" endtime="20230228 23:30:28.162"/>
</kw>
<status status="PASS" starttime="20230228 23:30:07.775" endtime="20230228 23:30:28.162"/>
</test>
<status status="PASS" starttime="20230228 23:30:07.322" endtime="20230228 23:30:28.164"/>
</suite>
<statistics>
<total>
<stat pass="1" fail="0" skip="0">All Tests</stat>
</total>
<tag>
</tag>
<suite>
<stat pass="1" fail="0" skip="0" id="s1" name="Addcause">Addcause</stat>
</suite>
</statistics>
<errors>
</errors>
</robot>
