<?xml version="1.0" encoding="UTF-8"?>
<robot generator="Robot 5.0.1 (Python 3.10.5 on win32)" generated="20221104 22:17:09.919" rpa="false" schemaversion="3">
<suite id="s1" name="TestLogoutAdmin" source="C:\Automate Test\Test_PMS\automateTestTeam0\Admin\test_logout\TestLogoutAdmin.robot">
<test id="s1-t1" name="Logout Employee Success" line="32">
<kw name="Open file Excel">
<kw name="Open Excel" library="ExcelRobot">
<arg>C:\\Automate Test\\Test_PMS\\automateTestTeam0\\Admin\\test_logout\\test_data.xlsx</arg>
<doc>Opens the Excel file to read from the path provided in the file path parameter.</doc>
<msg timestamp="20221104 22:17:11.338" level="INFO">Opening file at C:\Automate Test\Test_PMS\automateTestTeam0\Admin\test_logout\test_data.xlsx</msg>
<status status="PASS" starttime="20221104 22:17:11.337" endtime="20221104 22:17:11.365"/>
</kw>
<status status="PASS" starttime="20221104 22:17:11.337" endtime="20221104 22:17:11.366"/>
</kw>
<kw name="Read Cell Data" library="ExcelRobot">
<var>${Username}</var>
<arg>Admin</arg>
<arg>0</arg>
<arg>1</arg>
<doc>Uses the column and row to return the data from that cell.</doc>
<msg timestamp="20221104 22:17:11.367" level="INFO">${Username} = test@gmail.com</msg>
<status status="PASS" starttime="20221104 22:17:11.366" endtime="20221104 22:17:11.367"/>
</kw>
<kw name="Read Cell Data" library="ExcelRobot">
<var>${Password}</var>
<arg>Admin</arg>
<arg>1</arg>
<arg>1</arg>
<doc>Uses the column and row to return the data from that cell.</doc>
<msg timestamp="20221104 22:17:11.368" level="INFO">${Password} = kajorn.n</msg>
<status status="PASS" starttime="20221104 22:17:11.367" endtime="20221104 22:17:11.368"/>
</kw>
<kw name="Open Project Monitoring System">
<kw name="Open Browser" library="SeleniumLibrary">
<arg>${URL}</arg>
<arg>${BROWSER}</arg>
<doc>Opens a new browser instance to the optional ``url``.</doc>
<msg timestamp="20221104 22:17:11.370" level="INFO">Opening browser 'Google Chrome' to base url 'http://dekdee2.informatics.buu.ac.th:9080/team0/'.</msg>
<status status="PASS" starttime="20221104 22:17:11.369" endtime="20221104 22:17:15.205"/>
</kw>
<kw name="Maximize Browser Window" library="SeleniumLibrary">
<doc>Maximizes current browser window.</doc>
<status status="PASS" starttime="20221104 22:17:15.205" endtime="20221104 22:17:15.372"/>
</kw>
<status status="PASS" starttime="20221104 22:17:11.369" endtime="20221104 22:17:15.372"/>
</kw>
<kw name="Click Menu Login">
<kw name="Sleep" library="BuiltIn">
<arg>2s</arg>
<doc>Pauses the test executed for the given time.</doc>
<msg timestamp="20221104 22:17:17.380" level="INFO">Slept 2 seconds</msg>
<status status="PASS" starttime="20221104 22:17:15.374" endtime="20221104 22:17:17.380"/>
</kw>
<kw name="Click Element" library="SeleniumLibrary">
<arg>//*[@id="main-wrapper"]/header/nav/div[2]/ul[2]/li/a</arg>
<doc>Click the element identified by ``locator``.</doc>
<msg timestamp="20221104 22:17:17.381" level="INFO">Clicking element '//*[@id="main-wrapper"]/header/nav/div[2]/ul[2]/li/a'.</msg>
<status status="PASS" starttime="20221104 22:17:17.381" endtime="20221104 22:17:18.905"/>
</kw>
<status status="PASS" starttime="20221104 22:17:15.373" endtime="20221104 22:17:18.907"/>
</kw>
<kw name="Sleep" library="BuiltIn">
<arg>1s</arg>
<doc>Pauses the test executed for the given time.</doc>
<msg timestamp="20221104 22:17:19.924" level="INFO">Slept 1 second</msg>
<status status="PASS" starttime="20221104 22:17:18.909" endtime="20221104 22:17:19.924"/>
</kw>
<kw name="Input Text" library="SeleniumLibrary">
<arg>id:u_email</arg>
<arg>${Username}</arg>
<doc>Types the given ``text`` into the text field identified by ``locator``.</doc>
<msg timestamp="20221104 22:17:19.925" level="INFO">Typing text 'test@gmail.com' into text field 'id:u_email'.</msg>
<status status="PASS" starttime="20221104 22:17:19.925" endtime="20221104 22:17:20.195"/>
</kw>
<kw name="Sleep" library="BuiltIn">
<arg>1s</arg>
<doc>Pauses the test executed for the given time.</doc>
<msg timestamp="20221104 22:17:21.201" level="INFO">Slept 1 second</msg>
<status status="PASS" starttime="20221104 22:17:20.196" endtime="20221104 22:17:21.201"/>
</kw>
<kw name="Input Text" library="SeleniumLibrary">
<arg>id:u_password</arg>
<arg>${Password}</arg>
<doc>Types the given ``text`` into the text field identified by ``locator``.</doc>
<msg timestamp="20221104 22:17:21.203" level="INFO">Typing text 'kajorn.n' into text field 'id:u_password'.</msg>
<status status="PASS" starttime="20221104 22:17:21.202" endtime="20221104 22:17:21.399"/>
</kw>
<kw name="Click to Login">
<kw name="Sleep" library="BuiltIn">
<arg>2s</arg>
<doc>Pauses the test executed for the given time.</doc>
<msg timestamp="20221104 22:17:23.416" level="INFO">Slept 2 seconds</msg>
<status status="PASS" starttime="20221104 22:17:21.401" endtime="20221104 22:17:23.417"/>
</kw>
<kw name="Click Element" library="SeleniumLibrary">
<arg>//*[@id="loginBtn"]</arg>
<doc>Click the element identified by ``locator``.</doc>
<msg timestamp="20221104 22:17:23.417" level="INFO">Clicking element '//*[@id="loginBtn"]'.</msg>
<status status="PASS" starttime="20221104 22:17:23.417" endtime="20221104 22:17:23.515"/>
</kw>
<status status="PASS" starttime="20221104 22:17:21.401" endtime="20221104 22:17:23.516"/>
</kw>
<kw name="Click Dropdown Icon">
<kw name="Sleep" library="BuiltIn">
<arg>2s</arg>
<doc>Pauses the test executed for the given time.</doc>
<msg timestamp="20221104 22:17:25.531" level="INFO">Slept 2 seconds</msg>
<status status="PASS" starttime="20221104 22:17:23.522" endtime="20221104 22:17:25.531"/>
</kw>
<kw name="Click Element" library="SeleniumLibrary">
<arg>//*[@id="main-wrapper"]/header/nav/div[2]/ul[2]/li/a</arg>
<doc>Click the element identified by ``locator``.</doc>
<msg timestamp="20221104 22:17:25.532" level="INFO">Clicking element '//*[@id="main-wrapper"]/header/nav/div[2]/ul[2]/li/a'.</msg>
<status status="PASS" starttime="20221104 22:17:25.531" endtime="20221104 22:17:25.619"/>
</kw>
<status status="PASS" starttime="20221104 22:17:23.521" endtime="20221104 22:17:25.619"/>
</kw>
<kw name="Click Logout">
<kw name="Sleep" library="BuiltIn">
<arg>2s</arg>
<doc>Pauses the test executed for the given time.</doc>
<msg timestamp="20221104 22:17:27.622" level="INFO">Slept 2 seconds</msg>
<status status="PASS" starttime="20221104 22:17:25.620" endtime="20221104 22:17:27.622"/>
</kw>
<kw name="Click Element" library="SeleniumLibrary">
<arg>//*[@id="main-wrapper"]/header/nav/div[2]/ul[2]/li/div/a[3]</arg>
<doc>Click the element identified by ``locator``.</doc>
<msg timestamp="20221104 22:17:27.623" level="INFO">Clicking element '//*[@id="main-wrapper"]/header/nav/div[2]/ul[2]/li/div/a[3]'.</msg>
<status status="PASS" starttime="20221104 22:17:27.623" endtime="20221104 22:17:28.394"/>
</kw>
<status status="PASS" starttime="20221104 22:17:25.620" endtime="20221104 22:17:28.395"/>
</kw>
<kw name="Close Browser Page">
<kw name="Sleep" library="BuiltIn">
<arg>3s</arg>
<doc>Pauses the test executed for the given time.</doc>
<msg timestamp="20221104 22:17:31.407" level="INFO">Slept 3 seconds</msg>
<status status="PASS" starttime="20221104 22:17:28.397" endtime="20221104 22:17:31.407"/>
</kw>
<kw name="Close Browser" library="SeleniumLibrary">
<doc>Closes the current browser.</doc>
<status status="PASS" starttime="20221104 22:17:31.407" endtime="20221104 22:17:33.768"/>
</kw>
<status status="PASS" starttime="20221104 22:17:28.396" endtime="20221104 22:17:33.768"/>
</kw>
<status status="PASS" starttime="20221104 22:17:11.336" endtime="20221104 22:17:33.770"/>
</test>
<status status="PASS" starttime="20221104 22:17:09.923" endtime="20221104 22:17:33.773"/>
</suite>
<statistics>
<total>
<stat pass="1" fail="0" skip="0">All Tests</stat>
</total>
<tag>
</tag>
<suite>
<stat pass="1" fail="0" skip="0" id="s1" name="TestLogoutAdmin">TestLogoutAdmin</stat>
</suite>
</statistics>
<errors>
</errors>
</robot>
