<?xml version="1.0" encoding="UTF-8"?>
<robot generator="Robot 5.0.1 (Python 3.10.5 on win32)" generated="20230214 23:55:53.773" rpa="false" schemaversion="3">
<suite id="s1" name="TestLogoutAdmin" source="C:\xampp\htdocs\automateTestTeam0\Admin\test_logout\TestLogoutAdmin.robot">
<test id="s1-t1" name="Logout Employee Success" line="32">
<kw name="Open file Excel">
<kw name="Open Excel" library="ExcelRobot">
<arg>C:\\xampp\\htdocs\\automateTestTeam0\\Admin\\test_logout\\test_data.xlsx</arg>
<doc>Opens the Excel file to read from the path provided in the file path parameter.</doc>
<msg timestamp="20230214 23:55:54.197" level="INFO">Opening file at C:\xampp\htdocs\automateTestTeam0\Admin\test_logout\test_data.xlsx</msg>
<status status="PASS" starttime="20230214 23:55:54.196" endtime="20230214 23:55:54.200"/>
</kw>
<status status="PASS" starttime="20230214 23:55:54.196" endtime="20230214 23:55:54.200"/>
</kw>
<kw name="Read Cell Data" library="ExcelRobot">
<var>${Username}</var>
<arg>Admin</arg>
<arg>0</arg>
<arg>1</arg>
<doc>Uses the column and row to return the data from that cell.</doc>
<msg timestamp="20230214 23:55:54.201" level="INFO">${Username} = test@gmail.com</msg>
<status status="PASS" starttime="20230214 23:55:54.201" endtime="20230214 23:55:54.201"/>
</kw>
<kw name="Read Cell Data" library="ExcelRobot">
<var>${Password}</var>
<arg>Admin</arg>
<arg>1</arg>
<arg>1</arg>
<doc>Uses the column and row to return the data from that cell.</doc>
<msg timestamp="20230214 23:55:54.201" level="INFO">${Password} = kajorn.n</msg>
<status status="PASS" starttime="20230214 23:55:54.201" endtime="20230214 23:55:54.201"/>
</kw>
<kw name="Open Project Monitoring System">
<kw name="Open Browser" library="SeleniumLibrary">
<arg>${URL}</arg>
<arg>${BROWSER}</arg>
<doc>Opens a new browser instance to the optional ``url``.</doc>
<msg timestamp="20230214 23:55:54.202" level="INFO">Opening browser 'Google Chrome' to base url 'http://dekdee2.informatics.buu.ac.th:9080/team0/'.</msg>
<status status="PASS" starttime="20230214 23:55:54.202" endtime="20230214 23:55:56.333"/>
</kw>
<kw name="Maximize Browser Window" library="SeleniumLibrary">
<doc>Maximizes current browser window.</doc>
<status status="PASS" starttime="20230214 23:55:56.334" endtime="20230214 23:55:56.498"/>
</kw>
<status status="PASS" starttime="20230214 23:55:54.201" endtime="20230214 23:55:56.500"/>
</kw>
<kw name="Click Menu Login">
<kw name="Sleep" library="BuiltIn">
<arg>2s</arg>
<doc>Pauses the test executed for the given time.</doc>
<msg timestamp="20230214 23:55:58.504" level="INFO">Slept 2 seconds</msg>
<status status="PASS" starttime="20230214 23:55:56.501" endtime="20230214 23:55:58.504"/>
</kw>
<kw name="Click Element" library="SeleniumLibrary">
<arg>//*[@class="nav-link waves-effect waves-dark profile-pic fs-5"]</arg>
<doc>Click the element identified by ``locator``.</doc>
<msg timestamp="20230214 23:55:58.505" level="INFO">Clicking element '//*[@class="nav-link waves-effect waves-dark profile-pic fs-5"]'.</msg>
<status status="PASS" starttime="20230214 23:55:58.504" endtime="20230214 23:55:58.537"/>
</kw>
<status status="PASS" starttime="20230214 23:55:56.501" endtime="20230214 23:55:58.538"/>
</kw>
<kw name="Sleep" library="BuiltIn">
<arg>1s</arg>
<doc>Pauses the test executed for the given time.</doc>
<msg timestamp="20230214 23:55:59.552" level="INFO">Slept 1 second</msg>
<status status="PASS" starttime="20230214 23:55:58.538" endtime="20230214 23:55:59.552"/>
</kw>
<kw name="Input Text" library="SeleniumLibrary">
<arg>id:u_email</arg>
<arg>${Username}</arg>
<doc>Types the given ``text`` into the text field identified by ``locator``.</doc>
<msg timestamp="20230214 23:55:59.553" level="INFO">Typing text 'test@gmail.com' into text field 'id:u_email'.</msg>
<status status="PASS" starttime="20230214 23:55:59.552" endtime="20230214 23:55:59.618"/>
</kw>
<kw name="Sleep" library="BuiltIn">
<arg>1s</arg>
<doc>Pauses the test executed for the given time.</doc>
<msg timestamp="20230214 23:56:00.621" level="INFO">Slept 1 second</msg>
<status status="PASS" starttime="20230214 23:55:59.618" endtime="20230214 23:56:00.621"/>
</kw>
<kw name="Input Text" library="SeleniumLibrary">
<arg>id:u_password</arg>
<arg>${Password}</arg>
<doc>Types the given ``text`` into the text field identified by ``locator``.</doc>
<msg timestamp="20230214 23:56:00.622" level="INFO">Typing text 'kajorn.n' into text field 'id:u_password'.</msg>
<status status="PASS" starttime="20230214 23:56:00.622" endtime="20230214 23:56:00.685"/>
</kw>
<kw name="Click to Login">
<kw name="Sleep" library="BuiltIn">
<arg>2s</arg>
<doc>Pauses the test executed for the given time.</doc>
<msg timestamp="20230214 23:56:02.700" level="INFO">Slept 2 seconds</msg>
<status status="PASS" starttime="20230214 23:56:00.686" endtime="20230214 23:56:02.700"/>
</kw>
<kw name="Click Element" library="SeleniumLibrary">
<arg>//*[@id="loginBtn"]</arg>
<doc>Click the element identified by ``locator``.</doc>
<msg timestamp="20230214 23:56:02.700" level="INFO">Clicking element '//*[@id="loginBtn"]'.</msg>
<status status="PASS" starttime="20230214 23:56:02.700" endtime="20230214 23:56:02.734"/>
</kw>
<status status="PASS" starttime="20230214 23:56:00.685" endtime="20230214 23:56:02.734"/>
</kw>
<kw name="Click Dropdown Icon">
<kw name="Sleep" library="BuiltIn">
<arg>2s</arg>
<doc>Pauses the test executed for the given time.</doc>
<msg timestamp="20230214 23:56:04.745" level="INFO">Slept 2 seconds</msg>
<status status="PASS" starttime="20230214 23:56:02.735" endtime="20230214 23:56:04.745"/>
</kw>
<kw name="Click Element" library="SeleniumLibrary">
<arg>//*[@id="main-wrapper"]/header/nav/div[2]/ul[2]/li/a</arg>
<doc>Click the element identified by ``locator``.</doc>
<msg timestamp="20230214 23:56:04.746" level="INFO">Clicking element '//*[@id="main-wrapper"]/header/nav/div[2]/ul[2]/li/a'.</msg>
<status status="PASS" starttime="20230214 23:56:04.745" endtime="20230214 23:56:04.781"/>
</kw>
<status status="PASS" starttime="20230214 23:56:02.734" endtime="20230214 23:56:04.781"/>
</kw>
<kw name="Click Logout">
<kw name="Sleep" library="BuiltIn">
<arg>2s</arg>
<doc>Pauses the test executed for the given time.</doc>
<msg timestamp="20230214 23:56:06.784" level="INFO">Slept 2 seconds</msg>
<status status="PASS" starttime="20230214 23:56:04.782" endtime="20230214 23:56:06.784"/>
</kw>
<kw name="Click Element" library="SeleniumLibrary">
<arg>//*[@id="main-wrapper"]/header/nav/div[2]/ul[2]/li/div/a[3]</arg>
<doc>Click the element identified by ``locator``.</doc>
<msg timestamp="20230214 23:56:06.784" level="INFO">Clicking element '//*[@id="main-wrapper"]/header/nav/div[2]/ul[2]/li/div/a[3]'.</msg>
<status status="PASS" starttime="20230214 23:56:06.784" endtime="20230214 23:56:07.113"/>
</kw>
<status status="PASS" starttime="20230214 23:56:04.782" endtime="20230214 23:56:07.113"/>
</kw>
<kw name="Close Browser Page">
<kw name="Sleep" library="BuiltIn">
<arg>3s</arg>
<doc>Pauses the test executed for the given time.</doc>
<msg timestamp="20230214 23:56:10.118" level="INFO">Slept 3 seconds</msg>
<status status="PASS" starttime="20230214 23:56:07.114" endtime="20230214 23:56:10.119"/>
</kw>
<kw name="Close Browser" library="SeleniumLibrary">
<doc>Closes the current browser.</doc>
<status status="PASS" starttime="20230214 23:56:10.119" endtime="20230214 23:56:12.235"/>
</kw>
<status status="PASS" starttime="20230214 23:56:07.114" endtime="20230214 23:56:12.235"/>
</kw>
<status status="PASS" starttime="20230214 23:55:54.196" endtime="20230214 23:56:12.236"/>
</test>
<status status="PASS" starttime="20230214 23:55:53.775" endtime="20230214 23:56:12.237"/>
</suite>
<statistics>
<total>
<stat pass="1" fail="0" skip="0">All Tests</stat>
</total>
<tag>
</tag>
<suite>
<stat pass="1" fail="0" skip="0" id="s1" name="TestLogoutAdmin">TestLogoutAdmin</stat>
</suite>
</statistics>
<errors>
</errors>
</robot>
