<?xml version="1.0" encoding="UTF-8"?>
<robot generator="Robot 5.0.1 (Python 3.10.5 on win32)" generated="20230216 22:06:24.540" rpa="false" schemaversion="3">
<suite id="s1" name="TestLogoutAdmin" source="C:\xampp\htdocs\automateTestTeam0\Admin\test_logout\TestLogoutAdmin.robot">
<test id="s1-t1" name="Logout Employee Success" line="32">
<kw name="Open file Excel">
<kw name="Open Excel" library="ExcelRobot">
<arg>C:\\xampp\\htdocs\\automateTestTeam0\\Admin\\test_logout\\test_data.xlsx</arg>
<doc>Opens the Excel file to read from the path provided in the file path parameter.</doc>
<msg timestamp="20230216 22:06:25.139" level="INFO">Opening file at C:\xampp\htdocs\automateTestTeam0\Admin\test_logout\test_data.xlsx</msg>
<status status="PASS" starttime="20230216 22:06:25.139" endtime="20230216 22:06:25.154"/>
</kw>
<status status="PASS" starttime="20230216 22:06:25.138" endtime="20230216 22:06:25.154"/>
</kw>
<kw name="Read Cell Data" library="ExcelRobot">
<var>${Username}</var>
<arg>Admin</arg>
<arg>0</arg>
<arg>1</arg>
<doc>Uses the column and row to return the data from that cell.</doc>
<msg timestamp="20230216 22:06:25.155" level="INFO">${Username} = test@gmail.com</msg>
<status status="PASS" starttime="20230216 22:06:25.155" endtime="20230216 22:06:25.155"/>
</kw>
<kw name="Read Cell Data" library="ExcelRobot">
<var>${Password}</var>
<arg>Admin</arg>
<arg>1</arg>
<arg>1</arg>
<doc>Uses the column and row to return the data from that cell.</doc>
<msg timestamp="20230216 22:06:25.156" level="INFO">${Password} = kajorn.n</msg>
<status status="PASS" starttime="20230216 22:06:25.156" endtime="20230216 22:06:25.156"/>
</kw>
<kw name="Open Project Monitoring System">
<kw name="Open Browser" library="SeleniumLibrary">
<arg>${URL}</arg>
<arg>${BROWSER}</arg>
<doc>Opens a new browser instance to the optional ``url``.</doc>
<msg timestamp="20230216 22:06:25.157" level="INFO">Opening browser 'Google Chrome' to base url 'http://dekdee2.informatics.buu.ac.th:9080/team0/'.</msg>
<status status="PASS" starttime="20230216 22:06:25.157" endtime="20230216 22:06:28.852"/>
</kw>
<kw name="Maximize Browser Window" library="SeleniumLibrary">
<doc>Maximizes current browser window.</doc>
<status status="PASS" starttime="20230216 22:06:28.852" endtime="20230216 22:06:29.042"/>
</kw>
<status status="PASS" starttime="20230216 22:06:25.157" endtime="20230216 22:06:29.042"/>
</kw>
<kw name="Click Menu Login">
<kw name="Sleep" library="BuiltIn">
<arg>2s</arg>
<doc>Pauses the test executed for the given time.</doc>
<msg timestamp="20230216 22:06:31.056" level="INFO">Slept 2 seconds</msg>
<status status="PASS" starttime="20230216 22:06:29.043" endtime="20230216 22:06:31.056"/>
</kw>
<kw name="Click Element" library="SeleniumLibrary">
<arg>//*[@class="nav-link waves-effect waves-dark profile-pic fs-5"]</arg>
<doc>Click the element identified by ``locator``.</doc>
<msg timestamp="20230216 22:06:31.057" level="INFO">Clicking element '//*[@class="nav-link waves-effect waves-dark profile-pic fs-5"]'.</msg>
<status status="PASS" starttime="20230216 22:06:31.056" endtime="20230216 22:06:31.104"/>
</kw>
<status status="PASS" starttime="20230216 22:06:29.043" endtime="20230216 22:06:31.104"/>
</kw>
<kw name="Sleep" library="BuiltIn">
<arg>1s</arg>
<doc>Pauses the test executed for the given time.</doc>
<msg timestamp="20230216 22:06:32.115" level="INFO">Slept 1 second</msg>
<status status="PASS" starttime="20230216 22:06:31.104" endtime="20230216 22:06:32.115"/>
</kw>
<kw name="Input Text" library="SeleniumLibrary">
<arg>id:u_email</arg>
<arg>${Username}</arg>
<doc>Types the given ``text`` into the text field identified by ``locator``.</doc>
<msg timestamp="20230216 22:06:32.116" level="INFO">Typing text 'test@gmail.com' into text field 'id:u_email'.</msg>
<status status="PASS" starttime="20230216 22:06:32.116" endtime="20230216 22:06:32.228"/>
</kw>
<kw name="Sleep" library="BuiltIn">
<arg>1s</arg>
<doc>Pauses the test executed for the given time.</doc>
<msg timestamp="20230216 22:06:33.242" level="INFO">Slept 1 second</msg>
<status status="PASS" starttime="20230216 22:06:32.228" endtime="20230216 22:06:33.242"/>
</kw>
<kw name="Input Text" library="SeleniumLibrary">
<arg>id:u_password</arg>
<arg>${Password}</arg>
<doc>Types the given ``text`` into the text field identified by ``locator``.</doc>
<msg timestamp="20230216 22:06:33.243" level="INFO">Typing text 'kajorn.n' into text field 'id:u_password'.</msg>
<status status="PASS" starttime="20230216 22:06:33.242" endtime="20230216 22:06:33.330"/>
</kw>
<kw name="Click to Login">
<kw name="Sleep" library="BuiltIn">
<arg>2s</arg>
<doc>Pauses the test executed for the given time.</doc>
<msg timestamp="20230216 22:06:35.338" level="INFO">Slept 2 seconds</msg>
<status status="PASS" starttime="20230216 22:06:33.331" endtime="20230216 22:06:35.338"/>
</kw>
<kw name="Click Element" library="SeleniumLibrary">
<arg>//*[@id="loginBtn"]</arg>
<doc>Click the element identified by ``locator``.</doc>
<msg timestamp="20230216 22:06:35.339" level="INFO">Clicking element '//*[@id="loginBtn"]'.</msg>
<status status="PASS" starttime="20230216 22:06:35.338" endtime="20230216 22:06:35.386"/>
</kw>
<status status="PASS" starttime="20230216 22:06:33.331" endtime="20230216 22:06:35.387"/>
</kw>
<kw name="Click Dropdown Icon">
<kw name="Sleep" library="BuiltIn">
<arg>2s</arg>
<doc>Pauses the test executed for the given time.</doc>
<msg timestamp="20230216 22:06:37.398" level="INFO">Slept 2 seconds</msg>
<status status="PASS" starttime="20230216 22:06:35.387" endtime="20230216 22:06:37.398"/>
</kw>
<kw name="Click Element" library="SeleniumLibrary">
<arg>//*[@id="main-wrapper"]/header/nav/div[2]/ul[2]/li/a</arg>
<doc>Click the element identified by ``locator``.</doc>
<msg timestamp="20230216 22:06:37.399" level="INFO">Clicking element '//*[@id="main-wrapper"]/header/nav/div[2]/ul[2]/li/a'.</msg>
<status status="PASS" starttime="20230216 22:06:37.398" endtime="20230216 22:06:44.168"/>
</kw>
<status status="PASS" starttime="20230216 22:06:35.387" endtime="20230216 22:06:44.168"/>
</kw>
<kw name="Click Logout">
<kw name="Sleep" library="BuiltIn">
<arg>2s</arg>
<doc>Pauses the test executed for the given time.</doc>
<msg timestamp="20230216 22:06:46.187" level="INFO">Slept 2 seconds</msg>
<status status="PASS" starttime="20230216 22:06:44.170" endtime="20230216 22:06:46.187"/>
</kw>
<kw name="Click Element" library="SeleniumLibrary">
<arg>//*[@id="main-wrapper"]/header/nav/div[2]/ul[2]/li/div/a[3]</arg>
<doc>Click the element identified by ``locator``.</doc>
<msg timestamp="20230216 22:06:46.188" level="INFO">Clicking element '//*[@id="main-wrapper"]/header/nav/div[2]/ul[2]/li/div/a[3]'.</msg>
<status status="PASS" starttime="20230216 22:06:46.187" endtime="20230216 22:06:46.626"/>
</kw>
<status status="PASS" starttime="20230216 22:06:44.169" endtime="20230216 22:06:46.627"/>
</kw>
<kw name="Close Browser Page">
<kw name="Sleep" library="BuiltIn">
<arg>3s</arg>
<doc>Pauses the test executed for the given time.</doc>
<msg timestamp="20230216 22:06:49.639" level="INFO">Slept 3 seconds</msg>
<status status="PASS" starttime="20230216 22:06:46.630" endtime="20230216 22:06:49.639"/>
</kw>
<kw name="Close Browser" library="SeleniumLibrary">
<doc>Closes the current browser.</doc>
<status status="PASS" starttime="20230216 22:06:49.639" endtime="20230216 22:06:51.800"/>
</kw>
<status status="PASS" starttime="20230216 22:06:46.629" endtime="20230216 22:06:51.800"/>
</kw>
<status status="PASS" starttime="20230216 22:06:25.138" endtime="20230216 22:06:51.801"/>
</test>
<status status="PASS" starttime="20230216 22:06:24.543" endtime="20230216 22:06:51.803"/>
</suite>
<statistics>
<total>
<stat pass="1" fail="0" skip="0">All Tests</stat>
</total>
<tag>
</tag>
<suite>
<stat pass="1" fail="0" skip="0" id="s1" name="TestLogoutAdmin">TestLogoutAdmin</stat>
</suite>
</statistics>
<errors>
</errors>
</robot>
