<?xml version="1.0" encoding="UTF-8"?>
<robot generator="Robot 5.0.1 (Python 3.10.5 on win32)" generated="20230314 15:55:50.752" rpa="false" schemaversion="3">
<suite id="s1" name="testAnnouceEdit" source="C:\Automate Test\Test_PMS\automateTestTeam0\admin\test_edit_announce_edit\testAnnouceEdit.robot">
<test id="s1-t1" name="Edit Announce Success" line="42">
<kw name="Open Excel" library="ExcelRobot">
<arg>C:\\Automate Test\\Test_PMS\\automateTestTeam0\\admin\\test_edit_announce_edit//test_data.xlsx</arg>
<doc>Opens the Excel file to read from the path provided in the file path parameter.</doc>
<msg timestamp="20230314 15:55:51.171" level="INFO">Opening file at C:\Automate Test\Test_PMS\automateTestTeam0\admin\test_edit_announce_edit//test_data.xlsx</msg>
<status status="PASS" starttime="20230314 15:55:51.171" endtime="20230314 15:55:51.182"/>
</kw>
<kw name="Read Cell Data" library="ExcelRobot">
<var>${Username}</var>
<arg>Admin</arg>
<arg>0</arg>
<arg>1</arg>
<doc>Uses the column and row to return the data from that cell.</doc>
<msg timestamp="20230314 15:55:51.182" level="INFO">${Username} = test@gmail.com</msg>
<status status="PASS" starttime="20230314 15:55:51.182" endtime="20230314 15:55:51.182"/>
</kw>
<kw name="Read Cell Data" library="ExcelRobot">
<var>${Password}</var>
<arg>Admin</arg>
<arg>1</arg>
<arg>1</arg>
<doc>Uses the column and row to return the data from that cell.</doc>
<msg timestamp="20230314 15:55:51.183" level="INFO">${Password} = kajorn.n</msg>
<status status="PASS" starttime="20230314 15:55:51.183" endtime="20230314 15:55:51.183"/>
</kw>
<kw name="Open Project Monitoring System">
<kw name="Open Browser" library="SeleniumLibrary">
<arg>${URL}</arg>
<arg>${BROWSER}</arg>
<doc>Opens a new browser instance to the optional ``url``.</doc>
<msg timestamp="20230314 15:55:51.183" level="INFO">Opening browser 'Google Chrome' to base url 'http://dekdee2.informatics.buu.ac.th:9080/team0/'.</msg>
<status status="PASS" starttime="20230314 15:55:51.183" endtime="20230314 15:55:53.392"/>
</kw>
<kw name="Maximize Browser Window" library="SeleniumLibrary">
<doc>Maximizes current browser window.</doc>
<status status="PASS" starttime="20230314 15:55:53.392" endtime="20230314 15:55:53.558"/>
</kw>
<status status="PASS" starttime="20230314 15:55:51.183" endtime="20230314 15:55:53.558"/>
</kw>
<kw name="Click Menu Login">
<kw name="Sleep" library="BuiltIn">
<arg>2s</arg>
<doc>Pauses the test executed for the given time.</doc>
<msg timestamp="20230314 15:55:55.573" level="INFO">Slept 2 seconds</msg>
<status status="PASS" starttime="20230314 15:55:53.559" endtime="20230314 15:55:55.573"/>
</kw>
<kw name="Click Element" library="SeleniumLibrary">
<arg>//*[@class="nav-link waves-effect waves-dark profile-pic fs-5"]</arg>
<doc>Click the element identified by ``locator``.</doc>
<msg timestamp="20230314 15:55:55.574" level="INFO">Clicking element '//*[@class="nav-link waves-effect waves-dark profile-pic fs-5"]'.</msg>
<status status="PASS" starttime="20230314 15:55:55.573" endtime="20230314 15:55:55.618"/>
</kw>
<status status="PASS" starttime="20230314 15:55:53.559" endtime="20230314 15:55:55.618"/>
</kw>
<kw name="Sleep" library="BuiltIn">
<arg>2s</arg>
<doc>Pauses the test executed for the given time.</doc>
<msg timestamp="20230314 15:55:57.629" level="INFO">Slept 2 seconds</msg>
<status status="PASS" starttime="20230314 15:55:55.618" endtime="20230314 15:55:57.629"/>
</kw>
<kw name="Input Text" library="SeleniumLibrary">
<arg>//*[@id="u_email"]</arg>
<arg>${Username}</arg>
<doc>Types the given ``text`` into the text field identified by ``locator``.</doc>
<msg timestamp="20230314 15:55:57.630" level="INFO">Typing text 'test@gmail.com' into text field '//*[@id="u_email"]'.</msg>
<status status="PASS" starttime="20230314 15:55:57.630" endtime="20230314 15:55:57.725"/>
</kw>
<kw name="Sleep" library="BuiltIn">
<arg>2s</arg>
<doc>Pauses the test executed for the given time.</doc>
<msg timestamp="20230314 15:55:59.730" level="INFO">Slept 2 seconds</msg>
<status status="PASS" starttime="20230314 15:55:57.726" endtime="20230314 15:55:59.730"/>
</kw>
<kw name="Input Text" library="SeleniumLibrary">
<arg>//*[@id="u_password"]</arg>
<arg>${Password}</arg>
<doc>Types the given ``text`` into the text field identified by ``locator``.</doc>
<msg timestamp="20230314 15:55:59.732" level="INFO">Typing text 'kajorn.n' into text field '//*[@id="u_password"]'.</msg>
<status status="PASS" starttime="20230314 15:55:59.731" endtime="20230314 15:55:59.821"/>
</kw>
<kw name="Click to Login">
<kw name="Sleep" library="BuiltIn">
<arg>2s</arg>
<doc>Pauses the test executed for the given time.</doc>
<msg timestamp="20230314 15:56:01.829" level="INFO">Slept 2 seconds</msg>
<status status="PASS" starttime="20230314 15:55:59.821" endtime="20230314 15:56:01.830"/>
</kw>
<kw name="Click Element" library="SeleniumLibrary">
<arg>//*[@id="loginBtn"]</arg>
<doc>Click the element identified by ``locator``.</doc>
<msg timestamp="20230314 15:56:01.830" level="INFO">Clicking element '//*[@id="loginBtn"]'.</msg>
<status status="PASS" starttime="20230314 15:56:01.830" endtime="20230314 15:56:01.874"/>
</kw>
<status status="PASS" starttime="20230314 15:55:59.821" endtime="20230314 15:56:01.874"/>
</kw>
<kw name="Click Sidebar Settings">
<kw name="Sleep" library="BuiltIn">
<arg>2s</arg>
<doc>Pauses the test executed for the given time.</doc>
<msg timestamp="20230314 15:56:03.876" level="INFO">Slept 2 seconds</msg>
<status status="PASS" starttime="20230314 15:56:01.875" endtime="20230314 15:56:03.876"/>
</kw>
<kw name="Click Element" library="SeleniumLibrary">
<arg>xpath=/html/body/div[2]/aside/div/nav/ul/li[4]/a</arg>
<doc>Click the element identified by ``locator``.</doc>
<msg timestamp="20230314 15:56:03.876" level="INFO">Clicking element 'xpath=/html/body/div[2]/aside/div/nav/ul/li[4]/a'.</msg>
<status status="PASS" starttime="20230314 15:56:03.876" endtime="20230314 15:56:03.928"/>
</kw>
<status status="PASS" starttime="20230314 15:56:01.874" endtime="20230314 15:56:03.928"/>
</kw>
<kw name="Click Announce system">
<kw name="Sleep" library="BuiltIn">
<arg>2s</arg>
<doc>Pauses the test executed for the given time.</doc>
<msg timestamp="20230314 15:56:05.934" level="INFO">Slept 2 seconds</msg>
<status status="PASS" starttime="20230314 15:56:03.929" endtime="20230314 15:56:05.934"/>
</kw>
<kw name="Click Element" library="SeleniumLibrary">
<arg>xpath=/html/body/div[2]/aside/div/nav/ul/li[4]/ul/li[4]/a</arg>
<doc>Click the element identified by ``locator``.</doc>
<msg timestamp="20230314 15:56:05.935" level="INFO">Clicking element 'xpath=/html/body/div[2]/aside/div/nav/ul/li[4]/ul/li[4]/a'.</msg>
<status status="PASS" starttime="20230314 15:56:05.935" endtime="20230314 15:56:06.264"/>
</kw>
<status status="PASS" starttime="20230314 15:56:03.928" endtime="20230314 15:56:06.264"/>
</kw>
<kw name="Click Edit button">
<kw name="Sleep" library="BuiltIn">
<arg>2s</arg>
<doc>Pauses the test executed for the given time.</doc>
<msg timestamp="20230314 15:56:08.276" level="INFO">Slept 2 seconds</msg>
<status status="PASS" starttime="20230314 15:56:06.265" endtime="20230314 15:56:08.276"/>
</kw>
<kw name="Click Element" library="SeleniumLibrary">
<arg>//*[@id="edit"]</arg>
<doc>Click the element identified by ``locator``.</doc>
<msg timestamp="20230314 15:56:08.276" level="INFO">Clicking element '//*[@id="edit"]'.</msg>
<status status="PASS" starttime="20230314 15:56:08.276" endtime="20230314 15:56:08.319"/>
</kw>
<kw name="Sleep" library="BuiltIn">
<arg>2s</arg>
<doc>Pauses the test executed for the given time.</doc>
<msg timestamp="20230314 15:56:10.329" level="INFO">Slept 2 seconds</msg>
<status status="PASS" starttime="20230314 15:56:08.319" endtime="20230314 15:56:10.329"/>
</kw>
<kw name="Input Text" library="SeleniumLibrary">
<arg>//*[@id="an_text"]</arg>
<arg>เธอบอกแสนดี แต่ฉันแสนร้าย</arg>
<doc>Types the given ``text`` into the text field identified by ``locator``.</doc>
<msg timestamp="20230314 15:56:10.331" level="INFO">Typing text 'เธอบอกแสนดี แต่ฉันแสนร้าย' into text field '//*[@id="an_text"]'.</msg>
<status status="PASS" starttime="20230314 15:56:10.330" endtime="20230314 15:56:10.431"/>
</kw>
<status status="PASS" starttime="20230314 15:56:06.265" endtime="20230314 15:56:10.431"/>
</kw>
<kw name="Click comfirm button">
<kw name="Sleep" library="BuiltIn">
<arg>2s</arg>
<doc>Pauses the test executed for the given time.</doc>
<msg timestamp="20230314 15:56:12.433" level="INFO">Slept 2 seconds</msg>
<status status="PASS" starttime="20230314 15:56:10.431" endtime="20230314 15:56:12.433"/>
</kw>
<kw name="Click Element" library="SeleniumLibrary">
<arg>xpath=/html/body/div[3]/div/div/div[3]/button[1]</arg>
<doc>Click the element identified by ``locator``.</doc>
<msg timestamp="20230314 15:56:12.434" level="INFO">Clicking element 'xpath=/html/body/div[3]/div/div/div[3]/button[1]'.</msg>
<status status="PASS" starttime="20230314 15:56:12.433" endtime="20230314 15:56:12.480"/>
</kw>
<status status="PASS" starttime="20230314 15:56:10.431" endtime="20230314 15:56:12.480"/>
</kw>
<kw name="Close Browser Page">
<kw name="Sleep" library="BuiltIn">
<arg>3s</arg>
<doc>Pauses the test executed for the given time.</doc>
<msg timestamp="20230314 15:56:15.485" level="INFO">Slept 3 seconds</msg>
<status status="PASS" starttime="20230314 15:56:12.481" endtime="20230314 15:56:15.485"/>
</kw>
<kw name="Close Browser" library="SeleniumLibrary">
<doc>Closes the current browser.</doc>
<status status="PASS" starttime="20230314 15:56:15.485" endtime="20230314 15:56:17.630"/>
</kw>
<status status="PASS" starttime="20230314 15:56:12.481" endtime="20230314 15:56:17.630"/>
</kw>
<status status="PASS" starttime="20230314 15:55:51.170" endtime="20230314 15:56:17.630"/>
</test>
<status status="PASS" starttime="20230314 15:55:50.753" endtime="20230314 15:56:17.631"/>
</suite>
<statistics>
<total>
<stat pass="1" fail="0" skip="0">All Tests</stat>
</total>
<tag>
</tag>
<suite>
<stat pass="1" fail="0" skip="0" id="s1" name="testAnnouceEdit">testAnnouceEdit</stat>
</suite>
</statistics>
<errors>
</errors>
</robot>
