<?xml version="1.0" encoding="UTF-8"?>
<robot generator="Robot 5.0.1 (Python 3.10.5 on win32)" generated="20230228 21:53:36.519" rpa="false" schemaversion="3">
<suite id="s1" name="testAnnouceEdit" source="C:\Automate Test\Test_PMS\automateTestTeam0\admin\test_edit_announce_edit\testAnnouceEdit.robot">
<test id="s1-t1" name="Edit Announce Success" line="42">
<kw name="Open Excel" library="ExcelRobot">
<arg>C:\\Automate Test\\Test_PMS\\automateTestTeam0\\admin\\test_edit_announce_edit//test_data.xlsx</arg>
<doc>Opens the Excel file to read from the path provided in the file path parameter.</doc>
<msg timestamp="20230228 21:53:36.973" level="INFO">Opening file at C:\Automate Test\Test_PMS\automateTestTeam0\admin\test_edit_announce_edit//test_data.xlsx</msg>
<status status="PASS" starttime="20230228 21:53:36.973" endtime="20230228 21:53:36.976"/>
</kw>
<kw name="Read Cell Data" library="ExcelRobot">
<var>${Username}</var>
<arg>Admin</arg>
<arg>0</arg>
<arg>1</arg>
<doc>Uses the column and row to return the data from that cell.</doc>
<msg timestamp="20230228 21:53:36.976" level="INFO">${Username} = test@gmail.com</msg>
<status status="PASS" starttime="20230228 21:53:36.976" endtime="20230228 21:53:36.976"/>
</kw>
<kw name="Read Cell Data" library="ExcelRobot">
<var>${Password}</var>
<arg>Admin</arg>
<arg>1</arg>
<arg>1</arg>
<doc>Uses the column and row to return the data from that cell.</doc>
<msg timestamp="20230228 21:53:36.977" level="INFO">${Password} = kajorn.n</msg>
<status status="PASS" starttime="20230228 21:53:36.977" endtime="20230228 21:53:36.977"/>
</kw>
<kw name="Open Project Monitoring System">
<kw name="Open Browser" library="SeleniumLibrary">
<arg>${URL}</arg>
<arg>${BROWSER}</arg>
<doc>Opens a new browser instance to the optional ``url``.</doc>
<msg timestamp="20230228 21:53:36.978" level="INFO">Opening browser 'Google Chrome' to base url 'http://dekdee2.informatics.buu.ac.th:9080/team0/'.</msg>
<status status="PASS" starttime="20230228 21:53:36.977" endtime="20230228 21:53:39.300"/>
</kw>
<kw name="Maximize Browser Window" library="SeleniumLibrary">
<doc>Maximizes current browser window.</doc>
<status status="PASS" starttime="20230228 21:53:39.300" endtime="20230228 21:53:39.467"/>
</kw>
<status status="PASS" starttime="20230228 21:53:36.977" endtime="20230228 21:53:39.467"/>
</kw>
<kw name="Click Menu Login">
<kw name="Sleep" library="BuiltIn">
<arg>2s</arg>
<doc>Pauses the test executed for the given time.</doc>
<msg timestamp="20230228 21:53:41.483" level="INFO">Slept 2 seconds</msg>
<status status="PASS" starttime="20230228 21:53:39.468" endtime="20230228 21:53:41.483"/>
</kw>
<kw name="Click Element" library="SeleniumLibrary">
<arg>//*[@class="nav-link waves-effect waves-dark profile-pic fs-5"]</arg>
<doc>Click the element identified by ``locator``.</doc>
<msg timestamp="20230228 21:53:41.483" level="INFO">Clicking element '//*[@class="nav-link waves-effect waves-dark profile-pic fs-5"]'.</msg>
<status status="PASS" starttime="20230228 21:53:41.483" endtime="20230228 21:53:41.523"/>
</kw>
<status status="PASS" starttime="20230228 21:53:39.468" endtime="20230228 21:53:41.523"/>
</kw>
<kw name="Sleep" library="BuiltIn">
<arg>2s</arg>
<doc>Pauses the test executed for the given time.</doc>
<msg timestamp="20230228 21:53:43.528" level="INFO">Slept 2 seconds</msg>
<status status="PASS" starttime="20230228 21:53:41.524" endtime="20230228 21:53:43.528"/>
</kw>
<kw name="Input Text" library="SeleniumLibrary">
<arg>//*[@id="u_email"]</arg>
<arg>${Username}</arg>
<doc>Types the given ``text`` into the text field identified by ``locator``.</doc>
<msg timestamp="20230228 21:53:43.529" level="INFO">Typing text 'test@gmail.com' into text field '//*[@id="u_email"]'.</msg>
<status status="PASS" starttime="20230228 21:53:43.528" endtime="20230228 21:53:43.633"/>
</kw>
<kw name="Sleep" library="BuiltIn">
<arg>2s</arg>
<doc>Pauses the test executed for the given time.</doc>
<msg timestamp="20230228 21:53:45.635" level="INFO">Slept 2 seconds</msg>
<status status="PASS" starttime="20230228 21:53:43.633" endtime="20230228 21:53:45.635"/>
</kw>
<kw name="Input Text" library="SeleniumLibrary">
<arg>//*[@id="u_password"]</arg>
<arg>${Password}</arg>
<doc>Types the given ``text`` into the text field identified by ``locator``.</doc>
<msg timestamp="20230228 21:53:45.637" level="INFO">Typing text 'kajorn.n' into text field '//*[@id="u_password"]'.</msg>
<status status="PASS" starttime="20230228 21:53:45.637" endtime="20230228 21:53:45.717"/>
</kw>
<kw name="Click to Login">
<kw name="Sleep" library="BuiltIn">
<arg>2s</arg>
<doc>Pauses the test executed for the given time.</doc>
<msg timestamp="20230228 21:53:47.723" level="INFO">Slept 2 seconds</msg>
<status status="PASS" starttime="20230228 21:53:45.718" endtime="20230228 21:53:47.723"/>
</kw>
<kw name="Click Element" library="SeleniumLibrary">
<arg>//*[@id="loginBtn"]</arg>
<doc>Click the element identified by ``locator``.</doc>
<msg timestamp="20230228 21:53:47.724" level="INFO">Clicking element '//*[@id="loginBtn"]'.</msg>
<status status="PASS" starttime="20230228 21:53:47.724" endtime="20230228 21:53:47.765"/>
</kw>
<status status="PASS" starttime="20230228 21:53:45.718" endtime="20230228 21:53:47.765"/>
</kw>
<kw name="Click Sidebar Settings">
<kw name="Sleep" library="BuiltIn">
<arg>2s</arg>
<doc>Pauses the test executed for the given time.</doc>
<msg timestamp="20230228 21:53:49.772" level="INFO">Slept 2 seconds</msg>
<status status="PASS" starttime="20230228 21:53:47.765" endtime="20230228 21:53:49.772"/>
</kw>
<kw name="Click Element" library="SeleniumLibrary">
<arg>xpath=/html/body/div[2]/aside/div/nav/ul/li[4]/a</arg>
<doc>Click the element identified by ``locator``.</doc>
<msg timestamp="20230228 21:53:49.773" level="INFO">Clicking element 'xpath=/html/body/div[2]/aside/div/nav/ul/li[4]/a'.</msg>
<status status="PASS" starttime="20230228 21:53:49.772" endtime="20230228 21:53:49.825"/>
</kw>
<status status="PASS" starttime="20230228 21:53:47.765" endtime="20230228 21:53:49.825"/>
</kw>
<kw name="Click Announce system">
<kw name="Sleep" library="BuiltIn">
<arg>2s</arg>
<doc>Pauses the test executed for the given time.</doc>
<msg timestamp="20230228 21:53:51.838" level="INFO">Slept 2 seconds</msg>
<status status="PASS" starttime="20230228 21:53:49.825" endtime="20230228 21:53:51.838"/>
</kw>
<kw name="Click Element" library="SeleniumLibrary">
<arg>xpath=/html/body/div[2]/aside/div/nav/ul/li[4]/ul/li[4]/a</arg>
<doc>Click the element identified by ``locator``.</doc>
<msg timestamp="20230228 21:53:51.838" level="INFO">Clicking element 'xpath=/html/body/div[2]/aside/div/nav/ul/li[4]/ul/li[4]/a'.</msg>
<status status="PASS" starttime="20230228 21:53:51.838" endtime="20230228 21:53:52.100"/>
</kw>
<status status="PASS" starttime="20230228 21:53:49.825" endtime="20230228 21:53:52.100"/>
</kw>
<kw name="Click Edit button">
<kw name="Sleep" library="BuiltIn">
<arg>2s</arg>
<doc>Pauses the test executed for the given time.</doc>
<msg timestamp="20230228 21:53:54.110" level="INFO">Slept 2 seconds</msg>
<status status="PASS" starttime="20230228 21:53:52.101" endtime="20230228 21:53:54.110"/>
</kw>
<kw name="Click Element" library="SeleniumLibrary">
<arg>//*[@id="edit"]</arg>
<doc>Click the element identified by ``locator``.</doc>
<msg timestamp="20230228 21:53:54.110" level="INFO">Clicking element '//*[@id="edit"]'.</msg>
<status status="PASS" starttime="20230228 21:53:54.110" endtime="20230228 21:53:54.162"/>
</kw>
<kw name="Sleep" library="BuiltIn">
<arg>2s</arg>
<doc>Pauses the test executed for the given time.</doc>
<msg timestamp="20230228 21:53:56.166" level="INFO">Slept 2 seconds</msg>
<status status="PASS" starttime="20230228 21:53:54.162" endtime="20230228 21:53:56.166"/>
</kw>
<kw name="Input Text" library="SeleniumLibrary">
<arg>//*[@id="an_text"]</arg>
<arg>เธอบอกแสนดี แต่ฉันแสนร้าย</arg>
<doc>Types the given ``text`` into the text field identified by ``locator``.</doc>
<msg timestamp="20230228 21:53:56.166" level="INFO">Typing text 'เธอบอกแสนดี แต่ฉันแสนร้าย' into text field '//*[@id="an_text"]'.</msg>
<status status="PASS" starttime="20230228 21:53:56.166" endtime="20230228 21:53:56.266"/>
</kw>
<status status="PASS" starttime="20230228 21:53:52.101" endtime="20230228 21:53:56.268"/>
</kw>
<kw name="Click comfirm button">
<kw name="Sleep" library="BuiltIn">
<arg>2s</arg>
<doc>Pauses the test executed for the given time.</doc>
<msg timestamp="20230228 21:53:58.273" level="INFO">Slept 2 seconds</msg>
<status status="PASS" starttime="20230228 21:53:56.269" endtime="20230228 21:53:58.273"/>
</kw>
<kw name="Click Element" library="SeleniumLibrary">
<arg>xpath=/html/body/div[3]/div/div/div[3]/button[1]</arg>
<doc>Click the element identified by ``locator``.</doc>
<msg timestamp="20230228 21:53:58.274" level="INFO">Clicking element 'xpath=/html/body/div[3]/div/div/div[3]/button[1]'.</msg>
<status status="PASS" starttime="20230228 21:53:58.274" endtime="20230228 21:53:58.315"/>
</kw>
<status status="PASS" starttime="20230228 21:53:56.268" endtime="20230228 21:53:58.315"/>
</kw>
<kw name="Close Browser Page">
<kw name="Sleep" library="BuiltIn">
<arg>3s</arg>
<doc>Pauses the test executed for the given time.</doc>
<msg timestamp="20230228 21:54:01.328" level="INFO">Slept 3 seconds</msg>
<status status="PASS" starttime="20230228 21:53:58.315" endtime="20230228 21:54:01.328"/>
</kw>
<kw name="Close Browser" library="SeleniumLibrary">
<doc>Closes the current browser.</doc>
<status status="PASS" starttime="20230228 21:54:01.328" endtime="20230228 21:54:03.449"/>
</kw>
<status status="PASS" starttime="20230228 21:53:58.315" endtime="20230228 21:54:03.449"/>
</kw>
<status status="PASS" starttime="20230228 21:53:36.972" endtime="20230228 21:54:03.450"/>
</test>
<status status="PASS" starttime="20230228 21:53:36.520" endtime="20230228 21:54:03.451"/>
</suite>
<statistics>
<total>
<stat pass="1" fail="0" skip="0">All Tests</stat>
</total>
<tag>
</tag>
<suite>
<stat pass="1" fail="0" skip="0" id="s1" name="testAnnouceEdit">testAnnouceEdit</stat>
</suite>
</statistics>
<errors>
</errors>
</robot>
